#
# There is insufficient memory for the Java Runtime Environment to continue.
# Native memory allocation (malloc) failed to allocate 90177536 bytes for committing reserved memory.
# Possible reasons:
#   The system is out of physical RAM or swap space
#   In 32 bit mode, the process size limit was hit
# Possible solutions:
#   Reduce memory load on the system
#   Increase physical memory or swap space
#   Check if swap backing store is full
#   Use 64 bit Java on a 64 bit OS
#   Decrease Java heap size (-Xmx/-Xms)
#   Decrease number of Java threads
#   Decrease Java thread stack sizes (-Xss)
#   Set larger code cache with -XX:ReservedCodeCacheSize=
# This output file may be truncated or incomplete.
#
#  Out of Memory Error (os_linux.cpp:2756), pid=9539, tid=140199487051520
#
# JRE version: Java(TM) SE Runtime Environment (7.0_79-b15) (build 1.7.0_79-b15)
# Java VM: Java HotSpot(TM) 64-Bit Server VM (24.79-b02 mixed mode linux-amd64 compressed oops)
# Failed to write core dump. Core dumps have been disabled. To enable core dumping, try "ulimit -c unlimited" before starting Java again
#

---------------  T H R E A D  ---------------

Current thread (0x00007f82c006a000):  VMThread [stack: 0x00007f82bc8f9000,0x00007f82bc9fa000] [id=9548]

Stack: [0x00007f82bc8f9000,0x00007f82bc9fa000],  sp=0x00007f82bc9f8020,  free space=1020k
Native frames: (J=compiled Java code, j=interpreted, Vv=VM code, C=native code)
V  [libjvm.so+0x9a32da]  VMError::report_and_die()+0x2ea
V  [libjvm.so+0x497f7b]  report_vm_out_of_memory(char const*, int, unsigned long, char const*)+0x9b
V  [libjvm.so+0x81fcce]  os::Linux::commit_memory_impl(char*, unsigned long, bool)+0xfe
V  [libjvm.so+0x820219]  os::pd_commit_memory(char*, unsigned long, unsigned long, bool)+0x29
V  [libjvm.so+0x819faa]  os::commit_memory(char*, unsigned long, unsigned long, bool)+0x2a
V  [libjvm.so+0x88d863]  PSVirtualSpace::expand_by(unsigned long)+0x53
V  [libjvm.so+0x87ccc0]  PSOldGen::expand(unsigned long)+0x170
V  [libjvm.so+0x87cecb]  PSOldGen::resize(unsigned long)+0x1cb
V  [libjvm.so+0x885b91]  PSParallelCompact::invoke_no_policy(bool)+0x9b1
V  [libjvm.so+0x88bb0d]  PSScavenge::invoke()+0x1ad
V  [libjvm.so+0x842320]  ParallelScavengeHeap::failed_mem_allocate(unsigned long)+0x70
V  [libjvm.so+0x9a4b67]  VM_ParallelGCFailedAllocation::doit()+0x97
V  [libjvm.so+0x9ac005]  VM_Operation::evaluate()+0x55
V  [libjvm.so+0x9aa3ca]  VMThread::evaluate_operation(VM_Operation*)+0xba
V  [libjvm.so+0x9aa74e]  VMThread::loop()+0x1ce
V  [libjvm.so+0x9aabc0]  VMThread::run()+0x70
V  [libjvm.so+0x821ca8]  java_start(Thread*)+0x108

VM_Operation (0x00007f82b503cf20): ParallelGCFailedAllocation, mode: safepoint, requested by thread 0x00007f82c0190000


---------------  P R O C E S S  ---------------

Java Threads: ( => current thread )
  0x00007f82c0190000 JavaThread "pool-1-thread-1" [_thread_blocked, id=9564, stack(0x00007f82b4f3e000,0x00007f82b503f000)]
  0x00007f82c009a000 JavaThread "Service Thread" daemon [_thread_blocked, id=9554, stack(0x00007f82b596c000,0x00007f82b5a6d000)]
  0x00007f82c0097800 JavaThread "C2 CompilerThread1" daemon [_thread_blocked, id=9553, stack(0x00007f82b5a6d000,0x00007f82b5b6e000)]
  0x00007f82c0094800 JavaThread "C2 CompilerThread0" daemon [_thread_blocked, id=9552, stack(0x00007f82b5b6e000,0x00007f82b5c6f000)]
  0x00007f82c0092800 JavaThread "Signal Dispatcher" daemon [_thread_blocked, id=9551, stack(0x00007f82b5c6f000,0x00007f82b5d70000)]
  0x00007f82c0070800 JavaThread "Finalizer" daemon [_thread_blocked, id=9550, stack(0x00007f82bc6f7000,0x00007f82bc7f8000)]
  0x00007f82c006e800 JavaThread "Reference Handler" daemon [_thread_blocked, id=9549, stack(0x00007f82bc7f8000,0x00007f82bc8f9000)]
  0x00007f82c000a000 JavaThread "main" [_thread_blocked, id=9543, stack(0x00007f82c83f5000,0x00007f82c84f6000)]

Other Threads:
=>0x00007f82c006a000 VMThread [stack: 0x00007f82bc8f9000,0x00007f82bc9fa000] [id=9548]
  0x00007f82c00a5000 WatcherThread [stack: 0x00007f82b586b000,0x00007f82b596c000] [id=9555]

VM state:at safepoint (normal execution)

VM Mutex/Monitor currently owned by a thread:  ([mutex/lock_event])
[0x00007f82c0006160] ExpandHeap_lock - owner thread: 0x00007f82c006a000
[0x00007f82c00067e0] Threads_lock - owner thread: 0x00007f82c006a000
[0x00007f82c0006ce0] Heap_lock - owner thread: 0x00007f82c0190000

Heap
 PSYoungGen      total 264704K, used 41069K [0x00000000eaa80000, 0x0000000100000000, 0x0000000100000000)
  eden space 199168K, 0% used [0x00000000eaa80000,0x00000000eaa80000,0x00000000f6d00000)
  from space 65536K, 62% used [0x00000000fc000000,0x00000000fe81b7d0,0x0000000100000000)
  to   space 75264K, 0% used [0x00000000f6d00000,0x00000000f6d00000,0x00000000fb680000)
 ParOldGen       total 138240K, used 137801K [0x00000000c0000000, 0x00000000c8700000, 0x00000000eaa80000)
  object space 138240K, 99% used [0x00000000c0000000,0x00000000c8692468,0x00000000c8700000)
 PSPermGen       total 21504K, used 6183K [0x00000000bae00000, 0x00000000bc300000, 0x00000000c0000000)
  object space 21504K, 28% used [0x00000000bae00000,0x00000000bb409f20,0x00000000bc300000)

Card table byte_map: [0x00007f82c54bc000,0x00007f82c56e6000] byte_map_base: 0x00007f82c4ee5000

Polling page: 0x00007f82c851b000

Code Cache  [0x00007f82bd000000, 0x00007f82bd380000, 0x00007f82c0000000)
 total_blobs=1203 nmethods=973 adapters=183 free_code_cache=45658Kb largest_free_block=46703616

Compilation events (10 events):
Event: 15,925 Thread 0x00007f82c0094800 nmethod 980 0x00007f82bd362c50 code [0x00007f82bd362d80, 0x00007f82bd362dd8]
Event: 15,925 Thread 0x00007f82c0094800  981             com.android.dx.ssa.back.SsaToRop::convert (99 bytes)
Event: 16,046 Thread 0x00007f82c0094800 nmethod 981 0x00007f82bd372210 code [0x00007f82bd3725e0, 0x00007f82bd3740a8]
Event: 16,046 Thread 0x00007f82c0094800  982             com.android.dx.ssa.SsaRenamer::run (34 bytes)
Event: 16,049 Thread 0x00007f82c0094800 nmethod 982 0x00007f82bd360e10 code [0x00007f82bd360f60, 0x00007f82bd361088]
Event: 16,049 Thread 0x00007f82c0094800  983             com.android.dx.ssa.back.FirstFitLocalCombiningAllocator::<init> (141 bytes)
Event: 16,069 Thread 0x00007f82c0094800 nmethod 983 0x00007f82bd363a10 code [0x00007f82bd363c20, 0x00007f82bd364728]
Event: 16,069 Thread 0x00007f82c0094800  984             com.android.dx.ssa.SsaRenamer$1::<init> (10 bytes)
Event: 16,070 Thread 0x00007f82c0094800 nmethod 984 0x00007f82bd362a50 code [0x00007f82bd362b80, 0x00007f82bd362bf8]
Event: 16,070 Thread 0x00007f82c0094800  985             com.android.dx.ssa.LocalVariableExtractor::extract (14 bytes)

GC Heap History (10 events):
Event: 12,242 GC heap after
Heap after GC invocations=12 (full 1):
 PSYoungGen      total 219648K, used 29763K [0x00000000eaa80000, 0x00000000fdf00000, 0x0000000100000000)
  eden space 181248K, 0% used [0x00000000eaa80000,0x00000000eaa80000,0x00000000f5b80000)
  from space 38400K, 77% used [0x00000000f5b80000,0x00000000f7890f70,0x00000000f8100000)
  to   space 41984K, 0% used [0x00000000fb600000,0x00000000fb600000,0x00000000fdf00000)
 ParOldGen       total 77312K, used 61204K [0x00000000c0000000, 0x00000000c4b80000, 0x00000000eaa80000)
  object space 77312K, 79% used [0x00000000c0000000,0x00000000c3bc5178,0x00000000c4b80000)
 PSPermGen       total 21504K, used 6081K [0x00000000bae00000, 0x00000000bc300000, 0x00000000c0000000)
  object space 21504K, 28% used [0x00000000bae00000,0x00000000bb3f04c8,0x00000000bc300000)
}
Event: 12,242 GC heap before
{Heap before GC invocations=13 (full 2):
 PSYoungGen      total 219648K, used 29763K [0x00000000eaa80000, 0x00000000fdf00000, 0x0000000100000000)
  eden space 181248K, 0% used [0x00000000eaa80000,0x00000000eaa80000,0x00000000f5b80000)
  from space 38400K, 77% used [0x00000000f5b80000,0x00000000f7890f70,0x00000000f8100000)
  to   space 41984K, 0% used [0x00000000fb600000,0x00000000fb600000,0x00000000fdf00000)
 ParOldGen       total 77312K, used 61204K [0x00000000c0000000, 0x00000000c4b80000, 0x00000000eaa80000)
  object space 77312K, 79% used [0x00000000c0000000,0x00000000c3bc5178,0x00000000c4b80000)
 PSPermGen       total 21504K, used 6081K [0x00000000bae00000, 0x00000000bc300000, 0x00000000c0000000)
  object space 21504K, 28% used [0x00000000bae00000,0x00000000bb3f04c8,0x00000000bc300000)
Event: 12,862 GC heap after
Heap after GC invocations=13 (full 2):
 PSYoungGen      total 219648K, used 12682K [0x00000000eaa80000, 0x00000000fdf00000, 0x0000000100000000)
  eden space 181248K, 0% used [0x00000000eaa80000,0x00000000eaa80000,0x00000000f5b80000)
  from space 38400K, 33% used [0x00000000f5b80000,0x00000000f67e2918,0x00000000f8100000)
  to   space 41984K, 0% used [0x00000000fb600000,0x00000000fb600000,0x00000000fdf00000)
 ParOldGen       total 138240K, used 76938K [0x00000000c0000000, 0x00000000c8700000, 0x00000000eaa80000)
  object space 138240K, 55% used [0x00000000c0000000,0x00000000c4b22910,0x00000000c8700000)
 PSPermGen       total 21504K, used 6080K [0x00000000bae00000, 0x00000000bc300000, 0x00000000c0000000)
  object space 21504K, 28% used [0x00000000bae00000,0x00000000bb3f02c8,0x00000000bc300000)
}
Event: 13,783 GC heap before
{Heap before GC invocations=14 (full 2):
 PSYoungGen      total 219648K, used 193930K [0x00000000eaa80000, 0x00000000fdf00000, 0x0000000100000000)
  eden space 181248K, 100% used [0x00000000eaa80000,0x00000000f5b80000,0x00000000f5b80000)
  from space 38400K, 33% used [0x00000000f5b80000,0x00000000f67e2918,0x00000000f8100000)
  to   space 41984K, 0% used [0x00000000fb600000,0x00000000fb600000,0x00000000fdf00000)
 ParOldGen       total 138240K, used 76938K [0x00000000c0000000, 0x00000000c8700000, 0x00000000eaa80000)
  object space 138240K, 55% used [0x00000000c0000000,0x00000000c4b22910,0x00000000c8700000)
 PSPermGen       total 21504K, used 6091K [0x00000000bae00000, 0x00000000bc300000, 0x00000000c0000000)
  object space 21504K, 28% used [0x00000000bae00000,0x00000000bb3f2c28,0x00000000bc300000)
Event: 13,927 GC heap after
Heap after GC invocations=14 (full 2):
 PSYoungGen      total 250880K, used 40174K [0x00000000eaa80000, 0x00000000fdd80000, 0x0000000100000000)
  eden space 210432K, 0% used [0x00000000eaa80000,0x00000000eaa80000,0x00000000f7800000)
  from space 40448K, 99% used [0x00000000fb600000,0x00000000fdd3baf0,0x00000000fdd80000)
  to   space 48640K, 0% used [0x00000000f7e80000,0x00000000f7e80000,0x00000000fae00000)
 ParOldGen       total 138240K, used 76938K [0x00000000c0000000, 0x00000000c8700000, 0x00000000eaa80000)
  object space 138240K, 55% used [0x00000000c0000000,0x00000000c4b22910,0x00000000c8700000)
 PSPermGen       total 21504K, used 6091K [0x00000000bae00000, 0x00000000bc300000, 0x00000000c0000000)
  object space 21504K, 28% used [0x00000000bae00000,0x00000000bb3f2c28,0x00000000bc300000)
}
Event: 14,759 GC heap before
{Heap before GC invocations=15 (full 2):
 PSYoungGen      total 250880K, used 250606K [0x00000000eaa80000, 0x00000000fdd80000, 0x0000000100000000)
  eden space 210432K, 100% used [0x00000000eaa80000,0x00000000f7800000,0x00000000f7800000)
  from space 40448K, 99% used [0x00000000fb600000,0x00000000fdd3baf0,0x00000000fdd80000)
  to   space 48640K, 0% used [0x00000000f7e80000,0x00000000f7e80000,0x00000000fae00000)
 ParOldGen       total 138240K, used 76938K [0x00000000c0000000, 0x00000000c8700000, 0x00000000eaa80000)
  object space 138240K, 55% used [0x00000000c0000000,0x00000000c4b22910,0x00000000c8700000)
 PSPermGen       total 21504K, used 6108K [0x00000000bae00000, 0x00000000bc300000, 0x00000000c0000000)
  object space 21504K, 28% used [0x00000000bae00000,0x00000000bb3f7168,0x00000000bc300000)
Event: 14,930 GC heap after
Heap after GC invocations=15 (full 2):
 PSYoungGen      total 265728K, used 48636K [0x00000000eaa80000, 0x0000000100000000, 0x0000000100000000)
  eden space 217088K, 0% used [0x00000000eaa80000,0x00000000eaa80000,0x00000000f7e80000)
  from space 48640K, 99% used [0x00000000f7e80000,0x00000000fadff388,0x00000000fae00000)
  to   space 65536K, 0% used [0x00000000fc000000,0x00000000fc000000,0x0000000100000000)
 ParOldGen       total 138240K, used 100422K [0x00000000c0000000, 0x00000000c8700000, 0x00000000eaa80000)
  object space 138240K, 72% used [0x00000000c0000000,0x00000000c6211988,0x00000000c8700000)
 PSPermGen       total 21504K, used 6108K [0x00000000bae00000, 0x00000000bc300000, 0x00000000c0000000)
  object space 21504K, 28% used [0x00000000bae00000,0x00000000bb3f7168,0x00000000bc300000)
}
Event: 16,088 GC heap before
{Heap before GC invocations=16 (full 2):
 PSYoungGen      total 265728K, used 265724K [0x00000000eaa80000, 0x0000000100000000, 0x0000000100000000)
  eden space 217088K, 100% used [0x00000000eaa80000,0x00000000f7e80000,0x00000000f7e80000)
  from space 48640K, 99% used [0x00000000f7e80000,0x00000000fadff388,0x00000000fae00000)
  to   space 65536K, 0% used [0x00000000fc000000,0x00000000fc000000,0x0000000100000000)
 ParOldGen       total 138240K, used 100422K [0x00000000c0000000, 0x00000000c8700000, 0x00000000eaa80000)
  object space 138240K, 72% used [0x00000000c0000000,0x00000000c6211988,0x00000000c8700000)
 PSPermGen       total 21504K, used 6184K [0x00000000bae00000, 0x00000000bc300000, 0x00000000c0000000)
  object space 21504K, 28% used [0x00000000bae00000,0x00000000bb40a230,0x00000000bc300000)
Event: 16,738 GC heap after
Heap after GC invocations=16 (full 2):
 PSYoungGen      total 264704K, used 60826K [0x00000000eaa80000, 0x0000000100000000, 0x0000000100000000)
  eden space 199168K, 0% used [0x00000000eaa80000,0x00000000eaa80000,0x00000000f6d00000)
  from space 65536K, 92% used [0x00000000fc000000,0x00000000ffb66bf0,0x0000000100000000)
  to   space 75264K, 0% used [0x00000000f6d00000,0x00000000f6d00000,0x00000000fb680000)
 ParOldGen       total 138240K, used 121926K [0x00000000c0000000, 0x00000000c8700000, 0x00000000eaa80000)
  object space 138240K, 88% used [0x00000000c0000000,0x00000000c7711948,0x00000000c8700000)
 PSPermGen       total 21504K, used 6184K [0x00000000bae00000, 0x00000000bc300000, 0x00000000c0000000)
  object space 21504K, 28% used [0x00000000bae00000,0x00000000bb40a230,0x00000000bc300000)
}
Event: 16,941 GC heap before
{Heap before GC invocations=17 (full 3):
 PSYoungGen      total 264704K, used 60826K [0x00000000eaa80000, 0x0000000100000000, 0x0000000100000000)
  eden space 199168K, 0% used [0x00000000eaa80000,0x00000000eaa80000,0x00000000f6d00000)
  from space 65536K, 92% used [0x00000000fc000000,0x00000000ffb66bf0,0x0000000100000000)
  to   space 75264K, 0% used [0x00000000f6d00000,0x00000000f6d00000,0x00000000fb680000)
 ParOldGen       total 138240K, used 121926K [0x00000000c0000000, 0x00000000c8700000, 0x00000000eaa80000)
  object space 138240K, 88% used [0x00000000c0000000,0x00000000c7711948,0x00000000c8700000)
 PSPermGen       total 21504K, used 6184K [0x00000000bae00000, 0x00000000bc300000, 0x00000000c0000000)
  object space 21504K, 28% used [0x00000000bae00000,0x00000000bb40a230,0x00000000bc300000)

Deoptimization events (10 events):
Event: 14,980 Thread 0x00007f82c000a000 Uncommon trap: reason=class_check action=maybe_recompile pc=0x00007f82bd065ca0 method=java.util.regex.Matcher.search(I)Z @ 86
Event: 15,036 Thread 0x00007f82c018e800 Uncommon trap: reason=unloaded action=reinterpret pc=0x00007f82bd075134 method=java.util.regex.Matcher.replaceAll(Ljava/lang/String;)Ljava/lang/String; @ 14
Event: 15,123 Thread 0x00007f82c018d000 Uncommon trap: reason=unreached action=reinterpret pc=0x00007f82bd22dae4 method=com.android.dx.ssa.PhiTypeResolver.resolveResultType(Lcom/android/dx/ssa/PhiInsn;)Z @ 64
Event: 15,199 Thread 0x00007f82c0190000 Uncommon trap: reason=bimorphic action=maybe_recompile pc=0x00007f82bd2ef8c0 method=com.android.dx.cf.code.BytecodeArray.parseInstruction(ILcom/android/dx/cf/code/BytecodeArray$Visitor;)I @ 2554
Event: 15,199 Thread 0x00007f82c0190000 Uncommon trap: reason=bimorphic action=maybe_recompile pc=0x00007f82bd2ef8c0 method=com.android.dx.cf.code.BytecodeArray.parseInstruction(ILcom/android/dx/cf/code/BytecodeArray$Visitor;)I @ 2554
Event: 15,357 Thread 0x00007f82c0190000 Uncommon trap: reason=bimorphic action=maybe_recompile pc=0x00007f82bd2ef8c0 method=com.android.dx.cf.code.BytecodeArray.parseInstruction(ILcom/android/dx/cf/code/BytecodeArray$Visitor;)I @ 2554
Event: 15,358 Thread 0x00007f82c0190000 Uncommon trap: reason=bimorphic action=maybe_recompile pc=0x00007f82bd2ef8c0 method=com.android.dx.cf.code.BytecodeArray.parseInstruction(ILcom/android/dx/cf/code/BytecodeArray$Visitor;)I @ 2554
Event: 15,506 Thread 0x00007f82c018e800 Uncommon trap: reason=unreached action=reinterpret pc=0x00007f82bd150460 method=com.android.dx.rop.code.LocalItem.compareHandlesNulls(Lcom/android/dx/rop/cst/CstString;Lcom/android/dx/rop/cst/CstString;)I @ 8
Event: 15,506 Thread 0x00007f82c018e800 Uncommon trap: reason=unreached action=reinterpret pc=0x00007f82bd33c87c method=com.android.dx.rop.code.LocalItem.compareHandlesNulls(Lcom/android/dx/rop/cst/CstString;Lcom/android/dx/rop/cst/CstString;)I @ 8
Event: 15,506 Thread 0x00007f82c018e800 Uncommon trap: reason=unreached action=reinterpret pc=0x00007f82bd2854fc method=com.android.dx.rop.code.LocalItem.compareHandlesNulls(Lcom/android/dx/rop/cst/CstString;Lcom/android/dx/rop/cst/CstString;)I @ 8

Internal exceptions (10 events):
Event: 14,199 Thread 0x00007f82c018d000 Threw 0x00000000ee7abaa8 at /HUDSON/workspace/7u-2-build-linux-amd64/jdk7u79/2331/hotspot/src/share/vm/prims/jvm.cpp:1304
Event: 14,619 Thread 0x00007f82c0190000 Implicit null exception at 0x00007f82bd2a6b3c to 0x00007f82bd2b136d
Event: 14,621 Thread 0x00007f82c018e800 Implicit null exception at 0x00007f82bd156ef7 to 0x00007f82bd157a9d
Event: 14,628 Thread 0x00007f82c000a000 Threw 0x00000000f50d4eb0 at /HUDSON/workspace/7u-2-build-linux-amd64/jdk7u79/2331/hotspot/src/share/vm/prims/jvm.cpp:1304
Event: 15,123 Thread 0x00007f82c018d000 Implicit null exception at 0x00007f82bd22ce3a to 0x00007f82bd22dac4
Event: 15,506 Thread 0x00007f82c018e800 Implicit null exception at 0x00007f82bd1502bc to 0x00007f82bd15044d
Event: 15,506 Thread 0x00007f82c018e800 Implicit null exception at 0x00007f82bd33bb04 to 0x00007f82bd33c849
Event: 15,506 Thread 0x00007f82c018e800 Implicit null exception at 0x00007f82bd28535c to 0x00007f82bd2854e9
Event: 15,782 Thread 0x00007f82c000a000 Threw 0x00000000f77d9ee0 at /HUDSON/workspace/7u-2-build-linux-amd64/jdk7u79/2331/hotspot/src/share/vm/prims/jvm.cpp:1304
Event: 15,886 Thread 0x00007f82c0190000 Threw 0x00000000f7cdfd30 at /HUDSON/workspace/7u-2-build-linux-amd64/jdk7u79/2331/hotspot/src/share/vm/prims/jvm.cpp:1304

Events (10 events):
Event: 15,866 loading class 0x00007f82940502a0
Event: 15,875 loading class 0x00007f82c00ae920
Event: 15,875 loading class 0x00007f82c00ae920 done
Event: 15,875 loading class 0x00007f82940502a0 done
Event: 15,875 loading class 0x00007f82c00aeaa0 done
Event: 15,875 loading class 0x00007f82c00aea70
Event: 15,876 loading class 0x00007f82c00aea70 done
Event: 15,886 loading class 0x00007f8270001700
Event: 15,886 loading class 0x00007f8270001700 done
Event: 16,088 Executing VM operation: ParallelGCFailedAllocation


Dynamic libraries:
00400000-00401000 r-xp 00000000 08:06 3546141                            /usr/lib/jvm/jdk-7-eseo-oracle-x64/bin/java
00600000-00601000 rw-p 00000000 08:06 3546141                            /usr/lib/jvm/jdk-7-eseo-oracle-x64/bin/java
02576000-02597000 rw-p 00000000 00:00 0                                  [heap]
bae00000-bc300000 rw-p 00000000 00:00 0 
bc300000-c0000000 rw-p 00000000 00:00 0 
c0000000-c8700000 rw-p 00000000 00:00 0 
cdd00000-eaa80000 rw-p 00000000 00:00 0 
eaa80000-100000000 rw-p 00000000 00:00 0 
7f8270000000-7f8270028000 rw-p 00000000 00:00 0 
7f8270028000-7f8274000000 ---p 00000000 00:00 0 
7f8274000000-7f8274052000 rw-p 00000000 00:00 0 
7f8274052000-7f8278000000 ---p 00000000 00:00 0 
7f8278000000-7f8278021000 rw-p 00000000 00:00 0 
7f8278021000-7f827c000000 ---p 00000000 00:00 0 
7f827c000000-7f827c021000 rw-p 00000000 00:00 0 
7f827c021000-7f8280000000 ---p 00000000 00:00 0 
7f8280000000-7f8280021000 rw-p 00000000 00:00 0 
7f8280021000-7f8284000000 ---p 00000000 00:00 0 
7f8284000000-7f8284026000 rw-p 00000000 00:00 0 
7f8284026000-7f8288000000 ---p 00000000 00:00 0 
7f8288000000-7f828a4b3000 rw-p 00000000 00:00 0 
7f828a4b3000-7f828c000000 ---p 00000000 00:00 0 
7f828c000000-7f828c021000 rw-p 00000000 00:00 0 
7f828c021000-7f8290000000 ---p 00000000 00:00 0 
7f8290000000-7f8290021000 rw-p 00000000 00:00 0 
7f8290021000-7f8294000000 ---p 00000000 00:00 0 
7f8294000000-7f82959d5000 rw-p 00000000 00:00 0 
7f82959d5000-7f8298000000 ---p 00000000 00:00 0 
7f8298000000-7f8298021000 rw-p 00000000 00:00 0 
7f8298021000-7f829c000000 ---p 00000000 00:00 0 
7f829c000000-7f829c021000 rw-p 00000000 00:00 0 
7f829c021000-7f82a0000000 ---p 00000000 00:00 0 
7f82a0000000-7f82a0021000 rw-p 00000000 00:00 0 
7f82a0021000-7f82a4000000 ---p 00000000 00:00 0 
7f82a4000000-7f82a4257000 rw-p 00000000 00:00 0 
7f82a4257000-7f82a8000000 ---p 00000000 00:00 0 
7f82a8000000-7f82a8021000 rw-p 00000000 00:00 0 
7f82a8021000-7f82ac000000 ---p 00000000 00:00 0 
7f82b0000000-7f82b0021000 rw-p 00000000 00:00 0 
7f82b0021000-7f82b4000000 ---p 00000000 00:00 0 
7f82b4f3e000-7f82b4f41000 ---p 00000000 00:00 0 
7f82b4f41000-7f82b503f000 rw-p 00000000 00:00 0                          [stack:9564]
7f82b503f000-7f82b5042000 ---p 00000000 00:00 0 
7f82b5042000-7f82b5140000 rw-p 00000000 00:00 0 
7f82b5140000-7f82b5143000 ---p 00000000 00:00 0 
7f82b5143000-7f82b5241000 rw-p 00000000 00:00 0 
7f82b5241000-7f82b5244000 ---p 00000000 00:00 0 
7f82b5244000-7f82b5342000 rw-p 00000000 00:00 0 
7f82b5342000-7f82b5345000 ---p 00000000 00:00 0 
7f82b5345000-7f82b5443000 rw-p 00000000 00:00 0 
7f82b5443000-7f82b5459000 r-xp 00000000 08:06 3551968                    /usr/lib/jvm/jdk-7-eseo-oracle-x64/jre/lib/amd64/libnet.so
7f82b5459000-7f82b5659000 ---p 00016000 08:06 3551968                    /usr/lib/jvm/jdk-7-eseo-oracle-x64/jre/lib/amd64/libnet.so
7f82b5659000-7f82b565a000 rw-p 00016000 08:06 3551968                    /usr/lib/jvm/jdk-7-eseo-oracle-x64/jre/lib/amd64/libnet.so
7f82b565a000-7f82b566a000 r-xp 00000000 08:06 3551950                    /usr/lib/jvm/jdk-7-eseo-oracle-x64/jre/lib/amd64/libnio.so
7f82b566a000-7f82b586a000 ---p 00010000 08:06 3551950                    /usr/lib/jvm/jdk-7-eseo-oracle-x64/jre/lib/amd64/libnio.so
7f82b586a000-7f82b586b000 rw-p 00010000 08:06 3551950                    /usr/lib/jvm/jdk-7-eseo-oracle-x64/jre/lib/amd64/libnio.so
7f82b586b000-7f82b586c000 ---p 00000000 00:00 0 
7f82b586c000-7f82b596c000 rw-p 00000000 00:00 0                          [stack:9555]
7f82b596c000-7f82b596f000 ---p 00000000 00:00 0 
7f82b596f000-7f82b5a6d000 rw-p 00000000 00:00 0                          [stack:9554]
7f82b5a6d000-7f82b5a70000 ---p 00000000 00:00 0 
7f82b5a70000-7f82b5b6e000 rw-p 00000000 00:00 0                          [stack:9553]
7f82b5b6e000-7f82b5b71000 ---p 00000000 00:00 0 
7f82b5b71000-7f82b5c6f000 rw-p 00000000 00:00 0                          [stack:9552]
7f82b5c6f000-7f82b5c72000 ---p 00000000 00:00 0 
7f82b5c72000-7f82b8000000 rw-p 00000000 00:00 0                          [stack:9551]
7f82b8000000-7f82b8021000 rw-p 00000000 00:00 0 
7f82b8021000-7f82bc000000 ---p 00000000 00:00 0 
7f82bc014000-7f82bc6f7000 r--p 00000000 08:06 3546432                    /usr/lib/locale/locale-archive
7f82bc6f7000-7f82bc6fa000 ---p 00000000 00:00 0 
7f82bc6fa000-7f82bc7f8000 rw-p 00000000 00:00 0                          [stack:9550]
7f82bc7f8000-7f82bc7fb000 ---p 00000000 00:00 0 
7f82bc7fb000-7f82bc8f9000 rw-p 00000000 00:00 0                          [stack:9549]
7f82bc8f9000-7f82bc8fa000 ---p 00000000 00:00 0 
7f82bc8fa000-7f82bd000000 rw-p 00000000 00:00 0                          [stack:9548]
7f82bd000000-7f82bd380000 rwxp 00000000 00:00 0 
7f82bd380000-7f82c021d000 rw-p 00000000 00:00 0 
7f82c021d000-7f82c4000000 ---p 00000000 00:00 0 
7f82c405e000-7f82c4a57000 rw-p 00000000 00:00 0 
7f82c4a57000-7f82c4c17000 r--s 039f7000 08:06 3552546                    /usr/lib/jvm/jdk-7-eseo-oracle-x64/jre/lib/rt.jar
7f82c4c17000-7f82c4f39000 rw-p 00000000 00:00 0 
7f82c4f39000-7f82c4f3a000 ---p 00000000 00:00 0 
7f82c4f3a000-7f82c503a000 rw-p 00000000 00:00 0                          [stack:9547]
7f82c503a000-7f82c503b000 ---p 00000000 00:00 0 
7f82c503b000-7f82c513b000 rw-p 00000000 00:00 0                          [stack:9546]
7f82c513b000-7f82c513c000 ---p 00000000 00:00 0 
7f82c513c000-7f82c523c000 rw-p 00000000 00:00 0                          [stack:9545]
7f82c523c000-7f82c523d000 ---p 00000000 00:00 0 
7f82c523d000-7f82c5348000 rw-p 00000000 00:00 0                          [stack:9544]
7f82c5348000-7f82c5366000 rw-p 00000000 00:00 0 
7f82c5366000-7f82c53aa000 rw-p 00000000 00:00 0 
7f82c53aa000-7f82c54bc000 rw-p 00000000 00:00 0 
7f82c54bc000-7f82c54c7000 rw-p 00000000 00:00 0 
7f82c54c7000-7f82c54e5000 rw-p 00000000 00:00 0 
7f82c54e5000-7f82c5529000 rw-p 00000000 00:00 0 
7f82c5529000-7f82c563a000 rw-p 00000000 00:00 0 
7f82c563a000-7f82c56e5000 rw-p 00000000 00:00 0 
7f82c56e5000-7f82c56e6000 rw-p 00000000 00:00 0 
7f82c56e6000-7f82c5700000 r-xp 00000000 08:06 3551970                    /usr/lib/jvm/jdk-7-eseo-oracle-x64/jre/lib/amd64/libzip.so
7f82c5700000-7f82c5900000 ---p 0001a000 08:06 3551970                    /usr/lib/jvm/jdk-7-eseo-oracle-x64/jre/lib/amd64/libzip.so
7f82c5900000-7f82c5901000 rw-p 0001a000 08:06 3551970                    /usr/lib/jvm/jdk-7-eseo-oracle-x64/jre/lib/amd64/libzip.so
7f82c5901000-7f82c590c000 r-xp 00000000 08:06 3149790                    /lib/x86_64-linux-gnu/libnss_files-2.19.so
7f82c590c000-7f82c5b0b000 ---p 0000b000 08:06 3149790                    /lib/x86_64-linux-gnu/libnss_files-2.19.so
7f82c5b0b000-7f82c5b0c000 r--p 0000a000 08:06 3149790                    /lib/x86_64-linux-gnu/libnss_files-2.19.so
7f82c5b0c000-7f82c5b0d000 rw-p 0000b000 08:06 3149790                    /lib/x86_64-linux-gnu/libnss_files-2.19.so
7f82c5b0d000-7f82c5b18000 r-xp 00000000 08:06 3145826                    /lib/x86_64-linux-gnu/libnss_nis-2.19.so
7f82c5b18000-7f82c5d17000 ---p 0000b000 08:06 3145826                    /lib/x86_64-linux-gnu/libnss_nis-2.19.so
7f82c5d17000-7f82c5d18000 r--p 0000a000 08:06 3145826                    /lib/x86_64-linux-gnu/libnss_nis-2.19.so
7f82c5d18000-7f82c5d19000 rw-p 0000b000 08:06 3145826                    /lib/x86_64-linux-gnu/libnss_nis-2.19.so
7f82c5d19000-7f82c5d30000 r-xp 00000000 08:06 3145822                    /lib/x86_64-linux-gnu/libnsl-2.19.so
7f82c5d30000-7f82c5f2f000 ---p 00017000 08:06 3145822                    /lib/x86_64-linux-gnu/libnsl-2.19.so
7f82c5f2f000-7f82c5f30000 r--p 00016000 08:06 3145822                    /lib/x86_64-linux-gnu/libnsl-2.19.so
7f82c5f30000-7f82c5f31000 rw-p 00017000 08:06 3145822                    /lib/x86_64-linux-gnu/libnsl-2.19.so
7f82c5f31000-7f82c5f33000 rw-p 00000000 00:00 0 
7f82c5f33000-7f82c5f3c000 r-xp 00000000 08:06 3145821                    /lib/x86_64-linux-gnu/libnss_compat-2.19.so
7f82c5f3c000-7f82c613b000 ---p 00009000 08:06 3145821                    /lib/x86_64-linux-gnu/libnss_compat-2.19.so
7f82c613b000-7f82c613c000 r--p 00008000 08:06 3145821                    /lib/x86_64-linux-gnu/libnss_compat-2.19.so
7f82c613c000-7f82c613d000 rw-p 00009000 08:06 3145821                    /lib/x86_64-linux-gnu/libnss_compat-2.19.so
7f82c613d000-7f82c6166000 r-xp 00000000 08:06 3551934                    /usr/lib/jvm/jdk-7-eseo-oracle-x64/jre/lib/amd64/libjava.so
7f82c6166000-7f82c6366000 ---p 00029000 08:06 3551934                    /usr/lib/jvm/jdk-7-eseo-oracle-x64/jre/lib/amd64/libjava.so
7f82c6366000-7f82c6368000 rw-p 00029000 08:06 3551934                    /usr/lib/jvm/jdk-7-eseo-oracle-x64/jre/lib/amd64/libjava.so
7f82c6368000-7f82c6375000 r-xp 00000000 08:06 3551921                    /usr/lib/jvm/jdk-7-eseo-oracle-x64/jre/lib/amd64/libverify.so
7f82c6375000-7f82c6574000 ---p 0000d000 08:06 3551921                    /usr/lib/jvm/jdk-7-eseo-oracle-x64/jre/lib/amd64/libverify.so
7f82c6574000-7f82c6576000 rw-p 0000c000 08:06 3551921                    /usr/lib/jvm/jdk-7-eseo-oracle-x64/jre/lib/amd64/libverify.so
7f82c6576000-7f82c657d000 r-xp 00000000 08:06 3145830                    /lib/x86_64-linux-gnu/librt-2.19.so
7f82c657d000-7f82c677c000 ---p 00007000 08:06 3145830                    /lib/x86_64-linux-gnu/librt-2.19.so
7f82c677c000-7f82c677d000 r--p 00006000 08:06 3145830                    /lib/x86_64-linux-gnu/librt-2.19.so
7f82c677d000-7f82c677e000 rw-p 00007000 08:06 3145830                    /lib/x86_64-linux-gnu/librt-2.19.so
7f82c677e000-7f82c6883000 r-xp 00000000 08:06 3145758                    /lib/x86_64-linux-gnu/libm-2.19.so
7f82c6883000-7f82c6a82000 ---p 00105000 08:06 3145758                    /lib/x86_64-linux-gnu/libm-2.19.so
7f82c6a82000-7f82c6a83000 r--p 00104000 08:06 3145758                    /lib/x86_64-linux-gnu/libm-2.19.so
7f82c6a83000-7f82c6a84000 rw-p 00105000 08:06 3145758                    /lib/x86_64-linux-gnu/libm-2.19.so
7f82c6a84000-7f82c75f9000 r-xp 00000000 08:06 3551963                    /usr/lib/jvm/jdk-7-eseo-oracle-x64/jre/lib/amd64/server/libjvm.so
7f82c75f9000-7f82c77f9000 ---p 00b75000 08:06 3551963                    /usr/lib/jvm/jdk-7-eseo-oracle-x64/jre/lib/amd64/server/libjvm.so
7f82c77f9000-7f82c78bd000 rw-p 00b75000 08:06 3551963                    /usr/lib/jvm/jdk-7-eseo-oracle-x64/jre/lib/amd64/server/libjvm.so
7f82c78bd000-7f82c78fe000 rw-p 00000000 00:00 0 
7f82c78fe000-7f82c7ab9000 r-xp 00000000 08:06 3145831                    /lib/x86_64-linux-gnu/libc-2.19.so
7f82c7ab9000-7f82c7cb8000 ---p 001bb000 08:06 3145831                    /lib/x86_64-linux-gnu/libc-2.19.so
7f82c7cb8000-7f82c7cbc000 r--p 001ba000 08:06 3145831                    /lib/x86_64-linux-gnu/libc-2.19.so
7f82c7cbc000-7f82c7cbe000 rw-p 001be000 08:06 3145831                    /lib/x86_64-linux-gnu/libc-2.19.so
7f82c7cbe000-7f82c7cc3000 rw-p 00000000 00:00 0 
7f82c7cc3000-7f82c7cc6000 r-xp 00000000 08:06 3145818                    /lib/x86_64-linux-gnu/libdl-2.19.so
7f82c7cc6000-7f82c7ec5000 ---p 00003000 08:06 3145818                    /lib/x86_64-linux-gnu/libdl-2.19.so
7f82c7ec5000-7f82c7ec6000 r--p 00002000 08:06 3145818                    /lib/x86_64-linux-gnu/libdl-2.19.so
7f82c7ec6000-7f82c7ec7000 rw-p 00003000 08:06 3145818                    /lib/x86_64-linux-gnu/libdl-2.19.so
7f82c7ec7000-7f82c7edd000 r-xp 00000000 08:06 3546303                    /usr/lib/jvm/jdk-7-eseo-oracle-x64/lib/amd64/jli/libjli.so
7f82c7edd000-7f82c80dd000 ---p 00016000 08:06 3546303                    /usr/lib/jvm/jdk-7-eseo-oracle-x64/lib/amd64/jli/libjli.so
7f82c80dd000-7f82c80de000 rw-p 00016000 08:06 3546303                    /usr/lib/jvm/jdk-7-eseo-oracle-x64/lib/amd64/jli/libjli.so
7f82c80de000-7f82c80f7000 r-xp 00000000 08:06 3145823                    /lib/x86_64-linux-gnu/libpthread-2.19.so
7f82c80f7000-7f82c82f6000 ---p 00019000 08:06 3145823                    /lib/x86_64-linux-gnu/libpthread-2.19.so
7f82c82f6000-7f82c82f7000 r--p 00018000 08:06 3145823                    /lib/x86_64-linux-gnu/libpthread-2.19.so
7f82c82f7000-7f82c82f8000 rw-p 00019000 08:06 3145823                    /lib/x86_64-linux-gnu/libpthread-2.19.so
7f82c82f8000-7f82c82fc000 rw-p 00000000 00:00 0 
7f82c82fc000-7f82c831f000 r-xp 00000000 08:06 3145824                    /lib/x86_64-linux-gnu/ld-2.19.so
7f82c8326000-7f82c8335000 r--s 000df000 08:06 1204723                    /home/divi/Android/Sdk/build-tools/23.0.2/lib/dx.jar
7f82c8335000-7f82c8343000 rw-p 00000000 00:00 0 
7f82c8343000-7f82c83f5000 rw-p 00000000 00:00 0 
7f82c83f5000-7f82c83f8000 ---p 00000000 00:00 0 
7f82c83f8000-7f82c84fa000 rw-p 00000000 00:00 0                          [stack:9543]
7f82c84fb000-7f82c8512000 rw-p 00000000 00:00 0 
7f82c8512000-7f82c851a000 rw-s 00000000 08:06 3025988                    /tmp/hsperfdata_divi/9539
7f82c851a000-7f82c851b000 rw-p 00000000 00:00 0 
7f82c851b000-7f82c851c000 ---p 00000000 00:00 0 
7f82c851c000-7f82c851e000 rw-p 00000000 00:00 0 
7f82c851e000-7f82c851f000 r--p 00022000 08:06 3145824                    /lib/x86_64-linux-gnu/ld-2.19.so
7f82c851f000-7f82c8520000 rw-p 00023000 08:06 3145824                    /lib/x86_64-linux-gnu/ld-2.19.so
7f82c8520000-7f82c8521000 rw-p 00000000 00:00 0 
7ffd7191f000-7ffd71940000 rw-p 00000000 00:00 0                          [stack]
7ffd719f0000-7ffd719f2000 r-xp 00000000 00:00 0                          [vdso]
7ffd719f2000-7ffd719f4000 r--p 00000000 00:00 0                          [vvar]
ffffffffff600000-ffffffffff601000 r-xp 00000000 00:00 0                  [vsyscall]

VM Arguments:
jvm_args: -Djava.awt.headless=true -Xmx1024M -Dfile.encoding=UTF-8 -Duser.country=US -Duser.language=en -Duser.variant 
java_command: com.android.dx.command.Main --dex --num-threads=4 --multi-dex --main-dex-list /home/divi/Desktop/ProjetIoT/STIot/app/build/intermediates/multi-dex/debug/maindexlist.txt --output /home/divi/Desktop/ProjetIoT/STIot/app/build/intermediates/transforms/dex/debug/folders/1000/1f/main /home/divi/Desktop/ProjetIoT/STIot/app/build/intermediates/transforms/jarMerging/debug/jars/1/1f/combined.jar
Launcher Type: SUN_STANDARD

Environment Variables:
PATH=/usr/local/sbin:/usr/local/bin:/usr/sbin:/usr/bin:/sbin:/bin:/usr/games:/usr/local/games
LD_LIBRARY_PATH=/opt/android-studio/bin:
SHELL=/bin/bash
DISPLAY=:0

Signal Handlers:
SIGSEGV: [libjvm.so+0x9a3bf0], sa_mask[0]=0x7ffbfeff, sa_flags=0x10000004
SIGBUS: [libjvm.so+0x9a3bf0], sa_mask[0]=0x7ffbfeff, sa_flags=0x10000004
SIGFPE: [libjvm.so+0x81cb60], sa_mask[0]=0x7ffbfeff, sa_flags=0x10000004
SIGPIPE: [libjvm.so+0x81cb60], sa_mask[0]=0x7ffbfeff, sa_flags=0x10000004
SIGXFSZ: [libjvm.so+0x81cb60], sa_mask[0]=0x7ffbfeff, sa_flags=0x10000004
SIGILL: [libjvm.so+0x81cb60], sa_mask[0]=0x7ffbfeff, sa_flags=0x10000004
SIGUSR1: SIG_DFL, sa_mask[0]=0x00000000, sa_flags=0x00000000
SIGUSR2: [libjvm.so+0x81e360], sa_mask[0]=0x00000004, sa_flags=0x10000004
SIGHUP: [libjvm.so+0x81f480], sa_mask[0]=0x7ffbfeff, sa_flags=0x10000004
SIGINT: [libjvm.so+0x81f480], sa_mask[0]=0x7ffbfeff, sa_flags=0x10000004
SIGTERM: [libjvm.so+0x81f480], sa_mask[0]=0x7ffbfeff, sa_flags=0x10000004
SIGQUIT: [libjvm.so+0x81f480], sa_mask[0]=0x7ffbfeff, sa_flags=0x10000004


---------------  S Y S T E M  ---------------

OS:jessie/sid

uname:Linux 3.16.0-67-generic #87~14.04.1-Ubuntu SMP Fri Mar 11 00:26:02 UTC 2016 x86_64
libc:glibc 2.19 NPTL 2.19 
rlimit: STACK 8192k, CORE 0k, NPROC 15363, NOFILE 4096, AS infinity
load average:7,34 4,57 2,14

/proc/meminfo:
MemTotal:        3954432 kB
MemFree:          106148 kB
MemAvailable:      47776 kB
Buffers:             292 kB
Cached:           482072 kB
SwapCached:            0 kB
Active:          3220452 kB
Inactive:         458400 kB
Active(anon):    3217696 kB
Inactive(anon):   440520 kB
Active(file):       2756 kB
Inactive(file):    17880 kB
Unevictable:         100 kB
Mlocked:             100 kB
SwapTotal:             0 kB
SwapFree:              0 kB
Dirty:               144 kB
Writeback:             0 kB
AnonPages:       3197004 kB
Mapped:            96304 kB
Shmem:            461316 kB
Slab:              63092 kB
SReclaimable:      31560 kB
SUnreclaim:        31532 kB
KernelStack:        9280 kB
PageTables:        37160 kB
NFS_Unstable:          0 kB
Bounce:                0 kB
WritebackTmp:          0 kB
CommitLimit:     1977216 kB
Committed_AS:    6861256 kB
VmallocTotal:   34359738367 kB
VmallocUsed:      407592 kB
VmallocChunk:   34359321084 kB
HardwareCorrupted:     0 kB
AnonHugePages:   1802240 kB
HugePages_Total:       0
HugePages_Free:        0
HugePages_Rsvd:        0
HugePages_Surp:        0
Hugepagesize:       2048 kB
DirectMap4k:      136576 kB
DirectMap2M:     3964928 kB


CPU:total 4 (2 cores per cpu, 2 threads per core) family 6 model 42 stepping 7, cmov, cx8, fxsr, mmx, sse, sse2, sse3, ssse3, sse4.1, sse4.2, popcnt, avx, ht, tsc, tscinvbit

/proc/cpuinfo:
processor	: 0
vendor_id	: GenuineIntel
cpu family	: 6
model		: 42
model name	: Intel(R) Core(TM) i3-2330M CPU @ 2.20GHz
stepping	: 7
microcode	: 0x15
cpu MHz		: 865.906
cache size	: 3072 KB
physical id	: 0
siblings	: 4
core id		: 0
cpu cores	: 2
apicid		: 0
initial apicid	: 0
fpu		: yes
fpu_exception	: yes
cpuid level	: 13
wp		: yes
flags		: fpu vme de pse tsc msr pae mce cx8 apic sep mtrr pge mca cmov pat pse36 clflush dts acpi mmx fxsr sse sse2 ss ht tm pbe syscall nx rdtscp lm constant_tsc arch_perfmon pebs bts rep_good nopl xtopology nonstop_tsc aperfmperf eagerfpu pni pclmulqdq dtes64 monitor ds_cpl vmx est tm2 ssse3 cx16 xtpr pdcm pcid sse4_1 sse4_2 x2apic popcnt tsc_deadline_timer xsave avx lahf_lm arat epb xsaveopt pln pts dtherm tpr_shadow vnmi flexpriority ept vpid
bogomips	: 4390.23
clflush size	: 64
cache_alignment	: 64
address sizes	: 36 bits physical, 48 bits virtual
power management:

processor	: 1
vendor_id	: GenuineIntel
cpu family	: 6
model		: 42
model name	: Intel(R) Core(TM) i3-2330M CPU @ 2.20GHz
stepping	: 7
microcode	: 0x15
cpu MHz		: 809.015
cache size	: 3072 KB
physical id	: 0
siblings	: 4
core id		: 1
cpu cores	: 2
apicid		: 2
initial apicid	: 2
fpu		: yes
fpu_exception	: yes
cpuid level	: 13
wp		: yes
flags		: fpu vme de pse tsc msr pae mce cx8 apic sep mtrr pge mca cmov pat pse36 clflush dts acpi mmx fxsr sse sse2 ss ht tm pbe syscall nx rdtscp lm constant_tsc arch_perfmon pebs bts rep_good nopl xtopology nonstop_tsc aperfmperf eagerfpu pni pclmulqdq dtes64 monitor ds_cpl vmx est tm2 ssse3 cx16 xtpr pdcm pcid sse4_1 sse4_2 x2apic popcnt tsc_deadline_timer xsave avx lahf_lm arat epb xsaveopt pln pts dtherm tpr_shadow vnmi flexpriority ept vpid
bogomips	: 4390.23
clflush size	: 64
cache_alignment	: 64
address sizes	: 36 bits physical, 48 bits virtual
power management:

processor	: 2
vendor_id	: GenuineIntel
cpu family	: 6
model		: 42
model name	: Intel(R) Core(TM) i3-2330M CPU @ 2.20GHz
stepping	: 7
microcode	: 0x15
cpu MHz		: 804.117
cache size	: 3072 KB
physical id	: 0
siblings	: 4
core id		: 0
cpu cores	: 2
apicid		: 1
initial apicid	: 1
fpu		: yes
fpu_exception	: yes
cpuid level	: 13
wp		: yes
flags		: fpu vme de pse tsc msr pae mce cx8 apic sep mtrr pge mca cmov pat pse36 clflush dts acpi mmx fxsr sse sse2 ss ht tm pbe syscall nx rdtscp lm constant_tsc arch_perfmon pebs bts rep_good nopl xtopology nonstop_tsc aperfmperf eagerfpu pni pclmulqdq dtes64 monitor ds_cpl vmx est tm2 ssse3 cx16 xtpr pdcm pcid sse4_1 sse4_2 x2apic popcnt tsc_deadline_timer xsave avx lahf_lm arat epb xsaveopt pln pts dtherm tpr_shadow vnmi flexpriority ept vpid
bogomips	: 4390.23
clflush size	: 64
cache_alignment	: 64
address sizes	: 36 bits physical, 48 bits virtual
power management:

processor	: 3
vendor_id	: GenuineIntel
cpu family	: 6
model		: 42
model name	: Intel(R) Core(TM) i3-2330M CPU @ 2.20GHz
stepping	: 7
microcode	: 0x15
cpu MHz		: 833.593
cache size	: 3072 KB
physical id	: 0
siblings	: 4
core id		: 1
cpu cores	: 2
apicid		: 3
initial apicid	: 3
fpu		: yes
fpu_exception	: yes
cpuid level	: 13
wp		: yes
flags		: fpu vme de pse tsc msr pae mce cx8 apic sep mtrr pge mca cmov pat pse36 clflush dts acpi mmx fxsr sse sse2 ss ht tm pbe syscall nx rdtscp lm constant_tsc arch_perfmon pebs bts rep_good nopl xtopology nonstop_tsc aperfmperf eagerfpu pni pclmulqdq dtes64 monitor ds_cpl vmx est tm2 ssse3 cx16 xtpr pdcm pcid sse4_1 sse4_2 x2apic popcnt tsc_deadline_timer xsave avx lahf_lm arat epb xsaveopt pln pts dtherm tpr_shadow vnmi flexpriority ept vpid
bogomips	: 4390.23
clflush size	: 64
cache_alignment	: 64
address sizes	: 36 bits physical, 48 bits virtual
power management:



Memory: 4k page, physical 3954432k(106148k free), swap 0k(0k free)

vm_info: Java HotSpot(TM) 64-Bit Server VM (24.79-b02) for linux-amd64 JRE (1.7.0_79-b15), built on Apr 10 2015 11:34:48 by "java_re" with gcc 4.3.0 20080428 (Red Hat 4.3.0-8)

time: Tue May 24 21:56:58 2016
elapsed time: 28 seconds

