#
# There is insufficient memory for the Java Runtime Environment to continue.
# Native memory allocation (malloc) failed to allocate 91226112 bytes for committing reserved memory.
# Possible reasons:
#   The system is out of physical RAM or swap space
#   In 32 bit mode, the process size limit was hit
# Possible solutions:
#   Reduce memory load on the system
#   Increase physical memory or swap space
#   Check if swap backing store is full
#   Use 64 bit Java on a 64 bit OS
#   Decrease Java heap size (-Xmx/-Xms)
#   Decrease number of Java threads
#   Decrease Java thread stack sizes (-Xss)
#   Set larger code cache with -XX:ReservedCodeCacheSize=
# This output file may be truncated or incomplete.
#
#  Out of Memory Error (os_linux.cpp:2756), pid=5525, tid=140314442344192
#
# JRE version: Java(TM) SE Runtime Environment (7.0_79-b15) (build 1.7.0_79-b15)
# Java VM: Java HotSpot(TM) 64-Bit Server VM (24.79-b02 mixed mode linux-amd64 compressed oops)
# Failed to write core dump. Core dumps have been disabled. To enable core dumping, try "ulimit -c unlimited" before starting Java again
#

---------------  T H R E A D  ---------------

Current thread (0x00007f9d7c06a000):  VMThread [stack: 0x00007f9d806e2000,0x00007f9d807e3000] [id=5534]

Stack: [0x00007f9d806e2000,0x00007f9d807e3000],  sp=0x00007f9d807e1320,  free space=1020k
Native frames: (J=compiled Java code, j=interpreted, Vv=VM code, C=native code)
V  [libjvm.so+0x9a32da]  VMError::report_and_die()+0x2ea
V  [libjvm.so+0x497f7b]  report_vm_out_of_memory(char const*, int, unsigned long, char const*)+0x9b
V  [libjvm.so+0x81fcce]  os::Linux::commit_memory_impl(char*, unsigned long, bool)+0xfe
V  [libjvm.so+0x820219]  os::pd_commit_memory(char*, unsigned long, unsigned long, bool)+0x29
V  [libjvm.so+0x819faa]  os::commit_memory(char*, unsigned long, unsigned long, bool)+0x2a
V  [libjvm.so+0x88d863]  PSVirtualSpace::expand_by(unsigned long)+0x53
V  [libjvm.so+0x87ccc0]  PSOldGen::expand(unsigned long)+0x170
V  [libjvm.so+0x87cecb]  PSOldGen::resize(unsigned long)+0x1cb
V  [libjvm.so+0x885b91]  PSParallelCompact::invoke_no_policy(bool)+0x9b1
V  [libjvm.so+0x88bb0d]  PSScavenge::invoke()+0x1ad
V  [libjvm.so+0x842320]  ParallelScavengeHeap::failed_mem_allocate(unsigned long)+0x70
V  [libjvm.so+0x9a4b67]  VM_ParallelGCFailedAllocation::doit()+0x97
V  [libjvm.so+0x9ac005]  VM_Operation::evaluate()+0x55
V  [libjvm.so+0x9aa3ca]  VMThread::evaluate_operation(VM_Operation*)+0xba
V  [libjvm.so+0x9aa74e]  VMThread::loop()+0x1ce
V  [libjvm.so+0x9aabc0]  VMThread::run()+0x70
V  [libjvm.so+0x821ca8]  java_start(Thread*)+0x108

VM_Operation (0x00007f9d76162010): ParallelGCFailedAllocation, mode: safepoint, requested by thread 0x00007f9d7c1a7000


---------------  P R O C E S S  ---------------

Java Threads: ( => current thread )
  0x00007f9d7c1a7000 JavaThread "pool-1-thread-1" [_thread_blocked, id=5551, stack(0x00007f9d76063000,0x00007f9d76164000)]
  0x00007f9d7c0a2000 JavaThread "Service Thread" daemon [_thread_blocked, id=5540, stack(0x00007f9d800dc000,0x00007f9d801dd000)]
  0x00007f9d7c09f800 JavaThread "C2 CompilerThread1" daemon [_thread_blocked, id=5539, stack(0x00007f9d801dd000,0x00007f9d802de000)]
  0x00007f9d7c09c800 JavaThread "C2 CompilerThread0" daemon [_thread_blocked, id=5538, stack(0x00007f9d802de000,0x00007f9d803df000)]
  0x00007f9d7c09a800 JavaThread "Signal Dispatcher" daemon [_thread_blocked, id=5537, stack(0x00007f9d803df000,0x00007f9d804e0000)]
  0x00007f9d7c070800 JavaThread "Finalizer" daemon [_thread_blocked, id=5536, stack(0x00007f9d804e0000,0x00007f9d805e1000)]
  0x00007f9d7c06e800 JavaThread "Reference Handler" daemon [_thread_blocked, id=5535, stack(0x00007f9d805e1000,0x00007f9d806e2000)]
  0x00007f9d7c00a000 JavaThread "main" [_thread_blocked, id=5529, stack(0x00007f9d85180000,0x00007f9d85281000)]

Other Threads:
=>0x00007f9d7c06a000 VMThread [stack: 0x00007f9d806e2000,0x00007f9d807e3000] [id=5534]
  0x00007f9d7c0ad000 WatcherThread [stack: 0x00007f9d7658c000,0x00007f9d7668d000] [id=5541]

VM state:at safepoint (normal execution)

VM Mutex/Monitor currently owned by a thread:  ([mutex/lock_event])
[0x00007f9d7c006160] ExpandHeap_lock - owner thread: 0x00007f9d7c06a000
[0x00007f9d7c0067e0] Threads_lock - owner thread: 0x00007f9d7c06a000
[0x00007f9d7c006ce0] Heap_lock - owner thread: 0x00007f9d7c1a7000

Heap
 PSYoungGen      total 283648K, used 175K [0x00000000eaa80000, 0x0000000100000000, 0x0000000100000000)
  eden space 224768K, 0% used [0x00000000eaa80000,0x00000000eaa80000,0x00000000f8600000)
  from space 58880K, 0% used [0x00000000fc680000,0x00000000fc6abce8,0x0000000100000000)
  to   space 62464K, 0% used [0x00000000f8600000,0x00000000f8600000,0x00000000fc300000)
 ParOldGen       total 149504K, used 149399K [0x00000000c0000000, 0x00000000c9200000, 0x00000000eaa80000)
  object space 149504K, 99% used [0x00000000c0000000,0x00000000c91e5d38,0x00000000c9200000)
 PSPermGen       total 21504K, used 6373K [0x00000000bae00000, 0x00000000bc300000, 0x00000000c0000000)
  object space 21504K, 29% used [0x00000000bae00000,0x00000000bb439408,0x00000000bc300000)

Card table byte_map: [0x00007f9d82247000,0x00007f9d82471000] byte_map_base: 0x00007f9d81c70000

Polling page: 0x00007f9d852a6000

Code Cache  [0x00007f9d79000000, 0x00007f9d79480000, 0x00007f9d7c000000)
 total_blobs=1507 nmethods=1277 adapters=183 free_code_cache=44761Kb largest_free_block=45645376

Compilation events (10 events):
Event: 25,491 Thread 0x00007f9d7c09f800 nmethod 1301 0x00007f9d79319ad0 code [0x00007f9d79319c60, 0x00007f9d79319eb8]
Event: 25,496 Thread 0x00007f9d7c09c800 1303             java.util.ComparableTimSort::sort (179 bytes)
Event: 25,505 Thread 0x00007f9d7c09f800 1304 %           com.android.dx.dex.code.OutputFinisher::performExpansion @ 31 (273 bytes)
Event: 25,521 Thread 0x00007f9d7c09c800 nmethod 1303 0x00007f9d7931b390 code [0x00007f9d7931b560, 0x00007f9d7931bc40]
Event: 25,521 Thread 0x00007f9d7c09c800 1305             java.util.ComparableTimSort::rangeCheck (74 bytes)
Event: 25,522 Thread 0x00007f9d7c09c800 nmethod 1305 0x00007f9d79319810 code [0x00007f9d79319960, 0x00007f9d793199f8]
Event: 25,522 Thread 0x00007f9d7c09c800 1306             com.android.dx.dex.code.form.Form22c::codeSize (2 bytes)
Event: 25,522 Thread 0x00007f9d7c09c800 nmethod 1306 0x00007f9d793195d0 code [0x00007f9d79319700, 0x00007f9d79319758]
Event: 25,527 Thread 0x00007f9d7c09c800 1307             java.util.BitSet::set (18 bytes)
Event: 25,543 Thread 0x00007f9d7c09c800 nmethod 1307 0x00007f9d79286190 code [0x00007f9d79286300, 0x00007f9d79286678]

GC Heap History (10 events):
Event: 17,618 GC heap after
Heap after GC invocations=12 (full 1):
 PSYoungGen      total 219648K, used 29623K [0x00000000eaa80000, 0x00000000fe600000, 0x0000000100000000)
  eden space 181248K, 0% used [0x00000000eaa80000,0x00000000eaa80000,0x00000000f5b80000)
  from space 38400K, 77% used [0x00000000f5b80000,0x00000000f786dc98,0x00000000f8100000)
  to   space 41984K, 0% used [0x00000000fbd00000,0x00000000fbd00000,0x00000000fe600000)
 ParOldGen       total 75776K, used 62082K [0x00000000c0000000, 0x00000000c4a00000, 0x00000000eaa80000)
  object space 75776K, 81% used [0x00000000c0000000,0x00000000c3ca0ac8,0x00000000c4a00000)
 PSPermGen       total 21504K, used 6079K [0x00000000bae00000, 0x00000000bc300000, 0x00000000c0000000)
  object space 21504K, 28% used [0x00000000bae00000,0x00000000bb3efd80,0x00000000bc300000)
}
Event: 17,618 GC heap before
{Heap before GC invocations=13 (full 2):
 PSYoungGen      total 219648K, used 29623K [0x00000000eaa80000, 0x00000000fe600000, 0x0000000100000000)
  eden space 181248K, 0% used [0x00000000eaa80000,0x00000000eaa80000,0x00000000f5b80000)
  from space 38400K, 77% used [0x00000000f5b80000,0x00000000f786dc98,0x00000000f8100000)
  to   space 41984K, 0% used [0x00000000fbd00000,0x00000000fbd00000,0x00000000fe600000)
 ParOldGen       total 75776K, used 62082K [0x00000000c0000000, 0x00000000c4a00000, 0x00000000eaa80000)
  object space 75776K, 81% used [0x00000000c0000000,0x00000000c3ca0ac8,0x00000000c4a00000)
 PSPermGen       total 21504K, used 6079K [0x00000000bae00000, 0x00000000bc300000, 0x00000000c0000000)
  object space 21504K, 28% used [0x00000000bae00000,0x00000000bb3efd80,0x00000000bc300000)
Event: 18,219 GC heap after
Heap after GC invocations=13 (full 2):
 PSYoungGen      total 219648K, used 14626K [0x00000000eaa80000, 0x00000000fe600000, 0x0000000100000000)
  eden space 181248K, 0% used [0x00000000eaa80000,0x00000000eaa80000,0x00000000f5b80000)
  from space 38400K, 38% used [0x00000000f5b80000,0x00000000f69c8a78,0x00000000f8100000)
  to   space 41984K, 0% used [0x00000000fbd00000,0x00000000fbd00000,0x00000000fe600000)
 ParOldGen       total 133632K, used 75524K [0x00000000c0000000, 0x00000000c8280000, 0x00000000eaa80000)
  object space 133632K, 56% used [0x00000000c0000000,0x00000000c49c1090,0x00000000c8280000)
 PSPermGen       total 21504K, used 6079K [0x00000000bae00000, 0x00000000bc300000, 0x00000000c0000000)
  object space 21504K, 28% used [0x00000000bae00000,0x00000000bb3efca0,0x00000000bc300000)
}
Event: 19,648 GC heap before
{Heap before GC invocations=14 (full 2):
 PSYoungGen      total 219648K, used 195874K [0x00000000eaa80000, 0x00000000fe600000, 0x0000000100000000)
  eden space 181248K, 100% used [0x00000000eaa80000,0x00000000f5b80000,0x00000000f5b80000)
  from space 38400K, 38% used [0x00000000f5b80000,0x00000000f69c8a78,0x00000000f8100000)
  to   space 41984K, 0% used [0x00000000fbd00000,0x00000000fbd00000,0x00000000fe600000)
 ParOldGen       total 133632K, used 75524K [0x00000000c0000000, 0x00000000c8280000, 0x00000000eaa80000)
  object space 133632K, 56% used [0x00000000c0000000,0x00000000c49c1090,0x00000000c8280000)
 PSPermGen       total 21504K, used 6091K [0x00000000bae00000, 0x00000000bc300000, 0x00000000c0000000)
  object space 21504K, 28% used [0x00000000bae00000,0x00000000bb3f2cf8,0x00000000bc300000)
Event: 19,827 GC heap after
Heap after GC invocations=14 (full 2):
 PSYoungGen      total 247296K, used 29951K [0x00000000eaa80000, 0x00000000fda80000, 0x0000000100000000)
  eden space 217088K, 0% used [0x00000000eaa80000,0x00000000eaa80000,0x00000000f7e80000)
  from space 30208K, 99% used [0x00000000fbd00000,0x00000000fda3fc50,0x00000000fda80000)
  to   space 44544K, 0% used [0x00000000f8380000,0x00000000f8380000,0x00000000faf00000)
 ParOldGen       total 133632K, used 88815K [0x00000000c0000000, 0x00000000c8280000, 0x00000000eaa80000)
  object space 133632K, 66% used [0x00000000c0000000,0x00000000c56bbe60,0x00000000c8280000)
 PSPermGen       total 21504K, used 6091K [0x00000000bae00000, 0x00000000bc300000, 0x00000000c0000000)
  object space 21504K, 28% used [0x00000000bae00000,0x00000000bb3f2cf8,0x00000000bc300000)
}
Event: 21,046 GC heap before
{Heap before GC invocations=15 (full 2):
 PSYoungGen      total 247296K, used 247039K [0x00000000eaa80000, 0x00000000fda80000, 0x0000000100000000)
  eden space 217088K, 100% used [0x00000000eaa80000,0x00000000f7e80000,0x00000000f7e80000)
  from space 30208K, 99% used [0x00000000fbd00000,0x00000000fda3fc50,0x00000000fda80000)
  to   space 44544K, 0% used [0x00000000f8380000,0x00000000f8380000,0x00000000faf00000)
 ParOldGen       total 133632K, used 88815K [0x00000000c0000000, 0x00000000c8280000, 0x00000000eaa80000)
  object space 133632K, 66% used [0x00000000c0000000,0x00000000c56bbe60,0x00000000c8280000)
 PSPermGen       total 21504K, used 6106K [0x00000000bae00000, 0x00000000bc300000, 0x00000000c0000000)
  object space 21504K, 28% used [0x00000000bae00000,0x00000000bb3f6a28,0x00000000bc300000)
Event: 21,211 GC heap after
Heap after GC invocations=15 (full 2):
 PSYoungGen      total 266752K, used 44528K [0x00000000eaa80000, 0x0000000100000000, 0x0000000100000000)
  eden space 222208K, 0% used [0x00000000eaa80000,0x00000000eaa80000,0x00000000f8380000)
  from space 44544K, 99% used [0x00000000f8380000,0x00000000faefc270,0x00000000faf00000)
  to   space 58880K, 0% used [0x00000000fc680000,0x00000000fc680000,0x0000000100000000)
 ParOldGen       total 133632K, used 107153K [0x00000000c0000000, 0x00000000c8280000, 0x00000000eaa80000)
  object space 133632K, 80% used [0x00000000c0000000,0x00000000c68a44d8,0x00000000c8280000)
 PSPermGen       total 21504K, used 6106K [0x00000000bae00000, 0x00000000bc300000, 0x00000000c0000000)
  object space 21504K, 28% used [0x00000000bae00000,0x00000000bb3f6a28,0x00000000bc300000)
}
Event: 25,565 GC heap before
{Heap before GC invocations=16 (full 2):
 PSYoungGen      total 266752K, used 266736K [0x00000000eaa80000, 0x0000000100000000, 0x0000000100000000)
  eden space 222208K, 100% used [0x00000000eaa80000,0x00000000f8380000,0x00000000f8380000)
  from space 44544K, 99% used [0x00000000f8380000,0x00000000faefc270,0x00000000faf00000)
  to   space 58880K, 0% used [0x00000000fc680000,0x00000000fc680000,0x0000000100000000)
 ParOldGen       total 133632K, used 107153K [0x00000000c0000000, 0x00000000c8280000, 0x00000000eaa80000)
  object space 133632K, 80% used [0x00000000c0000000,0x00000000c68a44d8,0x00000000c8280000)
 PSPermGen       total 21504K, used 6374K [0x00000000bae00000, 0x00000000bc300000, 0x00000000c0000000)
  object space 21504K, 29% used [0x00000000bae00000,0x00000000bb439a58,0x00000000bc300000)
Event: 26,805 GC heap after
Heap after GC invocations=16 (full 2):
 PSYoungGen      total 283648K, used 40637K [0x00000000eaa80000, 0x0000000100000000, 0x0000000100000000)
  eden space 224768K, 0% used [0x00000000eaa80000,0x00000000eaa80000,0x00000000f8600000)
  from space 58880K, 69% used [0x00000000fc680000,0x00000000fee2f780,0x0000000100000000)
  to   space 62464K, 0% used [0x00000000f8600000,0x00000000f8600000,0x00000000fc300000)
 ParOldGen       total 149504K, used 148400K [0x00000000c0000000, 0x00000000c9200000, 0x00000000eaa80000)
  object space 149504K, 99% used [0x00000000c0000000,0x00000000c90ec3a0,0x00000000c9200000)
 PSPermGen       total 21504K, used 6374K [0x00000000bae00000, 0x00000000bc300000, 0x00000000c0000000)
  object space 21504K, 29% used [0x00000000bae00000,0x00000000bb439a58,0x00000000bc300000)
}
Event: 26,813 GC heap before
{Heap before GC invocations=17 (full 3):
 PSYoungGen      total 283648K, used 40637K [0x00000000eaa80000, 0x0000000100000000, 0x0000000100000000)
  eden space 224768K, 0% used [0x00000000eaa80000,0x00000000eaa80000,0x00000000f8600000)
  from space 58880K, 69% used [0x00000000fc680000,0x00000000fee2f780,0x0000000100000000)
  to   space 62464K, 0% used [0x00000000f8600000,0x00000000f8600000,0x00000000fc300000)
 ParOldGen       total 149504K, used 148400K [0x00000000c0000000, 0x00000000c9200000, 0x00000000eaa80000)
  object space 149504K, 99% used [0x00000000c0000000,0x00000000c90ec3a0,0x00000000c9200000)
 PSPermGen       total 21504K, used 6374K [0x00000000bae00000, 0x00000000bc300000, 0x00000000c0000000)
  object space 21504K, 29% used [0x00000000bae00000,0x00000000bb439a58,0x00000000bc300000)

Deoptimization events (10 events):
Event: 25,167 Thread 0x00007f9d7c1a7000 Uncommon trap: reason=unreached action=reinterpret pc=0x00007f9d79445aac method=com.android.dx.dex.code.LocalList$MakeState.filterSpec(Lcom/android/dx/rop/code/RegisterSpec;)Lcom/android/dx/rop/code/RegisterSpec; @ 11
Event: 25,168 Thread 0x00007f9d7c1a7000 Uncommon trap: reason=array_check action=maybe_recompile pc=0x00007f9d79449584 method=java.util.ComparableTimSort.binarySort([Ljava/lang/Object;III)V @ 193
Event: 25,210 Thread 0x00007f9d7c1a7000 Uncommon trap: reason=array_check action=maybe_recompile pc=0x00007f9d79463040 method=java.util.ComparableTimSort.binarySort([Ljava/lang/Object;III)V @ 215
Event: 25,216 Thread 0x00007f9d7c1a7000 Uncommon trap: reason=array_check action=maybe_recompile pc=0x00007f9d79463040 method=java.util.ComparableTimSort.binarySort([Ljava/lang/Object;III)V @ 215
Event: 25,264 Thread 0x00007f9d7c1a7000 Uncommon trap: reason=bimorphic action=maybe_recompile pc=0x00007f9d7945b480 method=com.android.dx.dex.code.OutputFinisher.calculateReservedCount([Lcom/android/dx/dex/code/Dop;)I @ 72
Event: 25,264 Thread 0x00007f9d7c1a7000 Uncommon trap: reason=bimorphic action=maybe_recompile pc=0x00007f9d7945b480 method=com.android.dx.dex.code.OutputFinisher.calculateReservedCount([Lcom/android/dx/dex/code/Dop;)I @ 72
Event: 25,265 Thread 0x00007f9d7c1a7000 Uncommon trap: reason=bimorphic action=maybe_recompile pc=0x00007f9d7945b480 method=com.android.dx.dex.code.OutputFinisher.calculateReservedCount([Lcom/android/dx/dex/code/Dop;)I @ 72
Event: 25,265 Thread 0x00007f9d7c1a7000 Uncommon trap: reason=bimorphic action=maybe_recompile pc=0x00007f9d7945b480 method=com.android.dx.dex.code.OutputFinisher.calculateReservedCount([Lcom/android/dx/dex/code/Dop;)I @ 72
Event: 25,357 Thread 0x00007f9d7c1a7000 Uncommon trap: reason=bimorphic action=maybe_recompile pc=0x00007f9d7947295c method=com.android.dx.dex.code.OutputFinisher.calculateReservedCount([Lcom/android/dx/dex/code/Dop;)I @ 72
Event: 25,425 Thread 0x00007f9d7c1a7000 Uncommon trap: reason=array_check action=maybe_recompile pc=0x00007f9d794606f4 method=java.util.ComparableTimSort.binarySort([Ljava/lang/Object;III)V @ 183

Internal exceptions (10 events):
Event: 24,896 Thread 0x00007f9d7c1a7000 Threw 0x00000000f75616c0 at /HUDSON/workspace/7u-2-build-linux-amd64/jdk7u79/2331/hotspot/src/share/vm/prims/jvm.cpp:1304
Event: 24,911 Thread 0x00007f9d7c1a7000 Threw 0x00000000f7567940 at /HUDSON/workspace/7u-2-build-linux-amd64/jdk7u79/2331/hotspot/src/share/vm/prims/jvm.cpp:1304
Event: 24,912 Thread 0x00007f9d7c1a7000 Threw 0x00000000f756a558 at /HUDSON/workspace/7u-2-build-linux-amd64/jdk7u79/2331/hotspot/src/share/vm/prims/jvm.cpp:1304
Event: 24,914 Thread 0x00007f9d7c1a7000 Threw 0x00000000f756f088 at /HUDSON/workspace/7u-2-build-linux-amd64/jdk7u79/2331/hotspot/src/share/vm/prims/jvm.cpp:1304
Event: 24,915 Thread 0x00007f9d7c1a7000 Threw 0x00000000f7573478 at /HUDSON/workspace/7u-2-build-linux-amd64/jdk7u79/2331/hotspot/src/share/vm/prims/jvm.cpp:1304
Event: 24,927 Thread 0x00007f9d7c1a7000 Threw 0x00000000f7583e58 at /HUDSON/workspace/7u-2-build-linux-amd64/jdk7u79/2331/hotspot/src/share/vm/prims/jvm.cpp:1304
Event: 24,931 Thread 0x00007f9d7c1a7000 Threw 0x00000000f7586be8 at /HUDSON/workspace/7u-2-build-linux-amd64/jdk7u79/2331/hotspot/src/share/vm/prims/jvm.cpp:1304
Event: 24,932 Thread 0x00007f9d7c1a7000 Threw 0x00000000f7589a90 at /HUDSON/workspace/7u-2-build-linux-amd64/jdk7u79/2331/hotspot/src/share/vm/prims/jvm.cpp:1304
Event: 25,058 Thread 0x00007f9d7c1a7000 Threw 0x00000000f760eef0 at /HUDSON/workspace/7u-2-build-linux-amd64/jdk7u79/2331/hotspot/src/share/vm/prims/jvm.cpp:1304
Event: 25,118 Thread 0x00007f9d7c1a7000 Implicit null exception at 0x00007f9d7945c4d8 to 0x00007f9d7945ce25

Events (10 events):
Event: 25,357 Thread 0x00007f9d7c1a7000 DEOPT UNPACKING pc=0x00007f9d79039445 sp=0x00007f9d76161f30 mode 2
Event: 25,397 Thread 0x00007f9d7c09c800 flushing nmethod 0x00007f9d79285490
Event: 25,415 Thread 0x00007f9d7c09f800 flushing nmethod 0x00007f9d792d0590
Event: 25,425 Thread 0x00007f9d7c1a7000 Uncommon trap: trap_request=0xffffffd6 fr.pc=0x00007f9d794606f4
Event: 25,425 Thread 0x00007f9d7c1a7000 DEOPT PACKING pc=0x00007f9d794606f4 sp=0x00007f9d76162060
Event: 25,425 Thread 0x00007f9d7c1a7000 DEOPT UNPACKING pc=0x00007f9d79039445 sp=0x00007f9d76162028 mode 2
Event: 25,434 Thread 0x00007f9d7c09f800 flushing nmethod 0x00007f9d793142d0
Event: 25,434 Thread 0x00007f9d7c09f800 flushing nmethod 0x00007f9d793195d0
Event: 25,444 Thread 0x00007f9d7c09f800 flushing nmethod 0x00007f9d7934a610
Event: 25,565 Executing VM operation: ParallelGCFailedAllocation


Dynamic libraries:
00400000-00401000 r-xp 00000000 08:06 3546141                            /usr/lib/jvm/jdk-7-eseo-oracle-x64/bin/java
00600000-00601000 rw-p 00000000 08:06 3546141                            /usr/lib/jvm/jdk-7-eseo-oracle-x64/bin/java
0158b000-015ac000 rw-p 00000000 00:00 0                                  [heap]
bae00000-bc300000 rw-p 00000000 00:00 0 
bc300000-c0000000 rw-p 00000000 00:00 0 
c0000000-c9200000 rw-p 00000000 00:00 0 
ce900000-eaa80000 rw-p 00000000 00:00 0 
eaa80000-100000000 rw-p 00000000 00:00 0 
7f9d30000000-7f9d30021000 rw-p 00000000 00:00 0 
7f9d30021000-7f9d34000000 ---p 00000000 00:00 0 
7f9d34000000-7f9d34021000 rw-p 00000000 00:00 0 
7f9d34021000-7f9d38000000 ---p 00000000 00:00 0 
7f9d38000000-7f9d38021000 rw-p 00000000 00:00 0 
7f9d38021000-7f9d3c000000 ---p 00000000 00:00 0 
7f9d3c000000-7f9d3c033000 rw-p 00000000 00:00 0 
7f9d3c033000-7f9d40000000 ---p 00000000 00:00 0 
7f9d40000000-7f9d40021000 rw-p 00000000 00:00 0 
7f9d40021000-7f9d44000000 ---p 00000000 00:00 0 
7f9d44000000-7f9d44038000 rw-p 00000000 00:00 0 
7f9d44038000-7f9d48000000 ---p 00000000 00:00 0 
7f9d48000000-7f9d49bd1000 rw-p 00000000 00:00 0 
7f9d49bd1000-7f9d4c000000 ---p 00000000 00:00 0 
7f9d4c000000-7f9d4c021000 rw-p 00000000 00:00 0 
7f9d4c021000-7f9d50000000 ---p 00000000 00:00 0 
7f9d50000000-7f9d50021000 rw-p 00000000 00:00 0 
7f9d50021000-7f9d54000000 ---p 00000000 00:00 0 
7f9d54000000-7f9d55d4a000 rw-p 00000000 00:00 0 
7f9d55d4a000-7f9d58000000 ---p 00000000 00:00 0 
7f9d58000000-7f9d58021000 rw-p 00000000 00:00 0 
7f9d58021000-7f9d5c000000 ---p 00000000 00:00 0 
7f9d5c000000-7f9d5c021000 rw-p 00000000 00:00 0 
7f9d5c021000-7f9d60000000 ---p 00000000 00:00 0 
7f9d60000000-7f9d60021000 rw-p 00000000 00:00 0 
7f9d60021000-7f9d64000000 ---p 00000000 00:00 0 
7f9d64000000-7f9d6424f000 rw-p 00000000 00:00 0 
7f9d6424f000-7f9d68000000 ---p 00000000 00:00 0 
7f9d68000000-7f9d68021000 rw-p 00000000 00:00 0 
7f9d68021000-7f9d6c000000 ---p 00000000 00:00 0 
7f9d6c000000-7f9d6c021000 rw-p 00000000 00:00 0 
7f9d6c021000-7f9d70000000 ---p 00000000 00:00 0 
7f9d70000000-7f9d70021000 rw-p 00000000 00:00 0 
7f9d70021000-7f9d74000000 ---p 00000000 00:00 0 
7f9d75c5f000-7f9d75c62000 ---p 00000000 00:00 0 
7f9d75c62000-7f9d75d60000 rw-p 00000000 00:00 0 
7f9d75d60000-7f9d75d63000 ---p 00000000 00:00 0 
7f9d75d63000-7f9d75e61000 rw-p 00000000 00:00 0 
7f9d75e61000-7f9d75e64000 ---p 00000000 00:00 0 
7f9d75e64000-7f9d75f62000 rw-p 00000000 00:00 0 
7f9d75f62000-7f9d75f65000 ---p 00000000 00:00 0 
7f9d75f65000-7f9d76063000 rw-p 00000000 00:00 0 
7f9d76063000-7f9d76066000 ---p 00000000 00:00 0 
7f9d76066000-7f9d76164000 rw-p 00000000 00:00 0                          [stack:5551]
7f9d76164000-7f9d7617a000 r-xp 00000000 08:06 3551968                    /usr/lib/jvm/jdk-7-eseo-oracle-x64/jre/lib/amd64/libnet.so
7f9d7617a000-7f9d7637a000 ---p 00016000 08:06 3551968                    /usr/lib/jvm/jdk-7-eseo-oracle-x64/jre/lib/amd64/libnet.so
7f9d7637a000-7f9d7637b000 rw-p 00016000 08:06 3551968                    /usr/lib/jvm/jdk-7-eseo-oracle-x64/jre/lib/amd64/libnet.so
7f9d7637b000-7f9d7638b000 r-xp 00000000 08:06 3551950                    /usr/lib/jvm/jdk-7-eseo-oracle-x64/jre/lib/amd64/libnio.so
7f9d7638b000-7f9d7658b000 ---p 00010000 08:06 3551950                    /usr/lib/jvm/jdk-7-eseo-oracle-x64/jre/lib/amd64/libnio.so
7f9d7658b000-7f9d7658c000 rw-p 00010000 08:06 3551950                    /usr/lib/jvm/jdk-7-eseo-oracle-x64/jre/lib/amd64/libnio.so
7f9d7658c000-7f9d7658d000 ---p 00000000 00:00 0 
7f9d7658d000-7f9d7668d000 rw-p 00000000 00:00 0                          [stack:5541]
7f9d7668d000-7f9d76d70000 r--p 00000000 08:06 3546432                    /usr/lib/locale/locale-archive
7f9d76d70000-7f9d79000000 rw-p 00000000 00:00 0 
7f9d79000000-7f9d79480000 rwxp 00000000 00:00 0 
7f9d79480000-7f9d7c227000 rw-p 00000000 00:00 0 
7f9d7c227000-7f9d80000000 ---p 00000000 00:00 0 
7f9d800dc000-7f9d800df000 ---p 00000000 00:00 0 
7f9d800df000-7f9d801dd000 rw-p 00000000 00:00 0                          [stack:5540]
7f9d801dd000-7f9d801e0000 ---p 00000000 00:00 0 
7f9d801e0000-7f9d802de000 rw-p 00000000 00:00 0                          [stack:5539]
7f9d802de000-7f9d802e1000 ---p 00000000 00:00 0 
7f9d802e1000-7f9d803df000 rw-p 00000000 00:00 0                          [stack:5538]
7f9d803df000-7f9d803e2000 ---p 00000000 00:00 0 
7f9d803e2000-7f9d804e0000 rw-p 00000000 00:00 0                          [stack:5537]
7f9d804e0000-7f9d804e3000 ---p 00000000 00:00 0 
7f9d804e3000-7f9d805e1000 rw-p 00000000 00:00 0                          [stack:5536]
7f9d805e1000-7f9d805e4000 ---p 00000000 00:00 0 
7f9d805e4000-7f9d806e2000 rw-p 00000000 00:00 0                          [stack:5535]
7f9d806e2000-7f9d806e3000 ---p 00000000 00:00 0 
7f9d806e3000-7f9d817e2000 rw-p 00000000 00:00 0                          [stack:5534]
7f9d817e2000-7f9d819a2000 r--s 039f7000 08:06 3552546                    /usr/lib/jvm/jdk-7-eseo-oracle-x64/jre/lib/rt.jar
7f9d819a2000-7f9d81cc4000 rw-p 00000000 00:00 0 
7f9d81cc4000-7f9d81cc5000 ---p 00000000 00:00 0 
7f9d81cc5000-7f9d81dc5000 rw-p 00000000 00:00 0                          [stack:5533]
7f9d81dc5000-7f9d81dc6000 ---p 00000000 00:00 0 
7f9d81dc6000-7f9d81ec6000 rw-p 00000000 00:00 0                          [stack:5532]
7f9d81ec6000-7f9d81ec7000 ---p 00000000 00:00 0 
7f9d81ec7000-7f9d81fc7000 rw-p 00000000 00:00 0                          [stack:5531]
7f9d81fc7000-7f9d81fc8000 ---p 00000000 00:00 0 
7f9d81fc8000-7f9d820d3000 rw-p 00000000 00:00 0                          [stack:5530]
7f9d820d3000-7f9d820f1000 rw-p 00000000 00:00 0 
7f9d820f1000-7f9d8213a000 rw-p 00000000 00:00 0 
7f9d8213a000-7f9d82247000 rw-p 00000000 00:00 0 
7f9d82247000-7f9d82252000 rw-p 00000000 00:00 0 
7f9d82252000-7f9d82270000 rw-p 00000000 00:00 0 
7f9d82270000-7f9d822b9000 rw-p 00000000 00:00 0 
7f9d822b9000-7f9d823c5000 rw-p 00000000 00:00 0 
7f9d823c5000-7f9d82470000 rw-p 00000000 00:00 0 
7f9d82470000-7f9d82471000 rw-p 00000000 00:00 0 
7f9d82471000-7f9d8248b000 r-xp 00000000 08:06 3551970                    /usr/lib/jvm/jdk-7-eseo-oracle-x64/jre/lib/amd64/libzip.so
7f9d8248b000-7f9d8268b000 ---p 0001a000 08:06 3551970                    /usr/lib/jvm/jdk-7-eseo-oracle-x64/jre/lib/amd64/libzip.so
7f9d8268b000-7f9d8268c000 rw-p 0001a000 08:06 3551970                    /usr/lib/jvm/jdk-7-eseo-oracle-x64/jre/lib/amd64/libzip.so
7f9d8268c000-7f9d82697000 r-xp 00000000 08:06 3149790                    /lib/x86_64-linux-gnu/libnss_files-2.19.so
7f9d82697000-7f9d82896000 ---p 0000b000 08:06 3149790                    /lib/x86_64-linux-gnu/libnss_files-2.19.so
7f9d82896000-7f9d82897000 r--p 0000a000 08:06 3149790                    /lib/x86_64-linux-gnu/libnss_files-2.19.so
7f9d82897000-7f9d82898000 rw-p 0000b000 08:06 3149790                    /lib/x86_64-linux-gnu/libnss_files-2.19.so
7f9d82898000-7f9d828a3000 r-xp 00000000 08:06 3145826                    /lib/x86_64-linux-gnu/libnss_nis-2.19.so
7f9d828a3000-7f9d82aa2000 ---p 0000b000 08:06 3145826                    /lib/x86_64-linux-gnu/libnss_nis-2.19.so
7f9d82aa2000-7f9d82aa3000 r--p 0000a000 08:06 3145826                    /lib/x86_64-linux-gnu/libnss_nis-2.19.so
7f9d82aa3000-7f9d82aa4000 rw-p 0000b000 08:06 3145826                    /lib/x86_64-linux-gnu/libnss_nis-2.19.so
7f9d82aa4000-7f9d82abb000 r-xp 00000000 08:06 3145822                    /lib/x86_64-linux-gnu/libnsl-2.19.so
7f9d82abb000-7f9d82cba000 ---p 00017000 08:06 3145822                    /lib/x86_64-linux-gnu/libnsl-2.19.so
7f9d82cba000-7f9d82cbb000 r--p 00016000 08:06 3145822                    /lib/x86_64-linux-gnu/libnsl-2.19.so
7f9d82cbb000-7f9d82cbc000 rw-p 00017000 08:06 3145822                    /lib/x86_64-linux-gnu/libnsl-2.19.so
7f9d82cbc000-7f9d82cbe000 rw-p 00000000 00:00 0 
7f9d82cbe000-7f9d82cc7000 r-xp 00000000 08:06 3145821                    /lib/x86_64-linux-gnu/libnss_compat-2.19.so
7f9d82cc7000-7f9d82ec6000 ---p 00009000 08:06 3145821                    /lib/x86_64-linux-gnu/libnss_compat-2.19.so
7f9d82ec6000-7f9d82ec7000 r--p 00008000 08:06 3145821                    /lib/x86_64-linux-gnu/libnss_compat-2.19.so
7f9d82ec7000-7f9d82ec8000 rw-p 00009000 08:06 3145821                    /lib/x86_64-linux-gnu/libnss_compat-2.19.so
7f9d82ec8000-7f9d82ef1000 r-xp 00000000 08:06 3551934                    /usr/lib/jvm/jdk-7-eseo-oracle-x64/jre/lib/amd64/libjava.so
7f9d82ef1000-7f9d830f1000 ---p 00029000 08:06 3551934                    /usr/lib/jvm/jdk-7-eseo-oracle-x64/jre/lib/amd64/libjava.so
7f9d830f1000-7f9d830f3000 rw-p 00029000 08:06 3551934                    /usr/lib/jvm/jdk-7-eseo-oracle-x64/jre/lib/amd64/libjava.so
7f9d830f3000-7f9d83100000 r-xp 00000000 08:06 3551921                    /usr/lib/jvm/jdk-7-eseo-oracle-x64/jre/lib/amd64/libverify.so
7f9d83100000-7f9d832ff000 ---p 0000d000 08:06 3551921                    /usr/lib/jvm/jdk-7-eseo-oracle-x64/jre/lib/amd64/libverify.so
7f9d832ff000-7f9d83301000 rw-p 0000c000 08:06 3551921                    /usr/lib/jvm/jdk-7-eseo-oracle-x64/jre/lib/amd64/libverify.so
7f9d83301000-7f9d83308000 r-xp 00000000 08:06 3145830                    /lib/x86_64-linux-gnu/librt-2.19.so
7f9d83308000-7f9d83507000 ---p 00007000 08:06 3145830                    /lib/x86_64-linux-gnu/librt-2.19.so
7f9d83507000-7f9d83508000 r--p 00006000 08:06 3145830                    /lib/x86_64-linux-gnu/librt-2.19.so
7f9d83508000-7f9d83509000 rw-p 00007000 08:06 3145830                    /lib/x86_64-linux-gnu/librt-2.19.so
7f9d83509000-7f9d8360e000 r-xp 00000000 08:06 3145758                    /lib/x86_64-linux-gnu/libm-2.19.so
7f9d8360e000-7f9d8380d000 ---p 00105000 08:06 3145758                    /lib/x86_64-linux-gnu/libm-2.19.so
7f9d8380d000-7f9d8380e000 r--p 00104000 08:06 3145758                    /lib/x86_64-linux-gnu/libm-2.19.so
7f9d8380e000-7f9d8380f000 rw-p 00105000 08:06 3145758                    /lib/x86_64-linux-gnu/libm-2.19.so
7f9d8380f000-7f9d84384000 r-xp 00000000 08:06 3551963                    /usr/lib/jvm/jdk-7-eseo-oracle-x64/jre/lib/amd64/server/libjvm.so
7f9d84384000-7f9d84584000 ---p 00b75000 08:06 3551963                    /usr/lib/jvm/jdk-7-eseo-oracle-x64/jre/lib/amd64/server/libjvm.so
7f9d84584000-7f9d84648000 rw-p 00b75000 08:06 3551963                    /usr/lib/jvm/jdk-7-eseo-oracle-x64/jre/lib/amd64/server/libjvm.so
7f9d84648000-7f9d84689000 rw-p 00000000 00:00 0 
7f9d84689000-7f9d84844000 r-xp 00000000 08:06 3145831                    /lib/x86_64-linux-gnu/libc-2.19.so
7f9d84844000-7f9d84a43000 ---p 001bb000 08:06 3145831                    /lib/x86_64-linux-gnu/libc-2.19.so
7f9d84a43000-7f9d84a47000 r--p 001ba000 08:06 3145831                    /lib/x86_64-linux-gnu/libc-2.19.so
7f9d84a47000-7f9d84a49000 rw-p 001be000 08:06 3145831                    /lib/x86_64-linux-gnu/libc-2.19.so
7f9d84a49000-7f9d84a4e000 rw-p 00000000 00:00 0 
7f9d84a4e000-7f9d84a51000 r-xp 00000000 08:06 3145818                    /lib/x86_64-linux-gnu/libdl-2.19.so
7f9d84a51000-7f9d84c50000 ---p 00003000 08:06 3145818                    /lib/x86_64-linux-gnu/libdl-2.19.so
7f9d84c50000-7f9d84c51000 r--p 00002000 08:06 3145818                    /lib/x86_64-linux-gnu/libdl-2.19.so
7f9d84c51000-7f9d84c52000 rw-p 00003000 08:06 3145818                    /lib/x86_64-linux-gnu/libdl-2.19.so
7f9d84c52000-7f9d84c68000 r-xp 00000000 08:06 3546303                    /usr/lib/jvm/jdk-7-eseo-oracle-x64/lib/amd64/jli/libjli.so
7f9d84c68000-7f9d84e68000 ---p 00016000 08:06 3546303                    /usr/lib/jvm/jdk-7-eseo-oracle-x64/lib/amd64/jli/libjli.so
7f9d84e68000-7f9d84e69000 rw-p 00016000 08:06 3546303                    /usr/lib/jvm/jdk-7-eseo-oracle-x64/lib/amd64/jli/libjli.so
7f9d84e69000-7f9d84e82000 r-xp 00000000 08:06 3145823                    /lib/x86_64-linux-gnu/libpthread-2.19.so
7f9d84e82000-7f9d85081000 ---p 00019000 08:06 3145823                    /lib/x86_64-linux-gnu/libpthread-2.19.so
7f9d85081000-7f9d85082000 r--p 00018000 08:06 3145823                    /lib/x86_64-linux-gnu/libpthread-2.19.so
7f9d85082000-7f9d85083000 rw-p 00019000 08:06 3145823                    /lib/x86_64-linux-gnu/libpthread-2.19.so
7f9d85083000-7f9d85087000 rw-p 00000000 00:00 0 
7f9d85087000-7f9d850aa000 r-xp 00000000 08:06 3145824                    /lib/x86_64-linux-gnu/ld-2.19.so
7f9d850b1000-7f9d850c0000 r--s 000df000 08:06 1204723                    /home/divi/Android/Sdk/build-tools/23.0.2/lib/dx.jar
7f9d850c0000-7f9d850d2000 rw-p 00000000 00:00 0 
7f9d850d2000-7f9d85180000 rw-p 00000000 00:00 0 
7f9d85180000-7f9d85183000 ---p 00000000 00:00 0 
7f9d85183000-7f9d85285000 rw-p 00000000 00:00 0                          [stack:5529]
7f9d85286000-7f9d8529d000 rw-p 00000000 00:00 0 
7f9d8529d000-7f9d852a5000 rw-s 00000000 08:06 3167353                    /tmp/hsperfdata_divi/5525
7f9d852a5000-7f9d852a6000 rw-p 00000000 00:00 0 
7f9d852a6000-7f9d852a7000 ---p 00000000 00:00 0 
7f9d852a7000-7f9d852a9000 rw-p 00000000 00:00 0 
7f9d852a9000-7f9d852aa000 r--p 00022000 08:06 3145824                    /lib/x86_64-linux-gnu/ld-2.19.so
7f9d852aa000-7f9d852ab000 rw-p 00023000 08:06 3145824                    /lib/x86_64-linux-gnu/ld-2.19.so
7f9d852ab000-7f9d852ac000 rw-p 00000000 00:00 0 
7ffc90303000-7ffc90324000 rw-p 00000000 00:00 0                          [stack]
7ffc903af000-7ffc903b1000 r-xp 00000000 00:00 0                          [vdso]
7ffc903b1000-7ffc903b3000 r--p 00000000 00:00 0                          [vvar]
ffffffffff600000-ffffffffff601000 r-xp 00000000 00:00 0                  [vsyscall]

VM Arguments:
jvm_args: -Djava.awt.headless=true -Xmx1024M -Dfile.encoding=UTF-8 -Duser.country=US -Duser.language=en -Duser.variant 
java_command: com.android.dx.command.Main --dex --num-threads=4 --multi-dex --main-dex-list /home/divi/Desktop/ProjetIoT/STIot/app/build/intermediates/multi-dex/debug/maindexlist.txt --output /home/divi/Desktop/ProjetIoT/STIot/app/build/intermediates/transforms/dex/debug/folders/1000/1f/main /home/divi/Desktop/ProjetIoT/STIot/app/build/intermediates/transforms/jarMerging/debug/jars/1/1f/combined.jar
Launcher Type: SUN_STANDARD

Environment Variables:
PATH=/usr/local/sbin:/usr/local/bin:/usr/sbin:/usr/bin:/sbin:/bin:/usr/games:/usr/local/games
LD_LIBRARY_PATH=/opt/android-studio/bin:
SHELL=/bin/bash
DISPLAY=:0

Signal Handlers:
SIGSEGV: [libjvm.so+0x9a3bf0], sa_mask[0]=0x7ffbfeff, sa_flags=0x10000004
SIGBUS: [libjvm.so+0x9a3bf0], sa_mask[0]=0x7ffbfeff, sa_flags=0x10000004
SIGFPE: [libjvm.so+0x81cb60], sa_mask[0]=0x7ffbfeff, sa_flags=0x10000004
SIGPIPE: [libjvm.so+0x81cb60], sa_mask[0]=0x7ffbfeff, sa_flags=0x10000004
SIGXFSZ: [libjvm.so+0x81cb60], sa_mask[0]=0x7ffbfeff, sa_flags=0x10000004
SIGILL: [libjvm.so+0x81cb60], sa_mask[0]=0x7ffbfeff, sa_flags=0x10000004
SIGUSR1: SIG_DFL, sa_mask[0]=0x00000000, sa_flags=0x00000000
SIGUSR2: [libjvm.so+0x81e360], sa_mask[0]=0x00000004, sa_flags=0x10000004
SIGHUP: [libjvm.so+0x81f480], sa_mask[0]=0x7ffbfeff, sa_flags=0x10000004
SIGINT: [libjvm.so+0x81f480], sa_mask[0]=0x7ffbfeff, sa_flags=0x10000004
SIGTERM: [libjvm.so+0x81f480], sa_mask[0]=0x7ffbfeff, sa_flags=0x10000004
SIGQUIT: [libjvm.so+0x81f480], sa_mask[0]=0x7ffbfeff, sa_flags=0x10000004


---------------  S Y S T E M  ---------------

OS:jessie/sid

uname:Linux 3.16.0-67-generic #87~14.04.1-Ubuntu SMP Fri Mar 11 00:26:02 UTC 2016 x86_64
libc:glibc 2.19 NPTL 2.19 
rlimit: STACK 8192k, CORE 0k, NPROC 15363, NOFILE 4096, AS infinity
load average:12,21 4,33 2,54

/proc/meminfo:
MemTotal:        3954432 kB
MemFree:          104844 kB
MemAvailable:      47164 kB
Buffers:             424 kB
Cached:           407588 kB
SwapCached:            0 kB
Active:          3300504 kB
Inactive:         382088 kB
Active(anon):    3296316 kB
Inactive(anon):   365428 kB
Active(file):       4188 kB
Inactive(file):    16660 kB
Unevictable:           0 kB
Mlocked:               0 kB
SwapTotal:             0 kB
SwapFree:              0 kB
Dirty:                32 kB
Writeback:             0 kB
AnonPages:       3274688 kB
Mapped:           121684 kB
Shmem:            387164 kB
Slab:              62576 kB
SReclaimable:      32736 kB
SUnreclaim:        29840 kB
KernelStack:        9600 kB
PageTables:        36340 kB
NFS_Unstable:          0 kB
Bounce:                0 kB
WritebackTmp:          0 kB
CommitLimit:     1977216 kB
Committed_AS:    6906712 kB
VmallocTotal:   34359738367 kB
VmallocUsed:      407480 kB
VmallocChunk:   34359319640 kB
HardwareCorrupted:     0 kB
AnonHugePages:   1239040 kB
HugePages_Total:       0
HugePages_Free:        0
HugePages_Rsvd:        0
HugePages_Surp:        0
Hugepagesize:       2048 kB
DirectMap4k:      103808 kB
DirectMap2M:     3997696 kB


CPU:total 4 (2 cores per cpu, 2 threads per core) family 6 model 42 stepping 7, cmov, cx8, fxsr, mmx, sse, sse2, sse3, ssse3, sse4.1, sse4.2, popcnt, avx, ht, tsc, tscinvbit

/proc/cpuinfo:
processor	: 0
vendor_id	: GenuineIntel
cpu family	: 6
model		: 42
model name	: Intel(R) Core(TM) i3-2330M CPU @ 2.20GHz
stepping	: 7
microcode	: 0x15
cpu MHz		: 887.132
cache size	: 3072 KB
physical id	: 0
siblings	: 4
core id		: 0
cpu cores	: 2
apicid		: 0
initial apicid	: 0
fpu		: yes
fpu_exception	: yes
cpuid level	: 13
wp		: yes
flags		: fpu vme de pse tsc msr pae mce cx8 apic sep mtrr pge mca cmov pat pse36 clflush dts acpi mmx fxsr sse sse2 ss ht tm pbe syscall nx rdtscp lm constant_tsc arch_perfmon pebs bts rep_good nopl xtopology nonstop_tsc aperfmperf eagerfpu pni pclmulqdq dtes64 monitor ds_cpl vmx est tm2 ssse3 cx16 xtpr pdcm pcid sse4_1 sse4_2 x2apic popcnt tsc_deadline_timer xsave avx lahf_lm arat epb xsaveopt pln pts dtherm tpr_shadow vnmi flexpriority ept vpid
bogomips	: 4390.32
clflush size	: 64
cache_alignment	: 64
address sizes	: 36 bits physical, 48 bits virtual
power management:

processor	: 1
vendor_id	: GenuineIntel
cpu family	: 6
model		: 42
model name	: Intel(R) Core(TM) i3-2330M CPU @ 2.20GHz
stepping	: 7
microcode	: 0x15
cpu MHz		: 870.804
cache size	: 3072 KB
physical id	: 0
siblings	: 4
core id		: 1
cpu cores	: 2
apicid		: 2
initial apicid	: 2
fpu		: yes
fpu_exception	: yes
cpuid level	: 13
wp		: yes
flags		: fpu vme de pse tsc msr pae mce cx8 apic sep mtrr pge mca cmov pat pse36 clflush dts acpi mmx fxsr sse sse2 ss ht tm pbe syscall nx rdtscp lm constant_tsc arch_perfmon pebs bts rep_good nopl xtopology nonstop_tsc aperfmperf eagerfpu pni pclmulqdq dtes64 monitor ds_cpl vmx est tm2 ssse3 cx16 xtpr pdcm pcid sse4_1 sse4_2 x2apic popcnt tsc_deadline_timer xsave avx lahf_lm arat epb xsaveopt pln pts dtherm tpr_shadow vnmi flexpriority ept vpid
bogomips	: 4390.32
clflush size	: 64
cache_alignment	: 64
address sizes	: 36 bits physical, 48 bits virtual
power management:

processor	: 2
vendor_id	: GenuineIntel
cpu family	: 6
model		: 42
model name	: Intel(R) Core(TM) i3-2330M CPU @ 2.20GHz
stepping	: 7
microcode	: 0x15
cpu MHz		: 891.945
cache size	: 3072 KB
physical id	: 0
siblings	: 4
core id		: 0
cpu cores	: 2
apicid		: 1
initial apicid	: 1
fpu		: yes
fpu_exception	: yes
cpuid level	: 13
wp		: yes
flags		: fpu vme de pse tsc msr pae mce cx8 apic sep mtrr pge mca cmov pat pse36 clflush dts acpi mmx fxsr sse sse2 ss ht tm pbe syscall nx rdtscp lm constant_tsc arch_perfmon pebs bts rep_good nopl xtopology nonstop_tsc aperfmperf eagerfpu pni pclmulqdq dtes64 monitor ds_cpl vmx est tm2 ssse3 cx16 xtpr pdcm pcid sse4_1 sse4_2 x2apic popcnt tsc_deadline_timer xsave avx lahf_lm arat epb xsaveopt pln pts dtherm tpr_shadow vnmi flexpriority ept vpid
bogomips	: 4390.32
clflush size	: 64
cache_alignment	: 64
address sizes	: 36 bits physical, 48 bits virtual
power management:

processor	: 3
vendor_id	: GenuineIntel
cpu family	: 6
model		: 42
model name	: Intel(R) Core(TM) i3-2330M CPU @ 2.20GHz
stepping	: 7
microcode	: 0x15
cpu MHz		: 879.742
cache size	: 3072 KB
physical id	: 0
siblings	: 4
core id		: 1
cpu cores	: 2
apicid		: 3
initial apicid	: 3
fpu		: yes
fpu_exception	: yes
cpuid level	: 13
wp		: yes
flags		: fpu vme de pse tsc msr pae mce cx8 apic sep mtrr pge mca cmov pat pse36 clflush dts acpi mmx fxsr sse sse2 ss ht tm pbe syscall nx rdtscp lm constant_tsc arch_perfmon pebs bts rep_good nopl xtopology nonstop_tsc aperfmperf eagerfpu pni pclmulqdq dtes64 monitor ds_cpl vmx est tm2 ssse3 cx16 xtpr pdcm pcid sse4_1 sse4_2 x2apic popcnt tsc_deadline_timer xsave avx lahf_lm arat epb xsaveopt pln pts dtherm tpr_shadow vnmi flexpriority ept vpid
bogomips	: 4390.32
clflush size	: 64
cache_alignment	: 64
address sizes	: 36 bits physical, 48 bits virtual
power management:



Memory: 4k page, physical 3954432k(104844k free), swap 0k(0k free)

vm_info: Java HotSpot(TM) 64-Bit Server VM (24.79-b02) for linux-amd64 JRE (1.7.0_79-b15), built on Apr 10 2015 11:34:48 by "java_re" with gcc 4.3.0 20080428 (Red Hat 4.3.0-8)

time: Sat May 14 22:35:37 2016
elapsed time: 52 seconds

