#
# There is insufficient memory for the Java Runtime Environment to continue.
# Native memory allocation (malloc) failed to allocate 94896128 bytes for committing reserved memory.
# Possible reasons:
#   The system is out of physical RAM or swap space
#   In 32 bit mode, the process size limit was hit
# Possible solutions:
#   Reduce memory load on the system
#   Increase physical memory or swap space
#   Check if swap backing store is full
#   Use 64 bit Java on a 64 bit OS
#   Decrease Java heap size (-Xmx/-Xms)
#   Decrease number of Java threads
#   Decrease Java thread stack sizes (-Xss)
#   Set larger code cache with -XX:ReservedCodeCacheSize=
# This output file may be truncated or incomplete.
#
#  Out of Memory Error (os_linux.cpp:2756), pid=7736, tid=140661865019136
#
# JRE version: Java(TM) SE Runtime Environment (7.0_79-b15) (build 1.7.0_79-b15)
# Java VM: Java HotSpot(TM) 64-Bit Server VM (24.79-b02 mixed mode linux-amd64 compressed oops)
# Failed to write core dump. Core dumps have been disabled. To enable core dumping, try "ulimit -c unlimited" before starting Java again
#

---------------  T H R E A D  ---------------

Current thread (0x00007fee6806a000):  VMThread [stack: 0x00007fee646f7000,0x00007fee647f8000] [id=7745]

Stack: [0x00007fee646f7000,0x00007fee647f8000],  sp=0x00007fee647f61a0,  free space=1020k
Native frames: (J=compiled Java code, j=interpreted, Vv=VM code, C=native code)
V  [libjvm.so+0x9a32da]  VMError::report_and_die()+0x2ea
V  [libjvm.so+0x497f7b]  report_vm_out_of_memory(char const*, int, unsigned long, char const*)+0x9b
V  [libjvm.so+0x81fcce]  os::Linux::commit_memory_impl(char*, unsigned long, bool)+0xfe
V  [libjvm.so+0x820219]  os::pd_commit_memory(char*, unsigned long, unsigned long, bool)+0x29
V  [libjvm.so+0x819faa]  os::commit_memory(char*, unsigned long, unsigned long, bool)+0x2a
V  [libjvm.so+0x88d863]  PSVirtualSpace::expand_by(unsigned long)+0x53
V  [libjvm.so+0x87ccc0]  PSOldGen::expand(unsigned long)+0x170
V  [libjvm.so+0x87cecb]  PSOldGen::resize(unsigned long)+0x1cb
V  [libjvm.so+0x885b91]  PSParallelCompact::invoke_no_policy(bool)+0x9b1
V  [libjvm.so+0x88bb0d]  PSScavenge::invoke()+0x1ad
V  [libjvm.so+0x842320]  ParallelScavengeHeap::failed_mem_allocate(unsigned long)+0x70
V  [libjvm.so+0x9a4b67]  VM_ParallelGCFailedAllocation::doit()+0x97
V  [libjvm.so+0x9ac005]  VM_Operation::evaluate()+0x55
V  [libjvm.so+0x9aa3ca]  VMThread::evaluate_operation(VM_Operation*)+0xba
V  [libjvm.so+0x9aa74e]  VMThread::loop()+0x1ce
V  [libjvm.so+0x9aabc0]  VMThread::run()+0x70
V  [libjvm.so+0x821ca8]  java_start(Thread*)+0x108

VM_Operation (0x00007fee5cd5e1d0): ParallelGCFailedAllocation, mode: safepoint, requested by thread 0x00007fee68177000


---------------  P R O C E S S  ---------------

Java Threads: ( => current thread )
  0x00007fee68177000 JavaThread "pool-1-thread-1" [_thread_blocked, id=7761, stack(0x00007fee5cc5f000,0x00007fee5cd60000)]
  0x00007fee6809a000 JavaThread "Service Thread" daemon [_thread_blocked, id=7751, stack(0x00007fee640f1000,0x00007fee641f2000)]
  0x00007fee68097800 JavaThread "C2 CompilerThread1" daemon [_thread_blocked, id=7750, stack(0x00007fee641f2000,0x00007fee642f3000)]
  0x00007fee68094800 JavaThread "C2 CompilerThread0" daemon [_thread_blocked, id=7749, stack(0x00007fee642f3000,0x00007fee643f4000)]
  0x00007fee68092800 JavaThread "Signal Dispatcher" daemon [_thread_blocked, id=7748, stack(0x00007fee643f4000,0x00007fee644f5000)]
  0x00007fee68070800 JavaThread "Finalizer" daemon [_thread_blocked, id=7747, stack(0x00007fee644f5000,0x00007fee645f6000)]
  0x00007fee6806e800 JavaThread "Reference Handler" daemon [_thread_blocked, id=7746, stack(0x00007fee645f6000,0x00007fee646f7000)]
  0x00007fee6800a000 JavaThread "main" [_thread_blocked, id=7740, stack(0x00007fee70217000,0x00007fee70318000)]

Other Threads:
=>0x00007fee6806a000 VMThread [stack: 0x00007fee646f7000,0x00007fee647f8000] [id=7745]
  0x00007fee680a5000 WatcherThread [stack: 0x00007fee5d58c000,0x00007fee5d68d000] [id=7752]

VM state:at safepoint (normal execution)

VM Mutex/Monitor currently owned by a thread:  ([mutex/lock_event])
[0x00007fee68006160] ExpandHeap_lock - owner thread: 0x00007fee6806a000
[0x00007fee680067e0] Threads_lock - owner thread: 0x00007fee6806a000
[0x00007fee68006ce0] Heap_lock - owner thread: 0x00007fee68177000

Heap
 PSYoungGen      total 289280K, used 29606K [0x00000000eaa80000, 0x0000000100000000, 0x0000000100000000)
  eden space 231936K, 0% used [0x00000000eaa80000,0x00000000eaa80000,0x00000000f8d00000)
  from space 57344K, 51% used [0x00000000fc800000,0x00000000fe4e98d0,0x0000000100000000)
  to   space 58880K, 0% used [0x00000000f8d00000,0x00000000f8d00000,0x00000000fc680000)
 ParOldGen       total 149504K, used 149378K [0x00000000c0000000, 0x00000000c9200000, 0x00000000eaa80000)
  object space 149504K, 99% used [0x00000000c0000000,0x00000000c91e0858,0x00000000c9200000)
 PSPermGen       total 21504K, used 6199K [0x00000000bae00000, 0x00000000bc300000, 0x00000000c0000000)
  object space 21504K, 28% used [0x00000000bae00000,0x00000000bb40df60,0x00000000bc300000)

Card table byte_map: [0x00007fee6d2de000,0x00007fee6d508000] byte_map_base: 0x00007fee6cd07000

Polling page: 0x00007fee7033d000

Code Cache  [0x00007fee65000000, 0x00007fee65400000, 0x00007fee68000000)
 total_blobs=1375 nmethods=1145 adapters=183 free_code_cache=45142Kb largest_free_block=46158528

Compilation events (10 events):
Event: 16,647 Thread 0x00007fee68094800 nmethod 1155 0x00007fee653eb890 code [0x00007fee653eb9c0, 0x00007fee653eba18]
Event: 16,647 Thread 0x00007fee68094800 1156 %           com.android.dx.dex.code.OutputFinisher::addConstants @ 47 (93 bytes)
Event: 16,650 Thread 0x00007fee68094800 nmethod 1156% 0x00007fee653e3c50 code [0x00007fee653e3da0, 0x00007fee653e3f48]
Event: 16,650 Thread 0x00007fee68094800 1157             java.util.HashMap$KeyIterator::next (8 bytes)
Event: 16,654 Thread 0x00007fee68094800 nmethod 1157 0x00007fee653e3790 code [0x00007fee653e38e0, 0x00007fee653e3b18]
Event: 16,654 Thread 0x00007fee68094800 1158             com.android.dx.dex.code.OutputFinisher::addConstants (93 bytes)
Event: 16,660 Thread 0x00007fee68094800 nmethod 1158 0x00007fee653f04d0 code [0x00007fee653f0660, 0x00007fee653f0928]
Event: 16,669 Thread 0x00007fee68097800 nmethod 1126 0x00007fee653f6050 code [0x00007fee653f63e0, 0x00007fee653f85c8]
Event: 16,693 Thread 0x00007fee68094800 1159             com.android.dx.dex.code.StdCatchBuilder::getCatchTypes (97 bytes)
Event: 16,703 Thread 0x00007fee68094800 nmethod 1159 0x00007fee653f3490 code [0x00007fee653f3660, 0x00007fee653f3ba8]

GC Heap History (10 events):
Event: 12,320 GC heap after
Heap after GC invocations=12 (full 1):
 PSYoungGen      total 218624K, used 29383K [0x00000000eaa80000, 0x00000000fe100000, 0x0000000100000000)
  eden space 180736K, 0% used [0x00000000eaa80000,0x00000000eaa80000,0x00000000f5b00000)
  from space 37888K, 77% used [0x00000000f5b00000,0x00000000f77b1da8,0x00000000f8000000)
  to   space 41472K, 0% used [0x00000000fb880000,0x00000000fb880000,0x00000000fe100000)
 ParOldGen       total 76288K, used 61853K [0x00000000c0000000, 0x00000000c4a80000, 0x00000000eaa80000)
  object space 76288K, 81% used [0x00000000c0000000,0x00000000c3c67710,0x00000000c4a80000)
 PSPermGen       total 21504K, used 6077K [0x00000000bae00000, 0x00000000bc300000, 0x00000000c0000000)
  object space 21504K, 28% used [0x00000000bae00000,0x00000000bb3ef7f0,0x00000000bc300000)
}
Event: 12,320 GC heap before
{Heap before GC invocations=13 (full 2):
 PSYoungGen      total 218624K, used 29383K [0x00000000eaa80000, 0x00000000fe100000, 0x0000000100000000)
  eden space 180736K, 0% used [0x00000000eaa80000,0x00000000eaa80000,0x00000000f5b00000)
  from space 37888K, 77% used [0x00000000f5b00000,0x00000000f77b1da8,0x00000000f8000000)
  to   space 41472K, 0% used [0x00000000fb880000,0x00000000fb880000,0x00000000fe100000)
 ParOldGen       total 76288K, used 61853K [0x00000000c0000000, 0x00000000c4a80000, 0x00000000eaa80000)
  object space 76288K, 81% used [0x00000000c0000000,0x00000000c3c67710,0x00000000c4a80000)
 PSPermGen       total 21504K, used 6077K [0x00000000bae00000, 0x00000000bc300000, 0x00000000c0000000)
  object space 21504K, 28% used [0x00000000bae00000,0x00000000bb3ef7f0,0x00000000bc300000)
Event: 12,828 GC heap after
Heap after GC invocations=13 (full 2):
 PSYoungGen      total 218624K, used 13351K [0x00000000eaa80000, 0x00000000fe100000, 0x0000000100000000)
  eden space 180736K, 0% used [0x00000000eaa80000,0x00000000eaa80000,0x00000000f5b00000)
  from space 37888K, 35% used [0x00000000f5b00000,0x00000000f6809fc8,0x00000000f8000000)
  to   space 41472K, 0% used [0x00000000fb880000,0x00000000fb880000,0x00000000fe100000)
 ParOldGen       total 134656K, used 76261K [0x00000000c0000000, 0x00000000c8380000, 0x00000000eaa80000)
  object space 134656K, 56% used [0x00000000c0000000,0x00000000c4a795b8,0x00000000c8380000)
 PSPermGen       total 21504K, used 6077K [0x00000000bae00000, 0x00000000bc300000, 0x00000000c0000000)
  object space 21504K, 28% used [0x00000000bae00000,0x00000000bb3ef5f0,0x00000000bc300000)
}
Event: 13,813 GC heap before
{Heap before GC invocations=14 (full 2):
 PSYoungGen      total 218624K, used 194087K [0x00000000eaa80000, 0x00000000fe100000, 0x0000000100000000)
  eden space 180736K, 100% used [0x00000000eaa80000,0x00000000f5b00000,0x00000000f5b00000)
  from space 37888K, 35% used [0x00000000f5b00000,0x00000000f6809fc8,0x00000000f8000000)
  to   space 41472K, 0% used [0x00000000fb880000,0x00000000fb880000,0x00000000fe100000)
 ParOldGen       total 134656K, used 76261K [0x00000000c0000000, 0x00000000c8380000, 0x00000000eaa80000)
  object space 134656K, 56% used [0x00000000c0000000,0x00000000c4a795b8,0x00000000c8380000)
 PSPermGen       total 21504K, used 6089K [0x00000000bae00000, 0x00000000bc300000, 0x00000000c0000000)
  object space 21504K, 28% used [0x00000000bae00000,0x00000000bb3f24f0,0x00000000bc300000)
Event: 13,950 GC heap after
Heap after GC invocations=14 (full 2):
 PSYoungGen      total 244224K, used 28682K [0x00000000eaa80000, 0x00000000fd500000, 0x0000000100000000)
  eden space 215040K, 0% used [0x00000000eaa80000,0x00000000eaa80000,0x00000000f7c80000)
  from space 29184K, 98% used [0x00000000fb880000,0x00000000fd482a40,0x00000000fd500000)
  to   space 44032K, 0% used [0x00000000f7f00000,0x00000000f7f00000,0x00000000faa00000)
 ParOldGen       total 134656K, used 88402K [0x00000000c0000000, 0x00000000c8380000, 0x00000000eaa80000)
  object space 134656K, 65% used [0x00000000c0000000,0x00000000c56549a8,0x00000000c8380000)
 PSPermGen       total 21504K, used 6089K [0x00000000bae00000, 0x00000000bc300000, 0x00000000c0000000)
  object space 21504K, 28% used [0x00000000bae00000,0x00000000bb3f24f0,0x00000000bc300000)
}
Event: 14,684 GC heap before
{Heap before GC invocations=15 (full 2):
 PSYoungGen      total 244224K, used 243722K [0x00000000eaa80000, 0x00000000fd500000, 0x0000000100000000)
  eden space 215040K, 100% used [0x00000000eaa80000,0x00000000f7c80000,0x00000000f7c80000)
  from space 29184K, 98% used [0x00000000fb880000,0x00000000fd482a40,0x00000000fd500000)
  to   space 44032K, 0% used [0x00000000f7f00000,0x00000000f7f00000,0x00000000faa00000)
 ParOldGen       total 134656K, used 88402K [0x00000000c0000000, 0x00000000c8380000, 0x00000000eaa80000)
  object space 134656K, 65% used [0x00000000c0000000,0x00000000c56549a8,0x00000000c8380000)
 PSPermGen       total 21504K, used 6104K [0x00000000bae00000, 0x00000000bc300000, 0x00000000c0000000)
  object space 21504K, 28% used [0x00000000bae00000,0x00000000bb3f6290,0x00000000bc300000)
Event: 14,820 GC heap after
Heap after GC invocations=15 (full 2):
 PSYoungGen      total 261632K, used 44020K [0x00000000eaa80000, 0x0000000100000000, 0x0000000100000000)
  eden space 217600K, 0% used [0x00000000eaa80000,0x00000000eaa80000,0x00000000f7f00000)
  from space 44032K, 99% used [0x00000000f7f00000,0x00000000fa9fd028,0x00000000faa00000)
  to   space 57344K, 0% used [0x00000000fc800000,0x00000000fc800000,0x0000000100000000)
 ParOldGen       total 134656K, used 105443K [0x00000000c0000000, 0x00000000c8380000, 0x00000000eaa80000)
  object space 134656K, 78% used [0x00000000c0000000,0x00000000c66f8c78,0x00000000c8380000)
 PSPermGen       total 21504K, used 6104K [0x00000000bae00000, 0x00000000bc300000, 0x00000000c0000000)
  object space 21504K, 28% used [0x00000000bae00000,0x00000000bb3f6290,0x00000000bc300000)
}
Event: 16,725 GC heap before
{Heap before GC invocations=16 (full 2):
 PSYoungGen      total 261632K, used 261620K [0x00000000eaa80000, 0x0000000100000000, 0x0000000100000000)
  eden space 217600K, 100% used [0x00000000eaa80000,0x00000000f7f00000,0x00000000f7f00000)
  from space 44032K, 99% used [0x00000000f7f00000,0x00000000fa9fd028,0x00000000faa00000)
  to   space 57344K, 0% used [0x00000000fc800000,0x00000000fc800000,0x0000000100000000)
 ParOldGen       total 134656K, used 105443K [0x00000000c0000000, 0x00000000c8380000, 0x00000000eaa80000)
  object space 134656K, 78% used [0x00000000c0000000,0x00000000c66f8c78,0x00000000c8380000)
 PSPermGen       total 21504K, used 6200K [0x00000000bae00000, 0x00000000bc300000, 0x00000000c0000000)
  object space 21504K, 28% used [0x00000000bae00000,0x00000000bb40e210,0x00000000bc300000)
Event: 16,899 GC heap after
Heap after GC invocations=16 (full 2):
 PSYoungGen      total 289280K, used 34546K [0x00000000eaa80000, 0x0000000100000000, 0x0000000100000000)
  eden space 231936K, 0% used [0x00000000eaa80000,0x00000000eaa80000,0x00000000f8d00000)
  from space 57344K, 60% used [0x00000000fc800000,0x00000000fe9bc8f0,0x0000000100000000)
  to   space 58880K, 0% used [0x00000000f8d00000,0x00000000f8d00000,0x00000000fc680000)
 ParOldGen       total 149504K, used 149423K [0x00000000c0000000, 0x00000000c9200000, 0x00000000eaa80000)
  object space 149504K, 99% used [0x00000000c0000000,0x00000000c91ebf98,0x00000000c9200000)
 PSPermGen       total 21504K, used 6200K [0x00000000bae00000, 0x00000000bc300000, 0x00000000c0000000)
  object space 21504K, 28% used [0x00000000bae00000,0x00000000bb40e210,0x00000000bc300000)
}
Event: 16,917 GC heap before
{Heap before GC invocations=17 (full 3):
 PSYoungGen      total 289280K, used 34546K [0x00000000eaa80000, 0x0000000100000000, 0x0000000100000000)
  eden space 231936K, 0% used [0x00000000eaa80000,0x00000000eaa80000,0x00000000f8d00000)
  from space 57344K, 60% used [0x00000000fc800000,0x00000000fe9bc8f0,0x0000000100000000)
  to   space 58880K, 0% used [0x00000000f8d00000,0x00000000f8d00000,0x00000000fc680000)
 ParOldGen       total 149504K, used 149423K [0x00000000c0000000, 0x00000000c9200000, 0x00000000eaa80000)
  object space 149504K, 99% used [0x00000000c0000000,0x00000000c91ebf98,0x00000000c9200000)
 PSPermGen       total 21504K, used 6200K [0x00000000bae00000, 0x00000000bc300000, 0x00000000c0000000)
  object space 21504K, 28% used [0x00000000bae00000,0x00000000bb40e210,0x00000000bc300000)

Deoptimization events (10 events):
Event: 14,918 Thread 0x00007fee6817e800 Uncommon trap: reason=unloaded action=reinterpret pc=0x00007fee65073eb4 method=java.util.regex.Matcher.replaceAll(Ljava/lang/String;)Ljava/lang/String; @ 14
Event: 14,999 Thread 0x00007fee68180000 Uncommon trap: reason=unreached action=reinterpret pc=0x00007fee65151d08 method=com.android.dx.ssa.PhiTypeResolver.resolveResultType(Lcom/android/dx/ssa/PhiInsn;)Z @ 64
Event: 15,072 Thread 0x00007fee6817d000 Uncommon trap: reason=bimorphic action=maybe_recompile pc=0x00007fee652d7c9c method=com.android.dx.cf.code.BytecodeArray.parseInstruction(ILcom/android/dx/cf/code/BytecodeArray$Visitor;)I @ 2554
Event: 15,072 Thread 0x00007fee6817d000 Uncommon trap: reason=bimorphic action=maybe_recompile pc=0x00007fee652d7c9c method=com.android.dx.cf.code.BytecodeArray.parseInstruction(ILcom/android/dx/cf/code/BytecodeArray$Visitor;)I @ 2554
Event: 15,202 Thread 0x00007fee6817e800 Uncommon trap: reason=bimorphic action=maybe_recompile pc=0x00007fee652d7c9c method=com.android.dx.cf.code.BytecodeArray.parseInstruction(ILcom/android/dx/cf/code/BytecodeArray$Visitor;)I @ 2554
Event: 15,205 Thread 0x00007fee6817e800 Uncommon trap: reason=bimorphic action=maybe_recompile pc=0x00007fee652d7c9c method=com.android.dx.cf.code.BytecodeArray.parseInstruction(ILcom/android/dx/cf/code/BytecodeArray$Visitor;)I @ 2554
Event: 15,412 Thread 0x00007fee6817d000 Uncommon trap: reason=unreached action=reinterpret pc=0x00007fee650d8b24 method=com.android.dx.rop.code.LocalItem.compareHandlesNulls(Lcom/android/dx/rop/cst/CstString;Lcom/android/dx/rop/cst/CstString;)I @ 8
Event: 15,412 Thread 0x00007fee6817d000 Uncommon trap: reason=unreached action=reinterpret pc=0x00007fee65315c4c method=com.android.dx.rop.code.LocalItem.compareHandlesNulls(Lcom/android/dx/rop/cst/CstString;Lcom/android/dx/rop/cst/CstString;)I @ 8
Event: 15,413 Thread 0x00007fee6817d000 Uncommon trap: reason=unreached action=reinterpret pc=0x00007fee65244480 method=com.android.dx.rop.code.LocalItem.compareHandlesNulls(Lcom/android/dx/rop/cst/CstString;Lcom/android/dx/rop/cst/CstString;)I @ 8
Event: 16,549 Thread 0x00007fee68177000 Uncommon trap: reason=unreached action=reinterpret pc=0x00007fee653e79f0 method=com.android.dx.dex.code.OutputFinisher.addConstants(Ljava/util/HashSet;Lcom/android/dx/rop/code/RegisterSpec;)V @ 32

Internal exceptions (10 events):
Event: 14,533 Thread 0x00007fee68180000 Implicit null exception at 0x00007fee6528387c to 0x00007fee6528e0d1
Event: 14,535 Thread 0x00007fee6817d000 Implicit null exception at 0x00007fee6526012b to 0x00007fee65260d09
Event: 14,538 Thread 0x00007fee6800a000 Threw 0x00000000f4c38560 at /HUDSON/workspace/7u-2-build-linux-amd64/jdk7u79/2331/hotspot/src/share/vm/prims/jvm.cpp:1304
Event: 14,999 Thread 0x00007fee68180000 Implicit null exception at 0x00007fee6515103a to 0x00007fee65151ce5
Event: 15,412 Thread 0x00007fee6817d000 Implicit null exception at 0x00007fee650d88a4 to 0x00007fee650d8b11
Event: 15,412 Thread 0x00007fee6817d000 Implicit null exception at 0x00007fee65314f7f to 0x00007fee65315c19
Event: 15,413 Thread 0x00007fee6817d000 Implicit null exception at 0x00007fee652441fb to 0x00007fee6524446d
Event: 15,653 Thread 0x00007fee6800a000 Threw 0x00000000f72598c0 at /HUDSON/workspace/7u-2-build-linux-amd64/jdk7u79/2331/hotspot/src/share/vm/prims/jvm.cpp:1304
Event: 15,691 Thread 0x00007fee68177000 Threw 0x00000000f78c5180 at /HUDSON/workspace/7u-2-build-linux-amd64/jdk7u79/2331/hotspot/src/share/vm/prims/jvm.cpp:1304
Event: 15,992 Thread 0x00007fee68177000 Threw 0x00000000f7a89ff8 at /HUDSON/workspace/7u-2-build-linux-amd64/jdk7u79/2331/hotspot/src/share/vm/prims/jvm.cpp:1304

Events (10 events):
Event: 15,691 loading class 0x00007fee18001700
Event: 15,691 loading class 0x00007fee18001700 done
Event: 15,878 Thread 0x00007fee68097800 flushing nmethod 0x00007fee6519b9d0
Event: 15,884 Thread 0x00007fee68097800 flushing nmethod 0x00007fee651f72d0
Event: 15,992 loading class 0x00007fee2c002260
Event: 15,992 loading class 0x00007fee2c002260 done
Event: 16,549 Thread 0x00007fee68177000 Uncommon trap: trap_request=0xffffffad fr.pc=0x00007fee653e79f0
Event: 16,549 Thread 0x00007fee68177000 DEOPT PACKING pc=0x00007fee653e79f0 sp=0x00007fee5cd5e310
Event: 16,549 Thread 0x00007fee68177000 DEOPT UNPACKING pc=0x00007fee65039445 sp=0x00007fee5cd5e278 mode 2
Event: 16,725 Executing VM operation: ParallelGCFailedAllocation


Dynamic libraries:
00400000-00401000 r-xp 00000000 08:06 3546141                            /usr/lib/jvm/jdk-7-eseo-oracle-x64/bin/java
00600000-00601000 rw-p 00000000 08:06 3546141                            /usr/lib/jvm/jdk-7-eseo-oracle-x64/bin/java
01575000-01596000 rw-p 00000000 00:00 0                                  [heap]
bae00000-bc300000 rw-p 00000000 00:00 0 
bc300000-c0000000 rw-p 00000000 00:00 0 
c0000000-c9200000 rw-p 00000000 00:00 0 
cec80000-eaa80000 rw-p 00000000 00:00 0 
eaa80000-100000000 rw-p 00000000 00:00 0 
7fee18000000-7fee18033000 rw-p 00000000 00:00 0 
7fee18033000-7fee1c000000 ---p 00000000 00:00 0 
7fee1c000000-7fee1c03b000 rw-p 00000000 00:00 0 
7fee1c03b000-7fee20000000 ---p 00000000 00:00 0 
7fee20000000-7fee20021000 rw-p 00000000 00:00 0 
7fee20021000-7fee24000000 ---p 00000000 00:00 0 
7fee24000000-7fee24021000 rw-p 00000000 00:00 0 
7fee24021000-7fee28000000 ---p 00000000 00:00 0 
7fee28000000-7fee28021000 rw-p 00000000 00:00 0 
7fee28021000-7fee2c000000 ---p 00000000 00:00 0 
7fee2c000000-7fee2c026000 rw-p 00000000 00:00 0 
7fee2c026000-7fee30000000 ---p 00000000 00:00 0 
7fee30000000-7fee3192b000 rw-p 00000000 00:00 0 
7fee3192b000-7fee34000000 ---p 00000000 00:00 0 
7fee34000000-7fee34021000 rw-p 00000000 00:00 0 
7fee34021000-7fee38000000 ---p 00000000 00:00 0 
7fee38000000-7fee38021000 rw-p 00000000 00:00 0 
7fee38021000-7fee3c000000 ---p 00000000 00:00 0 
7fee3c000000-7fee3de23000 rw-p 00000000 00:00 0 
7fee3de23000-7fee40000000 ---p 00000000 00:00 0 
7fee40000000-7fee40021000 rw-p 00000000 00:00 0 
7fee40021000-7fee44000000 ---p 00000000 00:00 0 
7fee44000000-7fee44021000 rw-p 00000000 00:00 0 
7fee44021000-7fee48000000 ---p 00000000 00:00 0 
7fee48000000-7fee48021000 rw-p 00000000 00:00 0 
7fee48021000-7fee4c000000 ---p 00000000 00:00 0 
7fee4c000000-7fee4c24f000 rw-p 00000000 00:00 0 
7fee4c24f000-7fee50000000 ---p 00000000 00:00 0 
7fee50000000-7fee50021000 rw-p 00000000 00:00 0 
7fee50021000-7fee54000000 ---p 00000000 00:00 0 
7fee58000000-7fee58021000 rw-p 00000000 00:00 0 
7fee58021000-7fee5c000000 ---p 00000000 00:00 0 
7fee5cc5f000-7fee5cc62000 ---p 00000000 00:00 0 
7fee5cc62000-7fee5cd60000 rw-p 00000000 00:00 0                          [stack:7761]
7fee5cd60000-7fee5cd63000 ---p 00000000 00:00 0 
7fee5cd63000-7fee5ce61000 rw-p 00000000 00:00 0 
7fee5ce61000-7fee5ce64000 ---p 00000000 00:00 0 
7fee5ce64000-7fee5cf62000 rw-p 00000000 00:00 0 
7fee5cf62000-7fee5cf65000 ---p 00000000 00:00 0 
7fee5cf65000-7fee5d063000 rw-p 00000000 00:00 0 
7fee5d063000-7fee5d066000 ---p 00000000 00:00 0 
7fee5d066000-7fee5d164000 rw-p 00000000 00:00 0 
7fee5d164000-7fee5d17a000 r-xp 00000000 08:06 3551968                    /usr/lib/jvm/jdk-7-eseo-oracle-x64/jre/lib/amd64/libnet.so
7fee5d17a000-7fee5d37a000 ---p 00016000 08:06 3551968                    /usr/lib/jvm/jdk-7-eseo-oracle-x64/jre/lib/amd64/libnet.so
7fee5d37a000-7fee5d37b000 rw-p 00016000 08:06 3551968                    /usr/lib/jvm/jdk-7-eseo-oracle-x64/jre/lib/amd64/libnet.so
7fee5d37b000-7fee5d38b000 r-xp 00000000 08:06 3551950                    /usr/lib/jvm/jdk-7-eseo-oracle-x64/jre/lib/amd64/libnio.so
7fee5d38b000-7fee5d58b000 ---p 00010000 08:06 3551950                    /usr/lib/jvm/jdk-7-eseo-oracle-x64/jre/lib/amd64/libnio.so
7fee5d58b000-7fee5d58c000 rw-p 00010000 08:06 3551950                    /usr/lib/jvm/jdk-7-eseo-oracle-x64/jre/lib/amd64/libnio.so
7fee5d58c000-7fee5d58d000 ---p 00000000 00:00 0 
7fee5d58d000-7fee5d68d000 rw-p 00000000 00:00 0                          [stack:7752]
7fee5d68d000-7fee5dd70000 r--p 00000000 08:06 3546432                    /usr/lib/locale/locale-archive
7fee5dd70000-7fee60000000 rw-p 00000000 00:00 0 
7fee60000000-7fee60021000 rw-p 00000000 00:00 0 
7fee60021000-7fee64000000 ---p 00000000 00:00 0 
7fee640f1000-7fee640f4000 ---p 00000000 00:00 0 
7fee640f4000-7fee641f2000 rw-p 00000000 00:00 0                          [stack:7751]
7fee641f2000-7fee641f5000 ---p 00000000 00:00 0 
7fee641f5000-7fee642f3000 rw-p 00000000 00:00 0                          [stack:7750]
7fee642f3000-7fee642f6000 ---p 00000000 00:00 0 
7fee642f6000-7fee643f4000 rw-p 00000000 00:00 0                          [stack:7749]
7fee643f4000-7fee643f7000 ---p 00000000 00:00 0 
7fee643f7000-7fee644f5000 rw-p 00000000 00:00 0                          [stack:7748]
7fee644f5000-7fee644f8000 ---p 00000000 00:00 0 
7fee644f8000-7fee645f6000 rw-p 00000000 00:00 0                          [stack:7747]
7fee645f6000-7fee645f9000 ---p 00000000 00:00 0 
7fee645f9000-7fee646f7000 rw-p 00000000 00:00 0                          [stack:7746]
7fee646f7000-7fee646f8000 ---p 00000000 00:00 0 
7fee646f8000-7fee65000000 rw-p 00000000 00:00 0                          [stack:7745]
7fee65000000-7fee65400000 rwxp 00000000 00:00 0 
7fee65400000-7fee6820b000 rw-p 00000000 00:00 0 
7fee6820b000-7fee6c000000 ---p 00000000 00:00 0 
7fee6c082000-7fee6c879000 rw-p 00000000 00:00 0 
7fee6c879000-7fee6ca39000 r--s 039f7000 08:06 3552546                    /usr/lib/jvm/jdk-7-eseo-oracle-x64/jre/lib/rt.jar
7fee6ca39000-7fee6cd5b000 rw-p 00000000 00:00 0 
7fee6cd5b000-7fee6cd5c000 ---p 00000000 00:00 0 
7fee6cd5c000-7fee6ce5c000 rw-p 00000000 00:00 0                          [stack:7744]
7fee6ce5c000-7fee6ce5d000 ---p 00000000 00:00 0 
7fee6ce5d000-7fee6cf5d000 rw-p 00000000 00:00 0                          [stack:7743]
7fee6cf5d000-7fee6cf5e000 ---p 00000000 00:00 0 
7fee6cf5e000-7fee6d05e000 rw-p 00000000 00:00 0                          [stack:7742]
7fee6d05e000-7fee6d05f000 ---p 00000000 00:00 0 
7fee6d05f000-7fee6d16a000 rw-p 00000000 00:00 0                          [stack:7741]
7fee6d16a000-7fee6d188000 rw-p 00000000 00:00 0 
7fee6d188000-7fee6d1d1000 rw-p 00000000 00:00 0 
7fee6d1d1000-7fee6d2de000 rw-p 00000000 00:00 0 
7fee6d2de000-7fee6d2e9000 rw-p 00000000 00:00 0 
7fee6d2e9000-7fee6d307000 rw-p 00000000 00:00 0 
7fee6d307000-7fee6d350000 rw-p 00000000 00:00 0 
7fee6d350000-7fee6d45c000 rw-p 00000000 00:00 0 
7fee6d45c000-7fee6d507000 rw-p 00000000 00:00 0 
7fee6d507000-7fee6d508000 rw-p 00000000 00:00 0 
7fee6d508000-7fee6d522000 r-xp 00000000 08:06 3551970                    /usr/lib/jvm/jdk-7-eseo-oracle-x64/jre/lib/amd64/libzip.so
7fee6d522000-7fee6d722000 ---p 0001a000 08:06 3551970                    /usr/lib/jvm/jdk-7-eseo-oracle-x64/jre/lib/amd64/libzip.so
7fee6d722000-7fee6d723000 rw-p 0001a000 08:06 3551970                    /usr/lib/jvm/jdk-7-eseo-oracle-x64/jre/lib/amd64/libzip.so
7fee6d723000-7fee6d72e000 r-xp 00000000 08:06 3149790                    /lib/x86_64-linux-gnu/libnss_files-2.19.so
7fee6d72e000-7fee6d92d000 ---p 0000b000 08:06 3149790                    /lib/x86_64-linux-gnu/libnss_files-2.19.so
7fee6d92d000-7fee6d92e000 r--p 0000a000 08:06 3149790                    /lib/x86_64-linux-gnu/libnss_files-2.19.so
7fee6d92e000-7fee6d92f000 rw-p 0000b000 08:06 3149790                    /lib/x86_64-linux-gnu/libnss_files-2.19.so
7fee6d92f000-7fee6d93a000 r-xp 00000000 08:06 3145826                    /lib/x86_64-linux-gnu/libnss_nis-2.19.so
7fee6d93a000-7fee6db39000 ---p 0000b000 08:06 3145826                    /lib/x86_64-linux-gnu/libnss_nis-2.19.so
7fee6db39000-7fee6db3a000 r--p 0000a000 08:06 3145826                    /lib/x86_64-linux-gnu/libnss_nis-2.19.so
7fee6db3a000-7fee6db3b000 rw-p 0000b000 08:06 3145826                    /lib/x86_64-linux-gnu/libnss_nis-2.19.so
7fee6db3b000-7fee6db52000 r-xp 00000000 08:06 3145822                    /lib/x86_64-linux-gnu/libnsl-2.19.so
7fee6db52000-7fee6dd51000 ---p 00017000 08:06 3145822                    /lib/x86_64-linux-gnu/libnsl-2.19.so
7fee6dd51000-7fee6dd52000 r--p 00016000 08:06 3145822                    /lib/x86_64-linux-gnu/libnsl-2.19.so
7fee6dd52000-7fee6dd53000 rw-p 00017000 08:06 3145822                    /lib/x86_64-linux-gnu/libnsl-2.19.so
7fee6dd53000-7fee6dd55000 rw-p 00000000 00:00 0 
7fee6dd55000-7fee6dd5e000 r-xp 00000000 08:06 3145821                    /lib/x86_64-linux-gnu/libnss_compat-2.19.so
7fee6dd5e000-7fee6df5d000 ---p 00009000 08:06 3145821                    /lib/x86_64-linux-gnu/libnss_compat-2.19.so
7fee6df5d000-7fee6df5e000 r--p 00008000 08:06 3145821                    /lib/x86_64-linux-gnu/libnss_compat-2.19.so
7fee6df5e000-7fee6df5f000 rw-p 00009000 08:06 3145821                    /lib/x86_64-linux-gnu/libnss_compat-2.19.so
7fee6df5f000-7fee6df88000 r-xp 00000000 08:06 3551934                    /usr/lib/jvm/jdk-7-eseo-oracle-x64/jre/lib/amd64/libjava.so
7fee6df88000-7fee6e188000 ---p 00029000 08:06 3551934                    /usr/lib/jvm/jdk-7-eseo-oracle-x64/jre/lib/amd64/libjava.so
7fee6e188000-7fee6e18a000 rw-p 00029000 08:06 3551934                    /usr/lib/jvm/jdk-7-eseo-oracle-x64/jre/lib/amd64/libjava.so
7fee6e18a000-7fee6e197000 r-xp 00000000 08:06 3551921                    /usr/lib/jvm/jdk-7-eseo-oracle-x64/jre/lib/amd64/libverify.so
7fee6e197000-7fee6e396000 ---p 0000d000 08:06 3551921                    /usr/lib/jvm/jdk-7-eseo-oracle-x64/jre/lib/amd64/libverify.so
7fee6e396000-7fee6e398000 rw-p 0000c000 08:06 3551921                    /usr/lib/jvm/jdk-7-eseo-oracle-x64/jre/lib/amd64/libverify.so
7fee6e398000-7fee6e39f000 r-xp 00000000 08:06 3145830                    /lib/x86_64-linux-gnu/librt-2.19.so
7fee6e39f000-7fee6e59e000 ---p 00007000 08:06 3145830                    /lib/x86_64-linux-gnu/librt-2.19.so
7fee6e59e000-7fee6e59f000 r--p 00006000 08:06 3145830                    /lib/x86_64-linux-gnu/librt-2.19.so
7fee6e59f000-7fee6e5a0000 rw-p 00007000 08:06 3145830                    /lib/x86_64-linux-gnu/librt-2.19.so
7fee6e5a0000-7fee6e6a5000 r-xp 00000000 08:06 3145758                    /lib/x86_64-linux-gnu/libm-2.19.so
7fee6e6a5000-7fee6e8a4000 ---p 00105000 08:06 3145758                    /lib/x86_64-linux-gnu/libm-2.19.so
7fee6e8a4000-7fee6e8a5000 r--p 00104000 08:06 3145758                    /lib/x86_64-linux-gnu/libm-2.19.so
7fee6e8a5000-7fee6e8a6000 rw-p 00105000 08:06 3145758                    /lib/x86_64-linux-gnu/libm-2.19.so
7fee6e8a6000-7fee6f41b000 r-xp 00000000 08:06 3551963                    /usr/lib/jvm/jdk-7-eseo-oracle-x64/jre/lib/amd64/server/libjvm.so
7fee6f41b000-7fee6f61b000 ---p 00b75000 08:06 3551963                    /usr/lib/jvm/jdk-7-eseo-oracle-x64/jre/lib/amd64/server/libjvm.so
7fee6f61b000-7fee6f6df000 rw-p 00b75000 08:06 3551963                    /usr/lib/jvm/jdk-7-eseo-oracle-x64/jre/lib/amd64/server/libjvm.so
7fee6f6df000-7fee6f720000 rw-p 00000000 00:00 0 
7fee6f720000-7fee6f8db000 r-xp 00000000 08:06 3145831                    /lib/x86_64-linux-gnu/libc-2.19.so
7fee6f8db000-7fee6fada000 ---p 001bb000 08:06 3145831                    /lib/x86_64-linux-gnu/libc-2.19.so
7fee6fada000-7fee6fade000 r--p 001ba000 08:06 3145831                    /lib/x86_64-linux-gnu/libc-2.19.so
7fee6fade000-7fee6fae0000 rw-p 001be000 08:06 3145831                    /lib/x86_64-linux-gnu/libc-2.19.so
7fee6fae0000-7fee6fae5000 rw-p 00000000 00:00 0 
7fee6fae5000-7fee6fae8000 r-xp 00000000 08:06 3145818                    /lib/x86_64-linux-gnu/libdl-2.19.so
7fee6fae8000-7fee6fce7000 ---p 00003000 08:06 3145818                    /lib/x86_64-linux-gnu/libdl-2.19.so
7fee6fce7000-7fee6fce8000 r--p 00002000 08:06 3145818                    /lib/x86_64-linux-gnu/libdl-2.19.so
7fee6fce8000-7fee6fce9000 rw-p 00003000 08:06 3145818                    /lib/x86_64-linux-gnu/libdl-2.19.so
7fee6fce9000-7fee6fcff000 r-xp 00000000 08:06 3546303                    /usr/lib/jvm/jdk-7-eseo-oracle-x64/lib/amd64/jli/libjli.so
7fee6fcff000-7fee6feff000 ---p 00016000 08:06 3546303                    /usr/lib/jvm/jdk-7-eseo-oracle-x64/lib/amd64/jli/libjli.so
7fee6feff000-7fee6ff00000 rw-p 00016000 08:06 3546303                    /usr/lib/jvm/jdk-7-eseo-oracle-x64/lib/amd64/jli/libjli.so
7fee6ff00000-7fee6ff19000 r-xp 00000000 08:06 3145823                    /lib/x86_64-linux-gnu/libpthread-2.19.so
7fee6ff19000-7fee70118000 ---p 00019000 08:06 3145823                    /lib/x86_64-linux-gnu/libpthread-2.19.so
7fee70118000-7fee70119000 r--p 00018000 08:06 3145823                    /lib/x86_64-linux-gnu/libpthread-2.19.so
7fee70119000-7fee7011a000 rw-p 00019000 08:06 3145823                    /lib/x86_64-linux-gnu/libpthread-2.19.so
7fee7011a000-7fee7011e000 rw-p 00000000 00:00 0 
7fee7011e000-7fee70141000 r-xp 00000000 08:06 3145824                    /lib/x86_64-linux-gnu/ld-2.19.so
7fee70148000-7fee70157000 r--s 000df000 08:06 1204723                    /home/divi/Android/Sdk/build-tools/23.0.2/lib/dx.jar
7fee70157000-7fee70167000 rw-p 00000000 00:00 0 
7fee70167000-7fee70217000 rw-p 00000000 00:00 0 
7fee70217000-7fee7021a000 ---p 00000000 00:00 0 
7fee7021a000-7fee7031c000 rw-p 00000000 00:00 0                          [stack:7740]
7fee7031d000-7fee70334000 rw-p 00000000 00:00 0 
7fee70334000-7fee7033c000 rw-s 00000000 08:06 3025958                    /tmp/hsperfdata_divi/7736
7fee7033c000-7fee7033d000 rw-p 00000000 00:00 0 
7fee7033d000-7fee7033e000 ---p 00000000 00:00 0 
7fee7033e000-7fee70340000 rw-p 00000000 00:00 0 
7fee70340000-7fee70341000 r--p 00022000 08:06 3145824                    /lib/x86_64-linux-gnu/ld-2.19.so
7fee70341000-7fee70342000 rw-p 00023000 08:06 3145824                    /lib/x86_64-linux-gnu/ld-2.19.so
7fee70342000-7fee70343000 rw-p 00000000 00:00 0 
7ffdd7dbc000-7ffdd7ddd000 rw-p 00000000 00:00 0                          [stack]
7ffdd7de7000-7ffdd7de9000 r-xp 00000000 00:00 0                          [vdso]
7ffdd7de9000-7ffdd7deb000 r--p 00000000 00:00 0                          [vvar]
ffffffffff600000-ffffffffff601000 r-xp 00000000 00:00 0                  [vsyscall]

VM Arguments:
jvm_args: -Djava.awt.headless=true -Xmx1024M -Dfile.encoding=UTF-8 -Duser.country=US -Duser.language=en -Duser.variant 
java_command: com.android.dx.command.Main --dex --num-threads=4 --multi-dex --main-dex-list /home/divi/Desktop/ProjetIoT/STIot/app/build/intermediates/multi-dex/debug/maindexlist.txt --output /home/divi/Desktop/ProjetIoT/STIot/app/build/intermediates/transforms/dex/debug/folders/1000/1f/main /home/divi/Desktop/ProjetIoT/STIot/app/build/intermediates/transforms/jarMerging/debug/jars/1/1f/combined.jar
Launcher Type: SUN_STANDARD

Environment Variables:
PATH=/usr/local/sbin:/usr/local/bin:/usr/sbin:/usr/bin:/sbin:/bin:/usr/games:/usr/local/games
LD_LIBRARY_PATH=/opt/android-studio/bin:
SHELL=/bin/bash
DISPLAY=:0

Signal Handlers:
SIGSEGV: [libjvm.so+0x9a3bf0], sa_mask[0]=0x7ffbfeff, sa_flags=0x10000004
SIGBUS: [libjvm.so+0x9a3bf0], sa_mask[0]=0x7ffbfeff, sa_flags=0x10000004
SIGFPE: [libjvm.so+0x81cb60], sa_mask[0]=0x7ffbfeff, sa_flags=0x10000004
SIGPIPE: [libjvm.so+0x81cb60], sa_mask[0]=0x7ffbfeff, sa_flags=0x10000004
SIGXFSZ: [libjvm.so+0x81cb60], sa_mask[0]=0x7ffbfeff, sa_flags=0x10000004
SIGILL: [libjvm.so+0x81cb60], sa_mask[0]=0x7ffbfeff, sa_flags=0x10000004
SIGUSR1: SIG_DFL, sa_mask[0]=0x00000000, sa_flags=0x00000000
SIGUSR2: [libjvm.so+0x81e360], sa_mask[0]=0x00000004, sa_flags=0x10000004
SIGHUP: [libjvm.so+0x81f480], sa_mask[0]=0x7ffbfeff, sa_flags=0x10000004
SIGINT: [libjvm.so+0x81f480], sa_mask[0]=0x7ffbfeff, sa_flags=0x10000004
SIGTERM: [libjvm.so+0x81f480], sa_mask[0]=0x7ffbfeff, sa_flags=0x10000004
SIGQUIT: [libjvm.so+0x81f480], sa_mask[0]=0x7ffbfeff, sa_flags=0x10000004


---------------  S Y S T E M  ---------------

OS:jessie/sid

uname:Linux 3.16.0-67-generic #87~14.04.1-Ubuntu SMP Fri Mar 11 00:26:02 UTC 2016 x86_64
libc:glibc 2.19 NPTL 2.19 
rlimit: STACK 8192k, CORE 0k, NPROC 15363, NOFILE 4096, AS infinity
load average:2,08 0,70 0,39

/proc/meminfo:
MemTotal:        3954432 kB
MemFree:          110612 kB
MemAvailable:      55844 kB
Buffers:             792 kB
Cached:           455632 kB
SwapCached:            0 kB
Active:          3257268 kB
Inactive:         417848 kB
Active(anon):    3245100 kB
Inactive(anon):   401896 kB
Active(file):      12168 kB
Inactive(file):    15952 kB
Unevictable:         116 kB
Mlocked:             116 kB
SwapTotal:             0 kB
SwapFree:              0 kB
Dirty:               236 kB
Writeback:             0 kB
AnonPages:       3219476 kB
Mapped:           119864 kB
Shmem:            427644 kB
Slab:              61640 kB
SReclaimable:      31288 kB
SUnreclaim:        30352 kB
KernelStack:        9104 kB
PageTables:        37788 kB
NFS_Unstable:          0 kB
Bounce:                0 kB
WritebackTmp:          0 kB
CommitLimit:     1977216 kB
Committed_AS:    6945276 kB
VmallocTotal:   34359738367 kB
VmallocUsed:      407480 kB
VmallocChunk:   34359324156 kB
HardwareCorrupted:     0 kB
AnonHugePages:   1198080 kB
HugePages_Total:       0
HugePages_Free:        0
HugePages_Rsvd:        0
HugePages_Surp:        0
Hugepagesize:       2048 kB
DirectMap4k:      103808 kB
DirectMap2M:     3997696 kB


CPU:total 4 (2 cores per cpu, 2 threads per core) family 6 model 42 stepping 7, cmov, cx8, fxsr, mmx, sse, sse2, sse3, ssse3, sse4.1, sse4.2, popcnt, avx, ht, tsc, tscinvbit

/proc/cpuinfo:
processor	: 0
vendor_id	: GenuineIntel
cpu family	: 6
model		: 42
model name	: Intel(R) Core(TM) i3-2330M CPU @ 2.20GHz
stepping	: 7
microcode	: 0x15
cpu MHz		: 809.273
cache size	: 3072 KB
physical id	: 0
siblings	: 4
core id		: 0
cpu cores	: 2
apicid		: 0
initial apicid	: 0
fpu		: yes
fpu_exception	: yes
cpuid level	: 13
wp		: yes
flags		: fpu vme de pse tsc msr pae mce cx8 apic sep mtrr pge mca cmov pat pse36 clflush dts acpi mmx fxsr sse sse2 ss ht tm pbe syscall nx rdtscp lm constant_tsc arch_perfmon pebs bts rep_good nopl xtopology nonstop_tsc aperfmperf eagerfpu pni pclmulqdq dtes64 monitor ds_cpl vmx est tm2 ssse3 cx16 xtpr pdcm pcid sse4_1 sse4_2 x2apic popcnt tsc_deadline_timer xsave avx lahf_lm arat epb xsaveopt pln pts dtherm tpr_shadow vnmi flexpriority ept vpid
bogomips	: 4390.17
clflush size	: 64
cache_alignment	: 64
address sizes	: 36 bits physical, 48 bits virtual
power management:

processor	: 1
vendor_id	: GenuineIntel
cpu family	: 6
model		: 42
model name	: Intel(R) Core(TM) i3-2330M CPU @ 2.20GHz
stepping	: 7
microcode	: 0x15
cpu MHz		: 854.562
cache size	: 3072 KB
physical id	: 0
siblings	: 4
core id		: 1
cpu cores	: 2
apicid		: 2
initial apicid	: 2
fpu		: yes
fpu_exception	: yes
cpuid level	: 13
wp		: yes
flags		: fpu vme de pse tsc msr pae mce cx8 apic sep mtrr pge mca cmov pat pse36 clflush dts acpi mmx fxsr sse sse2 ss ht tm pbe syscall nx rdtscp lm constant_tsc arch_perfmon pebs bts rep_good nopl xtopology nonstop_tsc aperfmperf eagerfpu pni pclmulqdq dtes64 monitor ds_cpl vmx est tm2 ssse3 cx16 xtpr pdcm pcid sse4_1 sse4_2 x2apic popcnt tsc_deadline_timer xsave avx lahf_lm arat epb xsaveopt pln pts dtherm tpr_shadow vnmi flexpriority ept vpid
bogomips	: 4390.17
clflush size	: 64
cache_alignment	: 64
address sizes	: 36 bits physical, 48 bits virtual
power management:

processor	: 2
vendor_id	: GenuineIntel
cpu family	: 6
model		: 42
model name	: Intel(R) Core(TM) i3-2330M CPU @ 2.20GHz
stepping	: 7
microcode	: 0x15
cpu MHz		: 842.101
cache size	: 3072 KB
physical id	: 0
siblings	: 4
core id		: 0
cpu cores	: 2
apicid		: 1
initial apicid	: 1
fpu		: yes
fpu_exception	: yes
cpuid level	: 13
wp		: yes
flags		: fpu vme de pse tsc msr pae mce cx8 apic sep mtrr pge mca cmov pat pse36 clflush dts acpi mmx fxsr sse sse2 ss ht tm pbe syscall nx rdtscp lm constant_tsc arch_perfmon pebs bts rep_good nopl xtopology nonstop_tsc aperfmperf eagerfpu pni pclmulqdq dtes64 monitor ds_cpl vmx est tm2 ssse3 cx16 xtpr pdcm pcid sse4_1 sse4_2 x2apic popcnt tsc_deadline_timer xsave avx lahf_lm arat epb xsaveopt pln pts dtherm tpr_shadow vnmi flexpriority ept vpid
bogomips	: 4390.17
clflush size	: 64
cache_alignment	: 64
address sizes	: 36 bits physical, 48 bits virtual
power management:

processor	: 3
vendor_id	: GenuineIntel
cpu family	: 6
model		: 42
model name	: Intel(R) Core(TM) i3-2330M CPU @ 2.20GHz
stepping	: 7
microcode	: 0x15
cpu MHz		: 971.179
cache size	: 3072 KB
physical id	: 0
siblings	: 4
core id		: 1
cpu cores	: 2
apicid		: 3
initial apicid	: 3
fpu		: yes
fpu_exception	: yes
cpuid level	: 13
wp		: yes
flags		: fpu vme de pse tsc msr pae mce cx8 apic sep mtrr pge mca cmov pat pse36 clflush dts acpi mmx fxsr sse sse2 ss ht tm pbe syscall nx rdtscp lm constant_tsc arch_perfmon pebs bts rep_good nopl xtopology nonstop_tsc aperfmperf eagerfpu pni pclmulqdq dtes64 monitor ds_cpl vmx est tm2 ssse3 cx16 xtpr pdcm pcid sse4_1 sse4_2 x2apic popcnt tsc_deadline_timer xsave avx lahf_lm arat epb xsaveopt pln pts dtherm tpr_shadow vnmi flexpriority ept vpid
bogomips	: 4390.17
clflush size	: 64
cache_alignment	: 64
address sizes	: 36 bits physical, 48 bits virtual
power management:



Memory: 4k page, physical 3954432k(110612k free), swap 0k(0k free)

vm_info: Java HotSpot(TM) 64-Bit Server VM (24.79-b02) for linux-amd64 JRE (1.7.0_79-b15), built on Apr 10 2015 11:34:48 by "java_re" with gcc 4.3.0 20080428 (Red Hat 4.3.0-8)

time: Tue May 24 10:50:11 2016
elapsed time: 23 seconds

