#
# There is insufficient memory for the Java Runtime Environment to continue.
# Native memory allocation (malloc) failed to allocate 98041856 bytes for committing reserved memory.
# Possible reasons:
#   The system is out of physical RAM or swap space
#   In 32 bit mode, the process size limit was hit
# Possible solutions:
#   Reduce memory load on the system
#   Increase physical memory or swap space
#   Check if swap backing store is full
#   Use 64 bit Java on a 64 bit OS
#   Decrease Java heap size (-Xmx/-Xms)
#   Decrease number of Java threads
#   Decrease Java thread stack sizes (-Xss)
#   Set larger code cache with -XX:ReservedCodeCacheSize=
# This output file may be truncated or incomplete.
#
#  Out of Memory Error (os_linux.cpp:2756), pid=10770, tid=139966554289920
#
# JRE version: Java(TM) SE Runtime Environment (7.0_79-b15) (build 1.7.0_79-b15)
# Java VM: Java HotSpot(TM) 64-Bit Server VM (24.79-b02 mixed mode linux-amd64 compressed oops)
# Failed to write core dump. Core dumps have been disabled. To enable core dumping, try "ulimit -c unlimited" before starting Java again
#

---------------  T H R E A D  ---------------

Current thread (0x00007f4c8406a000):  VMThread [stack: 0x00007f4c80afb000,0x00007f4c80bfc000] [id=10780]

Stack: [0x00007f4c80afb000,0x00007f4c80bfc000],  sp=0x00007f4c80bfa0a0,  free space=1020k
Native frames: (J=compiled Java code, j=interpreted, Vv=VM code, C=native code)
V  [libjvm.so+0x9a32da]  VMError::report_and_die()+0x2ea
V  [libjvm.so+0x497f7b]  report_vm_out_of_memory(char const*, int, unsigned long, char const*)+0x9b
V  [libjvm.so+0x81fcce]  os::Linux::commit_memory_impl(char*, unsigned long, bool)+0xfe
V  [libjvm.so+0x820219]  os::pd_commit_memory(char*, unsigned long, unsigned long, bool)+0x29
V  [libjvm.so+0x819faa]  os::commit_memory(char*, unsigned long, unsigned long, bool)+0x2a
V  [libjvm.so+0x88d863]  PSVirtualSpace::expand_by(unsigned long)+0x53
V  [libjvm.so+0x87ccc0]  PSOldGen::expand(unsigned long)+0x170
V  [libjvm.so+0x87cecb]  PSOldGen::resize(unsigned long)+0x1cb
V  [libjvm.so+0x885b91]  PSParallelCompact::invoke_no_policy(bool)+0x9b1
V  [libjvm.so+0x88bb0d]  PSScavenge::invoke()+0x1ad
V  [libjvm.so+0x842320]  ParallelScavengeHeap::failed_mem_allocate(unsigned long)+0x70
V  [libjvm.so+0x9a4b67]  VM_ParallelGCFailedAllocation::doit()+0x97
V  [libjvm.so+0x9ac005]  VM_Operation::evaluate()+0x55
V  [libjvm.so+0x9aa3ca]  VMThread::evaluate_operation(VM_Operation*)+0xba
V  [libjvm.so+0x9aa74e]  VMThread::loop()+0x1ce
V  [libjvm.so+0x9aabc0]  VMThread::run()+0x70
V  [libjvm.so+0x821ca8]  java_start(Thread*)+0x108

VM_Operation (0x00007f4c79542070): ParallelGCFailedAllocation, mode: safepoint, requested by thread 0x00007f4c841af000


---------------  P R O C E S S  ---------------

Java Threads: ( => current thread )
  0x00007f4c841af000 JavaThread "pool-1-thread-1" [_thread_blocked, id=10793, stack(0x00007f4c79443000,0x00007f4c79544000)]
  0x00007f4c8409a000 JavaThread "Service Thread" daemon [_thread_blocked, id=10786, stack(0x00007f4c79b6e000,0x00007f4c79c6f000)]
  0x00007f4c84097800 JavaThread "C2 CompilerThread1" daemon [_thread_blocked, id=10785, stack(0x00007f4c79c6f000,0x00007f4c79d70000)]
  0x00007f4c84094800 JavaThread "C2 CompilerThread0" daemon [_thread_blocked, id=10784, stack(0x00007f4c80014000,0x00007f4c80115000)]
  0x00007f4c84092800 JavaThread "Signal Dispatcher" daemon [_thread_blocked, id=10783, stack(0x00007f4c80115000,0x00007f4c80216000)]
  0x00007f4c84070800 JavaThread "Finalizer" daemon [_thread_blocked, id=10782, stack(0x00007f4c808f9000,0x00007f4c809fa000)]
  0x00007f4c8406e800 JavaThread "Reference Handler" daemon [_thread_blocked, id=10781, stack(0x00007f4c809fa000,0x00007f4c80afb000)]
  0x00007f4c8400a000 JavaThread "main" [_thread_blocked, id=10775, stack(0x00007f4c8c63c000,0x00007f4c8c73d000)]

Other Threads:
=>0x00007f4c8406a000 VMThread [stack: 0x00007f4c80afb000,0x00007f4c80bfc000] [id=10780]
  0x00007f4c840a4800 WatcherThread [stack: 0x00007f4c79a6d000,0x00007f4c79b6e000] [id=10787]

VM state:at safepoint (normal execution)

VM Mutex/Monitor currently owned by a thread:  ([mutex/lock_event])
[0x00007f4c84006160] ExpandHeap_lock - owner thread: 0x00007f4c8406a000
[0x00007f4c840067e0] Threads_lock - owner thread: 0x00007f4c8406a000
[0x00007f4c84006ce0] Heap_lock - owner thread: 0x00007f4c841af000

Heap
 PSYoungGen      total 289280K, used 30093K [0x00000000eaa80000, 0x0000000100000000, 0x0000000100000000)
  eden space 231936K, 0% used [0x00000000eaa80000,0x00000000eaa80000,0x00000000f8d00000)
  from space 57344K, 52% used [0x00000000fc800000,0x00000000fe563610,0x0000000100000000)
  to   space 58880K, 0% used [0x00000000f8d00000,0x00000000f8d00000,0x00000000fc680000)
 ParOldGen       total 149504K, used 149474K [0x00000000c0000000, 0x00000000c9200000, 0x00000000eaa80000)
  object space 149504K, 99% used [0x00000000c0000000,0x00000000c91f8b50,0x00000000c9200000)
 PSPermGen       total 21504K, used 6202K [0x00000000bae00000, 0x00000000bc300000, 0x00000000c0000000)
  object space 21504K, 28% used [0x00000000bae00000,0x00000000bb40e8a8,0x00000000bc300000)

Card table byte_map: [0x00007f4c89703000,0x00007f4c8992d000] byte_map_base: 0x00007f4c8912c000

Polling page: 0x00007f4c8c762000

Code Cache  [0x00007f4c81000000, 0x00007f4c81420000, 0x00007f4c84000000)
 total_blobs=1376 nmethods=1146 adapters=183 free_code_cache=45013Kb largest_free_block=46027712

Compilation events (10 events):
Event: 18,881 Thread 0x00007f4c84094800 nmethod 1152 0x00007f4c81416d10 code [0x00007f4c81416fe0, 0x00007f4c81418740]
Event: 18,881 Thread 0x00007f4c84094800 1161             com.android.dx.dex.file.CodeItem::addContents (174 bytes)
Event: 18,885 Thread 0x00007f4c84097800 nmethod 1160 0x00007f4c8140f990 code [0x00007f4c8140fb20, 0x00007f4c8140fdd8]
Event: 18,885 Thread 0x00007f4c84097800 1162             java.util.HashMap$Entry::getKey (5 bytes)
Event: 18,886 Thread 0x00007f4c84097800 nmethod 1162 0x00007f4c813fac10 code [0x00007f4c813fad40, 0x00007f4c813fad98]
Event: 18,886 Thread 0x00007f4c84097800 1163             java.util.HashMap$KeyIterator::next (8 bytes)
Event: 18,892 Thread 0x00007f4c84097800 nmethod 1163 0x00007f4c813f6110 code [0x00007f4c813f6260, 0x00007f4c813f6498]
Event: 18,892 Thread 0x00007f4c84097800 1164             com.android.dx.dex.code.CstInsn::getConstant (5 bytes)
Event: 18,892 Thread 0x00007f4c84097800 nmethod 1164 0x00007f4c813f5ed0 code [0x00007f4c813f6000, 0x00007f4c813f6058]
Event: 18,892 Thread 0x00007f4c84097800 1165             com.android.dx.dex.code.StdCatchBuilder::getCatchTypes (97 bytes)

GC Heap History (10 events):
Event: 13,727 GC heap after
Heap after GC invocations=12 (full 1):
 PSYoungGen      total 218112K, used 29482K [0x00000000eaa80000, 0x00000000fde00000, 0x0000000100000000)
  eden space 180736K, 0% used [0x00000000eaa80000,0x00000000eaa80000,0x00000000f5b00000)
  from space 37376K, 78% used [0x00000000f5b00000,0x00000000f77ca8b8,0x00000000f7f80000)
  to   space 40960K, 0% used [0x00000000fb600000,0x00000000fb600000,0x00000000fde00000)
 ParOldGen       total 76288K, used 61103K [0x00000000c0000000, 0x00000000c4a80000, 0x00000000eaa80000)
  object space 76288K, 80% used [0x00000000c0000000,0x00000000c3babf50,0x00000000c4a80000)
 PSPermGen       total 21504K, used 6084K [0x00000000bae00000, 0x00000000bc300000, 0x00000000c0000000)
  object space 21504K, 28% used [0x00000000bae00000,0x00000000bb3f1070,0x00000000bc300000)
}
Event: 13,727 GC heap before
{Heap before GC invocations=13 (full 2):
 PSYoungGen      total 218112K, used 29482K [0x00000000eaa80000, 0x00000000fde00000, 0x0000000100000000)
  eden space 180736K, 0% used [0x00000000eaa80000,0x00000000eaa80000,0x00000000f5b00000)
  from space 37376K, 78% used [0x00000000f5b00000,0x00000000f77ca8b8,0x00000000f7f80000)
  to   space 40960K, 0% used [0x00000000fb600000,0x00000000fb600000,0x00000000fde00000)
 ParOldGen       total 76288K, used 61103K [0x00000000c0000000, 0x00000000c4a80000, 0x00000000eaa80000)
  object space 76288K, 80% used [0x00000000c0000000,0x00000000c3babf50,0x00000000c4a80000)
 PSPermGen       total 21504K, used 6084K [0x00000000bae00000, 0x00000000bc300000, 0x00000000c0000000)
  object space 21504K, 28% used [0x00000000bae00000,0x00000000bb3f1070,0x00000000bc300000)
Event: 14,240 GC heap after
Heap after GC invocations=13 (full 2):
 PSYoungGen      total 218112K, used 12923K [0x00000000eaa80000, 0x00000000fde00000, 0x0000000100000000)
  eden space 180736K, 0% used [0x00000000eaa80000,0x00000000eaa80000,0x00000000f5b00000)
  from space 37376K, 34% used [0x00000000f5b00000,0x00000000f679ecf0,0x00000000f7f80000)
  to   space 40960K, 0% used [0x00000000fb600000,0x00000000fb600000,0x00000000fde00000)
 ParOldGen       total 136192K, used 76212K [0x00000000c0000000, 0x00000000c8500000, 0x00000000eaa80000)
  object space 136192K, 55% used [0x00000000c0000000,0x00000000c4a6d338,0x00000000c8500000)
 PSPermGen       total 21504K, used 6083K [0x00000000bae00000, 0x00000000bc300000, 0x00000000c0000000)
  object space 21504K, 28% used [0x00000000bae00000,0x00000000bb3f0ed0,0x00000000bc300000)
}
Event: 15,256 GC heap before
{Heap before GC invocations=14 (full 2):
 PSYoungGen      total 218112K, used 193659K [0x00000000eaa80000, 0x00000000fde00000, 0x0000000100000000)
  eden space 180736K, 100% used [0x00000000eaa80000,0x00000000f5b00000,0x00000000f5b00000)
  from space 37376K, 34% used [0x00000000f5b00000,0x00000000f679ecf0,0x00000000f7f80000)
  to   space 40960K, 0% used [0x00000000fb600000,0x00000000fb600000,0x00000000fde00000)
 ParOldGen       total 136192K, used 76212K [0x00000000c0000000, 0x00000000c8500000, 0x00000000eaa80000)
  object space 136192K, 55% used [0x00000000c0000000,0x00000000c4a6d338,0x00000000c8500000)
 PSPermGen       total 21504K, used 6094K [0x00000000bae00000, 0x00000000bc300000, 0x00000000c0000000)
  object space 21504K, 28% used [0x00000000bae00000,0x00000000bb3f3ba8,0x00000000bc300000)
Event: 15,372 GC heap after
Heap after GC invocations=14 (full 2):
 PSYoungGen      total 240640K, used 29083K [0x00000000eaa80000, 0x00000000fd280000, 0x0000000100000000)
  eden space 211456K, 0% used [0x00000000eaa80000,0x00000000eaa80000,0x00000000f7900000)
  from space 29184K, 99% used [0x00000000fb600000,0x00000000fd266ee0,0x00000000fd280000)
  to   space 43520K, 0% used [0x00000000f7d80000,0x00000000f7d80000,0x00000000fa800000)
 ParOldGen       total 136192K, used 87866K [0x00000000c0000000, 0x00000000c8500000, 0x00000000eaa80000)
  object space 136192K, 64% used [0x00000000c0000000,0x00000000c55ce948,0x00000000c8500000)
 PSPermGen       total 21504K, used 6094K [0x00000000bae00000, 0x00000000bc300000, 0x00000000c0000000)
  object space 21504K, 28% used [0x00000000bae00000,0x00000000bb3f3ba8,0x00000000bc300000)
}
Event: 16,235 GC heap before
{Heap before GC invocations=15 (full 2):
 PSYoungGen      total 240640K, used 240539K [0x00000000eaa80000, 0x00000000fd280000, 0x0000000100000000)
  eden space 211456K, 100% used [0x00000000eaa80000,0x00000000f7900000,0x00000000f7900000)
  from space 29184K, 99% used [0x00000000fb600000,0x00000000fd266ee0,0x00000000fd280000)
  to   space 43520K, 0% used [0x00000000f7d80000,0x00000000f7d80000,0x00000000fa800000)
 ParOldGen       total 136192K, used 87866K [0x00000000c0000000, 0x00000000c8500000, 0x00000000eaa80000)
  object space 136192K, 64% used [0x00000000c0000000,0x00000000c55ce948,0x00000000c8500000)
 PSPermGen       total 21504K, used 6110K [0x00000000bae00000, 0x00000000bc300000, 0x00000000c0000000)
  object space 21504K, 28% used [0x00000000bae00000,0x00000000bb3f7a00,0x00000000bc300000)
Event: 16,361 GC heap after
Heap after GC invocations=15 (full 2):
 PSYoungGen      total 259584K, used 43504K [0x00000000eaa80000, 0x0000000100000000, 0x0000000100000000)
  eden space 216064K, 0% used [0x00000000eaa80000,0x00000000eaa80000,0x00000000f7d80000)
  from space 43520K, 99% used [0x00000000f7d80000,0x00000000fa7fc3c0,0x00000000fa800000)
  to   space 57344K, 0% used [0x00000000fc800000,0x00000000fc800000,0x0000000100000000)
 ParOldGen       total 136192K, used 105196K [0x00000000c0000000, 0x00000000c8500000, 0x00000000eaa80000)
  object space 136192K, 77% used [0x00000000c0000000,0x00000000c66bb140,0x00000000c8500000)
 PSPermGen       total 21504K, used 6110K [0x00000000bae00000, 0x00000000bc300000, 0x00000000c0000000)
  object space 21504K, 28% used [0x00000000bae00000,0x00000000bb3f7a00,0x00000000bc300000)
}
Event: 18,895 GC heap before
{Heap before GC invocations=16 (full 2):
 PSYoungGen      total 259584K, used 259568K [0x00000000eaa80000, 0x0000000100000000, 0x0000000100000000)
  eden space 216064K, 100% used [0x00000000eaa80000,0x00000000f7d80000,0x00000000f7d80000)
  from space 43520K, 99% used [0x00000000f7d80000,0x00000000fa7fc3c0,0x00000000fa800000)
  to   space 57344K, 0% used [0x00000000fc800000,0x00000000fc800000,0x0000000100000000)
 ParOldGen       total 136192K, used 105196K [0x00000000c0000000, 0x00000000c8500000, 0x00000000eaa80000)
  object space 136192K, 77% used [0x00000000c0000000,0x00000000c66bb140,0x00000000c8500000)
 PSPermGen       total 21504K, used 6202K [0x00000000bae00000, 0x00000000bc300000, 0x00000000c0000000)
  object space 21504K, 28% used [0x00000000bae00000,0x00000000bb40ebd8,0x00000000bc300000)
Event: 19,108 GC heap after
Heap after GC invocations=16 (full 2):
 PSYoungGen      total 289280K, used 34549K [0x00000000eaa80000, 0x0000000100000000, 0x0000000100000000)
  eden space 231936K, 0% used [0x00000000eaa80000,0x00000000eaa80000,0x00000000f8d00000)
  from space 57344K, 60% used [0x00000000fc800000,0x00000000fe9bd668,0x0000000100000000)
  to   space 58880K, 0% used [0x00000000f8d00000,0x00000000f8d00000,0x00000000fc680000)
 ParOldGen       total 149504K, used 148651K [0x00000000c0000000, 0x00000000c9200000, 0x00000000eaa80000)
  object space 149504K, 99% used [0x00000000c0000000,0x00000000c912afc8,0x00000000c9200000)
 PSPermGen       total 21504K, used 6202K [0x00000000bae00000, 0x00000000bc300000, 0x00000000c0000000)
  object space 21504K, 28% used [0x00000000bae00000,0x00000000bb40ebd8,0x00000000bc300000)
}
Event: 19,137 GC heap before
{Heap before GC invocations=17 (full 3):
 PSYoungGen      total 289280K, used 34549K [0x00000000eaa80000, 0x0000000100000000, 0x0000000100000000)
  eden space 231936K, 0% used [0x00000000eaa80000,0x00000000eaa80000,0x00000000f8d00000)
  from space 57344K, 60% used [0x00000000fc800000,0x00000000fe9bd668,0x0000000100000000)
  to   space 58880K, 0% used [0x00000000f8d00000,0x00000000f8d00000,0x00000000fc680000)
 ParOldGen       total 149504K, used 148651K [0x00000000c0000000, 0x00000000c9200000, 0x00000000eaa80000)
  object space 149504K, 99% used [0x00000000c0000000,0x00000000c912afc8,0x00000000c9200000)
 PSPermGen       total 21504K, used 6202K [0x00000000bae00000, 0x00000000bc300000, 0x00000000c0000000)
  object space 21504K, 28% used [0x00000000bae00000,0x00000000bb40ebd8,0x00000000bc300000)

Deoptimization events (10 events):
Event: 16,455 Thread 0x00007f4c841b6800 Uncommon trap: reason=class_check action=maybe_recompile pc=0x00007f4c810632e0 method=java.util.regex.Matcher.search(I)Z @ 86
Event: 16,455 Thread 0x00007f4c841b6800 Uncommon trap: reason=class_check action=maybe_recompile pc=0x00007f4c810632e0 method=java.util.regex.Matcher.search(I)Z @ 86
Event: 16,456 Thread 0x00007f4c841b6800 Uncommon trap: reason=class_check action=maybe_recompile pc=0x00007f4c810632e0 method=java.util.regex.Matcher.search(I)Z @ 86
Event: 16,457 Thread 0x00007f4c841b6800 Uncommon trap: reason=unloaded action=reinterpret pc=0x00007f4c81074734 method=java.util.regex.Matcher.replaceAll(Ljava/lang/String;)Ljava/lang/String; @ 14
Event: 16,463 Thread 0x00007f4c841b5000 Uncommon trap: reason=unreached action=reinterpret pc=0x00007f4c8122ab88 method=com.android.dx.ssa.PhiTypeResolver.resolveResultType(Lcom/android/dx/ssa/PhiInsn;)Z @ 64
Event: 16,575 Thread 0x00007f4c841b6800 Uncommon trap: reason=bimorphic action=maybe_recompile pc=0x00007f4c813325a0 method=com.android.dx.cf.code.BytecodeArray.parseInstruction(ILcom/android/dx/cf/code/BytecodeArray$Visitor;)I @ 2554
Event: 16,576 Thread 0x00007f4c841b6800 Uncommon trap: reason=bimorphic action=maybe_recompile pc=0x00007f4c813325a0 method=com.android.dx.cf.code.BytecodeArray.parseInstruction(ILcom/android/dx/cf/code/BytecodeArray$Visitor;)I @ 2554
Event: 16,927 Thread 0x00007f4c841b8000 Uncommon trap: reason=unreached action=reinterpret pc=0x00007f4c811dbfa4 method=com.android.dx.rop.code.LocalItem.compareHandlesNulls(Lcom/android/dx/rop/cst/CstString;Lcom/android/dx/rop/cst/CstString;)I @ 8
Event: 16,927 Thread 0x00007f4c841b8000 Uncommon trap: reason=unreached action=reinterpret pc=0x00007f4c81161c84 method=com.android.dx.rop.code.LocalItem.compareHandlesNulls(Lcom/android/dx/rop/cst/CstString;Lcom/android/dx/rop/cst/CstString;)I @ 8
Event: 16,927 Thread 0x00007f4c841b8000 Uncommon trap: reason=unreached action=reinterpret pc=0x00007f4c8128ecc0 method=com.android.dx.rop.code.LocalItem.compareHandlesNulls(Lcom/android/dx/rop/cst/CstString;Lcom/android/dx/rop/cst/CstString;)I @ 8

Internal exceptions (10 events):
Event: 16,015 Thread 0x00007f4c841b6800 Implicit null exception at 0x00007f4c812c5d7c to 0x00007f4c812d05d1
Event: 16,019 Thread 0x00007f4c841b8000 Implicit null exception at 0x00007f4c812ab177 to 0x00007f4c812abd1d
Event: 16,043 Thread 0x00007f4c8400a000 Threw 0x00000000f4c797f8 at /HUDSON/workspace/7u-2-build-linux-amd64/jdk7u79/2331/hotspot/src/share/vm/prims/jvm.cpp:1304
Event: 16,463 Thread 0x00007f4c841b5000 Implicit null exception at 0x00007f4c8122a0da to 0x00007f4c8122ab65
Event: 16,927 Thread 0x00007f4c841b8000 Implicit null exception at 0x00007f4c811dbd24 to 0x00007f4c811dbf91
Event: 16,927 Thread 0x00007f4c841b8000 Implicit null exception at 0x00007f4c8116118d to 0x00007f4c81161c55
Event: 16,927 Thread 0x00007f4c841b8000 Implicit null exception at 0x00007f4c8128ea3b to 0x00007f4c8128ecad
Event: 17,131 Thread 0x00007f4c8400a000 Threw 0x00000000f7712528 at /HUDSON/workspace/7u-2-build-linux-amd64/jdk7u79/2331/hotspot/src/share/vm/prims/jvm.cpp:1304
Event: 17,167 Thread 0x00007f4c841af000 Threw 0x00000000f78adea0 at /HUDSON/workspace/7u-2-build-linux-amd64/jdk7u79/2331/hotspot/src/share/vm/prims/jvm.cpp:1304
Event: 17,466 Thread 0x00007f4c841af000 Threw 0x00000000f7a73280 at /HUDSON/workspace/7u-2-build-linux-amd64/jdk7u79/2331/hotspot/src/share/vm/prims/jvm.cpp:1304

Events (10 events):
Event: 17,157 loading class 0x00007f4c840ae9d0
Event: 17,157 loading class 0x00007f4c840ae9d0 done
Event: 17,167 loading class 0x00007f4c34001700
Event: 17,167 loading class 0x00007f4c34001700 done
Event: 17,432 Thread 0x00007f4c84094800 flushing nmethod 0x00007f4c81187690
Event: 17,439 Thread 0x00007f4c84094800 flushing nmethod 0x00007f4c811ee190
Event: 17,466 loading class 0x00007f4c34008700
Event: 17,466 loading class 0x00007f4c34008700 done
Event: 18,542 Thread 0x00007f4c84097800 flushing nmethod 0x00007f4c8130d750
Event: 18,895 Executing VM operation: ParallelGCFailedAllocation


Dynamic libraries:
00400000-00401000 r-xp 00000000 08:06 3546141                            /usr/lib/jvm/jdk-7-eseo-oracle-x64/bin/java
00600000-00601000 rw-p 00000000 08:06 3546141                            /usr/lib/jvm/jdk-7-eseo-oracle-x64/bin/java
00e7d000-00e9e000 rw-p 00000000 00:00 0                                  [heap]
bae00000-bc300000 rw-p 00000000 00:00 0 
bc300000-c0000000 rw-p 00000000 00:00 0 
c0000000-c9200000 rw-p 00000000 00:00 0 
cef80000-eaa80000 rw-p 00000000 00:00 0 
eaa80000-100000000 rw-p 00000000 00:00 0 
7f4c34000000-7f4c3402e000 rw-p 00000000 00:00 0 
7f4c3402e000-7f4c38000000 ---p 00000000 00:00 0 
7f4c38000000-7f4c38021000 rw-p 00000000 00:00 0 
7f4c38021000-7f4c3c000000 ---p 00000000 00:00 0 
7f4c3c000000-7f4c3c021000 rw-p 00000000 00:00 0 
7f4c3c021000-7f4c40000000 ---p 00000000 00:00 0 
7f4c40000000-7f4c4002c000 rw-p 00000000 00:00 0 
7f4c4002c000-7f4c44000000 ---p 00000000 00:00 0 
7f4c44000000-7f4c44021000 rw-p 00000000 00:00 0 
7f4c44021000-7f4c48000000 ---p 00000000 00:00 0 
7f4c48000000-7f4c48021000 rw-p 00000000 00:00 0 
7f4c48021000-7f4c4c000000 ---p 00000000 00:00 0 
7f4c4c000000-7f4c4daf1000 rw-p 00000000 00:00 0 
7f4c4daf1000-7f4c50000000 ---p 00000000 00:00 0 
7f4c50000000-7f4c50021000 rw-p 00000000 00:00 0 
7f4c50021000-7f4c54000000 ---p 00000000 00:00 0 
7f4c54000000-7f4c54021000 rw-p 00000000 00:00 0 
7f4c54021000-7f4c58000000 ---p 00000000 00:00 0 
7f4c58000000-7f4c59db0000 rw-p 00000000 00:00 0 
7f4c59db0000-7f4c5c000000 ---p 00000000 00:00 0 
7f4c5c000000-7f4c5c021000 rw-p 00000000 00:00 0 
7f4c5c021000-7f4c60000000 ---p 00000000 00:00 0 
7f4c60000000-7f4c60021000 rw-p 00000000 00:00 0 
7f4c60021000-7f4c64000000 ---p 00000000 00:00 0 
7f4c64000000-7f4c64021000 rw-p 00000000 00:00 0 
7f4c64021000-7f4c68000000 ---p 00000000 00:00 0 
7f4c68000000-7f4c6824f000 rw-p 00000000 00:00 0 
7f4c6824f000-7f4c6c000000 ---p 00000000 00:00 0 
7f4c6c000000-7f4c6c021000 rw-p 00000000 00:00 0 
7f4c6c021000-7f4c70000000 ---p 00000000 00:00 0 
7f4c74000000-7f4c74021000 rw-p 00000000 00:00 0 
7f4c74021000-7f4c78000000 ---p 00000000 00:00 0 
7f4c79140000-7f4c79143000 ---p 00000000 00:00 0 
7f4c79143000-7f4c79241000 rw-p 00000000 00:00 0 
7f4c79241000-7f4c79244000 ---p 00000000 00:00 0 
7f4c79244000-7f4c79342000 rw-p 00000000 00:00 0 
7f4c79342000-7f4c79345000 ---p 00000000 00:00 0 
7f4c79345000-7f4c79443000 rw-p 00000000 00:00 0 
7f4c79443000-7f4c79446000 ---p 00000000 00:00 0 
7f4c79446000-7f4c79544000 rw-p 00000000 00:00 0                          [stack:10793]
7f4c79544000-7f4c79547000 ---p 00000000 00:00 0 
7f4c79547000-7f4c79645000 rw-p 00000000 00:00 0 
7f4c79645000-7f4c7965b000 r-xp 00000000 08:06 3551968                    /usr/lib/jvm/jdk-7-eseo-oracle-x64/jre/lib/amd64/libnet.so
7f4c7965b000-7f4c7985b000 ---p 00016000 08:06 3551968                    /usr/lib/jvm/jdk-7-eseo-oracle-x64/jre/lib/amd64/libnet.so
7f4c7985b000-7f4c7985c000 rw-p 00016000 08:06 3551968                    /usr/lib/jvm/jdk-7-eseo-oracle-x64/jre/lib/amd64/libnet.so
7f4c7985c000-7f4c7986c000 r-xp 00000000 08:06 3551950                    /usr/lib/jvm/jdk-7-eseo-oracle-x64/jre/lib/amd64/libnio.so
7f4c7986c000-7f4c79a6c000 ---p 00010000 08:06 3551950                    /usr/lib/jvm/jdk-7-eseo-oracle-x64/jre/lib/amd64/libnio.so
7f4c79a6c000-7f4c79a6d000 rw-p 00010000 08:06 3551950                    /usr/lib/jvm/jdk-7-eseo-oracle-x64/jre/lib/amd64/libnio.so
7f4c79a6d000-7f4c79a6e000 ---p 00000000 00:00 0 
7f4c79a6e000-7f4c79b6e000 rw-p 00000000 00:00 0                          [stack:10787]
7f4c79b6e000-7f4c79b71000 ---p 00000000 00:00 0 
7f4c79b71000-7f4c79c6f000 rw-p 00000000 00:00 0                          [stack:10786]
7f4c79c6f000-7f4c79c72000 ---p 00000000 00:00 0 
7f4c79c72000-7f4c7c000000 rw-p 00000000 00:00 0                          [stack:10785]
7f4c7c000000-7f4c7c021000 rw-p 00000000 00:00 0 
7f4c7c021000-7f4c80000000 ---p 00000000 00:00 0 
7f4c80014000-7f4c80017000 ---p 00000000 00:00 0 
7f4c80017000-7f4c80115000 rw-p 00000000 00:00 0                          [stack:10784]
7f4c80115000-7f4c80118000 ---p 00000000 00:00 0 
7f4c80118000-7f4c80216000 rw-p 00000000 00:00 0                          [stack:10783]
7f4c80216000-7f4c808f9000 r--p 00000000 08:06 3546432                    /usr/lib/locale/locale-archive
7f4c808f9000-7f4c808fc000 ---p 00000000 00:00 0 
7f4c808fc000-7f4c809fa000 rw-p 00000000 00:00 0                          [stack:10782]
7f4c809fa000-7f4c809fd000 ---p 00000000 00:00 0 
7f4c809fd000-7f4c80afb000 rw-p 00000000 00:00 0                          [stack:10781]
7f4c80afb000-7f4c80afc000 ---p 00000000 00:00 0 
7f4c80afc000-7f4c81000000 rw-p 00000000 00:00 0                          [stack:10780]
7f4c81000000-7f4c81420000 rwxp 00000000 00:00 0 
7f4c81420000-7f4c8421f000 rw-p 00000000 00:00 0 
7f4c8421f000-7f4c88000000 ---p 00000000 00:00 0 
7f4c880a3000-7f4c88c9e000 rw-p 00000000 00:00 0 
7f4c88c9e000-7f4c88e5e000 r--s 039f7000 08:06 3552546                    /usr/lib/jvm/jdk-7-eseo-oracle-x64/jre/lib/rt.jar
7f4c88e5e000-7f4c89180000 rw-p 00000000 00:00 0 
7f4c89180000-7f4c89181000 ---p 00000000 00:00 0 
7f4c89181000-7f4c89281000 rw-p 00000000 00:00 0                          [stack:10779]
7f4c89281000-7f4c89282000 ---p 00000000 00:00 0 
7f4c89282000-7f4c89382000 rw-p 00000000 00:00 0                          [stack:10778]
7f4c89382000-7f4c89383000 ---p 00000000 00:00 0 
7f4c89383000-7f4c89483000 rw-p 00000000 00:00 0                          [stack:10777]
7f4c89483000-7f4c89484000 ---p 00000000 00:00 0 
7f4c89484000-7f4c8958f000 rw-p 00000000 00:00 0                          [stack:10776]
7f4c8958f000-7f4c895ad000 rw-p 00000000 00:00 0 
7f4c895ad000-7f4c895f6000 rw-p 00000000 00:00 0 
7f4c895f6000-7f4c89703000 rw-p 00000000 00:00 0 
7f4c89703000-7f4c8970e000 rw-p 00000000 00:00 0 
7f4c8970e000-7f4c8972c000 rw-p 00000000 00:00 0 
7f4c8972c000-7f4c89775000 rw-p 00000000 00:00 0 
7f4c89775000-7f4c89881000 rw-p 00000000 00:00 0 
7f4c89881000-7f4c8992c000 rw-p 00000000 00:00 0 
7f4c8992c000-7f4c8992d000 rw-p 00000000 00:00 0 
7f4c8992d000-7f4c89947000 r-xp 00000000 08:06 3551970                    /usr/lib/jvm/jdk-7-eseo-oracle-x64/jre/lib/amd64/libzip.so
7f4c89947000-7f4c89b47000 ---p 0001a000 08:06 3551970                    /usr/lib/jvm/jdk-7-eseo-oracle-x64/jre/lib/amd64/libzip.so
7f4c89b47000-7f4c89b48000 rw-p 0001a000 08:06 3551970                    /usr/lib/jvm/jdk-7-eseo-oracle-x64/jre/lib/amd64/libzip.so
7f4c89b48000-7f4c89b53000 r-xp 00000000 08:06 3149790                    /lib/x86_64-linux-gnu/libnss_files-2.19.so
7f4c89b53000-7f4c89d52000 ---p 0000b000 08:06 3149790                    /lib/x86_64-linux-gnu/libnss_files-2.19.so
7f4c89d52000-7f4c89d53000 r--p 0000a000 08:06 3149790                    /lib/x86_64-linux-gnu/libnss_files-2.19.so
7f4c89d53000-7f4c89d54000 rw-p 0000b000 08:06 3149790                    /lib/x86_64-linux-gnu/libnss_files-2.19.so
7f4c89d54000-7f4c89d5f000 r-xp 00000000 08:06 3145826                    /lib/x86_64-linux-gnu/libnss_nis-2.19.so
7f4c89d5f000-7f4c89f5e000 ---p 0000b000 08:06 3145826                    /lib/x86_64-linux-gnu/libnss_nis-2.19.so
7f4c89f5e000-7f4c89f5f000 r--p 0000a000 08:06 3145826                    /lib/x86_64-linux-gnu/libnss_nis-2.19.so
7f4c89f5f000-7f4c89f60000 rw-p 0000b000 08:06 3145826                    /lib/x86_64-linux-gnu/libnss_nis-2.19.so
7f4c89f60000-7f4c89f77000 r-xp 00000000 08:06 3145822                    /lib/x86_64-linux-gnu/libnsl-2.19.so
7f4c89f77000-7f4c8a176000 ---p 00017000 08:06 3145822                    /lib/x86_64-linux-gnu/libnsl-2.19.so
7f4c8a176000-7f4c8a177000 r--p 00016000 08:06 3145822                    /lib/x86_64-linux-gnu/libnsl-2.19.so
7f4c8a177000-7f4c8a178000 rw-p 00017000 08:06 3145822                    /lib/x86_64-linux-gnu/libnsl-2.19.so
7f4c8a178000-7f4c8a17a000 rw-p 00000000 00:00 0 
7f4c8a17a000-7f4c8a183000 r-xp 00000000 08:06 3145821                    /lib/x86_64-linux-gnu/libnss_compat-2.19.so
7f4c8a183000-7f4c8a382000 ---p 00009000 08:06 3145821                    /lib/x86_64-linux-gnu/libnss_compat-2.19.so
7f4c8a382000-7f4c8a383000 r--p 00008000 08:06 3145821                    /lib/x86_64-linux-gnu/libnss_compat-2.19.so
7f4c8a383000-7f4c8a384000 rw-p 00009000 08:06 3145821                    /lib/x86_64-linux-gnu/libnss_compat-2.19.so
7f4c8a384000-7f4c8a3ad000 r-xp 00000000 08:06 3551934                    /usr/lib/jvm/jdk-7-eseo-oracle-x64/jre/lib/amd64/libjava.so
7f4c8a3ad000-7f4c8a5ad000 ---p 00029000 08:06 3551934                    /usr/lib/jvm/jdk-7-eseo-oracle-x64/jre/lib/amd64/libjava.so
7f4c8a5ad000-7f4c8a5af000 rw-p 00029000 08:06 3551934                    /usr/lib/jvm/jdk-7-eseo-oracle-x64/jre/lib/amd64/libjava.so
7f4c8a5af000-7f4c8a5bc000 r-xp 00000000 08:06 3551921                    /usr/lib/jvm/jdk-7-eseo-oracle-x64/jre/lib/amd64/libverify.so
7f4c8a5bc000-7f4c8a7bb000 ---p 0000d000 08:06 3551921                    /usr/lib/jvm/jdk-7-eseo-oracle-x64/jre/lib/amd64/libverify.so
7f4c8a7bb000-7f4c8a7bd000 rw-p 0000c000 08:06 3551921                    /usr/lib/jvm/jdk-7-eseo-oracle-x64/jre/lib/amd64/libverify.so
7f4c8a7bd000-7f4c8a7c4000 r-xp 00000000 08:06 3145830                    /lib/x86_64-linux-gnu/librt-2.19.so
7f4c8a7c4000-7f4c8a9c3000 ---p 00007000 08:06 3145830                    /lib/x86_64-linux-gnu/librt-2.19.so
7f4c8a9c3000-7f4c8a9c4000 r--p 00006000 08:06 3145830                    /lib/x86_64-linux-gnu/librt-2.19.so
7f4c8a9c4000-7f4c8a9c5000 rw-p 00007000 08:06 3145830                    /lib/x86_64-linux-gnu/librt-2.19.so
7f4c8a9c5000-7f4c8aaca000 r-xp 00000000 08:06 3145758                    /lib/x86_64-linux-gnu/libm-2.19.so
7f4c8aaca000-7f4c8acc9000 ---p 00105000 08:06 3145758                    /lib/x86_64-linux-gnu/libm-2.19.so
7f4c8acc9000-7f4c8acca000 r--p 00104000 08:06 3145758                    /lib/x86_64-linux-gnu/libm-2.19.so
7f4c8acca000-7f4c8accb000 rw-p 00105000 08:06 3145758                    /lib/x86_64-linux-gnu/libm-2.19.so
7f4c8accb000-7f4c8b840000 r-xp 00000000 08:06 3551963                    /usr/lib/jvm/jdk-7-eseo-oracle-x64/jre/lib/amd64/server/libjvm.so
7f4c8b840000-7f4c8ba40000 ---p 00b75000 08:06 3551963                    /usr/lib/jvm/jdk-7-eseo-oracle-x64/jre/lib/amd64/server/libjvm.so
7f4c8ba40000-7f4c8bb04000 rw-p 00b75000 08:06 3551963                    /usr/lib/jvm/jdk-7-eseo-oracle-x64/jre/lib/amd64/server/libjvm.so
7f4c8bb04000-7f4c8bb45000 rw-p 00000000 00:00 0 
7f4c8bb45000-7f4c8bd00000 r-xp 00000000 08:06 3145831                    /lib/x86_64-linux-gnu/libc-2.19.so
7f4c8bd00000-7f4c8beff000 ---p 001bb000 08:06 3145831                    /lib/x86_64-linux-gnu/libc-2.19.so
7f4c8beff000-7f4c8bf03000 r--p 001ba000 08:06 3145831                    /lib/x86_64-linux-gnu/libc-2.19.so
7f4c8bf03000-7f4c8bf05000 rw-p 001be000 08:06 3145831                    /lib/x86_64-linux-gnu/libc-2.19.so
7f4c8bf05000-7f4c8bf0a000 rw-p 00000000 00:00 0 
7f4c8bf0a000-7f4c8bf0d000 r-xp 00000000 08:06 3145818                    /lib/x86_64-linux-gnu/libdl-2.19.so
7f4c8bf0d000-7f4c8c10c000 ---p 00003000 08:06 3145818                    /lib/x86_64-linux-gnu/libdl-2.19.so
7f4c8c10c000-7f4c8c10d000 r--p 00002000 08:06 3145818                    /lib/x86_64-linux-gnu/libdl-2.19.so
7f4c8c10d000-7f4c8c10e000 rw-p 00003000 08:06 3145818                    /lib/x86_64-linux-gnu/libdl-2.19.so
7f4c8c10e000-7f4c8c124000 r-xp 00000000 08:06 3546303                    /usr/lib/jvm/jdk-7-eseo-oracle-x64/lib/amd64/jli/libjli.so
7f4c8c124000-7f4c8c324000 ---p 00016000 08:06 3546303                    /usr/lib/jvm/jdk-7-eseo-oracle-x64/lib/amd64/jli/libjli.so
7f4c8c324000-7f4c8c325000 rw-p 00016000 08:06 3546303                    /usr/lib/jvm/jdk-7-eseo-oracle-x64/lib/amd64/jli/libjli.so
7f4c8c325000-7f4c8c33e000 r-xp 00000000 08:06 3145823                    /lib/x86_64-linux-gnu/libpthread-2.19.so
7f4c8c33e000-7f4c8c53d000 ---p 00019000 08:06 3145823                    /lib/x86_64-linux-gnu/libpthread-2.19.so
7f4c8c53d000-7f4c8c53e000 r--p 00018000 08:06 3145823                    /lib/x86_64-linux-gnu/libpthread-2.19.so
7f4c8c53e000-7f4c8c53f000 rw-p 00019000 08:06 3145823                    /lib/x86_64-linux-gnu/libpthread-2.19.so
7f4c8c53f000-7f4c8c543000 rw-p 00000000 00:00 0 
7f4c8c543000-7f4c8c566000 r-xp 00000000 08:06 3145824                    /lib/x86_64-linux-gnu/ld-2.19.so
7f4c8c56d000-7f4c8c57c000 r--s 000df000 08:06 1204723                    /home/divi/Android/Sdk/build-tools/23.0.2/lib/dx.jar
7f4c8c57c000-7f4c8c58d000 rw-p 00000000 00:00 0 
7f4c8c58d000-7f4c8c63c000 rw-p 00000000 00:00 0 
7f4c8c63c000-7f4c8c63f000 ---p 00000000 00:00 0 
7f4c8c63f000-7f4c8c741000 rw-p 00000000 00:00 0                          [stack:10775]
7f4c8c742000-7f4c8c759000 rw-p 00000000 00:00 0 
7f4c8c759000-7f4c8c761000 rw-s 00000000 08:06 3167362                    /tmp/hsperfdata_divi/10770
7f4c8c761000-7f4c8c762000 rw-p 00000000 00:00 0 
7f4c8c762000-7f4c8c763000 ---p 00000000 00:00 0 
7f4c8c763000-7f4c8c765000 rw-p 00000000 00:00 0 
7f4c8c765000-7f4c8c766000 r--p 00022000 08:06 3145824                    /lib/x86_64-linux-gnu/ld-2.19.so
7f4c8c766000-7f4c8c767000 rw-p 00023000 08:06 3145824                    /lib/x86_64-linux-gnu/ld-2.19.so
7f4c8c767000-7f4c8c768000 rw-p 00000000 00:00 0 
7fff3950c000-7fff3952d000 rw-p 00000000 00:00 0                          [stack]
7fff395bc000-7fff395be000 r-xp 00000000 00:00 0                          [vdso]
7fff395be000-7fff395c0000 r--p 00000000 00:00 0                          [vvar]
ffffffffff600000-ffffffffff601000 r-xp 00000000 00:00 0                  [vsyscall]

VM Arguments:
jvm_args: -Djava.awt.headless=true -Xmx1024M -Dfile.encoding=UTF-8 -Duser.country=US -Duser.language=en -Duser.variant 
java_command: com.android.dx.command.Main --dex --num-threads=4 --multi-dex --main-dex-list /home/divi/Desktop/ProjetIoT/STIot/app/build/intermediates/multi-dex/debug/maindexlist.txt --output /home/divi/Desktop/ProjetIoT/STIot/app/build/intermediates/transforms/dex/debug/folders/1000/1f/main /home/divi/Desktop/ProjetIoT/STIot/app/build/intermediates/transforms/jarMerging/debug/jars/1/1f/combined.jar
Launcher Type: SUN_STANDARD

Environment Variables:
PATH=/usr/local/sbin:/usr/local/bin:/usr/sbin:/usr/bin:/sbin:/bin:/usr/games:/usr/local/games
LD_LIBRARY_PATH=/opt/android-studio/bin:
SHELL=/bin/bash
DISPLAY=:0

Signal Handlers:
SIGSEGV: [libjvm.so+0x9a3bf0], sa_mask[0]=0x7ffbfeff, sa_flags=0x10000004
SIGBUS: [libjvm.so+0x9a3bf0], sa_mask[0]=0x7ffbfeff, sa_flags=0x10000004
SIGFPE: [libjvm.so+0x81cb60], sa_mask[0]=0x7ffbfeff, sa_flags=0x10000004
SIGPIPE: [libjvm.so+0x81cb60], sa_mask[0]=0x7ffbfeff, sa_flags=0x10000004
SIGXFSZ: [libjvm.so+0x81cb60], sa_mask[0]=0x7ffbfeff, sa_flags=0x10000004
SIGILL: [libjvm.so+0x81cb60], sa_mask[0]=0x7ffbfeff, sa_flags=0x10000004
SIGUSR1: SIG_DFL, sa_mask[0]=0x00000000, sa_flags=0x00000000
SIGUSR2: [libjvm.so+0x81e360], sa_mask[0]=0x00000004, sa_flags=0x10000004
SIGHUP: [libjvm.so+0x81f480], sa_mask[0]=0x7ffbfeff, sa_flags=0x10000004
SIGINT: [libjvm.so+0x81f480], sa_mask[0]=0x7ffbfeff, sa_flags=0x10000004
SIGTERM: [libjvm.so+0x81f480], sa_mask[0]=0x7ffbfeff, sa_flags=0x10000004
SIGQUIT: [libjvm.so+0x81f480], sa_mask[0]=0x7ffbfeff, sa_flags=0x10000004


---------------  S Y S T E M  ---------------

OS:jessie/sid

uname:Linux 3.16.0-67-generic #87~14.04.1-Ubuntu SMP Fri Mar 11 00:26:02 UTC 2016 x86_64
libc:glibc 2.19 NPTL 2.19 
rlimit: STACK 8192k, CORE 0k, NPROC 15363, NOFILE 4096, AS infinity
load average:3,06 1,53 1,04

/proc/meminfo:
MemTotal:        3954432 kB
MemFree:          118232 kB
MemAvailable:      81252 kB
Buffers:            1392 kB
Cached:           500472 kB
SwapCached:            0 kB
Active:          3235316 kB
Inactive:         436420 kB
Active(anon):    3204168 kB
Inactive(anon):   402232 kB
Active(file):      31148 kB
Inactive(file):    34188 kB
Unevictable:          32 kB
Mlocked:              32 kB
SwapTotal:             0 kB
SwapFree:              0 kB
Dirty:                92 kB
Writeback:             0 kB
AnonPages:       3170200 kB
Mapped:           154104 kB
Shmem:            436312 kB
Slab:              60016 kB
SReclaimable:      29648 kB
SUnreclaim:        30368 kB
KernelStack:        8800 kB
PageTables:        35216 kB
NFS_Unstable:          0 kB
Bounce:                0 kB
WritebackTmp:          0 kB
CommitLimit:     1977216 kB
Committed_AS:    6651968 kB
VmallocTotal:   34359738367 kB
VmallocUsed:      407512 kB
VmallocChunk:   34359320152 kB
HardwareCorrupted:     0 kB
AnonHugePages:   1878016 kB
HugePages_Total:       0
HugePages_Free:        0
HugePages_Rsvd:        0
HugePages_Surp:        0
Hugepagesize:       2048 kB
DirectMap4k:      112000 kB
DirectMap2M:     3989504 kB


CPU:total 4 (2 cores per cpu, 2 threads per core) family 6 model 42 stepping 7, cmov, cx8, fxsr, mmx, sse, sse2, sse3, ssse3, sse4.1, sse4.2, popcnt, avx, ht, tsc, tscinvbit

/proc/cpuinfo:
processor	: 0
vendor_id	: GenuineIntel
cpu family	: 6
model		: 42
model name	: Intel(R) Core(TM) i3-2330M CPU @ 2.20GHz
stepping	: 7
microcode	: 0x15
cpu MHz		: 2200.000
cache size	: 3072 KB
physical id	: 0
siblings	: 4
core id		: 0
cpu cores	: 2
apicid		: 0
initial apicid	: 0
fpu		: yes
fpu_exception	: yes
cpuid level	: 13
wp		: yes
flags		: fpu vme de pse tsc msr pae mce cx8 apic sep mtrr pge mca cmov pat pse36 clflush dts acpi mmx fxsr sse sse2 ss ht tm pbe syscall nx rdtscp lm constant_tsc arch_perfmon pebs bts rep_good nopl xtopology nonstop_tsc aperfmperf eagerfpu pni pclmulqdq dtes64 monitor ds_cpl vmx est tm2 ssse3 cx16 xtpr pdcm pcid sse4_1 sse4_2 x2apic popcnt tsc_deadline_timer xsave avx lahf_lm arat epb xsaveopt pln pts dtherm tpr_shadow vnmi flexpriority ept vpid
bogomips	: 4390.28
clflush size	: 64
cache_alignment	: 64
address sizes	: 36 bits physical, 48 bits virtual
power management:

processor	: 1
vendor_id	: GenuineIntel
cpu family	: 6
model		: 42
model name	: Intel(R) Core(TM) i3-2330M CPU @ 2.20GHz
stepping	: 7
microcode	: 0x15
cpu MHz		: 2200.000
cache size	: 3072 KB
physical id	: 0
siblings	: 4
core id		: 1
cpu cores	: 2
apicid		: 2
initial apicid	: 2
fpu		: yes
fpu_exception	: yes
cpuid level	: 13
wp		: yes
flags		: fpu vme de pse tsc msr pae mce cx8 apic sep mtrr pge mca cmov pat pse36 clflush dts acpi mmx fxsr sse sse2 ss ht tm pbe syscall nx rdtscp lm constant_tsc arch_perfmon pebs bts rep_good nopl xtopology nonstop_tsc aperfmperf eagerfpu pni pclmulqdq dtes64 monitor ds_cpl vmx est tm2 ssse3 cx16 xtpr pdcm pcid sse4_1 sse4_2 x2apic popcnt tsc_deadline_timer xsave avx lahf_lm arat epb xsaveopt pln pts dtherm tpr_shadow vnmi flexpriority ept vpid
bogomips	: 4390.28
clflush size	: 64
cache_alignment	: 64
address sizes	: 36 bits physical, 48 bits virtual
power management:

processor	: 2
vendor_id	: GenuineIntel
cpu family	: 6
model		: 42
model name	: Intel(R) Core(TM) i3-2330M CPU @ 2.20GHz
stepping	: 7
microcode	: 0x15
cpu MHz		: 2200.000
cache size	: 3072 KB
physical id	: 0
siblings	: 4
core id		: 0
cpu cores	: 2
apicid		: 1
initial apicid	: 1
fpu		: yes
fpu_exception	: yes
cpuid level	: 13
wp		: yes
flags		: fpu vme de pse tsc msr pae mce cx8 apic sep mtrr pge mca cmov pat pse36 clflush dts acpi mmx fxsr sse sse2 ss ht tm pbe syscall nx rdtscp lm constant_tsc arch_perfmon pebs bts rep_good nopl xtopology nonstop_tsc aperfmperf eagerfpu pni pclmulqdq dtes64 monitor ds_cpl vmx est tm2 ssse3 cx16 xtpr pdcm pcid sse4_1 sse4_2 x2apic popcnt tsc_deadline_timer xsave avx lahf_lm arat epb xsaveopt pln pts dtherm tpr_shadow vnmi flexpriority ept vpid
bogomips	: 4390.28
clflush size	: 64
cache_alignment	: 64
address sizes	: 36 bits physical, 48 bits virtual
power management:

processor	: 3
vendor_id	: GenuineIntel
cpu family	: 6
model		: 42
model name	: Intel(R) Core(TM) i3-2330M CPU @ 2.20GHz
stepping	: 7
microcode	: 0x15
cpu MHz		: 2200.000
cache size	: 3072 KB
physical id	: 0
siblings	: 4
core id		: 1
cpu cores	: 2
apicid		: 3
initial apicid	: 3
fpu		: yes
fpu_exception	: yes
cpuid level	: 13
wp		: yes
flags		: fpu vme de pse tsc msr pae mce cx8 apic sep mtrr pge mca cmov pat pse36 clflush dts acpi mmx fxsr sse sse2 ss ht tm pbe syscall nx rdtscp lm constant_tsc arch_perfmon pebs bts rep_good nopl xtopology nonstop_tsc aperfmperf eagerfpu pni pclmulqdq dtes64 monitor ds_cpl vmx est tm2 ssse3 cx16 xtpr pdcm pcid sse4_1 sse4_2 x2apic popcnt tsc_deadline_timer xsave avx lahf_lm arat epb xsaveopt pln pts dtherm tpr_shadow vnmi flexpriority ept vpid
bogomips	: 4390.28
clflush size	: 64
cache_alignment	: 64
address sizes	: 36 bits physical, 48 bits virtual
power management:



Memory: 4k page, physical 3954432k(118232k free), swap 0k(0k free)

vm_info: Java HotSpot(TM) 64-Bit Server VM (24.79-b02) for linux-amd64 JRE (1.7.0_79-b15), built on Apr 10 2015 11:34:48 by "java_re" with gcc 4.3.0 20080428 (Red Hat 4.3.0-8)

time: Wed May 18 16:33:25 2016
elapsed time: 22 seconds

