#
# There is insufficient memory for the Java Runtime Environment to continue.
# Native memory allocation (malloc) failed to allocate 92274688 bytes for committing reserved memory.
# Possible reasons:
#   The system is out of physical RAM or swap space
#   In 32 bit mode, the process size limit was hit
# Possible solutions:
#   Reduce memory load on the system
#   Increase physical memory or swap space
#   Check if swap backing store is full
#   Use 64 bit Java on a 64 bit OS
#   Decrease Java heap size (-Xmx/-Xms)
#   Decrease number of Java threads
#   Decrease Java thread stack sizes (-Xss)
#   Set larger code cache with -XX:ReservedCodeCacheSize=
# This output file may be truncated or incomplete.
#
#  Out of Memory Error (os_linux.cpp:2756), pid=8845, tid=139958438733568
#
# JRE version: Java(TM) SE Runtime Environment (7.0_79-b15) (build 1.7.0_79-b15)
# Java VM: Java HotSpot(TM) 64-Bit Server VM (24.79-b02 mixed mode linux-amd64 compressed oops)
# Failed to write core dump. Core dumps have been disabled. To enable core dumping, try "ulimit -c unlimited" before starting Java again
#

---------------  T H R E A D  ---------------

Current thread (0x00007f4aa806a000):  VMThread [stack: 0x00007f4a9cf62000,0x00007f4a9d063000] [id=8854]

Stack: [0x00007f4a9cf62000,0x00007f4a9d063000],  sp=0x00007f4a9d061320,  free space=1020k
Native frames: (J=compiled Java code, j=interpreted, Vv=VM code, C=native code)
V  [libjvm.so+0x9a32da]  VMError::report_and_die()+0x2ea
V  [libjvm.so+0x497f7b]  report_vm_out_of_memory(char const*, int, unsigned long, char const*)+0x9b
V  [libjvm.so+0x81fcce]  os::Linux::commit_memory_impl(char*, unsigned long, bool)+0xfe
V  [libjvm.so+0x820219]  os::pd_commit_memory(char*, unsigned long, unsigned long, bool)+0x29
V  [libjvm.so+0x819faa]  os::commit_memory(char*, unsigned long, unsigned long, bool)+0x2a
V  [libjvm.so+0x88d863]  PSVirtualSpace::expand_by(unsigned long)+0x53
V  [libjvm.so+0x87ccc0]  PSOldGen::expand(unsigned long)+0x170
V  [libjvm.so+0x87cecb]  PSOldGen::resize(unsigned long)+0x1cb
V  [libjvm.so+0x885b91]  PSParallelCompact::invoke_no_policy(bool)+0x9b1
V  [libjvm.so+0x88bb0d]  PSScavenge::invoke()+0x1ad
V  [libjvm.so+0x842320]  ParallelScavengeHeap::failed_mem_allocate(unsigned long)+0x70
V  [libjvm.so+0x9a4b67]  VM_ParallelGCFailedAllocation::doit()+0x97
V  [libjvm.so+0x9ac005]  VM_Operation::evaluate()+0x55
V  [libjvm.so+0x9aa3ca]  VMThread::evaluate_operation(VM_Operation*)+0xba
V  [libjvm.so+0x9aa74e]  VMThread::loop()+0x1ce
V  [libjvm.so+0x9aabc0]  VMThread::run()+0x70
V  [libjvm.so+0x821ca8]  java_start(Thread*)+0x108

VM_Operation (0x00007f4a97bd6110): ParallelGCFailedAllocation, mode: safepoint, requested by thread 0x00007f4aa819f000


---------------  P R O C E S S  ---------------

Java Threads: ( => current thread )
  0x00007f4aa819f000 JavaThread "pool-1-thread-1" [_thread_blocked, id=8867, stack(0x00007f4a97ad7000,0x00007f4a97bd8000)]
  0x00007f4aa809a000 JavaThread "Service Thread" daemon [_thread_blocked, id=8860, stack(0x00007f4a9c279000,0x00007f4a9c37a000)]
  0x00007f4aa8097800 JavaThread "C2 CompilerThread1" daemon [_thread_blocked, id=8859, stack(0x00007f4a9c37a000,0x00007f4a9c47b000)]
  0x00007f4aa8094800 JavaThread "C2 CompilerThread0" daemon [_thread_blocked, id=8858, stack(0x00007f4a9c47b000,0x00007f4a9c57c000)]
  0x00007f4aa8092800 JavaThread "Signal Dispatcher" daemon [_thread_blocked, id=8857, stack(0x00007f4a9c57c000,0x00007f4a9c67d000)]
  0x00007f4aa8070800 JavaThread "Finalizer" daemon [_thread_blocked, id=8856, stack(0x00007f4a9cd60000,0x00007f4a9ce61000)]
  0x00007f4aa806e800 JavaThread "Reference Handler" daemon [_thread_blocked, id=8855, stack(0x00007f4a9ce61000,0x00007f4a9cf62000)]
  0x00007f4aa800a000 JavaThread "main" [_thread_blocked, id=8849, stack(0x00007f4aaecd2000,0x00007f4aaedd3000)]

Other Threads:
=>0x00007f4aa806a000 VMThread [stack: 0x00007f4a9cf62000,0x00007f4a9d063000] [id=8854]
  0x00007f4aa80a5000 WatcherThread [stack: 0x00007f4a9c178000,0x00007f4a9c279000] [id=8861]

VM state:at safepoint (normal execution)

VM Mutex/Monitor currently owned by a thread:  ([mutex/lock_event])
[0x00007f4aa8006160] ExpandHeap_lock - owner thread: 0x00007f4aa806a000
[0x00007f4aa80067e0] Threads_lock - owner thread: 0x00007f4aa806a000
[0x00007f4aa8006ce0] Heap_lock - owner thread: 0x00007f4aa819f000

Heap
 PSYoungGen      total 267776K, used 40959K [0x00000000eaa80000, 0x0000000100000000, 0x0000000100000000)
  eden space 202240K, 0% used [0x00000000eaa80000,0x00000000eaa80000,0x00000000f7000000)
  from space 65536K, 62% used [0x00000000fc000000,0x00000000fe7ffc28,0x0000000100000000)
  to   space 73728K, 0% used [0x00000000f7000000,0x00000000f7000000,0x00000000fb800000)
 ParOldGen       total 137216K, used 137213K [0x00000000c0000000, 0x00000000c8600000, 0x00000000eaa80000)
  object space 137216K, 99% used [0x00000000c0000000,0x00000000c85ff478,0x00000000c8600000)
 PSPermGen       total 21504K, used 6204K [0x00000000bae00000, 0x00000000bc300000, 0x00000000c0000000)
  object space 21504K, 28% used [0x00000000bae00000,0x00000000bb40f1e0,0x00000000bc300000)

Card table byte_map: [0x00007f4aa4bbb000,0x00007f4aa4de5000] byte_map_base: 0x00007f4aa45e4000

Polling page: 0x00007f4aaedf8000

Code Cache  [0x00007f4aa4de5000, 0x00007f4aa51f5000, 0x00007f4aa7de5000)
 total_blobs=1380 nmethods=1150 adapters=183 free_code_cache=45053Kb largest_free_block=46075328

Compilation events (10 events):
Event: 17,689 Thread 0x00007f4aa8094800 nmethod 1154 0x00007f4aa4f6af50 code [0x00007f4aa4f6b100, 0x00007f4aa4f6b8c8]
Event: 17,690 Thread 0x00007f4aa8094800 1161             java.util.HashMap$Entry::getKey (5 bytes)
Event: 17,690 Thread 0x00007f4aa8094800 nmethod 1161 0x00007f4aa4fd8b10 code [0x00007f4aa4fd8c40, 0x00007f4aa4fd8c98]
Event: 17,690 Thread 0x00007f4aa8094800 1162             java.util.HashMap$KeyIterator::next (8 bytes)
Event: 17,696 Thread 0x00007f4aa8094800 nmethod 1162 0x00007f4aa4f6be90 code [0x00007f4aa4f6bfe0, 0x00007f4aa4f6c218]
Event: 17,696 Thread 0x00007f4aa8094800 1163             com.android.dx.dex.code.CstInsn::getConstant (5 bytes)
Event: 17,696 Thread 0x00007f4aa8094800 nmethod 1163 0x00007f4aa51ed810 code [0x00007f4aa51ed940, 0x00007f4aa51ed998]
Event: 17,707 Thread 0x00007f4aa8094800 1164             com.android.dx.dex.code.StdCatchBuilder::getCatchTypes (97 bytes)
Event: 17,716 Thread 0x00007f4aa8097800 nmethod 1160 0x00007f4aa51f1e10 code [0x00007f4aa51f20e0, 0x00007f4aa51f3170]
Event: 17,718 Thread 0x00007f4aa8094800 nmethod 1164 0x00007f4aa4f61610 code [0x00007f4aa4f617e0, 0x00007f4aa4f61d08]

GC Heap History (10 events):
Event: 12,909 GC heap after
Heap after GC invocations=12 (full 1):
 PSYoungGen      total 217600K, used 29479K [0x00000000eaa80000, 0x00000000fdc00000, 0x0000000100000000)
  eden space 179712K, 0% used [0x00000000eaa80000,0x00000000eaa80000,0x00000000f5a00000)
  from space 37888K, 77% used [0x00000000f5a00000,0x00000000f76c9da8,0x00000000f7f00000)
  to   space 41472K, 0% used [0x00000000fb380000,0x00000000fb380000,0x00000000fdc00000)
 ParOldGen       total 76800K, used 61747K [0x00000000c0000000, 0x00000000c4b00000, 0x00000000eaa80000)
  object space 76800K, 80% used [0x00000000c0000000,0x00000000c3c4cc78,0x00000000c4b00000)
 PSPermGen       total 21504K, used 6079K [0x00000000bae00000, 0x00000000bc300000, 0x00000000c0000000)
  object space 21504K, 28% used [0x00000000bae00000,0x00000000bb3efc30,0x00000000bc300000)
}
Event: 12,909 GC heap before
{Heap before GC invocations=13 (full 2):
 PSYoungGen      total 217600K, used 29479K [0x00000000eaa80000, 0x00000000fdc00000, 0x0000000100000000)
  eden space 179712K, 0% used [0x00000000eaa80000,0x00000000eaa80000,0x00000000f5a00000)
  from space 37888K, 77% used [0x00000000f5a00000,0x00000000f76c9da8,0x00000000f7f00000)
  to   space 41472K, 0% used [0x00000000fb380000,0x00000000fb380000,0x00000000fdc00000)
 ParOldGen       total 76800K, used 61747K [0x00000000c0000000, 0x00000000c4b00000, 0x00000000eaa80000)
  object space 76800K, 80% used [0x00000000c0000000,0x00000000c3c4cc78,0x00000000c4b00000)
 PSPermGen       total 21504K, used 6079K [0x00000000bae00000, 0x00000000bc300000, 0x00000000c0000000)
  object space 21504K, 28% used [0x00000000bae00000,0x00000000bb3efc30,0x00000000bc300000)
Event: 13,385 GC heap after
Heap after GC invocations=13 (full 2):
 PSYoungGen      total 217600K, used 12881K [0x00000000eaa80000, 0x00000000fdc00000, 0x0000000100000000)
  eden space 179712K, 0% used [0x00000000eaa80000,0x00000000eaa80000,0x00000000f5a00000)
  from space 37888K, 33% used [0x00000000f5a00000,0x00000000f6694668,0x00000000f7f00000)
  to   space 41472K, 0% used [0x00000000fb380000,0x00000000fb380000,0x00000000fdc00000)
 ParOldGen       total 137216K, used 76568K [0x00000000c0000000, 0x00000000c8600000, 0x00000000eaa80000)
  object space 137216K, 55% used [0x00000000c0000000,0x00000000c4ac6080,0x00000000c8600000)
 PSPermGen       total 21504K, used 6078K [0x00000000bae00000, 0x00000000bc300000, 0x00000000c0000000)
  object space 21504K, 28% used [0x00000000bae00000,0x00000000bb3efa70,0x00000000bc300000)
}
Event: 14,322 GC heap before
{Heap before GC invocations=14 (full 2):
 PSYoungGen      total 217600K, used 192593K [0x00000000eaa80000, 0x00000000fdc00000, 0x0000000100000000)
  eden space 179712K, 100% used [0x00000000eaa80000,0x00000000f5a00000,0x00000000f5a00000)
  from space 37888K, 33% used [0x00000000f5a00000,0x00000000f6694668,0x00000000f7f00000)
  to   space 41472K, 0% used [0x00000000fb380000,0x00000000fb380000,0x00000000fdc00000)
 ParOldGen       total 137216K, used 76568K [0x00000000c0000000, 0x00000000c8600000, 0x00000000eaa80000)
  object space 137216K, 55% used [0x00000000c0000000,0x00000000c4ac6080,0x00000000c8600000)
 PSPermGen       total 21504K, used 6091K [0x00000000bae00000, 0x00000000bc300000, 0x00000000c0000000)
  object space 21504K, 28% used [0x00000000bae00000,0x00000000bb3f2dc8,0x00000000bc300000)
Event: 14,421 GC heap after
Heap after GC invocations=14 (full 2):
 PSYoungGen      total 249856K, used 40560K [0x00000000eaa80000, 0x00000000fdb80000, 0x0000000100000000)
  eden space 208896K, 0% used [0x00000000eaa80000,0x00000000eaa80000,0x00000000f7680000)
  from space 40960K, 99% used [0x00000000fb380000,0x00000000fdb1c0c8,0x00000000fdb80000)
  to   space 48128K, 0% used [0x00000000f7d80000,0x00000000f7d80000,0x00000000fac80000)
 ParOldGen       total 137216K, used 76568K [0x00000000c0000000, 0x00000000c8600000, 0x00000000eaa80000)
  object space 137216K, 55% used [0x00000000c0000000,0x00000000c4ac6080,0x00000000c8600000)
 PSPermGen       total 21504K, used 6091K [0x00000000bae00000, 0x00000000bc300000, 0x00000000c0000000)
  object space 21504K, 28% used [0x00000000bae00000,0x00000000bb3f2dc8,0x00000000bc300000)
}
Event: 15,280 GC heap before
{Heap before GC invocations=15 (full 2):
 PSYoungGen      total 249856K, used 249456K [0x00000000eaa80000, 0x00000000fdb80000, 0x0000000100000000)
  eden space 208896K, 100% used [0x00000000eaa80000,0x00000000f7680000,0x00000000f7680000)
  from space 40960K, 99% used [0x00000000fb380000,0x00000000fdb1c0c8,0x00000000fdb80000)
  to   space 48128K, 0% used [0x00000000f7d80000,0x00000000f7d80000,0x00000000fac80000)
 ParOldGen       total 137216K, used 76568K [0x00000000c0000000, 0x00000000c8600000, 0x00000000eaa80000)
  object space 137216K, 55% used [0x00000000c0000000,0x00000000c4ac6080,0x00000000c8600000)
 PSPermGen       total 21504K, used 6107K [0x00000000bae00000, 0x00000000bc300000, 0x00000000c0000000)
  object space 21504K, 28% used [0x00000000bae00000,0x00000000bb3f6e30,0x00000000bc300000)
Event: 15,412 GC heap after
Heap after GC invocations=15 (full 2):
 PSYoungGen      total 264192K, used 48102K [0x00000000eaa80000, 0x0000000100000000, 0x0000000100000000)
  eden space 216064K, 0% used [0x00000000eaa80000,0x00000000eaa80000,0x00000000f7d80000)
  from space 48128K, 99% used [0x00000000f7d80000,0x00000000fac79a10,0x00000000fac80000)
  to   space 65536K, 0% used [0x00000000fc000000,0x00000000fc000000,0x0000000100000000)
 ParOldGen       total 137216K, used 100448K [0x00000000c0000000, 0x00000000c8600000, 0x00000000eaa80000)
  object space 137216K, 73% used [0x00000000c0000000,0x00000000c6218368,0x00000000c8600000)
 PSPermGen       total 21504K, used 6107K [0x00000000bae00000, 0x00000000bc300000, 0x00000000c0000000)
  object space 21504K, 28% used [0x00000000bae00000,0x00000000bb3f6e30,0x00000000bc300000)
}
Event: 17,753 GC heap before
{Heap before GC invocations=16 (full 2):
 PSYoungGen      total 264192K, used 264166K [0x00000000eaa80000, 0x0000000100000000, 0x0000000100000000)
  eden space 216064K, 100% used [0x00000000eaa80000,0x00000000f7d80000,0x00000000f7d80000)
  from space 48128K, 99% used [0x00000000f7d80000,0x00000000fac79a10,0x00000000fac80000)
  to   space 65536K, 0% used [0x00000000fc000000,0x00000000fc000000,0x0000000100000000)
 ParOldGen       total 137216K, used 100448K [0x00000000c0000000, 0x00000000c8600000, 0x00000000eaa80000)
  object space 137216K, 73% used [0x00000000c0000000,0x00000000c6218368,0x00000000c8600000)
 PSPermGen       total 21504K, used 6205K [0x00000000bae00000, 0x00000000bc300000, 0x00000000c0000000)
  object space 21504K, 28% used [0x00000000bae00000,0x00000000bb40f570,0x00000000bc300000)
Event: 17,914 GC heap after
Heap after GC invocations=16 (full 2):
 PSYoungGen      total 267776K, used 56697K [0x00000000eaa80000, 0x0000000100000000, 0x0000000100000000)
  eden space 202240K, 0% used [0x00000000eaa80000,0x00000000eaa80000,0x00000000f7000000)
  from space 65536K, 86% used [0x00000000fc000000,0x00000000ff75e5a0,0x0000000100000000)
  to   space 73728K, 0% used [0x00000000f7000000,0x00000000f7000000,0x00000000fb800000)
 ParOldGen       total 137216K, used 125976K [0x00000000c0000000, 0x00000000c8600000, 0x00000000eaa80000)
  object space 137216K, 91% used [0x00000000c0000000,0x00000000c7b061b0,0x00000000c8600000)
 PSPermGen       total 21504K, used 6205K [0x00000000bae00000, 0x00000000bc300000, 0x00000000c0000000)
  object space 21504K, 28% used [0x00000000bae00000,0x00000000bb40f570,0x00000000bc300000)
}
Event: 17,914 GC heap before
{Heap before GC invocations=17 (full 3):
 PSYoungGen      total 267776K, used 56697K [0x00000000eaa80000, 0x0000000100000000, 0x0000000100000000)
  eden space 202240K, 0% used [0x00000000eaa80000,0x00000000eaa80000,0x00000000f7000000)
  from space 65536K, 86% used [0x00000000fc000000,0x00000000ff75e5a0,0x0000000100000000)
  to   space 73728K, 0% used [0x00000000f7000000,0x00000000f7000000,0x00000000fb800000)
 ParOldGen       total 137216K, used 125976K [0x00000000c0000000, 0x00000000c8600000, 0x00000000eaa80000)
  object space 137216K, 91% used [0x00000000c0000000,0x00000000c7b061b0,0x00000000c8600000)
 PSPermGen       total 21504K, used 6205K [0x00000000bae00000, 0x00000000bc300000, 0x00000000c0000000)
  object space 21504K, 28% used [0x00000000bae00000,0x00000000bb40f570,0x00000000bc300000)

Deoptimization events (10 events):
Event: 15,488 Thread 0x00007f4aa81a8000 Uncommon trap: reason=class_check action=maybe_recompile pc=0x00007f4aa4e4fca0 method=java.util.regex.Matcher.search(I)Z @ 86
Event: 15,490 Thread 0x00007f4aa81a8000 Uncommon trap: reason=unloaded action=reinterpret pc=0x00007f4aa4e57174 method=java.util.regex.Matcher.replaceAll(Ljava/lang/String;)Ljava/lang/String; @ 14
Event: 15,590 Thread 0x00007f4aa819f000 Uncommon trap: reason=bimorphic action=maybe_recompile pc=0x00007f4aa50c178c method=com.android.dx.cf.code.BytecodeArray.parseInstruction(ILcom/android/dx/cf/code/BytecodeArray$Visitor;)I @ 2554
Event: 15,597 Thread 0x00007f4aa819f000 Uncommon trap: reason=bimorphic action=maybe_recompile pc=0x00007f4aa50c178c method=com.android.dx.cf.code.BytecodeArray.parseInstruction(ILcom/android/dx/cf/code/BytecodeArray$Visitor;)I @ 2554
Event: 15,641 Thread 0x00007f4aa81a6800 Uncommon trap: reason=unreached action=reinterpret pc=0x00007f4aa4f1d7ac method=com.android.dx.ssa.PhiTypeResolver.resolveResultType(Lcom/android/dx/ssa/PhiInsn;)Z @ 64
Event: 15,726 Thread 0x00007f4aa800a000 Uncommon trap: reason=bimorphic action=maybe_recompile pc=0x00007f4aa50c178c method=com.android.dx.cf.code.BytecodeArray.parseInstruction(ILcom/android/dx/cf/code/BytecodeArray$Visitor;)I @ 2554
Event: 15,726 Thread 0x00007f4aa800a000 Uncommon trap: reason=bimorphic action=maybe_recompile pc=0x00007f4aa50c178c method=com.android.dx.cf.code.BytecodeArray.parseInstruction(ILcom/android/dx/cf/code/BytecodeArray$Visitor;)I @ 2554
Event: 15,970 Thread 0x00007f4aa81a8000 Uncommon trap: reason=unreached action=reinterpret pc=0x00007f4aa4fbbca4 method=com.android.dx.rop.code.LocalItem.compareHandlesNulls(Lcom/android/dx/rop/cst/CstString;Lcom/android/dx/rop/cst/CstString;)I @ 8
Event: 15,970 Thread 0x00007f4aa81a8000 Uncommon trap: reason=unreached action=reinterpret pc=0x00007f4aa5106e70 method=com.android.dx.rop.code.LocalItem.compareHandlesNulls(Lcom/android/dx/rop/cst/CstString;Lcom/android/dx/rop/cst/CstString;)I @ 8
Event: 15,970 Thread 0x00007f4aa81a8000 Uncommon trap: reason=unreached action=reinterpret pc=0x00007f4aa5038700 method=com.android.dx.rop.code.LocalItem.compareHandlesNulls(Lcom/android/dx/rop/cst/CstString;Lcom/android/dx/rop/cst/CstString;)I @ 8

Internal exceptions (10 events):
Event: 15,122 Thread 0x00007f4aa819f000 Implicit null exception at 0x00007f4aa50775fc to 0x00007f4aa5081e59
Event: 15,136 Thread 0x00007f4aa81a6800 Implicit null exception at 0x00007f4aa5043cab to 0x00007f4aa504488d
Event: 15,172 Thread 0x00007f4aa800a000 Threw 0x00000000f52f5be8 at /HUDSON/workspace/7u-2-build-linux-amd64/jdk7u79/2331/hotspot/src/share/vm/prims/jvm.cpp:1304
Event: 15,641 Thread 0x00007f4aa81a6800 Implicit null exception at 0x00007f4aa4f1ccda to 0x00007f4aa4f1d789
Event: 15,969 Thread 0x00007f4aa81a8000 Implicit null exception at 0x00007f4aa4fbba24 to 0x00007f4aa4fbbc91
Event: 15,970 Thread 0x00007f4aa81a8000 Implicit null exception at 0x00007f4aa5106182 to 0x00007f4aa5106e3d
Event: 15,970 Thread 0x00007f4aa81a8000 Implicit null exception at 0x00007f4aa503847b to 0x00007f4aa50386ed
Event: 16,174 Thread 0x00007f4aa800a000 Threw 0x00000000f6e9b1e8 at /HUDSON/workspace/7u-2-build-linux-amd64/jdk7u79/2331/hotspot/src/share/vm/prims/jvm.cpp:1304
Event: 16,193 Thread 0x00007f4aa819f000 Threw 0x00000000f76b5980 at /HUDSON/workspace/7u-2-build-linux-amd64/jdk7u79/2331/hotspot/src/share/vm/prims/jvm.cpp:1304
Event: 16,477 Thread 0x00007f4aa819f000 Threw 0x00000000f787a9c8 at /HUDSON/workspace/7u-2-build-linux-amd64/jdk7u79/2331/hotspot/src/share/vm/prims/jvm.cpp:1304

Events (10 events):
Event: 16,193 loading class 0x00007f4a5c001670 done
Event: 16,477 loading class 0x00007f4a6c001a10
Event: 16,477 loading class 0x00007f4a6c001a10 done
Event: 17,509 Thread 0x00007f4aa8097800 flushing nmethod 0x00007f4aa4f5b050
Event: 17,509 Thread 0x00007f4aa8097800 flushing nmethod 0x00007f4aa4f5ef50
Event: 17,509 Thread 0x00007f4aa8097800 flushing nmethod 0x00007f4aa4f60e90
Event: 17,509 Thread 0x00007f4aa8097800 flushing nmethod 0x00007f4aa4f78e50
Event: 17,517 Thread 0x00007f4aa8097800 flushing nmethod 0x00007f4aa4f9dad0
Event: 17,517 Thread 0x00007f4aa8097800 flushing nmethod 0x00007f4aa4fd67d0
Event: 17,753 Executing VM operation: ParallelGCFailedAllocation


Dynamic libraries:
00400000-00401000 r-xp 00000000 08:06 3546141                            /usr/lib/jvm/jdk-7-eseo-oracle-x64/bin/java
00600000-00601000 rw-p 00000000 08:06 3546141                            /usr/lib/jvm/jdk-7-eseo-oracle-x64/bin/java
0213b000-0215c000 rw-p 00000000 00:00 0                                  [heap]
bae00000-bc300000 rw-p 00000000 00:00 0 
bc300000-c0000000 rw-p 00000000 00:00 0 
c0000000-c8600000 rw-p 00000000 00:00 0 
cde00000-eaa80000 rw-p 00000000 00:00 0 
eaa80000-100000000 rw-p 00000000 00:00 0 
7f4a58000000-7f4a58021000 rw-p 00000000 00:00 0 
7f4a58021000-7f4a5c000000 ---p 00000000 00:00 0 
7f4a5c000000-7f4a5c02c000 rw-p 00000000 00:00 0 
7f4a5c02c000-7f4a60000000 ---p 00000000 00:00 0 
7f4a60000000-7f4a60021000 rw-p 00000000 00:00 0 
7f4a60021000-7f4a64000000 ---p 00000000 00:00 0 
7f4a64000000-7f4a6402c000 rw-p 00000000 00:00 0 
7f4a6402c000-7f4a68000000 ---p 00000000 00:00 0 
7f4a68000000-7f4a68021000 rw-p 00000000 00:00 0 
7f4a68021000-7f4a6c000000 ---p 00000000 00:00 0 
7f4a6c000000-7f4a6c030000 rw-p 00000000 00:00 0 
7f4a6c030000-7f4a70000000 ---p 00000000 00:00 0 
7f4a70000000-7f4a72604000 rw-p 00000000 00:00 0 
7f4a72604000-7f4a74000000 ---p 00000000 00:00 0 
7f4a74000000-7f4a74021000 rw-p 00000000 00:00 0 
7f4a74021000-7f4a78000000 ---p 00000000 00:00 0 
7f4a78000000-7f4a78021000 rw-p 00000000 00:00 0 
7f4a78021000-7f4a7c000000 ---p 00000000 00:00 0 
7f4a7c000000-7f4a7dd16000 rw-p 00000000 00:00 0 
7f4a7dd16000-7f4a80000000 ---p 00000000 00:00 0 
7f4a80000000-7f4a80021000 rw-p 00000000 00:00 0 
7f4a80021000-7f4a84000000 ---p 00000000 00:00 0 
7f4a84000000-7f4a84021000 rw-p 00000000 00:00 0 
7f4a84021000-7f4a88000000 ---p 00000000 00:00 0 
7f4a88000000-7f4a88021000 rw-p 00000000 00:00 0 
7f4a88021000-7f4a8c000000 ---p 00000000 00:00 0 
7f4a8c000000-7f4a8c24f000 rw-p 00000000 00:00 0 
7f4a8c24f000-7f4a90000000 ---p 00000000 00:00 0 
7f4a90000000-7f4a90021000 rw-p 00000000 00:00 0 
7f4a90021000-7f4a94000000 ---p 00000000 00:00 0 
7f4a977d4000-7f4a977d7000 ---p 00000000 00:00 0 
7f4a977d7000-7f4a978d5000 rw-p 00000000 00:00 0 
7f4a978d5000-7f4a978d8000 ---p 00000000 00:00 0 
7f4a978d8000-7f4a979d6000 rw-p 00000000 00:00 0 
7f4a979d6000-7f4a979d9000 ---p 00000000 00:00 0 
7f4a979d9000-7f4a97ad7000 rw-p 00000000 00:00 0 
7f4a97ad7000-7f4a97ada000 ---p 00000000 00:00 0 
7f4a97ada000-7f4a97bd8000 rw-p 00000000 00:00 0                          [stack:8867]
7f4a97bd8000-7f4a97bee000 r-xp 00000000 08:06 3551968                    /usr/lib/jvm/jdk-7-eseo-oracle-x64/jre/lib/amd64/libnet.so
7f4a97bee000-7f4a97dee000 ---p 00016000 08:06 3551968                    /usr/lib/jvm/jdk-7-eseo-oracle-x64/jre/lib/amd64/libnet.so
7f4a97dee000-7f4a97def000 rw-p 00016000 08:06 3551968                    /usr/lib/jvm/jdk-7-eseo-oracle-x64/jre/lib/amd64/libnet.so
7f4a97def000-7f4a97dff000 r-xp 00000000 08:06 3551950                    /usr/lib/jvm/jdk-7-eseo-oracle-x64/jre/lib/amd64/libnio.so
7f4a97dff000-7f4a97fff000 ---p 00010000 08:06 3551950                    /usr/lib/jvm/jdk-7-eseo-oracle-x64/jre/lib/amd64/libnio.so
7f4a97fff000-7f4a98000000 rw-p 00010000 08:06 3551950                    /usr/lib/jvm/jdk-7-eseo-oracle-x64/jre/lib/amd64/libnio.so
7f4a98000000-7f4a98021000 rw-p 00000000 00:00 0 
7f4a98021000-7f4a9c000000 ---p 00000000 00:00 0 
7f4a9c048000-7f4a9c04b000 ---p 00000000 00:00 0 
7f4a9c04b000-7f4a9c149000 rw-p 00000000 00:00 0 
7f4a9c178000-7f4a9c179000 ---p 00000000 00:00 0 
7f4a9c179000-7f4a9c279000 rw-p 00000000 00:00 0                          [stack:8861]
7f4a9c279000-7f4a9c27c000 ---p 00000000 00:00 0 
7f4a9c27c000-7f4a9c37a000 rw-p 00000000 00:00 0                          [stack:8860]
7f4a9c37a000-7f4a9c37d000 ---p 00000000 00:00 0 
7f4a9c37d000-7f4a9c47b000 rw-p 00000000 00:00 0                          [stack:8859]
7f4a9c47b000-7f4a9c47e000 ---p 00000000 00:00 0 
7f4a9c47e000-7f4a9c57c000 rw-p 00000000 00:00 0                          [stack:8858]
7f4a9c57c000-7f4a9c57f000 ---p 00000000 00:00 0 
7f4a9c57f000-7f4a9c67d000 rw-p 00000000 00:00 0                          [stack:8857]
7f4a9c67d000-7f4a9cd60000 r--p 00000000 08:06 3546432                    /usr/lib/locale/locale-archive
7f4a9cd60000-7f4a9cd63000 ---p 00000000 00:00 0 
7f4a9cd63000-7f4a9ce61000 rw-p 00000000 00:00 0                          [stack:8856]
7f4a9ce61000-7f4a9ce64000 ---p 00000000 00:00 0 
7f4a9ce64000-7f4a9cf62000 rw-p 00000000 00:00 0                          [stack:8855]
7f4a9cf62000-7f4a9cf63000 ---p 00000000 00:00 0 
7f4a9cf63000-7f4aa0000000 rw-p 00000000 00:00 0                          [stack:8854]
7f4aa0000000-7f4aa0021000 rw-p 00000000 00:00 0 
7f4aa0021000-7f4aa4000000 ---p 00000000 00:00 0 
7f4aa402c000-7f4aa42fd000 rw-p 00000000 00:00 0 
7f4aa42fd000-7f4aa44bd000 r--s 039f7000 08:06 3552546                    /usr/lib/jvm/jdk-7-eseo-oracle-x64/jre/lib/rt.jar
7f4aa44bd000-7f4aa47b7000 rw-p 00000000 00:00 0 
7f4aa47b7000-7f4aa47b8000 ---p 00000000 00:00 0 
7f4aa47b8000-7f4aa48b8000 rw-p 00000000 00:00 0                          [stack:8853]
7f4aa48b8000-7f4aa48b9000 ---p 00000000 00:00 0 
7f4aa48b9000-7f4aa49b9000 rw-p 00000000 00:00 0                          [stack:8852]
7f4aa49b9000-7f4aa49ba000 ---p 00000000 00:00 0 
7f4aa49ba000-7f4aa4aba000 rw-p 00000000 00:00 0                          [stack:8851]
7f4aa4aba000-7f4aa4abb000 ---p 00000000 00:00 0 
7f4aa4abb000-7f4aa4bc6000 rw-p 00000000 00:00 0                          [stack:8850]
7f4aa4bc6000-7f4aa4be4000 rw-p 00000000 00:00 0 
7f4aa4be4000-7f4aa4c27000 rw-p 00000000 00:00 0 
7f4aa4c27000-7f4aa4d39000 rw-p 00000000 00:00 0 
7f4aa4d39000-7f4aa4de4000 rw-p 00000000 00:00 0 
7f4aa4de4000-7f4aa4de5000 rw-p 00000000 00:00 0 
7f4aa4de5000-7f4aa51f5000 rwxp 00000000 00:00 0 
7f4aa51f5000-7f4aa7de5000 rw-p 00000000 00:00 0 
7f4aa7de5000-7f4aa7dff000 r-xp 00000000 08:06 3551970                    /usr/lib/jvm/jdk-7-eseo-oracle-x64/jre/lib/amd64/libzip.so
7f4aa7dff000-7f4aa7fff000 ---p 0001a000 08:06 3551970                    /usr/lib/jvm/jdk-7-eseo-oracle-x64/jre/lib/amd64/libzip.so
7f4aa7fff000-7f4aa8000000 rw-p 0001a000 08:06 3551970                    /usr/lib/jvm/jdk-7-eseo-oracle-x64/jre/lib/amd64/libzip.so
7f4aa8000000-7f4aa8217000 rw-p 00000000 00:00 0 
7f4aa8217000-7f4aac000000 ---p 00000000 00:00 0 
7f4aac016000-7f4aac06a000 rw-p 00000000 00:00 0 
7f4aac06a000-7f4aac088000 rw-p 00000000 00:00 0 
7f4aac088000-7f4aac0cb000 rw-p 00000000 00:00 0 
7f4aac0cb000-7f4aac1de000 rw-p 00000000 00:00 0 
7f4aac1de000-7f4aac1e9000 r-xp 00000000 08:06 3149790                    /lib/x86_64-linux-gnu/libnss_files-2.19.so
7f4aac1e9000-7f4aac3e8000 ---p 0000b000 08:06 3149790                    /lib/x86_64-linux-gnu/libnss_files-2.19.so
7f4aac3e8000-7f4aac3e9000 r--p 0000a000 08:06 3149790                    /lib/x86_64-linux-gnu/libnss_files-2.19.so
7f4aac3e9000-7f4aac3ea000 rw-p 0000b000 08:06 3149790                    /lib/x86_64-linux-gnu/libnss_files-2.19.so
7f4aac3ea000-7f4aac3f5000 r-xp 00000000 08:06 3145826                    /lib/x86_64-linux-gnu/libnss_nis-2.19.so
7f4aac3f5000-7f4aac5f4000 ---p 0000b000 08:06 3145826                    /lib/x86_64-linux-gnu/libnss_nis-2.19.so
7f4aac5f4000-7f4aac5f5000 r--p 0000a000 08:06 3145826                    /lib/x86_64-linux-gnu/libnss_nis-2.19.so
7f4aac5f5000-7f4aac5f6000 rw-p 0000b000 08:06 3145826                    /lib/x86_64-linux-gnu/libnss_nis-2.19.so
7f4aac5f6000-7f4aac60d000 r-xp 00000000 08:06 3145822                    /lib/x86_64-linux-gnu/libnsl-2.19.so
7f4aac60d000-7f4aac80c000 ---p 00017000 08:06 3145822                    /lib/x86_64-linux-gnu/libnsl-2.19.so
7f4aac80c000-7f4aac80d000 r--p 00016000 08:06 3145822                    /lib/x86_64-linux-gnu/libnsl-2.19.so
7f4aac80d000-7f4aac80e000 rw-p 00017000 08:06 3145822                    /lib/x86_64-linux-gnu/libnsl-2.19.so
7f4aac80e000-7f4aac810000 rw-p 00000000 00:00 0 
7f4aac810000-7f4aac819000 r-xp 00000000 08:06 3145821                    /lib/x86_64-linux-gnu/libnss_compat-2.19.so
7f4aac819000-7f4aaca18000 ---p 00009000 08:06 3145821                    /lib/x86_64-linux-gnu/libnss_compat-2.19.so
7f4aaca18000-7f4aaca19000 r--p 00008000 08:06 3145821                    /lib/x86_64-linux-gnu/libnss_compat-2.19.so
7f4aaca19000-7f4aaca1a000 rw-p 00009000 08:06 3145821                    /lib/x86_64-linux-gnu/libnss_compat-2.19.so
7f4aaca1a000-7f4aaca43000 r-xp 00000000 08:06 3551934                    /usr/lib/jvm/jdk-7-eseo-oracle-x64/jre/lib/amd64/libjava.so
7f4aaca43000-7f4aacc43000 ---p 00029000 08:06 3551934                    /usr/lib/jvm/jdk-7-eseo-oracle-x64/jre/lib/amd64/libjava.so
7f4aacc43000-7f4aacc45000 rw-p 00029000 08:06 3551934                    /usr/lib/jvm/jdk-7-eseo-oracle-x64/jre/lib/amd64/libjava.so
7f4aacc45000-7f4aacc52000 r-xp 00000000 08:06 3551921                    /usr/lib/jvm/jdk-7-eseo-oracle-x64/jre/lib/amd64/libverify.so
7f4aacc52000-7f4aace51000 ---p 0000d000 08:06 3551921                    /usr/lib/jvm/jdk-7-eseo-oracle-x64/jre/lib/amd64/libverify.so
7f4aace51000-7f4aace53000 rw-p 0000c000 08:06 3551921                    /usr/lib/jvm/jdk-7-eseo-oracle-x64/jre/lib/amd64/libverify.so
7f4aace53000-7f4aace5a000 r-xp 00000000 08:06 3145830                    /lib/x86_64-linux-gnu/librt-2.19.so
7f4aace5a000-7f4aad059000 ---p 00007000 08:06 3145830                    /lib/x86_64-linux-gnu/librt-2.19.so
7f4aad059000-7f4aad05a000 r--p 00006000 08:06 3145830                    /lib/x86_64-linux-gnu/librt-2.19.so
7f4aad05a000-7f4aad05b000 rw-p 00007000 08:06 3145830                    /lib/x86_64-linux-gnu/librt-2.19.so
7f4aad05b000-7f4aad160000 r-xp 00000000 08:06 3145758                    /lib/x86_64-linux-gnu/libm-2.19.so
7f4aad160000-7f4aad35f000 ---p 00105000 08:06 3145758                    /lib/x86_64-linux-gnu/libm-2.19.so
7f4aad35f000-7f4aad360000 r--p 00104000 08:06 3145758                    /lib/x86_64-linux-gnu/libm-2.19.so
7f4aad360000-7f4aad361000 rw-p 00105000 08:06 3145758                    /lib/x86_64-linux-gnu/libm-2.19.so
7f4aad361000-7f4aaded6000 r-xp 00000000 08:06 3551963                    /usr/lib/jvm/jdk-7-eseo-oracle-x64/jre/lib/amd64/server/libjvm.so
7f4aaded6000-7f4aae0d6000 ---p 00b75000 08:06 3551963                    /usr/lib/jvm/jdk-7-eseo-oracle-x64/jre/lib/amd64/server/libjvm.so
7f4aae0d6000-7f4aae19a000 rw-p 00b75000 08:06 3551963                    /usr/lib/jvm/jdk-7-eseo-oracle-x64/jre/lib/amd64/server/libjvm.so
7f4aae19a000-7f4aae1db000 rw-p 00000000 00:00 0 
7f4aae1db000-7f4aae396000 r-xp 00000000 08:06 3145831                    /lib/x86_64-linux-gnu/libc-2.19.so
7f4aae396000-7f4aae595000 ---p 001bb000 08:06 3145831                    /lib/x86_64-linux-gnu/libc-2.19.so
7f4aae595000-7f4aae599000 r--p 001ba000 08:06 3145831                    /lib/x86_64-linux-gnu/libc-2.19.so
7f4aae599000-7f4aae59b000 rw-p 001be000 08:06 3145831                    /lib/x86_64-linux-gnu/libc-2.19.so
7f4aae59b000-7f4aae5a0000 rw-p 00000000 00:00 0 
7f4aae5a0000-7f4aae5a3000 r-xp 00000000 08:06 3145818                    /lib/x86_64-linux-gnu/libdl-2.19.so
7f4aae5a3000-7f4aae7a2000 ---p 00003000 08:06 3145818                    /lib/x86_64-linux-gnu/libdl-2.19.so
7f4aae7a2000-7f4aae7a3000 r--p 00002000 08:06 3145818                    /lib/x86_64-linux-gnu/libdl-2.19.so
7f4aae7a3000-7f4aae7a4000 rw-p 00003000 08:06 3145818                    /lib/x86_64-linux-gnu/libdl-2.19.so
7f4aae7a4000-7f4aae7ba000 r-xp 00000000 08:06 3546303                    /usr/lib/jvm/jdk-7-eseo-oracle-x64/lib/amd64/jli/libjli.so
7f4aae7ba000-7f4aae9ba000 ---p 00016000 08:06 3546303                    /usr/lib/jvm/jdk-7-eseo-oracle-x64/lib/amd64/jli/libjli.so
7f4aae9ba000-7f4aae9bb000 rw-p 00016000 08:06 3546303                    /usr/lib/jvm/jdk-7-eseo-oracle-x64/lib/amd64/jli/libjli.so
7f4aae9bb000-7f4aae9d4000 r-xp 00000000 08:06 3145823                    /lib/x86_64-linux-gnu/libpthread-2.19.so
7f4aae9d4000-7f4aaebd3000 ---p 00019000 08:06 3145823                    /lib/x86_64-linux-gnu/libpthread-2.19.so
7f4aaebd3000-7f4aaebd4000 r--p 00018000 08:06 3145823                    /lib/x86_64-linux-gnu/libpthread-2.19.so
7f4aaebd4000-7f4aaebd5000 rw-p 00019000 08:06 3145823                    /lib/x86_64-linux-gnu/libpthread-2.19.so
7f4aaebd5000-7f4aaebd9000 rw-p 00000000 00:00 0 
7f4aaebd9000-7f4aaebfc000 r-xp 00000000 08:06 3145824                    /lib/x86_64-linux-gnu/ld-2.19.so
7f4aaec03000-7f4aaec12000 r--s 000df000 08:06 1204723                    /home/divi/Android/Sdk/build-tools/23.0.2/lib/dx.jar
7f4aaec12000-7f4aaec23000 rw-p 00000000 00:00 0 
7f4aaec23000-7f4aaecd2000 rw-p 00000000 00:00 0 
7f4aaecd2000-7f4aaecd5000 ---p 00000000 00:00 0 
7f4aaecd5000-7f4aaedd7000 rw-p 00000000 00:00 0                          [stack:8849]
7f4aaedd8000-7f4aaedef000 rw-p 00000000 00:00 0 
7f4aaedef000-7f4aaedf7000 rw-s 00000000 08:06 3024391                    /tmp/hsperfdata_divi/8845
7f4aaedf7000-7f4aaedf8000 rw-p 00000000 00:00 0 
7f4aaedf8000-7f4aaedf9000 ---p 00000000 00:00 0 
7f4aaedf9000-7f4aaedfb000 rw-p 00000000 00:00 0 
7f4aaedfb000-7f4aaedfc000 r--p 00022000 08:06 3145824                    /lib/x86_64-linux-gnu/ld-2.19.so
7f4aaedfc000-7f4aaedfd000 rw-p 00023000 08:06 3145824                    /lib/x86_64-linux-gnu/ld-2.19.so
7f4aaedfd000-7f4aaedfe000 rw-p 00000000 00:00 0 
7ffe2d62e000-7ffe2d64f000 rw-p 00000000 00:00 0                          [stack]
7ffe2d67e000-7ffe2d680000 r-xp 00000000 00:00 0                          [vdso]
7ffe2d680000-7ffe2d682000 r--p 00000000 00:00 0                          [vvar]
ffffffffff600000-ffffffffff601000 r-xp 00000000 00:00 0                  [vsyscall]

VM Arguments:
jvm_args: -Djava.awt.headless=true -Xmx1024M -Dfile.encoding=UTF-8 -Duser.country=US -Duser.language=en -Duser.variant 
java_command: com.android.dx.command.Main --dex --num-threads=4 --multi-dex --main-dex-list /home/divi/Desktop/ProjetIoT/STIot/app/build/intermediates/multi-dex/debug/maindexlist.txt --output /home/divi/Desktop/ProjetIoT/STIot/app/build/intermediates/transforms/dex/debug/folders/1000/1f/main /home/divi/Desktop/ProjetIoT/STIot/app/build/intermediates/transforms/jarMerging/debug/jars/1/1f/combined.jar
Launcher Type: SUN_STANDARD

Environment Variables:
PATH=/usr/local/sbin:/usr/local/bin:/usr/sbin:/usr/bin:/sbin:/bin:/usr/games:/usr/local/games
LD_LIBRARY_PATH=/opt/android-studio/bin:
SHELL=/bin/bash
DISPLAY=:0

Signal Handlers:
SIGSEGV: [libjvm.so+0x9a3bf0], sa_mask[0]=0x7ffbfeff, sa_flags=0x10000004
SIGBUS: [libjvm.so+0x9a3bf0], sa_mask[0]=0x7ffbfeff, sa_flags=0x10000004
SIGFPE: [libjvm.so+0x81cb60], sa_mask[0]=0x7ffbfeff, sa_flags=0x10000004
SIGPIPE: [libjvm.so+0x81cb60], sa_mask[0]=0x7ffbfeff, sa_flags=0x10000004
SIGXFSZ: [libjvm.so+0x81cb60], sa_mask[0]=0x7ffbfeff, sa_flags=0x10000004
SIGILL: [libjvm.so+0x81cb60], sa_mask[0]=0x7ffbfeff, sa_flags=0x10000004
SIGUSR1: SIG_DFL, sa_mask[0]=0x00000000, sa_flags=0x00000000
SIGUSR2: [libjvm.so+0x81e360], sa_mask[0]=0x00000004, sa_flags=0x10000004
SIGHUP: [libjvm.so+0x81f480], sa_mask[0]=0x7ffbfeff, sa_flags=0x10000004
SIGINT: [libjvm.so+0x81f480], sa_mask[0]=0x7ffbfeff, sa_flags=0x10000004
SIGTERM: [libjvm.so+0x81f480], sa_mask[0]=0x7ffbfeff, sa_flags=0x10000004
SIGQUIT: [libjvm.so+0x81f480], sa_mask[0]=0x7ffbfeff, sa_flags=0x10000004


---------------  S Y S T E M  ---------------

OS:jessie/sid

uname:Linux 3.16.0-67-generic #87~14.04.1-Ubuntu SMP Fri Mar 11 00:26:02 UTC 2016 x86_64
libc:glibc 2.19 NPTL 2.19 
rlimit: STACK 8192k, CORE 0k, NPROC 15363, NOFILE 4096, AS infinity
load average:2,95 1,47 0,98

/proc/meminfo:
MemTotal:        3954432 kB
MemFree:          121584 kB
MemAvailable:      70052 kB
Buffers:            1336 kB
Cached:           547880 kB
SwapCached:            0 kB
Active:          3154492 kB
Inactive:         511096 kB
Active(anon):    3138264 kB
Inactive(anon):   491680 kB
Active(file):      16228 kB
Inactive(file):    19416 kB
Unevictable:          32 kB
Mlocked:              32 kB
SwapTotal:             0 kB
SwapFree:              0 kB
Dirty:               112 kB
Writeback:             0 kB
AnonPages:       3116508 kB
Mapped:           135808 kB
Shmem:            513468 kB
Slab:              61060 kB
SReclaimable:      30232 kB
SUnreclaim:        30828 kB
KernelStack:        9248 kB
PageTables:        37896 kB
NFS_Unstable:          0 kB
Bounce:                0 kB
WritebackTmp:          0 kB
CommitLimit:     1977216 kB
Committed_AS:    6985564 kB
VmallocTotal:   34359738367 kB
VmallocUsed:      407512 kB
VmallocChunk:   34359322200 kB
HardwareCorrupted:     0 kB
AnonHugePages:   1812480 kB
HugePages_Total:       0
HugePages_Free:        0
HugePages_Rsvd:        0
HugePages_Surp:        0
Hugepagesize:       2048 kB
DirectMap4k:      107904 kB
DirectMap2M:     3993600 kB


CPU:total 4 (2 cores per cpu, 2 threads per core) family 6 model 42 stepping 7, cmov, cx8, fxsr, mmx, sse, sse2, sse3, ssse3, sse4.1, sse4.2, popcnt, avx, ht, tsc, tscinvbit

/proc/cpuinfo:
processor	: 0
vendor_id	: GenuineIntel
cpu family	: 6
model		: 42
model name	: Intel(R) Core(TM) i3-2330M CPU @ 2.20GHz
stepping	: 7
microcode	: 0x15
cpu MHz		: 853.445
cache size	: 3072 KB
physical id	: 0
siblings	: 4
core id		: 0
cpu cores	: 2
apicid		: 0
initial apicid	: 0
fpu		: yes
fpu_exception	: yes
cpuid level	: 13
wp		: yes
flags		: fpu vme de pse tsc msr pae mce cx8 apic sep mtrr pge mca cmov pat pse36 clflush dts acpi mmx fxsr sse sse2 ss ht tm pbe syscall nx rdtscp lm constant_tsc arch_perfmon pebs bts rep_good nopl xtopology nonstop_tsc aperfmperf eagerfpu pni pclmulqdq dtes64 monitor ds_cpl vmx est tm2 ssse3 cx16 xtpr pdcm pcid sse4_1 sse4_2 x2apic popcnt tsc_deadline_timer xsave avx lahf_lm arat epb xsaveopt pln pts dtherm tpr_shadow vnmi flexpriority ept vpid
bogomips	: 4389.89
clflush size	: 64
cache_alignment	: 64
address sizes	: 36 bits physical, 48 bits virtual
power management:

processor	: 1
vendor_id	: GenuineIntel
cpu family	: 6
model		: 42
model name	: Intel(R) Core(TM) i3-2330M CPU @ 2.20GHz
stepping	: 7
microcode	: 0x15
cpu MHz		: 885.929
cache size	: 3072 KB
physical id	: 0
siblings	: 4
core id		: 1
cpu cores	: 2
apicid		: 2
initial apicid	: 2
fpu		: yes
fpu_exception	: yes
cpuid level	: 13
wp		: yes
flags		: fpu vme de pse tsc msr pae mce cx8 apic sep mtrr pge mca cmov pat pse36 clflush dts acpi mmx fxsr sse sse2 ss ht tm pbe syscall nx rdtscp lm constant_tsc arch_perfmon pebs bts rep_good nopl xtopology nonstop_tsc aperfmperf eagerfpu pni pclmulqdq dtes64 monitor ds_cpl vmx est tm2 ssse3 cx16 xtpr pdcm pcid sse4_1 sse4_2 x2apic popcnt tsc_deadline_timer xsave avx lahf_lm arat epb xsaveopt pln pts dtherm tpr_shadow vnmi flexpriority ept vpid
bogomips	: 4389.89
clflush size	: 64
cache_alignment	: 64
address sizes	: 36 bits physical, 48 bits virtual
power management:

processor	: 2
vendor_id	: GenuineIntel
cpu family	: 6
model		: 42
model name	: Intel(R) Core(TM) i3-2330M CPU @ 2.20GHz
stepping	: 7
microcode	: 0x15
cpu MHz		: 989.484
cache size	: 3072 KB
physical id	: 0
siblings	: 4
core id		: 0
cpu cores	: 2
apicid		: 1
initial apicid	: 1
fpu		: yes
fpu_exception	: yes
cpuid level	: 13
wp		: yes
flags		: fpu vme de pse tsc msr pae mce cx8 apic sep mtrr pge mca cmov pat pse36 clflush dts acpi mmx fxsr sse sse2 ss ht tm pbe syscall nx rdtscp lm constant_tsc arch_perfmon pebs bts rep_good nopl xtopology nonstop_tsc aperfmperf eagerfpu pni pclmulqdq dtes64 monitor ds_cpl vmx est tm2 ssse3 cx16 xtpr pdcm pcid sse4_1 sse4_2 x2apic popcnt tsc_deadline_timer xsave avx lahf_lm arat epb xsaveopt pln pts dtherm tpr_shadow vnmi flexpriority ept vpid
bogomips	: 4389.89
clflush size	: 64
cache_alignment	: 64
address sizes	: 36 bits physical, 48 bits virtual
power management:

processor	: 3
vendor_id	: GenuineIntel
cpu family	: 6
model		: 42
model name	: Intel(R) Core(TM) i3-2330M CPU @ 2.20GHz
stepping	: 7
microcode	: 0x15
cpu MHz		: 822.937
cache size	: 3072 KB
physical id	: 0
siblings	: 4
core id		: 1
cpu cores	: 2
apicid		: 3
initial apicid	: 3
fpu		: yes
fpu_exception	: yes
cpuid level	: 13
wp		: yes
flags		: fpu vme de pse tsc msr pae mce cx8 apic sep mtrr pge mca cmov pat pse36 clflush dts acpi mmx fxsr sse sse2 ss ht tm pbe syscall nx rdtscp lm constant_tsc arch_perfmon pebs bts rep_good nopl xtopology nonstop_tsc aperfmperf eagerfpu pni pclmulqdq dtes64 monitor ds_cpl vmx est tm2 ssse3 cx16 xtpr pdcm pcid sse4_1 sse4_2 x2apic popcnt tsc_deadline_timer xsave avx lahf_lm arat epb xsaveopt pln pts dtherm tpr_shadow vnmi flexpriority ept vpid
bogomips	: 4389.89
clflush size	: 64
cache_alignment	: 64
address sizes	: 36 bits physical, 48 bits virtual
power management:



Memory: 4k page, physical 3954432k(121584k free), swap 0k(0k free)

vm_info: Java HotSpot(TM) 64-Bit Server VM (24.79-b02) for linux-amd64 JRE (1.7.0_79-b15), built on Apr 10 2015 11:34:48 by "java_re" with gcc 4.3.0 20080428 (Red Hat 4.3.0-8)

time: Tue May 17 16:28:37 2016
elapsed time: 20 seconds

