#
# There is insufficient memory for the Java Runtime Environment to continue.
# Native memory allocation (malloc) failed to allocate 93847552 bytes for committing reserved memory.
# Possible reasons:
#   The system is out of physical RAM or swap space
#   In 32 bit mode, the process size limit was hit
# Possible solutions:
#   Reduce memory load on the system
#   Increase physical memory or swap space
#   Check if swap backing store is full
#   Use 64 bit Java on a 64 bit OS
#   Decrease Java heap size (-Xmx/-Xms)
#   Decrease number of Java threads
#   Decrease Java thread stack sizes (-Xss)
#   Set larger code cache with -XX:ReservedCodeCacheSize=
# This output file may be truncated or incomplete.
#
#  Out of Memory Error (os_linux.cpp:2756), pid=11602, tid=139819179796224
#
# JRE version: Java(TM) SE Runtime Environment (7.0_79-b15) (build 1.7.0_79-b15)
# Java VM: Java HotSpot(TM) 64-Bit Server VM (24.79-b02 mixed mode linux-amd64 compressed oops)
# Failed to write core dump. Core dumps have been disabled. To enable core dumping, try "ulimit -c unlimited" before starting Java again
#

---------------  T H R E A D  ---------------

Current thread (0x00007f2a3406a000):  VMThread [stack: 0x00007f2a307b6000,0x00007f2a308b7000] [id=11612]

Stack: [0x00007f2a307b6000,0x00007f2a308b7000],  sp=0x00007f2a308b50a0,  free space=1020k
Native frames: (J=compiled Java code, j=interpreted, Vv=VM code, C=native code)
V  [libjvm.so+0x9a32da]  VMError::report_and_die()+0x2ea
V  [libjvm.so+0x497f7b]  report_vm_out_of_memory(char const*, int, unsigned long, char const*)+0x9b
V  [libjvm.so+0x81fcce]  os::Linux::commit_memory_impl(char*, unsigned long, bool)+0xfe
V  [libjvm.so+0x820219]  os::pd_commit_memory(char*, unsigned long, unsigned long, bool)+0x29
V  [libjvm.so+0x819faa]  os::commit_memory(char*, unsigned long, unsigned long, bool)+0x2a
V  [libjvm.so+0x88d863]  PSVirtualSpace::expand_by(unsigned long)+0x53
V  [libjvm.so+0x87ccc0]  PSOldGen::expand(unsigned long)+0x170
V  [libjvm.so+0x87cecb]  PSOldGen::resize(unsigned long)+0x1cb
V  [libjvm.so+0x885b91]  PSParallelCompact::invoke_no_policy(bool)+0x9b1
V  [libjvm.so+0x88bb0d]  PSScavenge::invoke()+0x1ad
V  [libjvm.so+0x842320]  ParallelScavengeHeap::failed_mem_allocate(unsigned long)+0x70
V  [libjvm.so+0x9a4b67]  VM_ParallelGCFailedAllocation::doit()+0x97
V  [libjvm.so+0x9ac005]  VM_Operation::evaluate()+0x55
V  [libjvm.so+0x9aa3ca]  VMThread::evaluate_operation(VM_Operation*)+0xba
V  [libjvm.so+0x9aa74e]  VMThread::loop()+0x1ce
V  [libjvm.so+0x9aabc0]  VMThread::run()+0x70
V  [libjvm.so+0x821ca8]  java_start(Thread*)+0x108

VM_Operation (0x00007f2a29162130): ParallelGCFailedAllocation, mode: safepoint, requested by thread 0x00007f2a3419f000


---------------  P R O C E S S  ---------------

Java Threads: ( => current thread )
  0x00007f2a3419f000 JavaThread "pool-1-thread-1" [_thread_blocked, id=11628, stack(0x00007f2a29063000,0x00007f2a29164000)]
  0x00007f2a3409a000 JavaThread "Service Thread" daemon [_thread_blocked, id=11618, stack(0x00007f2a301b0000,0x00007f2a302b1000)]
  0x00007f2a34097800 JavaThread "C2 CompilerThread1" daemon [_thread_blocked, id=11617, stack(0x00007f2a302b1000,0x00007f2a303b2000)]
  0x00007f2a34094800 JavaThread "C2 CompilerThread0" daemon [_thread_blocked, id=11616, stack(0x00007f2a303b2000,0x00007f2a304b3000)]
  0x00007f2a34092800 JavaThread "Signal Dispatcher" daemon [_thread_blocked, id=11615, stack(0x00007f2a304b3000,0x00007f2a305b4000)]
  0x00007f2a34070800 JavaThread "Finalizer" daemon [_thread_blocked, id=11614, stack(0x00007f2a305b4000,0x00007f2a306b5000)]
  0x00007f2a3406e800 JavaThread "Reference Handler" daemon [_thread_blocked, id=11613, stack(0x00007f2a306b5000,0x00007f2a307b6000)]
  0x00007f2a3400a000 JavaThread "main" [_thread_blocked, id=11607, stack(0x00007f2a3c26b000,0x00007f2a3c36c000)]

Other Threads:
=>0x00007f2a3406a000 VMThread [stack: 0x00007f2a307b6000,0x00007f2a308b7000] [id=11612]
  0x00007f2a340a5000 WatcherThread [stack: 0x00007f2a300af000,0x00007f2a301b0000] [id=11619]

VM state:at safepoint (normal execution)

VM Mutex/Monitor currently owned by a thread:  ([mutex/lock_event])
[0x00007f2a34006160] ExpandHeap_lock - owner thread: 0x00007f2a3406a000
[0x00007f2a340067e0] Threads_lock - owner thread: 0x00007f2a3406a000
[0x00007f2a34006ce0] Heap_lock - owner thread: 0x00007f2a3419f000

Heap
 PSYoungGen      total 268800K, used 40556K [0x00000000eaa80000, 0x0000000100000000, 0x0000000100000000)
  eden space 203264K, 0% used [0x00000000eaa80000,0x00000000eaa80000,0x00000000f7100000)
  from space 65536K, 61% used [0x00000000fc000000,0x00000000fe79b1d0,0x0000000100000000)
  to   space 73216K, 0% used [0x00000000f7100000,0x00000000f7100000,0x00000000fb880000)
 ParOldGen       total 138752K, used 138597K [0x00000000c0000000, 0x00000000c8780000, 0x00000000eaa80000)
  object space 138752K, 99% used [0x00000000c0000000,0x00000000c87594b8,0x00000000c8780000)
 PSPermGen       total 21504K, used 6209K [0x00000000bae00000, 0x00000000bc300000, 0x00000000c0000000)
  object space 21504K, 28% used [0x00000000bae00000,0x00000000bb4104b8,0x00000000bc300000)

Card table byte_map: [0x00007f2a39332000,0x00007f2a3955c000] byte_map_base: 0x00007f2a38d5b000

Polling page: 0x00007f2a3c391000

Code Cache  [0x00007f2a31000000, 0x00007f2a31450000, 0x00007f2a34000000)
 total_blobs=1390 nmethods=1160 adapters=183 free_code_cache=44860Kb largest_free_block=45867328

Compilation events (10 events):
Event: 17,861 Thread 0x00007f2a34094800 nmethod 1169 0x00007f2a31440d90 code [0x00007f2a31440f80, 0x00007f2a314417d0]
Event: 17,861 Thread 0x00007f2a34097800 nmethod 1171 0x00007f2a31422cd0 code [0x00007f2a31422e80, 0x00007f2a31423648]
Event: 17,861 Thread 0x00007f2a34094800 1172  s          com.android.dx.dex.file.TypeIdsSection::intern (60 bytes)
Event: 17,861 Thread 0x00007f2a34097800 1173             com.android.dx.rop.code.LocalItem::getName (5 bytes)
Event: 17,861 Thread 0x00007f2a34097800 nmethod 1173 0x00007f2a31422a90 code [0x00007f2a31422bc0, 0x00007f2a31422c18]
Event: 17,861 Thread 0x00007f2a34097800 1174             com.android.dx.rop.code.LocalItem::getSignature (5 bytes)
Event: 17,861 Thread 0x00007f2a34097800 nmethod 1174 0x00007f2a31420a50 code [0x00007f2a31420b80, 0x00007f2a31420bd8]
Event: 17,861 Thread 0x00007f2a34097800 1175             com.android.dx.dex.code.LocalSnapshot::getLocals (5 bytes)
Event: 17,862 Thread 0x00007f2a34097800 nmethod 1175 0x00007f2a31420850 code [0x00007f2a31420980, 0x00007f2a314209d8]
Event: 17,862 Thread 0x00007f2a34097800 1176             com.android.dx.dex.code.StdCatchBuilder::hasAnyCatches (57 bytes)

GC Heap History (10 events):
Event: 12,257 GC heap after
Heap after GC invocations=12 (full 1):
 PSYoungGen      total 219648K, used 29859K [0x00000000eaa80000, 0x00000000fdf80000, 0x0000000100000000)
  eden space 181760K, 0% used [0x00000000eaa80000,0x00000000eaa80000,0x00000000f5c00000)
  from space 37888K, 78% used [0x00000000f5c00000,0x00000000f7928e68,0x00000000f8100000)
  to   space 41472K, 0% used [0x00000000fb700000,0x00000000fb700000,0x00000000fdf80000)
 ParOldGen       total 77312K, used 61619K [0x00000000c0000000, 0x00000000c4b80000, 0x00000000eaa80000)
  object space 77312K, 79% used [0x00000000c0000000,0x00000000c3c2cf60,0x00000000c4b80000)
 PSPermGen       total 21504K, used 6084K [0x00000000bae00000, 0x00000000bc300000, 0x00000000c0000000)
  object space 21504K, 28% used [0x00000000bae00000,0x00000000bb3f11a8,0x00000000bc300000)
}
Event: 12,257 GC heap before
{Heap before GC invocations=13 (full 2):
 PSYoungGen      total 219648K, used 29859K [0x00000000eaa80000, 0x00000000fdf80000, 0x0000000100000000)
  eden space 181760K, 0% used [0x00000000eaa80000,0x00000000eaa80000,0x00000000f5c00000)
  from space 37888K, 78% used [0x00000000f5c00000,0x00000000f7928e68,0x00000000f8100000)
  to   space 41472K, 0% used [0x00000000fb700000,0x00000000fb700000,0x00000000fdf80000)
 ParOldGen       total 77312K, used 61619K [0x00000000c0000000, 0x00000000c4b80000, 0x00000000eaa80000)
  object space 77312K, 79% used [0x00000000c0000000,0x00000000c3c2cf60,0x00000000c4b80000)
 PSPermGen       total 21504K, used 6084K [0x00000000bae00000, 0x00000000bc300000, 0x00000000c0000000)
  object space 21504K, 28% used [0x00000000bae00000,0x00000000bb3f11a8,0x00000000bc300000)
Event: 13,068 GC heap after
Heap after GC invocations=13 (full 2):
 PSYoungGen      total 219648K, used 12830K [0x00000000eaa80000, 0x00000000fdf80000, 0x0000000100000000)
  eden space 181760K, 0% used [0x00000000eaa80000,0x00000000eaa80000,0x00000000f5c00000)
  from space 37888K, 33% used [0x00000000f5c00000,0x00000000f68878e0,0x00000000f8100000)
  to   space 41472K, 0% used [0x00000000fb700000,0x00000000fb700000,0x00000000fdf80000)
 ParOldGen       total 138752K, used 77109K [0x00000000c0000000, 0x00000000c8780000, 0x00000000eaa80000)
  object space 138752K, 55% used [0x00000000c0000000,0x00000000c4b4d750,0x00000000c8780000)
 PSPermGen       total 21504K, used 6083K [0x00000000bae00000, 0x00000000bc300000, 0x00000000c0000000)
  object space 21504K, 28% used [0x00000000bae00000,0x00000000bb3f0f68,0x00000000bc300000)
}
Event: 14,149 GC heap before
{Heap before GC invocations=14 (full 2):
 PSYoungGen      total 219648K, used 194590K [0x00000000eaa80000, 0x00000000fdf80000, 0x0000000100000000)
  eden space 181760K, 100% used [0x00000000eaa80000,0x00000000f5c00000,0x00000000f5c00000)
  from space 37888K, 33% used [0x00000000f5c00000,0x00000000f68878e0,0x00000000f8100000)
  to   space 41472K, 0% used [0x00000000fb700000,0x00000000fb700000,0x00000000fdf80000)
 ParOldGen       total 138752K, used 77109K [0x00000000c0000000, 0x00000000c8780000, 0x00000000eaa80000)
  object space 138752K, 55% used [0x00000000c0000000,0x00000000c4b4d750,0x00000000c8780000)
 PSPermGen       total 21504K, used 6097K [0x00000000bae00000, 0x00000000bc300000, 0x00000000c0000000)
  object space 21504K, 28% used [0x00000000bae00000,0x00000000bb3f45c8,0x00000000bc300000)
Event: 14,304 GC heap after
Heap after GC invocations=14 (full 2):
 PSYoungGen      total 249344K, used 40457K [0x00000000eaa80000, 0x00000000fdf00000, 0x0000000100000000)
  eden space 208384K, 0% used [0x00000000eaa80000,0x00000000eaa80000,0x00000000f7600000)
  from space 40960K, 98% used [0x00000000fb700000,0x00000000fde82790,0x00000000fdf00000)
  to   space 48128K, 0% used [0x00000000f8100000,0x00000000f8100000,0x00000000fb000000)
 ParOldGen       total 138752K, used 77109K [0x00000000c0000000, 0x00000000c8780000, 0x00000000eaa80000)
  object space 138752K, 55% used [0x00000000c0000000,0x00000000c4b4d750,0x00000000c8780000)
 PSPermGen       total 21504K, used 6097K [0x00000000bae00000, 0x00000000bc300000, 0x00000000c0000000)
  object space 21504K, 28% used [0x00000000bae00000,0x00000000bb3f45c8,0x00000000bc300000)
}
Event: 15,249 GC heap before
{Heap before GC invocations=15 (full 2):
 PSYoungGen      total 249344K, used 248841K [0x00000000eaa80000, 0x00000000fdf00000, 0x0000000100000000)
  eden space 208384K, 100% used [0x00000000eaa80000,0x00000000f7600000,0x00000000f7600000)
  from space 40960K, 98% used [0x00000000fb700000,0x00000000fde82790,0x00000000fdf00000)
  to   space 48128K, 0% used [0x00000000f8100000,0x00000000f8100000,0x00000000fb000000)
 ParOldGen       total 138752K, used 77109K [0x00000000c0000000, 0x00000000c8780000, 0x00000000eaa80000)
  object space 138752K, 55% used [0x00000000c0000000,0x00000000c4b4d750,0x00000000c8780000)
 PSPermGen       total 21504K, used 6112K [0x00000000bae00000, 0x00000000bc300000, 0x00000000c0000000)
  object space 21504K, 28% used [0x00000000bae00000,0x00000000bb3f8070,0x00000000bc300000)
Event: 15,388 GC heap after
Heap after GC invocations=15 (full 2):
 PSYoungGen      total 267776K, used 48111K [0x00000000eaa80000, 0x0000000100000000, 0x0000000100000000)
  eden space 219648K, 0% used [0x00000000eaa80000,0x00000000eaa80000,0x00000000f8100000)
  from space 48128K, 99% used [0x00000000f8100000,0x00000000faffbd60,0x00000000fb000000)
  to   space 65536K, 0% used [0x00000000fc000000,0x00000000fc000000,0x0000000100000000)
 ParOldGen       total 138752K, used 101211K [0x00000000c0000000, 0x00000000c8780000, 0x00000000eaa80000)
  object space 138752K, 72% used [0x00000000c0000000,0x00000000c62d6ec0,0x00000000c8780000)
 PSPermGen       total 21504K, used 6112K [0x00000000bae00000, 0x00000000bc300000, 0x00000000c0000000)
  object space 21504K, 28% used [0x00000000bae00000,0x00000000bb3f8070,0x00000000bc300000)
}
Event: 17,862 GC heap before
{Heap before GC invocations=16 (full 2):
 PSYoungGen      total 267776K, used 267759K [0x00000000eaa80000, 0x0000000100000000, 0x0000000100000000)
  eden space 219648K, 100% used [0x00000000eaa80000,0x00000000f8100000,0x00000000f8100000)
  from space 48128K, 99% used [0x00000000f8100000,0x00000000faffbd60,0x00000000fb000000)
  to   space 65536K, 0% used [0x00000000fc000000,0x00000000fc000000,0x0000000100000000)
 ParOldGen       total 138752K, used 101211K [0x00000000c0000000, 0x00000000c8780000, 0x00000000eaa80000)
  object space 138752K, 72% used [0x00000000c0000000,0x00000000c62d6ec0,0x00000000c8780000)
 PSPermGen       total 21504K, used 6210K [0x00000000bae00000, 0x00000000bc300000, 0x00000000c0000000)
  object space 21504K, 28% used [0x00000000bae00000,0x00000000bb410828,0x00000000bc300000)
Event: 18,605 GC heap after
Heap after GC invocations=16 (full 2):
 PSYoungGen      total 268800K, used 55426K [0x00000000eaa80000, 0x0000000100000000, 0x0000000100000000)
  eden space 203264K, 0% used [0x00000000eaa80000,0x00000000eaa80000,0x00000000f7100000)
  from space 65536K, 84% used [0x00000000fc000000,0x00000000ff620830,0x0000000100000000)
  to   space 73216K, 0% used [0x00000000f7100000,0x00000000f7100000,0x00000000fb880000)
 ParOldGen       total 138752K, used 128895K [0x00000000c0000000, 0x00000000c8780000, 0x00000000eaa80000)
  object space 138752K, 92% used [0x00000000c0000000,0x00000000c7ddfec8,0x00000000c8780000)
 PSPermGen       total 21504K, used 6210K [0x00000000bae00000, 0x00000000bc300000, 0x00000000c0000000)
  object space 21504K, 28% used [0x00000000bae00000,0x00000000bb410828,0x00000000bc300000)
}
Event: 18,623 GC heap before
{Heap before GC invocations=17 (full 3):
 PSYoungGen      total 268800K, used 55426K [0x00000000eaa80000, 0x0000000100000000, 0x0000000100000000)
  eden space 203264K, 0% used [0x00000000eaa80000,0x00000000eaa80000,0x00000000f7100000)
  from space 65536K, 84% used [0x00000000fc000000,0x00000000ff620830,0x0000000100000000)
  to   space 73216K, 0% used [0x00000000f7100000,0x00000000f7100000,0x00000000fb880000)
 ParOldGen       total 138752K, used 128895K [0x00000000c0000000, 0x00000000c8780000, 0x00000000eaa80000)
  object space 138752K, 92% used [0x00000000c0000000,0x00000000c7ddfec8,0x00000000c8780000)
 PSPermGen       total 21504K, used 6210K [0x00000000bae00000, 0x00000000bc300000, 0x00000000c0000000)
  object space 21504K, 28% used [0x00000000bae00000,0x00000000bb410828,0x00000000bc300000)

Deoptimization events (10 events):
Event: 15,478 Thread 0x00007f2a341a8000 Uncommon trap: reason=class_check action=maybe_recompile pc=0x00007f2a31069060 method=java.util.regex.Matcher.search(I)Z @ 86
Event: 15,478 Thread 0x00007f2a341a8000 Uncommon trap: reason=class_check action=maybe_recompile pc=0x00007f2a31069060 method=java.util.regex.Matcher.search(I)Z @ 86
Event: 15,478 Thread 0x00007f2a341a8000 Uncommon trap: reason=class_check action=maybe_recompile pc=0x00007f2a31069060 method=java.util.regex.Matcher.search(I)Z @ 86
Event: 15,480 Thread 0x00007f2a341a6800 Uncommon trap: reason=unloaded action=reinterpret pc=0x00007f2a31072d34 method=java.util.regex.Matcher.replaceAll(Ljava/lang/String;)Ljava/lang/String; @ 14
Event: 15,590 Thread 0x00007f2a341a5000 Uncommon trap: reason=bimorphic action=maybe_recompile pc=0x00007f2a3133a734 method=com.android.dx.cf.code.BytecodeArray.parseInstruction(ILcom/android/dx/cf/code/BytecodeArray$Visitor;)I @ 2554
Event: 15,590 Thread 0x00007f2a341a5000 Uncommon trap: reason=bimorphic action=maybe_recompile pc=0x00007f2a3133a734 method=com.android.dx.cf.code.BytecodeArray.parseInstruction(ILcom/android/dx/cf/code/BytecodeArray$Visitor;)I @ 2554
Event: 15,603 Thread 0x00007f2a3419f000 Uncommon trap: reason=unreached action=reinterpret pc=0x00007f2a3113c25c method=com.android.dx.ssa.PhiTypeResolver.resolveResultType(Lcom/android/dx/ssa/PhiInsn;)Z @ 64
Event: 15,937 Thread 0x00007f2a3419f000 Uncommon trap: reason=unreached action=reinterpret pc=0x00007f2a310d5b24 method=com.android.dx.rop.code.LocalItem.compareHandlesNulls(Lcom/android/dx/rop/cst/CstString;Lcom/android/dx/rop/cst/CstString;)I @ 8
Event: 15,937 Thread 0x00007f2a3419f000 Uncommon trap: reason=unreached action=reinterpret pc=0x00007f2a3135a108 method=com.android.dx.rop.code.LocalItem.compareHandlesNulls(Lcom/android/dx/rop/cst/CstString;Lcom/android/dx/rop/cst/CstString;)I @ 8
Event: 15,937 Thread 0x00007f2a3419f000 Uncommon trap: reason=unreached action=reinterpret pc=0x00007f2a3129d8c0 method=com.android.dx.rop.code.LocalItem.compareHandlesNulls(Lcom/android/dx/rop/cst/CstString;Lcom/android/dx/rop/cst/CstString;)I @ 8

Internal exceptions (10 events):
Event: 15,115 Thread 0x00007f2a341a5000 Implicit null exception at 0x00007f2a312c6cb7 to 0x00007f2a312c785d
Event: 15,121 Thread 0x00007f2a3400a000 Threw 0x00000000f5228218 at /HUDSON/workspace/7u-2-build-linux-amd64/jdk7u79/2331/hotspot/src/share/vm/prims/jvm.cpp:1304
Event: 15,444 Thread 0x00007f2a341a6800 Threw 0x00000000eb9382c8 at /HUDSON/workspace/7u-2-build-linux-amd64/jdk7u79/2331/hotspot/src/share/vm/prims/jvm.cpp:1304
Event: 15,603 Thread 0x00007f2a3419f000 Implicit null exception at 0x00007f2a3113b60d to 0x00007f2a3113c23d
Event: 15,937 Thread 0x00007f2a3419f000 Implicit null exception at 0x00007f2a310d58a4 to 0x00007f2a310d5b11
Event: 15,937 Thread 0x00007f2a3419f000 Implicit null exception at 0x00007f2a3135960d to 0x00007f2a3135a0d9
Event: 15,937 Thread 0x00007f2a3419f000 Implicit null exception at 0x00007f2a3129d63b to 0x00007f2a3129d8ad
Event: 16,160 Thread 0x00007f2a3400a000 Threw 0x00000000f7076c00 at /HUDSON/workspace/7u-2-build-linux-amd64/jdk7u79/2331/hotspot/src/share/vm/prims/jvm.cpp:1304
Event: 16,206 Thread 0x00007f2a3419f000 Threw 0x00000000f7c0a010 at /HUDSON/workspace/7u-2-build-linux-amd64/jdk7u79/2331/hotspot/src/share/vm/prims/jvm.cpp:1304
Event: 16,405 Thread 0x00007f2a3419f000 Threw 0x00000000f7dcefb0 at /HUDSON/workspace/7u-2-build-linux-amd64/jdk7u79/2331/hotspot/src/share/vm/prims/jvm.cpp:1304

Events (10 events):
Event: 16,199 loading class 0x00007f2a340aea90 done
Event: 16,199 loading class 0x00007f2a340aea60
Event: 16,199 loading class 0x00007f2a340aea60 done
Event: 16,206 loading class 0x00007f29f4009140
Event: 16,206 loading class 0x00007f29f4009140 done
Event: 16,405 loading class 0x00007f29f0006bf0
Event: 16,405 loading class 0x00007f29f0006bf0 done
Event: 16,790 Thread 0x00007f2a34094800 flushing nmethod 0x00007f2a310d69d0
Event: 16,845 Thread 0x00007f2a34094800 flushing nmethod 0x00007f2a3122e2d0
Event: 17,862 Executing VM operation: ParallelGCFailedAllocation


Dynamic libraries:
00400000-00401000 r-xp 00000000 08:06 3546141                            /usr/lib/jvm/jdk-7-eseo-oracle-x64/bin/java
00600000-00601000 rw-p 00000000 08:06 3546141                            /usr/lib/jvm/jdk-7-eseo-oracle-x64/bin/java
01c90000-01cb1000 rw-p 00000000 00:00 0                                  [heap]
bae00000-bc300000 rw-p 00000000 00:00 0 
bc300000-c0000000 rw-p 00000000 00:00 0 
c0000000-c8780000 rw-p 00000000 00:00 0 
ce100000-eaa80000 rw-p 00000000 00:00 0 
eaa80000-100000000 rw-p 00000000 00:00 0 
7f29e4000000-7f29e4021000 rw-p 00000000 00:00 0 
7f29e4021000-7f29e8000000 ---p 00000000 00:00 0 
7f29ec000000-7f29ec03b000 rw-p 00000000 00:00 0 
7f29ec03b000-7f29f0000000 ---p 00000000 00:00 0 
7f29f0000000-7f29f0027000 rw-p 00000000 00:00 0 
7f29f0027000-7f29f4000000 ---p 00000000 00:00 0 
7f29f4000000-7f29f4022000 rw-p 00000000 00:00 0 
7f29f4022000-7f29f8000000 ---p 00000000 00:00 0 
7f29f8000000-7f29f8021000 rw-p 00000000 00:00 0 
7f29f8021000-7f29fc000000 ---p 00000000 00:00 0 
7f29fc000000-7f29fc021000 rw-p 00000000 00:00 0 
7f29fc021000-7f2a00000000 ---p 00000000 00:00 0 
7f2a00000000-7f2a00021000 rw-p 00000000 00:00 0 
7f2a00021000-7f2a04000000 ---p 00000000 00:00 0 
7f2a04000000-7f2a0572b000 rw-p 00000000 00:00 0 
7f2a0572b000-7f2a08000000 ---p 00000000 00:00 0 
7f2a08000000-7f2a0a431000 rw-p 00000000 00:00 0 
7f2a0a431000-7f2a0c000000 ---p 00000000 00:00 0 
7f2a0c000000-7f2a0c021000 rw-p 00000000 00:00 0 
7f2a0c021000-7f2a10000000 ---p 00000000 00:00 0 
7f2a10000000-7f2a10021000 rw-p 00000000 00:00 0 
7f2a10021000-7f2a14000000 ---p 00000000 00:00 0 
7f2a14000000-7f2a1424f000 rw-p 00000000 00:00 0 
7f2a1424f000-7f2a18000000 ---p 00000000 00:00 0 
7f2a18000000-7f2a18021000 rw-p 00000000 00:00 0 
7f2a18021000-7f2a1c000000 ---p 00000000 00:00 0 
7f2a1c000000-7f2a1c021000 rw-p 00000000 00:00 0 
7f2a1c021000-7f2a20000000 ---p 00000000 00:00 0 
7f2a20000000-7f2a20021000 rw-p 00000000 00:00 0 
7f2a20021000-7f2a24000000 ---p 00000000 00:00 0 
7f2a24000000-7f2a24021000 rw-p 00000000 00:00 0 
7f2a24021000-7f2a28000000 ---p 00000000 00:00 0 
7f2a28d60000-7f2a28d63000 ---p 00000000 00:00 0 
7f2a28d63000-7f2a28e61000 rw-p 00000000 00:00 0 
7f2a28e61000-7f2a28e64000 ---p 00000000 00:00 0 
7f2a28e64000-7f2a28f62000 rw-p 00000000 00:00 0 
7f2a28f62000-7f2a28f65000 ---p 00000000 00:00 0 
7f2a28f65000-7f2a29063000 rw-p 00000000 00:00 0 
7f2a29063000-7f2a29066000 ---p 00000000 00:00 0 
7f2a29066000-7f2a29164000 rw-p 00000000 00:00 0                          [stack:11628]
7f2a29164000-7f2a29167000 ---p 00000000 00:00 0 
7f2a29167000-7f2a29265000 rw-p 00000000 00:00 0 
7f2a29265000-7f2a2927b000 r-xp 00000000 08:06 3551968                    /usr/lib/jvm/jdk-7-eseo-oracle-x64/jre/lib/amd64/libnet.so
7f2a2927b000-7f2a2947b000 ---p 00016000 08:06 3551968                    /usr/lib/jvm/jdk-7-eseo-oracle-x64/jre/lib/amd64/libnet.so
7f2a2947b000-7f2a2947c000 rw-p 00016000 08:06 3551968                    /usr/lib/jvm/jdk-7-eseo-oracle-x64/jre/lib/amd64/libnet.so
7f2a2947c000-7f2a2948c000 r-xp 00000000 08:06 3551950                    /usr/lib/jvm/jdk-7-eseo-oracle-x64/jre/lib/amd64/libnio.so
7f2a2948c000-7f2a2968c000 ---p 00010000 08:06 3551950                    /usr/lib/jvm/jdk-7-eseo-oracle-x64/jre/lib/amd64/libnio.so
7f2a2968c000-7f2a2968d000 rw-p 00010000 08:06 3551950                    /usr/lib/jvm/jdk-7-eseo-oracle-x64/jre/lib/amd64/libnio.so
7f2a2968d000-7f2a29d70000 r--p 00000000 08:06 3546432                    /usr/lib/locale/locale-archive
7f2a29d70000-7f2a2c000000 rw-p 00000000 00:00 0 
7f2a2c000000-7f2a2c021000 rw-p 00000000 00:00 0 
7f2a2c021000-7f2a30000000 ---p 00000000 00:00 0 
7f2a300af000-7f2a300b0000 ---p 00000000 00:00 0 
7f2a300b0000-7f2a301b0000 rw-p 00000000 00:00 0                          [stack:11619]
7f2a301b0000-7f2a301b3000 ---p 00000000 00:00 0 
7f2a301b3000-7f2a302b1000 rw-p 00000000 00:00 0                          [stack:11618]
7f2a302b1000-7f2a302b4000 ---p 00000000 00:00 0 
7f2a302b4000-7f2a303b2000 rw-p 00000000 00:00 0                          [stack:11617]
7f2a303b2000-7f2a303b5000 ---p 00000000 00:00 0 
7f2a303b5000-7f2a304b3000 rw-p 00000000 00:00 0                          [stack:11616]
7f2a304b3000-7f2a304b6000 ---p 00000000 00:00 0 
7f2a304b6000-7f2a305b4000 rw-p 00000000 00:00 0                          [stack:11615]
7f2a305b4000-7f2a305b7000 ---p 00000000 00:00 0 
7f2a305b7000-7f2a306b5000 rw-p 00000000 00:00 0                          [stack:11614]
7f2a306b5000-7f2a306b8000 ---p 00000000 00:00 0 
7f2a306b8000-7f2a307b6000 rw-p 00000000 00:00 0                          [stack:11613]
7f2a307b6000-7f2a307b7000 ---p 00000000 00:00 0 
7f2a307b7000-7f2a31000000 rw-p 00000000 00:00 0                          [stack:11612]
7f2a31000000-7f2a31450000 rwxp 00000000 00:00 0 
7f2a31450000-7f2a34235000 rw-p 00000000 00:00 0 
7f2a34235000-7f2a38000000 ---p 00000000 00:00 0 
7f2a38017000-7f2a388cd000 rw-p 00000000 00:00 0 
7f2a388cd000-7f2a38a8d000 r--s 039f7000 08:06 3552546                    /usr/lib/jvm/jdk-7-eseo-oracle-x64/jre/lib/rt.jar
7f2a38a8d000-7f2a38daf000 rw-p 00000000 00:00 0 
7f2a38daf000-7f2a38db0000 ---p 00000000 00:00 0 
7f2a38db0000-7f2a38eb0000 rw-p 00000000 00:00 0                          [stack:11611]
7f2a38eb0000-7f2a38eb1000 ---p 00000000 00:00 0 
7f2a38eb1000-7f2a38fb1000 rw-p 00000000 00:00 0                          [stack:11610]
7f2a38fb1000-7f2a38fb2000 ---p 00000000 00:00 0 
7f2a38fb2000-7f2a390b2000 rw-p 00000000 00:00 0                          [stack:11609]
7f2a390b2000-7f2a390b3000 ---p 00000000 00:00 0 
7f2a390b3000-7f2a391be000 rw-p 00000000 00:00 0                          [stack:11608]
7f2a391be000-7f2a391dc000 rw-p 00000000 00:00 0 
7f2a391dc000-7f2a39220000 rw-p 00000000 00:00 0 
7f2a39220000-7f2a39332000 rw-p 00000000 00:00 0 
7f2a39332000-7f2a3933d000 rw-p 00000000 00:00 0 
7f2a3933d000-7f2a3935b000 rw-p 00000000 00:00 0 
7f2a3935b000-7f2a3939f000 rw-p 00000000 00:00 0 
7f2a3939f000-7f2a394b0000 rw-p 00000000 00:00 0 
7f2a394b0000-7f2a3955b000 rw-p 00000000 00:00 0 
7f2a3955b000-7f2a3955c000 rw-p 00000000 00:00 0 
7f2a3955c000-7f2a39576000 r-xp 00000000 08:06 3551970                    /usr/lib/jvm/jdk-7-eseo-oracle-x64/jre/lib/amd64/libzip.so
7f2a39576000-7f2a39776000 ---p 0001a000 08:06 3551970                    /usr/lib/jvm/jdk-7-eseo-oracle-x64/jre/lib/amd64/libzip.so
7f2a39776000-7f2a39777000 rw-p 0001a000 08:06 3551970                    /usr/lib/jvm/jdk-7-eseo-oracle-x64/jre/lib/amd64/libzip.so
7f2a39777000-7f2a39782000 r-xp 00000000 08:06 3149790                    /lib/x86_64-linux-gnu/libnss_files-2.19.so
7f2a39782000-7f2a39981000 ---p 0000b000 08:06 3149790                    /lib/x86_64-linux-gnu/libnss_files-2.19.so
7f2a39981000-7f2a39982000 r--p 0000a000 08:06 3149790                    /lib/x86_64-linux-gnu/libnss_files-2.19.so
7f2a39982000-7f2a39983000 rw-p 0000b000 08:06 3149790                    /lib/x86_64-linux-gnu/libnss_files-2.19.so
7f2a39983000-7f2a3998e000 r-xp 00000000 08:06 3145826                    /lib/x86_64-linux-gnu/libnss_nis-2.19.so
7f2a3998e000-7f2a39b8d000 ---p 0000b000 08:06 3145826                    /lib/x86_64-linux-gnu/libnss_nis-2.19.so
7f2a39b8d000-7f2a39b8e000 r--p 0000a000 08:06 3145826                    /lib/x86_64-linux-gnu/libnss_nis-2.19.so
7f2a39b8e000-7f2a39b8f000 rw-p 0000b000 08:06 3145826                    /lib/x86_64-linux-gnu/libnss_nis-2.19.so
7f2a39b8f000-7f2a39ba6000 r-xp 00000000 08:06 3145822                    /lib/x86_64-linux-gnu/libnsl-2.19.so
7f2a39ba6000-7f2a39da5000 ---p 00017000 08:06 3145822                    /lib/x86_64-linux-gnu/libnsl-2.19.so
7f2a39da5000-7f2a39da6000 r--p 00016000 08:06 3145822                    /lib/x86_64-linux-gnu/libnsl-2.19.so
7f2a39da6000-7f2a39da7000 rw-p 00017000 08:06 3145822                    /lib/x86_64-linux-gnu/libnsl-2.19.so
7f2a39da7000-7f2a39da9000 rw-p 00000000 00:00 0 
7f2a39da9000-7f2a39db2000 r-xp 00000000 08:06 3145821                    /lib/x86_64-linux-gnu/libnss_compat-2.19.so
7f2a39db2000-7f2a39fb1000 ---p 00009000 08:06 3145821                    /lib/x86_64-linux-gnu/libnss_compat-2.19.so
7f2a39fb1000-7f2a39fb2000 r--p 00008000 08:06 3145821                    /lib/x86_64-linux-gnu/libnss_compat-2.19.so
7f2a39fb2000-7f2a39fb3000 rw-p 00009000 08:06 3145821                    /lib/x86_64-linux-gnu/libnss_compat-2.19.so
7f2a39fb3000-7f2a39fdc000 r-xp 00000000 08:06 3551934                    /usr/lib/jvm/jdk-7-eseo-oracle-x64/jre/lib/amd64/libjava.so
7f2a39fdc000-7f2a3a1dc000 ---p 00029000 08:06 3551934                    /usr/lib/jvm/jdk-7-eseo-oracle-x64/jre/lib/amd64/libjava.so
7f2a3a1dc000-7f2a3a1de000 rw-p 00029000 08:06 3551934                    /usr/lib/jvm/jdk-7-eseo-oracle-x64/jre/lib/amd64/libjava.so
7f2a3a1de000-7f2a3a1eb000 r-xp 00000000 08:06 3551921                    /usr/lib/jvm/jdk-7-eseo-oracle-x64/jre/lib/amd64/libverify.so
7f2a3a1eb000-7f2a3a3ea000 ---p 0000d000 08:06 3551921                    /usr/lib/jvm/jdk-7-eseo-oracle-x64/jre/lib/amd64/libverify.so
7f2a3a3ea000-7f2a3a3ec000 rw-p 0000c000 08:06 3551921                    /usr/lib/jvm/jdk-7-eseo-oracle-x64/jre/lib/amd64/libverify.so
7f2a3a3ec000-7f2a3a3f3000 r-xp 00000000 08:06 3145830                    /lib/x86_64-linux-gnu/librt-2.19.so
7f2a3a3f3000-7f2a3a5f2000 ---p 00007000 08:06 3145830                    /lib/x86_64-linux-gnu/librt-2.19.so
7f2a3a5f2000-7f2a3a5f3000 r--p 00006000 08:06 3145830                    /lib/x86_64-linux-gnu/librt-2.19.so
7f2a3a5f3000-7f2a3a5f4000 rw-p 00007000 08:06 3145830                    /lib/x86_64-linux-gnu/librt-2.19.so
7f2a3a5f4000-7f2a3a6f9000 r-xp 00000000 08:06 3145758                    /lib/x86_64-linux-gnu/libm-2.19.so
7f2a3a6f9000-7f2a3a8f8000 ---p 00105000 08:06 3145758                    /lib/x86_64-linux-gnu/libm-2.19.so
7f2a3a8f8000-7f2a3a8f9000 r--p 00104000 08:06 3145758                    /lib/x86_64-linux-gnu/libm-2.19.so
7f2a3a8f9000-7f2a3a8fa000 rw-p 00105000 08:06 3145758                    /lib/x86_64-linux-gnu/libm-2.19.so
7f2a3a8fa000-7f2a3b46f000 r-xp 00000000 08:06 3551963                    /usr/lib/jvm/jdk-7-eseo-oracle-x64/jre/lib/amd64/server/libjvm.so
7f2a3b46f000-7f2a3b66f000 ---p 00b75000 08:06 3551963                    /usr/lib/jvm/jdk-7-eseo-oracle-x64/jre/lib/amd64/server/libjvm.so
7f2a3b66f000-7f2a3b733000 rw-p 00b75000 08:06 3551963                    /usr/lib/jvm/jdk-7-eseo-oracle-x64/jre/lib/amd64/server/libjvm.so
7f2a3b733000-7f2a3b774000 rw-p 00000000 00:00 0 
7f2a3b774000-7f2a3b92f000 r-xp 00000000 08:06 3145831                    /lib/x86_64-linux-gnu/libc-2.19.so
7f2a3b92f000-7f2a3bb2e000 ---p 001bb000 08:06 3145831                    /lib/x86_64-linux-gnu/libc-2.19.so
7f2a3bb2e000-7f2a3bb32000 r--p 001ba000 08:06 3145831                    /lib/x86_64-linux-gnu/libc-2.19.so
7f2a3bb32000-7f2a3bb34000 rw-p 001be000 08:06 3145831                    /lib/x86_64-linux-gnu/libc-2.19.so
7f2a3bb34000-7f2a3bb39000 rw-p 00000000 00:00 0 
7f2a3bb39000-7f2a3bb3c000 r-xp 00000000 08:06 3145818                    /lib/x86_64-linux-gnu/libdl-2.19.so
7f2a3bb3c000-7f2a3bd3b000 ---p 00003000 08:06 3145818                    /lib/x86_64-linux-gnu/libdl-2.19.so
7f2a3bd3b000-7f2a3bd3c000 r--p 00002000 08:06 3145818                    /lib/x86_64-linux-gnu/libdl-2.19.so
7f2a3bd3c000-7f2a3bd3d000 rw-p 00003000 08:06 3145818                    /lib/x86_64-linux-gnu/libdl-2.19.so
7f2a3bd3d000-7f2a3bd53000 r-xp 00000000 08:06 3546303                    /usr/lib/jvm/jdk-7-eseo-oracle-x64/lib/amd64/jli/libjli.so
7f2a3bd53000-7f2a3bf53000 ---p 00016000 08:06 3546303                    /usr/lib/jvm/jdk-7-eseo-oracle-x64/lib/amd64/jli/libjli.so
7f2a3bf53000-7f2a3bf54000 rw-p 00016000 08:06 3546303                    /usr/lib/jvm/jdk-7-eseo-oracle-x64/lib/amd64/jli/libjli.so
7f2a3bf54000-7f2a3bf6d000 r-xp 00000000 08:06 3145823                    /lib/x86_64-linux-gnu/libpthread-2.19.so
7f2a3bf6d000-7f2a3c16c000 ---p 00019000 08:06 3145823                    /lib/x86_64-linux-gnu/libpthread-2.19.so
7f2a3c16c000-7f2a3c16d000 r--p 00018000 08:06 3145823                    /lib/x86_64-linux-gnu/libpthread-2.19.so
7f2a3c16d000-7f2a3c16e000 rw-p 00019000 08:06 3145823                    /lib/x86_64-linux-gnu/libpthread-2.19.so
7f2a3c16e000-7f2a3c172000 rw-p 00000000 00:00 0 
7f2a3c172000-7f2a3c195000 r-xp 00000000 08:06 3145824                    /lib/x86_64-linux-gnu/ld-2.19.so
7f2a3c19c000-7f2a3c1ab000 r--s 000df000 08:06 1204723                    /home/divi/Android/Sdk/build-tools/23.0.2/lib/dx.jar
7f2a3c1ab000-7f2a3c1bd000 rw-p 00000000 00:00 0 
7f2a3c1bd000-7f2a3c26b000 rw-p 00000000 00:00 0 
7f2a3c26b000-7f2a3c26e000 ---p 00000000 00:00 0 
7f2a3c26e000-7f2a3c370000 rw-p 00000000 00:00 0                          [stack:11607]
7f2a3c371000-7f2a3c388000 rw-p 00000000 00:00 0 
7f2a3c388000-7f2a3c390000 rw-s 00000000 08:06 3025988                    /tmp/hsperfdata_divi/11602
7f2a3c390000-7f2a3c391000 rw-p 00000000 00:00 0 
7f2a3c391000-7f2a3c392000 ---p 00000000 00:00 0 
7f2a3c392000-7f2a3c394000 rw-p 00000000 00:00 0 
7f2a3c394000-7f2a3c395000 r--p 00022000 08:06 3145824                    /lib/x86_64-linux-gnu/ld-2.19.so
7f2a3c395000-7f2a3c396000 rw-p 00023000 08:06 3145824                    /lib/x86_64-linux-gnu/ld-2.19.so
7f2a3c396000-7f2a3c397000 rw-p 00000000 00:00 0 
7fffd48d1000-7fffd48f2000 rw-p 00000000 00:00 0                          [stack]
7fffd493b000-7fffd493d000 r-xp 00000000 00:00 0                          [vdso]
7fffd493d000-7fffd493f000 r--p 00000000 00:00 0                          [vvar]
ffffffffff600000-ffffffffff601000 r-xp 00000000 00:00 0                  [vsyscall]

VM Arguments:
jvm_args: -Djava.awt.headless=true -Xmx1024M -Dfile.encoding=UTF-8 -Duser.country=US -Duser.language=en -Duser.variant 
java_command: com.android.dx.command.Main --dex --num-threads=4 --multi-dex --main-dex-list /home/divi/Desktop/ProjetIoT/STIot/app/build/intermediates/multi-dex/debug/maindexlist.txt --output /home/divi/Desktop/ProjetIoT/STIot/app/build/intermediates/transforms/dex/debug/folders/1000/1f/main /home/divi/Desktop/ProjetIoT/STIot/app/build/intermediates/transforms/jarMerging/debug/jars/1/1f/combined.jar
Launcher Type: SUN_STANDARD

Environment Variables:
PATH=/usr/local/sbin:/usr/local/bin:/usr/sbin:/usr/bin:/sbin:/bin:/usr/games:/usr/local/games
LD_LIBRARY_PATH=/opt/android-studio/bin:
SHELL=/bin/bash
DISPLAY=:0

Signal Handlers:
SIGSEGV: [libjvm.so+0x9a3bf0], sa_mask[0]=0x7ffbfeff, sa_flags=0x10000004
SIGBUS: [libjvm.so+0x9a3bf0], sa_mask[0]=0x7ffbfeff, sa_flags=0x10000004
SIGFPE: [libjvm.so+0x81cb60], sa_mask[0]=0x7ffbfeff, sa_flags=0x10000004
SIGPIPE: [libjvm.so+0x81cb60], sa_mask[0]=0x7ffbfeff, sa_flags=0x10000004
SIGXFSZ: [libjvm.so+0x81cb60], sa_mask[0]=0x7ffbfeff, sa_flags=0x10000004
SIGILL: [libjvm.so+0x81cb60], sa_mask[0]=0x7ffbfeff, sa_flags=0x10000004
SIGUSR1: SIG_DFL, sa_mask[0]=0x00000000, sa_flags=0x00000000
SIGUSR2: [libjvm.so+0x81e360], sa_mask[0]=0x00000004, sa_flags=0x10000004
SIGHUP: [libjvm.so+0x81f480], sa_mask[0]=0x7ffbfeff, sa_flags=0x10000004
SIGINT: [libjvm.so+0x81f480], sa_mask[0]=0x7ffbfeff, sa_flags=0x10000004
SIGTERM: [libjvm.so+0x81f480], sa_mask[0]=0x7ffbfeff, sa_flags=0x10000004
SIGQUIT: [libjvm.so+0x81f480], sa_mask[0]=0x7ffbfeff, sa_flags=0x10000004


---------------  S Y S T E M  ---------------

OS:jessie/sid

uname:Linux 3.16.0-67-generic #87~14.04.1-Ubuntu SMP Fri Mar 11 00:26:02 UTC 2016 x86_64
libc:glibc 2.19 NPTL 2.19 
rlimit: STACK 8192k, CORE 0k, NPROC 15363, NOFILE 4096, AS infinity
load average:18,17 5,17 2,18

/proc/meminfo:
MemTotal:        3954432 kB
MemFree:          112332 kB
MemAvailable:      45820 kB
Buffers:             392 kB
Cached:           499320 kB
SwapCached:            0 kB
Active:          3202336 kB
Inactive:         469384 kB
Active(anon):    3200380 kB
Inactive(anon):   466640 kB
Active(file):       1956 kB
Inactive(file):     2744 kB
Unevictable:         100 kB
Mlocked:             100 kB
SwapTotal:             0 kB
SwapFree:              0 kB
Dirty:                 0 kB
Writeback:             0 kB
AnonPages:       3172744 kB
Mapped:            92572 kB
Shmem:            494376 kB
Slab:              62392 kB
SReclaimable:      31212 kB
SUnreclaim:        31180 kB
KernelStack:        9376 kB
PageTables:        37576 kB
NFS_Unstable:          0 kB
Bounce:                0 kB
WritebackTmp:          0 kB
CommitLimit:     1977216 kB
Committed_AS:    6845660 kB
VmallocTotal:   34359738367 kB
VmallocUsed:      407592 kB
VmallocChunk:   34359321084 kB
HardwareCorrupted:     0 kB
AnonHugePages:   2082816 kB
HugePages_Total:       0
HugePages_Free:        0
HugePages_Rsvd:        0
HugePages_Surp:        0
Hugepagesize:       2048 kB
DirectMap4k:      136576 kB
DirectMap2M:     3964928 kB


CPU:total 4 (2 cores per cpu, 2 threads per core) family 6 model 42 stepping 7, cmov, cx8, fxsr, mmx, sse, sse2, sse3, ssse3, sse4.1, sse4.2, popcnt, avx, ht, tsc, tscinvbit

/proc/cpuinfo:
processor	: 0
vendor_id	: GenuineIntel
cpu family	: 6
model		: 42
model name	: Intel(R) Core(TM) i3-2330M CPU @ 2.20GHz
stepping	: 7
microcode	: 0x15
cpu MHz		: 800.164
cache size	: 3072 KB
physical id	: 0
siblings	: 4
core id		: 0
cpu cores	: 2
apicid		: 0
initial apicid	: 0
fpu		: yes
fpu_exception	: yes
cpuid level	: 13
wp		: yes
flags		: fpu vme de pse tsc msr pae mce cx8 apic sep mtrr pge mca cmov pat pse36 clflush dts acpi mmx fxsr sse sse2 ss ht tm pbe syscall nx rdtscp lm constant_tsc arch_perfmon pebs bts rep_good nopl xtopology nonstop_tsc aperfmperf eagerfpu pni pclmulqdq dtes64 monitor ds_cpl vmx est tm2 ssse3 cx16 xtpr pdcm pcid sse4_1 sse4_2 x2apic popcnt tsc_deadline_timer xsave avx lahf_lm arat epb xsaveopt pln pts dtherm tpr_shadow vnmi flexpriority ept vpid
bogomips	: 4390.23
clflush size	: 64
cache_alignment	: 64
address sizes	: 36 bits physical, 48 bits virtual
power management:

processor	: 1
vendor_id	: GenuineIntel
cpu family	: 6
model		: 42
model name	: Intel(R) Core(TM) i3-2330M CPU @ 2.20GHz
stepping	: 7
microcode	: 0x15
cpu MHz		: 802.226
cache size	: 3072 KB
physical id	: 0
siblings	: 4
core id		: 1
cpu cores	: 2
apicid		: 2
initial apicid	: 2
fpu		: yes
fpu_exception	: yes
cpuid level	: 13
wp		: yes
flags		: fpu vme de pse tsc msr pae mce cx8 apic sep mtrr pge mca cmov pat pse36 clflush dts acpi mmx fxsr sse sse2 ss ht tm pbe syscall nx rdtscp lm constant_tsc arch_perfmon pebs bts rep_good nopl xtopology nonstop_tsc aperfmperf eagerfpu pni pclmulqdq dtes64 monitor ds_cpl vmx est tm2 ssse3 cx16 xtpr pdcm pcid sse4_1 sse4_2 x2apic popcnt tsc_deadline_timer xsave avx lahf_lm arat epb xsaveopt pln pts dtherm tpr_shadow vnmi flexpriority ept vpid
bogomips	: 4390.23
clflush size	: 64
cache_alignment	: 64
address sizes	: 36 bits physical, 48 bits virtual
power management:

processor	: 2
vendor_id	: GenuineIntel
cpu family	: 6
model		: 42
model name	: Intel(R) Core(TM) i3-2330M CPU @ 2.20GHz
stepping	: 7
microcode	: 0x15
cpu MHz		: 869.945
cache size	: 3072 KB
physical id	: 0
siblings	: 4
core id		: 0
cpu cores	: 2
apicid		: 1
initial apicid	: 1
fpu		: yes
fpu_exception	: yes
cpuid level	: 13
wp		: yes
flags		: fpu vme de pse tsc msr pae mce cx8 apic sep mtrr pge mca cmov pat pse36 clflush dts acpi mmx fxsr sse sse2 ss ht tm pbe syscall nx rdtscp lm constant_tsc arch_perfmon pebs bts rep_good nopl xtopology nonstop_tsc aperfmperf eagerfpu pni pclmulqdq dtes64 monitor ds_cpl vmx est tm2 ssse3 cx16 xtpr pdcm pcid sse4_1 sse4_2 x2apic popcnt tsc_deadline_timer xsave avx lahf_lm arat epb xsaveopt pln pts dtherm tpr_shadow vnmi flexpriority ept vpid
bogomips	: 4390.23
clflush size	: 64
cache_alignment	: 64
address sizes	: 36 bits physical, 48 bits virtual
power management:

processor	: 3
vendor_id	: GenuineIntel
cpu family	: 6
model		: 42
model name	: Intel(R) Core(TM) i3-2330M CPU @ 2.20GHz
stepping	: 7
microcode	: 0x15
cpu MHz		: 856.539
cache size	: 3072 KB
physical id	: 0
siblings	: 4
core id		: 1
cpu cores	: 2
apicid		: 3
initial apicid	: 3
fpu		: yes
fpu_exception	: yes
cpuid level	: 13
wp		: yes
flags		: fpu vme de pse tsc msr pae mce cx8 apic sep mtrr pge mca cmov pat pse36 clflush dts acpi mmx fxsr sse sse2 ss ht tm pbe syscall nx rdtscp lm constant_tsc arch_perfmon pebs bts rep_good nopl xtopology nonstop_tsc aperfmperf eagerfpu pni pclmulqdq dtes64 monitor ds_cpl vmx est tm2 ssse3 cx16 xtpr pdcm pcid sse4_1 sse4_2 x2apic popcnt tsc_deadline_timer xsave avx lahf_lm arat epb xsaveopt pln pts dtherm tpr_shadow vnmi flexpriority ept vpid
bogomips	: 4390.23
clflush size	: 64
cache_alignment	: 64
address sizes	: 36 bits physical, 48 bits virtual
power management:



Memory: 4k page, physical 3954432k(114708k free), swap 0k(0k free)

vm_info: Java HotSpot(TM) 64-Bit Server VM (24.79-b02) for linux-amd64 JRE (1.7.0_79-b15), built on Apr 10 2015 11:34:48 by "java_re" with gcc 4.3.0 20080428 (Red Hat 4.3.0-8)

time: Tue May 24 23:18:40 2016
elapsed time: 68 seconds

