#
# There is insufficient memory for the Java Runtime Environment to continue.
# Native memory allocation (malloc) failed to allocate 71827456 bytes for committing reserved memory.
# Possible reasons:
#   The system is out of physical RAM or swap space
#   In 32 bit mode, the process size limit was hit
# Possible solutions:
#   Reduce memory load on the system
#   Increase physical memory or swap space
#   Check if swap backing store is full
#   Use 64 bit Java on a 64 bit OS
#   Decrease Java heap size (-Xmx/-Xms)
#   Decrease number of Java threads
#   Decrease Java thread stack sizes (-Xss)
#   Set larger code cache with -XX:ReservedCodeCacheSize=
# This output file may be truncated or incomplete.
#
#  Out of Memory Error (os_linux.cpp:2756), pid=9029, tid=140121026328320
#
# JRE version: Java(TM) SE Runtime Environment (7.0_79-b15) (build 1.7.0_79-b15)
# Java VM: Java HotSpot(TM) 64-Bit Server VM (24.79-b02 mixed mode linux-amd64 compressed oops)
# Failed to write core dump. Core dumps have been disabled. To enable core dumping, try "ulimit -c unlimited" before starting Java again
#

---------------  T H R E A D  ---------------

Current thread (0x00007f708806a000):  VMThread [stack: 0x00007f7077eff000,0x00007f7078000000] [id=9039]

Stack: [0x00007f7077eff000,0x00007f7078000000],  sp=0x00007f7077ffe320,  free space=1020k
Native frames: (J=compiled Java code, j=interpreted, Vv=VM code, C=native code)
V  [libjvm.so+0x9a32da]  VMError::report_and_die()+0x2ea
V  [libjvm.so+0x497f7b]  report_vm_out_of_memory(char const*, int, unsigned long, char const*)+0x9b
V  [libjvm.so+0x81fcce]  os::Linux::commit_memory_impl(char*, unsigned long, bool)+0xfe
V  [libjvm.so+0x820219]  os::pd_commit_memory(char*, unsigned long, unsigned long, bool)+0x29
V  [libjvm.so+0x819faa]  os::commit_memory(char*, unsigned long, unsigned long, bool)+0x2a
V  [libjvm.so+0x88d863]  PSVirtualSpace::expand_by(unsigned long)+0x53
V  [libjvm.so+0x87ccc0]  PSOldGen::expand(unsigned long)+0x170
V  [libjvm.so+0x87cecb]  PSOldGen::resize(unsigned long)+0x1cb
V  [libjvm.so+0x885b91]  PSParallelCompact::invoke_no_policy(bool)+0x9b1
V  [libjvm.so+0x88bb0d]  PSScavenge::invoke()+0x1ad
V  [libjvm.so+0x842320]  ParallelScavengeHeap::failed_mem_allocate(unsigned long)+0x70
V  [libjvm.so+0x9a4b67]  VM_ParallelGCFailedAllocation::doit()+0x97
V  [libjvm.so+0x9ac005]  VM_Operation::evaluate()+0x55
V  [libjvm.so+0x9aa3ca]  VMThread::evaluate_operation(VM_Operation*)+0xba
V  [libjvm.so+0x9aa74e]  VMThread::loop()+0x1ce
V  [libjvm.so+0x9aabc0]  VMThread::run()+0x70
V  [libjvm.so+0x821ca8]  java_start(Thread*)+0x108

VM_Operation (0x00007f70769e7e60): ParallelGCFailedAllocation, mode: safepoint, requested by thread 0x00007f7088177000


---------------  P R O C E S S  ---------------

Java Threads: ( => current thread )
  0x00007f7088178800 JavaThread "pool-2-thread-4" [_thread_blocked, id=9051, stack(0x00007f70767e8000,0x00007f70768e9000)]
  0x00007f7088177000 JavaThread "pool-2-thread-3" [_thread_blocked, id=9050, stack(0x00007f70768e9000,0x00007f70769ea000)]
  0x00007f7088175800 JavaThread "pool-2-thread-2" [_thread_blocked, id=9049, stack(0x00007f70769ea000,0x00007f7076aeb000)]
  0x00007f7088174800 JavaThread "pool-3-thread-1" [_thread_blocked, id=9048, stack(0x00007f7076aeb000,0x00007f7076bec000)]
  0x00007f708816f800 JavaThread "pool-2-thread-1" [_thread_blocked, id=9047, stack(0x00007f7076bec000,0x00007f7076ced000)]
  0x00007f708809a000 JavaThread "Service Thread" daemon [_thread_blocked, id=9045, stack(0x00007f7077216000,0x00007f7077317000)]
  0x00007f7088097800 JavaThread "C2 CompilerThread1" daemon [_thread_blocked, id=9044, stack(0x00007f7077317000,0x00007f7077418000)]
  0x00007f7088094800 JavaThread "C2 CompilerThread0" daemon [_thread_blocked, id=9043, stack(0x00007f7077418000,0x00007f7077519000)]
  0x00007f7088092800 JavaThread "Signal Dispatcher" daemon [_thread_blocked, id=9042, stack(0x00007f7077519000,0x00007f707761a000)]
  0x00007f7088070800 JavaThread "Finalizer" daemon [_thread_blocked, id=9041, stack(0x00007f7077cfd000,0x00007f7077dfe000)]
  0x00007f708806e800 JavaThread "Reference Handler" daemon [_thread_blocked, id=9040, stack(0x00007f7077dfe000,0x00007f7077eff000)]
  0x00007f708800a000 JavaThread "main" [_thread_blocked, id=9034, stack(0x00007f7091c72000,0x00007f7091d73000)]

Other Threads:
=>0x00007f708806a000 VMThread [stack: 0x00007f7077eff000,0x00007f7078000000] [id=9039]
  0x00007f70880ac800 WatcherThread [stack: 0x00007f7077115000,0x00007f7077216000] [id=9046]

VM state:at safepoint (normal execution)

VM Mutex/Monitor currently owned by a thread:  ([mutex/lock_event])
[0x00007f7088006160] ExpandHeap_lock - owner thread: 0x00007f708806a000
[0x00007f70880067e0] Threads_lock - owner thread: 0x00007f708806a000
[0x00007f7088006ce0] Heap_lock - owner thread: 0x00007f7088177000

Heap
 PSYoungGen      total 246272K, used 32030K [0x00000000eaa80000, 0x0000000100000000, 0x0000000100000000)
  eden space 209920K, 0% used [0x00000000eaa80000,0x00000000eaa80000,0x00000000f7780000)
  from space 36352K, 88% used [0x00000000fb000000,0x00000000fcf47bf0,0x00000000fd380000)
  to   space 57856K, 0% used [0x00000000f7780000,0x00000000f7780000,0x00000000fb000000)
 ParOldGen       total 87552K, used 87459K [0x00000000c0000000, 0x00000000c5580000, 0x00000000eaa80000)
  object space 87552K, 99% used [0x00000000c0000000,0x00000000c5568f90,0x00000000c5580000)
 PSPermGen       total 21504K, used 6093K [0x00000000bae00000, 0x00000000bc300000, 0x00000000c0000000)
  object space 21504K, 28% used [0x00000000bae00000,0x00000000bb3f3598,0x00000000bc300000)

Card table byte_map: [0x00007f708ed39000,0x00007f708ef63000] byte_map_base: 0x00007f708e762000

Polling page: 0x00007f7091d98000

Code Cache  [0x00007f7085000000, 0x00007f7085370000, 0x00007f7088000000)
 total_blobs=1108 nmethods=878 adapters=183 free_code_cache=45724Kb largest_free_block=46779264

Compilation events (10 events):
Event: 14,838 Thread 0x00007f7088097800 nmethod 866 0x00007f70853607d0 code [0x00007f7085360ac0, 0x00007f7085361cc0]
Event: 14,838 Thread 0x00007f7088097800  883             com.android.dx.rop.cst.CstLiteral64::equals (36 bytes)
Event: 14,839 Thread 0x00007f7088097800 nmethod 883 0x00007f708534e350 code [0x00007f708534e4a0, 0x00007f708534e558]
Event: 14,840 Thread 0x00007f7088097800  884             com.android.dx.ssa.SsaMethod::getEntryBlock (15 bytes)
Event: 14,842 Thread 0x00007f7088097800 nmethod 884 0x00007f708534df90 code [0x00007f708534e0e0, 0x00007f708534e1d8]
Event: 14,842 Thread 0x00007f7088097800  885             com.android.dx.rop.code.Insn::equalsHandleNulls (23 bytes)
Event: 14,844 Thread 0x00007f7088097800 nmethod 885 0x00007f708534db50 code [0x00007f708534dcc0, 0x00007f708534dde8]
Event: 14,844 Thread 0x00007f7088097800  886             java.util.HashMap$HashIterator::<init> (63 bytes)
Event: 14,847 Thread 0x00007f7088097800 nmethod 886 0x00007f708534d810 code [0x00007f708534d960, 0x00007f708534da58]
Event: 14,847 Thread 0x00007f7088097800  887             com.android.dx.ssa.back.FirstFitLocalCombiningAllocator::handleNormalUnassociated (99 bytes)

GC Heap History (10 events):
Event: 9,661 GC heap after
Heap after GC invocations=7 (full 0):
 PSYoungGen      total 142848K, used 17913K [0x00000000eaa80000, 0x00000000fd480000, 0x0000000100000000)
  eden space 124928K, 0% used [0x00000000eaa80000,0x00000000eaa80000,0x00000000f2480000)
  from space 17920K, 99% used [0x00000000f2480000,0x00000000f35fe5f8,0x00000000f3600000)
  to   space 27648K, 0% used [0x00000000fb980000,0x00000000fb980000,0x00000000fd480000)
 ParOldGen       total 40960K, used 33747K [0x00000000c0000000, 0x00000000c2800000, 0x00000000eaa80000)
  object space 40960K, 82% used [0x00000000c0000000,0x00000000c20f4c30,0x00000000c2800000)
 PSPermGen       total 21504K, used 5992K [0x00000000bae00000, 0x00000000bc300000, 0x00000000c0000000)
  object space 21504K, 27% used [0x00000000bae00000,0x00000000bb3da170,0x00000000bc300000)
}
Event: 9,661 GC heap before
{Heap before GC invocations=8 (full 1):
 PSYoungGen      total 142848K, used 17913K [0x00000000eaa80000, 0x00000000fd480000, 0x0000000100000000)
  eden space 124928K, 0% used [0x00000000eaa80000,0x00000000eaa80000,0x00000000f2480000)
  from space 17920K, 99% used [0x00000000f2480000,0x00000000f35fe5f8,0x00000000f3600000)
  to   space 27648K, 0% used [0x00000000fb980000,0x00000000fb980000,0x00000000fd480000)
 ParOldGen       total 40960K, used 33747K [0x00000000c0000000, 0x00000000c2800000, 0x00000000eaa80000)
  object space 40960K, 82% used [0x00000000c0000000,0x00000000c20f4c30,0x00000000c2800000)
 PSPermGen       total 21504K, used 5992K [0x00000000bae00000, 0x00000000bc300000, 0x00000000c0000000)
  object space 21504K, 27% used [0x00000000bae00000,0x00000000bb3da170,0x00000000bc300000)
Event: 10,187 GC heap after
Heap after GC invocations=8 (full 1):
 PSYoungGen      total 142848K, used 4535K [0x00000000eaa80000, 0x00000000fd480000, 0x0000000100000000)
  eden space 124928K, 0% used [0x00000000eaa80000,0x00000000eaa80000,0x00000000f2480000)
  from space 17920K, 25% used [0x00000000f2480000,0x00000000f28edeb0,0x00000000f3600000)
  to   space 27648K, 0% used [0x00000000fb980000,0x00000000fb980000,0x00000000fd480000)
 ParOldGen       total 81920K, used 40559K [0x00000000c0000000, 0x00000000c5000000, 0x00000000eaa80000)
  object space 81920K, 49% used [0x00000000c0000000,0x00000000c279bc68,0x00000000c5000000)
 PSPermGen       total 21504K, used 5988K [0x00000000bae00000, 0x00000000bc300000, 0x00000000c0000000)
  object space 21504K, 27% used [0x00000000bae00000,0x00000000bb3d91a0,0x00000000bc300000)
}
Event: 11,417 GC heap before
{Heap before GC invocations=9 (full 1):
 PSYoungGen      total 142848K, used 129463K [0x00000000eaa80000, 0x00000000fd480000, 0x0000000100000000)
  eden space 124928K, 100% used [0x00000000eaa80000,0x00000000f2480000,0x00000000f2480000)
  from space 17920K, 25% used [0x00000000f2480000,0x00000000f28edeb0,0x00000000f3600000)
  to   space 27648K, 0% used [0x00000000fb980000,0x00000000fb980000,0x00000000fd480000)
 ParOldGen       total 81920K, used 40559K [0x00000000c0000000, 0x00000000c5000000, 0x00000000eaa80000)
  object space 81920K, 49% used [0x00000000c0000000,0x00000000c279bc68,0x00000000c5000000)
 PSPermGen       total 21504K, used 6047K [0x00000000bae00000, 0x00000000bc300000, 0x00000000c0000000)
  object space 21504K, 28% used [0x00000000bae00000,0x00000000bb3e7fc0,0x00000000bc300000)
Event: 11,504 GC heap after
Heap after GC invocations=9 (full 1):
 PSYoungGen      total 192000K, used 19930K [0x00000000eaa80000, 0x00000000fcd00000, 0x0000000100000000)
  eden space 172032K, 0% used [0x00000000eaa80000,0x00000000eaa80000,0x00000000f5280000)
  from space 19968K, 99% used [0x00000000fb980000,0x00000000fccf6a80,0x00000000fcd00000)
  to   space 29696K, 0% used [0x00000000f9300000,0x00000000f9300000,0x00000000fb000000)
 ParOldGen       total 81920K, used 40559K [0x00000000c0000000, 0x00000000c5000000, 0x00000000eaa80000)
  object space 81920K, 49% used [0x00000000c0000000,0x00000000c279bc68,0x00000000c5000000)
 PSPermGen       total 21504K, used 6047K [0x00000000bae00000, 0x00000000bc300000, 0x00000000c0000000)
  object space 21504K, 28% used [0x00000000bae00000,0x00000000bb3e7fc0,0x00000000bc300000)
}
Event: 13,141 GC heap before
{Heap before GC invocations=10 (full 1):
 PSYoungGen      total 192000K, used 191962K [0x00000000eaa80000, 0x00000000fcd00000, 0x0000000100000000)
  eden space 172032K, 100% used [0x00000000eaa80000,0x00000000f5280000,0x00000000f5280000)
  from space 19968K, 99% used [0x00000000fb980000,0x00000000fccf6a80,0x00000000fcd00000)
  to   space 29696K, 0% used [0x00000000f9300000,0x00000000f9300000,0x00000000fb000000)
 ParOldGen       total 81920K, used 40559K [0x00000000c0000000, 0x00000000c5000000, 0x00000000eaa80000)
  object space 81920K, 49% used [0x00000000c0000000,0x00000000c279bc68,0x00000000c5000000)
 PSPermGen       total 21504K, used 6078K [0x00000000bae00000, 0x00000000bc300000, 0x00000000c0000000)
  object space 21504K, 28% used [0x00000000bae00000,0x00000000bb3ef848,0x00000000bc300000)
Event: 13,295 GC heap after
Heap after GC invocations=10 (full 1):
 PSYoungGen      total 249856K, used 29680K [0x00000000eaa80000, 0x00000000fd380000, 0x0000000100000000)
  eden space 220160K, 0% used [0x00000000eaa80000,0x00000000eaa80000,0x00000000f8180000)
  from space 29696K, 99% used [0x00000000f9300000,0x00000000faffc248,0x00000000fb000000)
  to   space 36352K, 0% used [0x00000000fb000000,0x00000000fb000000,0x00000000fd380000)
 ParOldGen       total 81920K, used 58093K [0x00000000c0000000, 0x00000000c5000000, 0x00000000eaa80000)
  object space 81920K, 70% used [0x00000000c0000000,0x00000000c38bb418,0x00000000c5000000)
 PSPermGen       total 21504K, used 6078K [0x00000000bae00000, 0x00000000bc300000, 0x00000000c0000000)
  object space 21504K, 28% used [0x00000000bae00000,0x00000000bb3ef848,0x00000000bc300000)
}
Event: 14,853 GC heap before
{Heap before GC invocations=11 (full 1):
 PSYoungGen      total 249856K, used 249840K [0x00000000eaa80000, 0x00000000fd380000, 0x0000000100000000)
  eden space 220160K, 100% used [0x00000000eaa80000,0x00000000f8180000,0x00000000f8180000)
  from space 29696K, 99% used [0x00000000f9300000,0x00000000faffc248,0x00000000fb000000)
  to   space 36352K, 0% used [0x00000000fb000000,0x00000000fb000000,0x00000000fd380000)
 ParOldGen       total 81920K, used 58093K [0x00000000c0000000, 0x00000000c5000000, 0x00000000eaa80000)
  object space 81920K, 70% used [0x00000000c0000000,0x00000000c38bb418,0x00000000c5000000)
 PSPermGen       total 21504K, used 6094K [0x00000000bae00000, 0x00000000bc300000, 0x00000000c0000000)
  object space 21504K, 28% used [0x00000000bae00000,0x00000000bb3f3a58,0x00000000bc300000)
Event: 15,015 GC heap after
Heap after GC invocations=11 (full 1):
 PSYoungGen      total 246272K, used 36343K [0x00000000eaa80000, 0x0000000100000000, 0x0000000100000000)
  eden space 209920K, 0% used [0x00000000eaa80000,0x00000000eaa80000,0x00000000f7780000)
  from space 36352K, 99% used [0x00000000fb000000,0x00000000fd37dfe8,0x00000000fd380000)
  to   space 57856K, 0% used [0x00000000f7780000,0x00000000f7780000,0x00000000fb000000)
 ParOldGen       total 87552K, used 87077K [0x00000000c0000000, 0x00000000c5580000, 0x00000000eaa80000)
  object space 87552K, 99% used [0x00000000c0000000,0x00000000c5509760,0x00000000c5580000)
 PSPermGen       total 21504K, used 6094K [0x00000000bae00000, 0x00000000bc300000, 0x00000000c0000000)
  object space 21504K, 28% used [0x00000000bae00000,0x00000000bb3f3a58,0x00000000bc300000)
}
Event: 15,080 GC heap before
{Heap before GC invocations=12 (full 2):
 PSYoungGen      total 246272K, used 36343K [0x00000000eaa80000, 0x0000000100000000, 0x0000000100000000)
  eden space 209920K, 0% used [0x00000000eaa80000,0x00000000eaa80000,0x00000000f7780000)
  from space 36352K, 99% used [0x00000000fb000000,0x00000000fd37dfe8,0x00000000fd380000)
  to   space 57856K, 0% used [0x00000000f7780000,0x00000000f7780000,0x00000000fb000000)
 ParOldGen       total 87552K, used 87077K [0x00000000c0000000, 0x00000000c5580000, 0x00000000eaa80000)
  object space 87552K, 99% used [0x00000000c0000000,0x00000000c5509760,0x00000000c5580000)
 PSPermGen       total 21504K, used 6094K [0x00000000bae00000, 0x00000000bc300000, 0x00000000c0000000)
  object space 21504K, 28% used [0x00000000bae00000,0x00000000bb3f3a58,0x00000000bc300000)

Deoptimization events (10 events):
Event: 12,082 Thread 0x00007f7088177000 Uncommon trap: reason=unreached action=reinterpret pc=0x00007f7085176764 method=com.android.dx.rop.code.LocalItem.compareHandlesNulls(Lcom/android/dx/rop/cst/CstString;Lcom/android/dx/rop/cst/CstString;)I @ 14
Event: 12,237 Thread 0x00007f708800a000 Uncommon trap: reason=class_check action=maybe_recompile pc=0x00007f708515ad3c method=com.android.dx.ssa.SCCP.replaceConstants()V @ 127
Event: 12,276 Thread 0x00007f7088175800 Uncommon trap: reason=class_check action=maybe_recompile pc=0x00007f70851f3ca4 method=com.android.dx.ssa.back.FirstFitLocalCombiningAllocator.findNextUnreservedRopReg(IILcom/android/dx/ssa/back/FirstFitLocalCombiningAllocator$Alignment;)I @ 60
Event: 12,279 Thread 0x00007f7088175800 Uncommon trap: reason=class_check action=maybe_recompile pc=0x00007f70851f3ca4 method=com.android.dx.ssa.back.FirstFitLocalCombiningAllocator.findNextUnreservedRopReg(IILcom/android/dx/ssa/back/FirstFitLocalCombiningAllocator$Alignment;)I @ 60
Event: 12,658 Thread 0x00007f7088177000 Uncommon trap: reason=unreached action=reinterpret pc=0x00007f7085093d2c method=com.android.dx.ssa.MoveParamCombiner$1.visitNonMoveInsn(Lcom/android/dx/ssa/NormalSsaInsn;)V @ 27
Event: 12,727 Thread 0x00007f7088178800 Uncommon trap: reason=bimorphic action=maybe_recompile pc=0x00007f70850fcdbc method=com.android.dx.ssa.LiteralOpUpgrader.tryReplacingWithConstant(Lcom/android/dx/ssa/NormalSsaInsn;)Z @ 62
Event: 12,740 Thread 0x00007f7088178800 Uncommon trap: reason=class_check action=maybe_recompile pc=0x00007f70851f3ca4 method=com.android.dx.ssa.back.FirstFitLocalCombiningAllocator.findNextUnreservedRopReg(IILcom/android/dx/ssa/back/FirstFitLocalCombiningAllocator$Alignment;)I @ 60
Event: 12,744 Thread 0x00007f7088178800 Uncommon trap: reason=bimorphic action=maybe_recompile pc=0x00007f70850fcdbc method=com.android.dx.ssa.LiteralOpUpgrader.tryReplacingWithConstant(Lcom/android/dx/ssa/NormalSsaInsn;)Z @ 62
Event: 12,748 Thread 0x00007f7088178800 Uncommon trap: reason=class_check action=maybe_recompile pc=0x00007f70851f3ca4 method=com.android.dx.ssa.back.FirstFitLocalCombiningAllocator.findNextUnreservedRopReg(IILcom/android/dx/ssa/back/FirstFitLocalCombiningAllocator$Alignment;)I @ 60
Event: 14,403 Thread 0x00007f708800a000 Uncommon trap: reason=unreached action=reinterpret pc=0x00007f70853225e8 method=com.android.dx.cf.direct.StdAttributeFactory.parse0(Lcom/android/dx/cf/direct/DirectClassFile;ILjava/lang/String;IILcom/android/dx/cf/iface/ParseObserver;)Lcom/android/dx/cf/i

Internal exceptions (10 events):
Event: 3,255 Thread 0x00007f708800a000 Threw 0x00000000eb20bad8 at /HUDSON/workspace/7u-2-build-linux-amd64/jdk7u79/2331/hotspot/src/share/vm/prims/jvm.cpp:1304
Event: 3,298 Thread 0x00007f708800a000 Implicit null exception at 0x00007f70850e22b9 to 0x00007f70850e3791
Event: 3,463 Thread 0x00007f708800a000 Threw 0x00000000eb9b6928 at /HUDSON/workspace/7u-2-build-linux-amd64/jdk7u79/2331/hotspot/src/share/vm/prims/jvm.cpp:1304
Event: 5,205 Thread 0x00007f708800a000 Implicit null exception at 0x00007f708513d191 to 0x00007f7085140bbd
Event: 6,030 Thread 0x00007f708800a000 Threw 0x00000000ec5d5210 at /HUDSON/workspace/7u-2-build-linux-amd64/jdk7u79/2331/hotspot/src/share/vm/prims/jvm.cpp:1304
Event: 9,501 Thread 0x00007f708800a000 Threw 0x00000000f1e39308 at /HUDSON/workspace/7u-2-build-linux-amd64/jdk7u79/2331/hotspot/src/share/vm/prims/jvm.cpp:1304
Event: 12,020 Thread 0x00007f7088178800 Implicit null exception at 0x00007f70851b88b2 to 0x00007f70851b9c3d
Event: 12,020 Thread 0x00007f7088178800 Implicit null exception at 0x00007f70851bd56b to 0x00007f70851bd7d5
Event: 12,082 Thread 0x00007f7088177000 Implicit null exception at 0x00007f70851b1355 to 0x00007f70851b294d
Event: 12,082 Thread 0x00007f7088177000 Implicit null exception at 0x00007f708517663c to 0x00007f7085176751

Events (10 events):
Event: 12,744 Thread 0x00007f7088178800 DEOPT UNPACKING pc=0x00007f7085039445 sp=0x00007f70768e6ce8 mode 2
Event: 12,748 Thread 0x00007f7088178800 Uncommon trap: trap_request=0xffffffde fr.pc=0x00007f70851f3ca4
Event: 12,748 Thread 0x00007f7088178800 DEOPT PACKING pc=0x00007f70851f3ca4 sp=0x00007f70768e6ee0
Event: 12,748 Thread 0x00007f7088178800 DEOPT UNPACKING pc=0x00007f7085039445 sp=0x00007f70768e6df8 mode 2
Event: 13,140 Executing VM operation: ParallelGCFailedAllocation
Event: 13,295 Executing VM operation: ParallelGCFailedAllocation done
Event: 14,403 Thread 0x00007f708800a000 Uncommon trap: trap_request=0xffffffad fr.pc=0x00007f70853225e8
Event: 14,403 Thread 0x00007f708800a000 DEOPT PACKING pc=0x00007f70853225e8 sp=0x00007f7091d70fb0
Event: 14,403 Thread 0x00007f708800a000 DEOPT UNPACKING pc=0x00007f7085039445 sp=0x00007f7091d70f68 mode 2
Event: 14,852 Executing VM operation: ParallelGCFailedAllocation


Dynamic libraries:
00400000-00401000 r-xp 00000000 08:06 3546141                            /usr/lib/jvm/jdk-7-eseo-oracle-x64/bin/java
00600000-00601000 rw-p 00000000 08:06 3546141                            /usr/lib/jvm/jdk-7-eseo-oracle-x64/bin/java
0227e000-0229f000 rw-p 00000000 00:00 0                                  [heap]
bae00000-bc300000 rw-p 00000000 00:00 0 
bc300000-c0000000 rw-p 00000000 00:00 0 
c0000000-c5580000 rw-p 00000000 00:00 0 
c9a00000-eaa80000 rw-p 00000000 00:00 0 
eaa80000-100000000 rw-p 00000000 00:00 0 
7f7038000000-7f7038021000 rw-p 00000000 00:00 0 
7f7038021000-7f703c000000 ---p 00000000 00:00 0 
7f7040000000-7f7040043000 rw-p 00000000 00:00 0 
7f7040043000-7f7044000000 ---p 00000000 00:00 0 
7f7044000000-7f7044021000 rw-p 00000000 00:00 0 
7f7044021000-7f7048000000 ---p 00000000 00:00 0 
7f7048000000-7f7048024000 rw-p 00000000 00:00 0 
7f7048024000-7f704c000000 ---p 00000000 00:00 0 
7f704c000000-7f704c021000 rw-p 00000000 00:00 0 
7f704c021000-7f7050000000 ---p 00000000 00:00 0 
7f7050000000-7f7050021000 rw-p 00000000 00:00 0 
7f7050021000-7f7054000000 ---p 00000000 00:00 0 
7f7054000000-7f7054021000 rw-p 00000000 00:00 0 
7f7054021000-7f7058000000 ---p 00000000 00:00 0 
7f7058000000-7f7058021000 rw-p 00000000 00:00 0 
7f7058021000-7f705c000000 ---p 00000000 00:00 0 
7f705c000000-7f705dc65000 rw-p 00000000 00:00 0 
7f705dc65000-7f7060000000 ---p 00000000 00:00 0 
7f7060000000-7f7060021000 rw-p 00000000 00:00 0 
7f7060021000-7f7064000000 ---p 00000000 00:00 0 
7f7064000000-7f7065894000 rw-p 00000000 00:00 0 
7f7065894000-7f7068000000 ---p 00000000 00:00 0 
7f7068000000-7f7068289000 rw-p 00000000 00:00 0 
7f7068289000-7f706c000000 ---p 00000000 00:00 0 
7f706c000000-7f706c021000 rw-p 00000000 00:00 0 
7f706c021000-7f7070000000 ---p 00000000 00:00 0 
7f7070000000-7f7070021000 rw-p 00000000 00:00 0 
7f7070021000-7f7074000000 ---p 00000000 00:00 0 
7f70767e8000-7f70767eb000 ---p 00000000 00:00 0 
7f70767eb000-7f70768e9000 rw-p 00000000 00:00 0                          [stack:9051]
7f70768e9000-7f70768ec000 ---p 00000000 00:00 0 
7f70768ec000-7f70769ea000 rw-p 00000000 00:00 0                          [stack:9050]
7f70769ea000-7f70769ed000 ---p 00000000 00:00 0 
7f70769ed000-7f7076aeb000 rw-p 00000000 00:00 0                          [stack:9049]
7f7076aeb000-7f7076aee000 ---p 00000000 00:00 0 
7f7076aee000-7f7076bec000 rw-p 00000000 00:00 0                          [stack:9048]
7f7076bec000-7f7076bef000 ---p 00000000 00:00 0 
7f7076bef000-7f7076ced000 rw-p 00000000 00:00 0                          [stack:9047]
7f7076ced000-7f7076d03000 r-xp 00000000 08:06 3551968                    /usr/lib/jvm/jdk-7-eseo-oracle-x64/jre/lib/amd64/libnet.so
7f7076d03000-7f7076f03000 ---p 00016000 08:06 3551968                    /usr/lib/jvm/jdk-7-eseo-oracle-x64/jre/lib/amd64/libnet.so
7f7076f03000-7f7076f04000 rw-p 00016000 08:06 3551968                    /usr/lib/jvm/jdk-7-eseo-oracle-x64/jre/lib/amd64/libnet.so
7f7076f04000-7f7076f14000 r-xp 00000000 08:06 3551950                    /usr/lib/jvm/jdk-7-eseo-oracle-x64/jre/lib/amd64/libnio.so
7f7076f14000-7f7077114000 ---p 00010000 08:06 3551950                    /usr/lib/jvm/jdk-7-eseo-oracle-x64/jre/lib/amd64/libnio.so
7f7077114000-7f7077115000 rw-p 00010000 08:06 3551950                    /usr/lib/jvm/jdk-7-eseo-oracle-x64/jre/lib/amd64/libnio.so
7f7077115000-7f7077116000 ---p 00000000 00:00 0 
7f7077116000-7f7077216000 rw-p 00000000 00:00 0                          [stack:9046]
7f7077216000-7f7077219000 ---p 00000000 00:00 0 
7f7077219000-7f7077317000 rw-p 00000000 00:00 0                          [stack:9045]
7f7077317000-7f707731a000 ---p 00000000 00:00 0 
7f707731a000-7f7077418000 rw-p 00000000 00:00 0                          [stack:9044]
7f7077418000-7f707741b000 ---p 00000000 00:00 0 
7f707741b000-7f7077519000 rw-p 00000000 00:00 0                          [stack:9043]
7f7077519000-7f707751c000 ---p 00000000 00:00 0 
7f707751c000-7f707761a000 rw-p 00000000 00:00 0                          [stack:9042]
7f707761a000-7f7077cfd000 r--p 00000000 08:06 3546432                    /usr/lib/locale/locale-archive
7f7077cfd000-7f7077d00000 ---p 00000000 00:00 0 
7f7077d00000-7f7077dfe000 rw-p 00000000 00:00 0                          [stack:9041]
7f7077dfe000-7f7077e01000 ---p 00000000 00:00 0 
7f7077e01000-7f7077eff000 rw-p 00000000 00:00 0                          [stack:9040]
7f7077eff000-7f7077f00000 ---p 00000000 00:00 0 
7f7077f00000-7f7078000000 rw-p 00000000 00:00 0                          [stack:9039]
7f7078000000-7f7078021000 rw-p 00000000 00:00 0 
7f7078021000-7f707c000000 ---p 00000000 00:00 0 
7f707c000000-7f707c021000 rw-p 00000000 00:00 0 
7f707c021000-7f7080000000 ---p 00000000 00:00 0 
7f7080000000-7f7080024000 rw-p 00000000 00:00 0 
7f7080024000-7f7084000000 ---p 00000000 00:00 0 
7f7084014000-7f7084043000 r--s 0024e000 08:06 4347083                    /home/divi/Desktop/ProjetIoT/STIot/app/build/intermediates/transforms/jarMerging/debug/jars/1/1f/combined.jar
7f7084043000-7f7085000000 rw-p 00000000 00:00 0 
7f7085000000-7f7085370000 rwxp 00000000 00:00 0 
7f7085370000-7f70881ea000 rw-p 00000000 00:00 0 
7f70881ea000-7f708c000000 ---p 00000000 00:00 0 
7f708c002000-7f708c044000 rw-p 00000000 00:00 0 
7f708c044000-7f708c204000 r--s 039f7000 08:06 3552546                    /usr/lib/jvm/jdk-7-eseo-oracle-x64/jre/lib/rt.jar
7f708c204000-7f708e7b6000 rw-p 00000000 00:00 0 
7f708e7b6000-7f708e7b7000 ---p 00000000 00:00 0 
7f708e7b7000-7f708e8b7000 rw-p 00000000 00:00 0                          [stack:9038]
7f708e8b7000-7f708e8b8000 ---p 00000000 00:00 0 
7f708e8b8000-7f708e9b8000 rw-p 00000000 00:00 0                          [stack:9037]
7f708e9b8000-7f708e9b9000 ---p 00000000 00:00 0 
7f708e9b9000-7f708eab9000 rw-p 00000000 00:00 0                          [stack:9036]
7f708eab9000-7f708eaba000 ---p 00000000 00:00 0 
7f708eaba000-7f708ebc5000 rw-p 00000000 00:00 0                          [stack:9035]
7f708ebc5000-7f708ebe3000 rw-p 00000000 00:00 0 
7f708ebe3000-7f708ec0e000 rw-p 00000000 00:00 0 
7f708ec0e000-7f708ed39000 rw-p 00000000 00:00 0 
7f708ed39000-7f708ed44000 rw-p 00000000 00:00 0 
7f708ed44000-7f708ed62000 rw-p 00000000 00:00 0 
7f708ed62000-7f708ed8d000 rw-p 00000000 00:00 0 
7f708ed8d000-7f708eeb7000 rw-p 00000000 00:00 0 
7f708eeb7000-7f708ef62000 rw-p 00000000 00:00 0 
7f708ef62000-7f708ef63000 rw-p 00000000 00:00 0 
7f708ef63000-7f708ef7d000 r-xp 00000000 08:06 3551970                    /usr/lib/jvm/jdk-7-eseo-oracle-x64/jre/lib/amd64/libzip.so
7f708ef7d000-7f708f17d000 ---p 0001a000 08:06 3551970                    /usr/lib/jvm/jdk-7-eseo-oracle-x64/jre/lib/amd64/libzip.so
7f708f17d000-7f708f17e000 rw-p 0001a000 08:06 3551970                    /usr/lib/jvm/jdk-7-eseo-oracle-x64/jre/lib/amd64/libzip.so
7f708f17e000-7f708f189000 r-xp 00000000 08:06 3149790                    /lib/x86_64-linux-gnu/libnss_files-2.19.so
7f708f189000-7f708f388000 ---p 0000b000 08:06 3149790                    /lib/x86_64-linux-gnu/libnss_files-2.19.so
7f708f388000-7f708f389000 r--p 0000a000 08:06 3149790                    /lib/x86_64-linux-gnu/libnss_files-2.19.so
7f708f389000-7f708f38a000 rw-p 0000b000 08:06 3149790                    /lib/x86_64-linux-gnu/libnss_files-2.19.so
7f708f38a000-7f708f395000 r-xp 00000000 08:06 3145826                    /lib/x86_64-linux-gnu/libnss_nis-2.19.so
7f708f395000-7f708f594000 ---p 0000b000 08:06 3145826                    /lib/x86_64-linux-gnu/libnss_nis-2.19.so
7f708f594000-7f708f595000 r--p 0000a000 08:06 3145826                    /lib/x86_64-linux-gnu/libnss_nis-2.19.so
7f708f595000-7f708f596000 rw-p 0000b000 08:06 3145826                    /lib/x86_64-linux-gnu/libnss_nis-2.19.so
7f708f596000-7f708f5ad000 r-xp 00000000 08:06 3145822                    /lib/x86_64-linux-gnu/libnsl-2.19.so
7f708f5ad000-7f708f7ac000 ---p 00017000 08:06 3145822                    /lib/x86_64-linux-gnu/libnsl-2.19.so
7f708f7ac000-7f708f7ad000 r--p 00016000 08:06 3145822                    /lib/x86_64-linux-gnu/libnsl-2.19.so
7f708f7ad000-7f708f7ae000 rw-p 00017000 08:06 3145822                    /lib/x86_64-linux-gnu/libnsl-2.19.so
7f708f7ae000-7f708f7b0000 rw-p 00000000 00:00 0 
7f708f7b0000-7f708f7b9000 r-xp 00000000 08:06 3145821                    /lib/x86_64-linux-gnu/libnss_compat-2.19.so
7f708f7b9000-7f708f9b8000 ---p 00009000 08:06 3145821                    /lib/x86_64-linux-gnu/libnss_compat-2.19.so
7f708f9b8000-7f708f9b9000 r--p 00008000 08:06 3145821                    /lib/x86_64-linux-gnu/libnss_compat-2.19.so
7f708f9b9000-7f708f9ba000 rw-p 00009000 08:06 3145821                    /lib/x86_64-linux-gnu/libnss_compat-2.19.so
7f708f9ba000-7f708f9e3000 r-xp 00000000 08:06 3551934                    /usr/lib/jvm/jdk-7-eseo-oracle-x64/jre/lib/amd64/libjava.so
7f708f9e3000-7f708fbe3000 ---p 00029000 08:06 3551934                    /usr/lib/jvm/jdk-7-eseo-oracle-x64/jre/lib/amd64/libjava.so
7f708fbe3000-7f708fbe5000 rw-p 00029000 08:06 3551934                    /usr/lib/jvm/jdk-7-eseo-oracle-x64/jre/lib/amd64/libjava.so
7f708fbe5000-7f708fbf2000 r-xp 00000000 08:06 3551921                    /usr/lib/jvm/jdk-7-eseo-oracle-x64/jre/lib/amd64/libverify.so
7f708fbf2000-7f708fdf1000 ---p 0000d000 08:06 3551921                    /usr/lib/jvm/jdk-7-eseo-oracle-x64/jre/lib/amd64/libverify.so
7f708fdf1000-7f708fdf3000 rw-p 0000c000 08:06 3551921                    /usr/lib/jvm/jdk-7-eseo-oracle-x64/jre/lib/amd64/libverify.so
7f708fdf3000-7f708fdfa000 r-xp 00000000 08:06 3145830                    /lib/x86_64-linux-gnu/librt-2.19.so
7f708fdfa000-7f708fff9000 ---p 00007000 08:06 3145830                    /lib/x86_64-linux-gnu/librt-2.19.so
7f708fff9000-7f708fffa000 r--p 00006000 08:06 3145830                    /lib/x86_64-linux-gnu/librt-2.19.so
7f708fffa000-7f708fffb000 rw-p 00007000 08:06 3145830                    /lib/x86_64-linux-gnu/librt-2.19.so
7f708fffb000-7f7090100000 r-xp 00000000 08:06 3145758                    /lib/x86_64-linux-gnu/libm-2.19.so
7f7090100000-7f70902ff000 ---p 00105000 08:06 3145758                    /lib/x86_64-linux-gnu/libm-2.19.so
7f70902ff000-7f7090300000 r--p 00104000 08:06 3145758                    /lib/x86_64-linux-gnu/libm-2.19.so
7f7090300000-7f7090301000 rw-p 00105000 08:06 3145758                    /lib/x86_64-linux-gnu/libm-2.19.so
7f7090301000-7f7090e76000 r-xp 00000000 08:06 3551963                    /usr/lib/jvm/jdk-7-eseo-oracle-x64/jre/lib/amd64/server/libjvm.so
7f7090e76000-7f7091076000 ---p 00b75000 08:06 3551963                    /usr/lib/jvm/jdk-7-eseo-oracle-x64/jre/lib/amd64/server/libjvm.so
7f7091076000-7f709113a000 rw-p 00b75000 08:06 3551963                    /usr/lib/jvm/jdk-7-eseo-oracle-x64/jre/lib/amd64/server/libjvm.so
7f709113a000-7f709117b000 rw-p 00000000 00:00 0 
7f709117b000-7f7091336000 r-xp 00000000 08:06 3145831                    /lib/x86_64-linux-gnu/libc-2.19.so
7f7091336000-7f7091535000 ---p 001bb000 08:06 3145831                    /lib/x86_64-linux-gnu/libc-2.19.so
7f7091535000-7f7091539000 r--p 001ba000 08:06 3145831                    /lib/x86_64-linux-gnu/libc-2.19.so
7f7091539000-7f709153b000 rw-p 001be000 08:06 3145831                    /lib/x86_64-linux-gnu/libc-2.19.so
7f709153b000-7f7091540000 rw-p 00000000 00:00 0 
7f7091540000-7f7091543000 r-xp 00000000 08:06 3145818                    /lib/x86_64-linux-gnu/libdl-2.19.so
7f7091543000-7f7091742000 ---p 00003000 08:06 3145818                    /lib/x86_64-linux-gnu/libdl-2.19.so
7f7091742000-7f7091743000 r--p 00002000 08:06 3145818                    /lib/x86_64-linux-gnu/libdl-2.19.so
7f7091743000-7f7091744000 rw-p 00003000 08:06 3145818                    /lib/x86_64-linux-gnu/libdl-2.19.so
7f7091744000-7f709175a000 r-xp 00000000 08:06 3546303                    /usr/lib/jvm/jdk-7-eseo-oracle-x64/lib/amd64/jli/libjli.so
7f709175a000-7f709195a000 ---p 00016000 08:06 3546303                    /usr/lib/jvm/jdk-7-eseo-oracle-x64/lib/amd64/jli/libjli.so
7f709195a000-7f709195b000 rw-p 00016000 08:06 3546303                    /usr/lib/jvm/jdk-7-eseo-oracle-x64/lib/amd64/jli/libjli.so
7f709195b000-7f7091974000 r-xp 00000000 08:06 3145823                    /lib/x86_64-linux-gnu/libpthread-2.19.so
7f7091974000-7f7091b73000 ---p 00019000 08:06 3145823                    /lib/x86_64-linux-gnu/libpthread-2.19.so
7f7091b73000-7f7091b74000 r--p 00018000 08:06 3145823                    /lib/x86_64-linux-gnu/libpthread-2.19.so
7f7091b74000-7f7091b75000 rw-p 00019000 08:06 3145823                    /lib/x86_64-linux-gnu/libpthread-2.19.so
7f7091b75000-7f7091b79000 rw-p 00000000 00:00 0 
7f7091b79000-7f7091b9c000 r-xp 00000000 08:06 3145824                    /lib/x86_64-linux-gnu/ld-2.19.so
7f7091ba3000-7f7091bb2000 r--s 000df000 08:06 1204723                    /home/divi/Android/Sdk/build-tools/23.0.2/lib/dx.jar
7f7091bb2000-7f7091bc0000 rw-p 00000000 00:00 0 
7f7091bc0000-7f7091c72000 rw-p 00000000 00:00 0 
7f7091c72000-7f7091c75000 ---p 00000000 00:00 0 
7f7091c75000-7f7091d77000 rw-p 00000000 00:00 0                          [stack:9034]
7f7091d78000-7f7091d8f000 rw-p 00000000 00:00 0 
7f7091d8f000-7f7091d97000 rw-s 00000000 08:06 3025958                    /tmp/hsperfdata_divi/9029
7f7091d97000-7f7091d98000 rw-p 00000000 00:00 0 
7f7091d98000-7f7091d99000 ---p 00000000 00:00 0 
7f7091d99000-7f7091d9b000 rw-p 00000000 00:00 0 
7f7091d9b000-7f7091d9c000 r--p 00022000 08:06 3145824                    /lib/x86_64-linux-gnu/ld-2.19.so
7f7091d9c000-7f7091d9d000 rw-p 00023000 08:06 3145824                    /lib/x86_64-linux-gnu/ld-2.19.so
7f7091d9d000-7f7091d9e000 rw-p 00000000 00:00 0 
7ffe9a76c000-7ffe9a78d000 rw-p 00000000 00:00 0                          [stack]
7ffe9a7f3000-7ffe9a7f5000 r-xp 00000000 00:00 0                          [vdso]
7ffe9a7f5000-7ffe9a7f7000 r--p 00000000 00:00 0                          [vvar]
ffffffffff600000-ffffffffff601000 r-xp 00000000 00:00 0                  [vsyscall]

VM Arguments:
jvm_args: -Djava.awt.headless=true -Xmx1024M -Dfile.encoding=UTF-8 -Duser.country=US -Duser.language=en -Duser.variant 
java_command: com.android.dx.command.Main --dex --num-threads=4 --multi-dex --main-dex-list /home/divi/Desktop/ProjetIoT/STIot/app/build/intermediates/multi-dex/debug/maindexlist.txt --output /home/divi/Desktop/ProjetIoT/STIot/app/build/intermediates/transforms/dex/debug/folders/1000/1f/main /home/divi/Desktop/ProjetIoT/STIot/app/build/intermediates/transforms/jarMerging/debug/jars/1/1f/combined.jar
Launcher Type: SUN_STANDARD

Environment Variables:
PATH=/usr/local/sbin:/usr/local/bin:/usr/sbin:/usr/bin:/sbin:/bin:/usr/games:/usr/local/games
LD_LIBRARY_PATH=/opt/android-studio/bin:
SHELL=/bin/bash
DISPLAY=:0

Signal Handlers:
SIGSEGV: [libjvm.so+0x9a3bf0], sa_mask[0]=0x7ffbfeff, sa_flags=0x10000004
SIGBUS: [libjvm.so+0x9a3bf0], sa_mask[0]=0x7ffbfeff, sa_flags=0x10000004
SIGFPE: [libjvm.so+0x81cb60], sa_mask[0]=0x7ffbfeff, sa_flags=0x10000004
SIGPIPE: [libjvm.so+0x81cb60], sa_mask[0]=0x7ffbfeff, sa_flags=0x10000004
SIGXFSZ: [libjvm.so+0x81cb60], sa_mask[0]=0x7ffbfeff, sa_flags=0x10000004
SIGILL: [libjvm.so+0x81cb60], sa_mask[0]=0x7ffbfeff, sa_flags=0x10000004
SIGUSR1: SIG_DFL, sa_mask[0]=0x00000000, sa_flags=0x00000000
SIGUSR2: [libjvm.so+0x81e360], sa_mask[0]=0x00000004, sa_flags=0x10000004
SIGHUP: [libjvm.so+0x81f480], sa_mask[0]=0x7ffbfeff, sa_flags=0x10000004
SIGINT: [libjvm.so+0x81f480], sa_mask[0]=0x7ffbfeff, sa_flags=0x10000004
SIGTERM: [libjvm.so+0x81f480], sa_mask[0]=0x7ffbfeff, sa_flags=0x10000004
SIGQUIT: [libjvm.so+0x81f480], sa_mask[0]=0x7ffbfeff, sa_flags=0x10000004


---------------  S Y S T E M  ---------------

OS:jessie/sid

uname:Linux 3.16.0-67-generic #87~14.04.1-Ubuntu SMP Fri Mar 11 00:26:02 UTC 2016 x86_64
libc:glibc 2.19 NPTL 2.19 
rlimit: STACK 8192k, CORE 0k, NPROC 15363, NOFILE 4096, AS infinity
load average:2,04 2,33 2,44

/proc/meminfo:
MemTotal:        3954432 kB
MemFree:          114508 kB
MemAvailable:      64476 kB
Buffers:            1376 kB
Cached:           496724 kB
SwapCached:            0 kB
Active:          3221652 kB
Inactive:         448684 kB
Active(anon):    3205356 kB
Inactive(anon):   427040 kB
Active(file):      16296 kB
Inactive(file):    21644 kB
Unevictable:         116 kB
Mlocked:             116 kB
SwapTotal:             0 kB
SwapFree:              0 kB
Dirty:               280 kB
Writeback:             0 kB
AnonPages:       3173060 kB
Mapped:           123784 kB
Shmem:            459492 kB
Slab:              62092 kB
SReclaimable:      30932 kB
SUnreclaim:        31160 kB
KernelStack:        9168 kB
PageTables:        37644 kB
NFS_Unstable:          0 kB
Bounce:                0 kB
WritebackTmp:          0 kB
CommitLimit:     1977216 kB
Committed_AS:    6921960 kB
VmallocTotal:   34359738367 kB
VmallocUsed:      407512 kB
VmallocChunk:   34359324156 kB
HardwareCorrupted:     0 kB
AnonHugePages:   1550336 kB
HugePages_Total:       0
HugePages_Free:        0
HugePages_Rsvd:        0
HugePages_Surp:        0
Hugepagesize:       2048 kB
DirectMap4k:      103808 kB
DirectMap2M:     3997696 kB


CPU:total 4 (2 cores per cpu, 2 threads per core) family 6 model 42 stepping 7, cmov, cx8, fxsr, mmx, sse, sse2, sse3, ssse3, sse4.1, sse4.2, popcnt, avx, ht, tsc, tscinvbit

/proc/cpuinfo:
processor	: 0
vendor_id	: GenuineIntel
cpu family	: 6
model		: 42
model name	: Intel(R) Core(TM) i3-2330M CPU @ 2.20GHz
stepping	: 7
microcode	: 0x15
cpu MHz		: 950.812
cache size	: 3072 KB
physical id	: 0
siblings	: 4
core id		: 0
cpu cores	: 2
apicid		: 0
initial apicid	: 0
fpu		: yes
fpu_exception	: yes
cpuid level	: 13
wp		: yes
flags		: fpu vme de pse tsc msr pae mce cx8 apic sep mtrr pge mca cmov pat pse36 clflush dts acpi mmx fxsr sse sse2 ss ht tm pbe syscall nx rdtscp lm constant_tsc arch_perfmon pebs bts rep_good nopl xtopology nonstop_tsc aperfmperf eagerfpu pni pclmulqdq dtes64 monitor ds_cpl vmx est tm2 ssse3 cx16 xtpr pdcm pcid sse4_1 sse4_2 x2apic popcnt tsc_deadline_timer xsave avx lahf_lm arat epb xsaveopt pln pts dtherm tpr_shadow vnmi flexpriority ept vpid
bogomips	: 4390.17
clflush size	: 64
cache_alignment	: 64
address sizes	: 36 bits physical, 48 bits virtual
power management:

processor	: 1
vendor_id	: GenuineIntel
cpu family	: 6
model		: 42
model name	: Intel(R) Core(TM) i3-2330M CPU @ 2.20GHz
stepping	: 7
microcode	: 0x15
cpu MHz		: 817.953
cache size	: 3072 KB
physical id	: 0
siblings	: 4
core id		: 1
cpu cores	: 2
apicid		: 2
initial apicid	: 2
fpu		: yes
fpu_exception	: yes
cpuid level	: 13
wp		: yes
flags		: fpu vme de pse tsc msr pae mce cx8 apic sep mtrr pge mca cmov pat pse36 clflush dts acpi mmx fxsr sse sse2 ss ht tm pbe syscall nx rdtscp lm constant_tsc arch_perfmon pebs bts rep_good nopl xtopology nonstop_tsc aperfmperf eagerfpu pni pclmulqdq dtes64 monitor ds_cpl vmx est tm2 ssse3 cx16 xtpr pdcm pcid sse4_1 sse4_2 x2apic popcnt tsc_deadline_timer xsave avx lahf_lm arat epb xsaveopt pln pts dtherm tpr_shadow vnmi flexpriority ept vpid
bogomips	: 4390.17
clflush size	: 64
cache_alignment	: 64
address sizes	: 36 bits physical, 48 bits virtual
power management:

processor	: 2
vendor_id	: GenuineIntel
cpu family	: 6
model		: 42
model name	: Intel(R) Core(TM) i3-2330M CPU @ 2.20GHz
stepping	: 7
microcode	: 0x15
cpu MHz		: 882.921
cache size	: 3072 KB
physical id	: 0
siblings	: 4
core id		: 0
cpu cores	: 2
apicid		: 1
initial apicid	: 1
fpu		: yes
fpu_exception	: yes
cpuid level	: 13
wp		: yes
flags		: fpu vme de pse tsc msr pae mce cx8 apic sep mtrr pge mca cmov pat pse36 clflush dts acpi mmx fxsr sse sse2 ss ht tm pbe syscall nx rdtscp lm constant_tsc arch_perfmon pebs bts rep_good nopl xtopology nonstop_tsc aperfmperf eagerfpu pni pclmulqdq dtes64 monitor ds_cpl vmx est tm2 ssse3 cx16 xtpr pdcm pcid sse4_1 sse4_2 x2apic popcnt tsc_deadline_timer xsave avx lahf_lm arat epb xsaveopt pln pts dtherm tpr_shadow vnmi flexpriority ept vpid
bogomips	: 4390.17
clflush size	: 64
cache_alignment	: 64
address sizes	: 36 bits physical, 48 bits virtual
power management:

processor	: 3
vendor_id	: GenuineIntel
cpu family	: 6
model		: 42
model name	: Intel(R) Core(TM) i3-2330M CPU @ 2.20GHz
stepping	: 7
microcode	: 0x15
cpu MHz		: 1247.125
cache size	: 3072 KB
physical id	: 0
siblings	: 4
core id		: 1
cpu cores	: 2
apicid		: 3
initial apicid	: 3
fpu		: yes
fpu_exception	: yes
cpuid level	: 13
wp		: yes
flags		: fpu vme de pse tsc msr pae mce cx8 apic sep mtrr pge mca cmov pat pse36 clflush dts acpi mmx fxsr sse sse2 ss ht tm pbe syscall nx rdtscp lm constant_tsc arch_perfmon pebs bts rep_good nopl xtopology nonstop_tsc aperfmperf eagerfpu pni pclmulqdq dtes64 monitor ds_cpl vmx est tm2 ssse3 cx16 xtpr pdcm pcid sse4_1 sse4_2 x2apic popcnt tsc_deadline_timer xsave avx lahf_lm arat epb xsaveopt pln pts dtherm tpr_shadow vnmi flexpriority ept vpid
bogomips	: 4390.17
clflush size	: 64
cache_alignment	: 64
address sizes	: 36 bits physical, 48 bits virtual
power management:



Memory: 4k page, physical 3954432k(114508k free), swap 0k(0k free)

vm_info: Java HotSpot(TM) 64-Bit Server VM (24.79-b02) for linux-amd64 JRE (1.7.0_79-b15), built on Apr 10 2015 11:34:48 by "java_re" with gcc 4.3.0 20080428 (Red Hat 4.3.0-8)

time: Tue May 24 11:26:15 2016
elapsed time: 16 seconds

