#
# There is insufficient memory for the Java Runtime Environment to continue.
# Native memory allocation (malloc) failed to allocate 145752064 bytes for committing reserved memory.
# Possible reasons:
#   The system is out of physical RAM or swap space
#   In 32 bit mode, the process size limit was hit
# Possible solutions:
#   Reduce memory load on the system
#   Increase physical memory or swap space
#   Check if swap backing store is full
#   Use 64 bit Java on a 64 bit OS
#   Decrease Java heap size (-Xmx/-Xms)
#   Decrease number of Java threads
#   Decrease Java thread stack sizes (-Xss)
#   Set larger code cache with -XX:ReservedCodeCacheSize=
# This output file may be truncated or incomplete.
#
#  Out of Memory Error (os_linux.cpp:2756), pid=25925, tid=140575566178048
#
# JRE version: Java(TM) SE Runtime Environment (7.0_79-b15) (build 1.7.0_79-b15)
# Java VM: Java HotSpot(TM) 64-Bit Server VM (24.79-b02 mixed mode linux-amd64 compressed oops)
# Failed to write core dump. Core dumps have been disabled. To enable core dumping, try "ulimit -c unlimited" before starting Java again
#

---------------  T H R E A D  ---------------

Current thread (0x00007fda5006a000):  VMThread [stack: 0x00007fda4c9fa000,0x00007fda4cafb000] [id=25934]

Stack: [0x00007fda4c9fa000,0x00007fda4cafb000],  sp=0x00007fda4caf92c0,  free space=1020k
Native frames: (J=compiled Java code, j=interpreted, Vv=VM code, C=native code)
V  [libjvm.so+0x9a32da]  VMError::report_and_die()+0x2ea
V  [libjvm.so+0x497f7b]  report_vm_out_of_memory(char const*, int, unsigned long, char const*)+0x9b
V  [libjvm.so+0x81fcce]  os::Linux::commit_memory_impl(char*, unsigned long, bool)+0xfe
V  [libjvm.so+0x820219]  os::pd_commit_memory(char*, unsigned long, unsigned long, bool)+0x29
V  [libjvm.so+0x819faa]  os::commit_memory(char*, unsigned long, unsigned long, bool)+0x2a
V  [libjvm.so+0x88d863]  PSVirtualSpace::expand_by(unsigned long)+0x53
V  [libjvm.so+0x88ec38]  PSYoungGen::resize_generation(unsigned long, unsigned long)+0xf8
V  [libjvm.so+0x88dda2]  PSYoungGen::resize(unsigned long, unsigned long)+0x22
V  [libjvm.so+0x88b15d]  PSScavenge::invoke_no_policy()+0xf3d
V  [libjvm.so+0x88b9a1]  PSScavenge::invoke()+0x41
V  [libjvm.so+0x842320]  ParallelScavengeHeap::failed_mem_allocate(unsigned long)+0x70
V  [libjvm.so+0x9a4b67]  VM_ParallelGCFailedAllocation::doit()+0x97
V  [libjvm.so+0x9ac005]  VM_Operation::evaluate()+0x55
V  [libjvm.so+0x9aa3ca]  VMThread::evaluate_operation(VM_Operation*)+0xba
V  [libjvm.so+0x9aa74e]  VMThread::loop()+0x1ce
V  [libjvm.so+0x9aabc0]  VMThread::run()+0x70
V  [libjvm.so+0x821ca8]  java_start(Thread*)+0x108

VM_Operation (0x00007fda586140c0): ParallelGCFailedAllocation, mode: safepoint, requested by thread 0x00007fda5000a000


---------------  P R O C E S S  ---------------

Java Threads: ( => current thread )
  0x00007fda501c8000 JavaThread "pool-2-thread-4" [_thread_blocked, id=25947, stack(0x00007fda4503f000,0x00007fda45140000)]
  0x00007fda501c6800 JavaThread "pool-2-thread-3" [_thread_blocked, id=25946, stack(0x00007fda45140000,0x00007fda45241000)]
  0x00007fda501c5000 JavaThread "pool-2-thread-2" [_thread_blocked, id=25945, stack(0x00007fda45241000,0x00007fda45342000)]
  0x00007fda501c4000 JavaThread "pool-3-thread-1" [_thread_blocked, id=25944, stack(0x00007fda45342000,0x00007fda45443000)]
  0x00007fda501bf000 JavaThread "pool-2-thread-1" [_thread_blocked, id=25943, stack(0x00007fda45443000,0x00007fda45544000)]
  0x00007fda500a2000 JavaThread "Service Thread" daemon [_thread_blocked, id=25940, stack(0x00007fda45a6d000,0x00007fda45b6e000)]
  0x00007fda5009f800 JavaThread "C2 CompilerThread1" daemon [_thread_blocked, id=25939, stack(0x00007fda45b6e000,0x00007fda45c6f000)]
  0x00007fda5009c800 JavaThread "C2 CompilerThread0" daemon [_thread_blocked, id=25938, stack(0x00007fda45c6f000,0x00007fda45d70000)]
  0x00007fda5009a800 JavaThread "Signal Dispatcher" daemon [_thread_blocked, id=25937, stack(0x00007fda4c014000,0x00007fda4c115000)]
  0x00007fda50070800 JavaThread "Finalizer" daemon [_thread_blocked, id=25936, stack(0x00007fda4c7f8000,0x00007fda4c8f9000)]
  0x00007fda5006e800 JavaThread "Reference Handler" daemon [_thread_blocked, id=25935, stack(0x00007fda4c8f9000,0x00007fda4c9fa000)]
  0x00007fda5000a000 JavaThread "main" [_thread_blocked, id=25929, stack(0x00007fda58515000,0x00007fda58616000)]

Other Threads:
=>0x00007fda5006a000 VMThread [stack: 0x00007fda4c9fa000,0x00007fda4cafb000] [id=25934]
  0x00007fda500ac800 WatcherThread [stack: 0x00007fda4596c000,0x00007fda45a6d000] [id=25941]

VM state:at safepoint (normal execution)

VM Mutex/Monitor currently owned by a thread:  ([mutex/lock_event])
[0x00007fda500067e0] Threads_lock - owner thread: 0x00007fda5006a000
[0x00007fda50006ce0] Heap_lock - owner thread: 0x00007fda5000a000

Heap
 PSYoungGen      total 142848K, used 17395K [0x00000000eaa80000, 0x00000000f4880000, 0x0000000100000000)
  eden space 125440K, 0% used [0x00000000eaa80000,0x00000000eaa80000,0x00000000f2500000)
  from space 17408K, 99% used [0x00000000f2500000,0x00000000f35fcdb8,0x00000000f3600000)
  to   space 15872K, 0% used [0x00000000f3600000,0x00000000f3600000,0x00000000f4580000)
 ParOldGen       total 40960K, used 32456K [0x00000000c0000000, 0x00000000c2800000, 0x00000000eaa80000)
  object space 40960K, 79% used [0x00000000c0000000,0x00000000c1fb2288,0x00000000c2800000)
 PSPermGen       total 21504K, used 5990K [0x00000000bae00000, 0x00000000bc300000, 0x00000000c0000000)
  object space 21504K, 27% used [0x00000000bae00000,0x00000000bb3d9be8,0x00000000bc300000)

Card table byte_map: [0x00007fda555dc000,0x00007fda55806000] byte_map_base: 0x00007fda55005000

Polling page: 0x00007fda5863b000

Code Cache  [0x00007fda4d000000, 0x00007fda4d270000, 0x00007fda50000000)
 total_blobs=677 nmethods=447 adapters=183 free_code_cache=47341Kb largest_free_block=48444160

Compilation events (10 events):
Event: 10,458 Thread 0x00007fda5009f800 nmethod 448 0x00007fda4d0fd890 code [0x00007fda4d0fd9e0, 0x00007fda4d0fdc38]
Event: 10,458 Thread 0x00007fda5009f800  449             com.android.dx.ssa.SsaBasicBlock::scheduleMovesFromPhis (108 bytes)
Event: 10,463 Thread 0x00007fda5009f800 nmethod 449 0x00007fda4d1c9790 code [0x00007fda4d1c9920, 0x00007fda4d1c9b20]
Event: 10,463 Thread 0x00007fda5009f800  450             com.android.dx.ssa.SsaMethod::returnSpareRegisters (6 bytes)
Event: 10,463 Thread 0x00007fda5009f800 nmethod 450 0x00007fda4d0fd690 code [0x00007fda4d0fd7c0, 0x00007fda4d0fd818]
Event: 10,463 Thread 0x00007fda5009f800  451             com.android.dx.ssa.SsaBasicBlock::addDomChild (10 bytes)
Event: 10,479 Thread 0x00007fda5009f800 nmethod 451 0x00007fda4d1c91d0 code [0x00007fda4d1c9340, 0x00007fda4d1c9538]
Event: 10,479 Thread 0x00007fda5009f800  452             com.android.dx.ssa.SetFactory::makeDomFrontSet (26 bytes)
Event: 10,484 Thread 0x00007fda5009f800 nmethod 452 0x00007fda4d1c3e50 code [0x00007fda4d1c3fa0, 0x00007fda4d1c4138]
Event: 10,484 Thread 0x00007fda5009f800  453             com.android.dx.ssa.SsaRenamer$1::visitBlock (16 bytes)

GC Heap History (10 events):
Event: 0,364 GC heap after
Heap after GC invocations=2 (full 0):
 PSYoungGen      total 34304K, used 816K [0x00000000eaa80000, 0x00000000ece80000, 0x0000000100000000)
  eden space 31744K, 0% used [0x00000000eaa80000,0x00000000eaa80000,0x00000000ec980000)
  from space 2560K, 31% used [0x00000000ecc00000,0x00000000ecccc010,0x00000000ece80000)
  to   space 2560K, 0% used [0x00000000ec980000,0x00000000ec980000,0x00000000ecc00000)
 ParOldGen       total 40960K, used 8K [0x00000000c0000000, 0x00000000c2800000, 0x00000000eaa80000)
  object space 40960K, 0% used [0x00000000c0000000,0x00000000c0002000,0x00000000c2800000)
 PSPermGen       total 21504K, used 3251K [0x00000000bae00000, 0x00000000bc300000, 0x00000000c0000000)
  object space 21504K, 15% used [0x00000000bae00000,0x00000000bb12cf70,0x00000000bc300000)
}
Event: 1,791 GC heap before
{Heap before GC invocations=3 (full 0):
 PSYoungGen      total 34304K, used 32560K [0x00000000eaa80000, 0x00000000ece80000, 0x0000000100000000)
  eden space 31744K, 100% used [0x00000000eaa80000,0x00000000ec980000,0x00000000ec980000)
  from space 2560K, 31% used [0x00000000ecc00000,0x00000000ecccc010,0x00000000ece80000)
  to   space 2560K, 0% used [0x00000000ec980000,0x00000000ec980000,0x00000000ecc00000)
 ParOldGen       total 40960K, used 8K [0x00000000c0000000, 0x00000000c2800000, 0x00000000eaa80000)
  object space 40960K, 0% used [0x00000000c0000000,0x00000000c0002000,0x00000000c2800000)
 PSPermGen       total 21504K, used 5800K [0x00000000bae00000, 0x00000000bc300000, 0x00000000c0000000)
  object space 21504K, 26% used [0x00000000bae00000,0x00000000bb3aa368,0x00000000bc300000)
Event: 1,822 GC heap after
Heap after GC invocations=3 (full 0):
 PSYoungGen      total 34304K, used 2538K [0x00000000eaa80000, 0x00000000eed80000, 0x0000000100000000)
  eden space 31744K, 0% used [0x00000000eaa80000,0x00000000eaa80000,0x00000000ec980000)
  from space 2560K, 99% used [0x00000000ec980000,0x00000000ecbfaa88,0x00000000ecc00000)
  to   space 2560K, 0% used [0x00000000eeb00000,0x00000000eeb00000,0x00000000eed80000)
 ParOldGen       total 40960K, used 5345K [0x00000000c0000000, 0x00000000c2800000, 0x00000000eaa80000)
  object space 40960K, 13% used [0x00000000c0000000,0x00000000c0538418,0x00000000c2800000)
 PSPermGen       total 21504K, used 5800K [0x00000000bae00000, 0x00000000bc300000, 0x00000000c0000000)
  object space 21504K, 26% used [0x00000000bae00000,0x00000000bb3aa368,0x00000000bc300000)
}
Event: 3,056 GC heap before
{Heap before GC invocations=4 (full 0):
 PSYoungGen      total 34304K, used 34282K [0x00000000eaa80000, 0x00000000eed80000, 0x0000000100000000)
  eden space 31744K, 100% used [0x00000000eaa80000,0x00000000ec980000,0x00000000ec980000)
  from space 2560K, 99% used [0x00000000ec980000,0x00000000ecbfaa88,0x00000000ecc00000)
  to   space 2560K, 0% used [0x00000000eeb00000,0x00000000eeb00000,0x00000000eed80000)
 ParOldGen       total 40960K, used 5345K [0x00000000c0000000, 0x00000000c2800000, 0x00000000eaa80000)
  object space 40960K, 13% used [0x00000000c0000000,0x00000000c0538418,0x00000000c2800000)
 PSPermGen       total 21504K, used 5861K [0x00000000bae00000, 0x00000000bc300000, 0x00000000c0000000)
  object space 21504K, 27% used [0x00000000bae00000,0x00000000bb3b9620,0x00000000bc300000)
Event: 3,088 GC heap after
Heap after GC invocations=4 (full 0):
 PSYoungGen      total 66048K, used 2557K [0x00000000eaa80000, 0x00000000eed80000, 0x0000000100000000)
  eden space 63488K, 0% used [0x00000000eaa80000,0x00000000eaa80000,0x00000000ee880000)
  from space 2560K, 99% used [0x00000000eeb00000,0x00000000eed7f5b0,0x00000000eed80000)
  to   space 2560K, 0% used [0x00000000ee880000,0x00000000ee880000,0x00000000eeb00000)
 ParOldGen       total 40960K, used 11119K [0x00000000c0000000, 0x00000000c2800000, 0x00000000eaa80000)
  object space 40960K, 27% used [0x00000000c0000000,0x00000000c0adbc28,0x00000000c2800000)
 PSPermGen       total 21504K, used 5861K [0x00000000bae00000, 0x00000000bc300000, 0x00000000c0000000)
  object space 21504K, 27% used [0x00000000bae00000,0x00000000bb3b9620,0x00000000bc300000)
}
Event: 5,486 GC heap before
{Heap before GC invocations=5 (full 0):
 PSYoungGen      total 66048K, used 66045K [0x00000000eaa80000, 0x00000000eed80000, 0x0000000100000000)
  eden space 63488K, 100% used [0x00000000eaa80000,0x00000000ee880000,0x00000000ee880000)
  from space 2560K, 99% used [0x00000000eeb00000,0x00000000eed7f5b0,0x00000000eed80000)
  to   space 2560K, 0% used [0x00000000ee880000,0x00000000ee880000,0x00000000eeb00000)
 ParOldGen       total 40960K, used 11119K [0x00000000c0000000, 0x00000000c2800000, 0x00000000eaa80000)
  object space 40960K, 27% used [0x00000000c0000000,0x00000000c0adbc28,0x00000000c2800000)
 PSPermGen       total 21504K, used 5912K [0x00000000bae00000, 0x00000000bc300000, 0x00000000c0000000)
  object space 21504K, 27% used [0x00000000bae00000,0x00000000bb3c6240,0x00000000bc300000)
Event: 5,584 GC heap after
Heap after GC invocations=5 (full 0):
 PSYoungGen      total 66048K, used 2555K [0x00000000eaa80000, 0x00000000f4580000, 0x0000000100000000)
  eden space 63488K, 0% used [0x00000000eaa80000,0x00000000eaa80000,0x00000000ee880000)
  from space 2560K, 99% used [0x00000000ee880000,0x00000000eeafed78,0x00000000eeb00000)
  to   space 15872K, 0% used [0x00000000f3600000,0x00000000f3600000,0x00000000f4580000)
 ParOldGen       total 40960K, used 21578K [0x00000000c0000000, 0x00000000c2800000, 0x00000000eaa80000)
  object space 40960K, 52% used [0x00000000c0000000,0x00000000c1512b78,0x00000000c2800000)
 PSPermGen       total 21504K, used 5912K [0x00000000bae00000, 0x00000000bc300000, 0x00000000c0000000)
  object space 21504K, 27% used [0x00000000bae00000,0x00000000bb3c6240,0x00000000bc300000)
}
Event: 7,703 GC heap before
{Heap before GC invocations=6 (full 0):
 PSYoungGen      total 66048K, used 66043K [0x00000000eaa80000, 0x00000000f4580000, 0x0000000100000000)
  eden space 63488K, 100% used [0x00000000eaa80000,0x00000000ee880000,0x00000000ee880000)
  from space 2560K, 99% used [0x00000000ee880000,0x00000000eeafed78,0x00000000eeb00000)
  to   space 15872K, 0% used [0x00000000f3600000,0x00000000f3600000,0x00000000f4580000)
 ParOldGen       total 40960K, used 21578K [0x00000000c0000000, 0x00000000c2800000, 0x00000000eaa80000)
  object space 40960K, 52% used [0x00000000c0000000,0x00000000c1512b78,0x00000000c2800000)
 PSPermGen       total 21504K, used 5956K [0x00000000bae00000, 0x00000000bc300000, 0x00000000c0000000)
  object space 21504K, 27% used [0x00000000bae00000,0x00000000bb3d10f0,0x00000000bc300000)
Event: 7,757 GC heap after
Heap after GC invocations=6 (full 0):
 PSYoungGen      total 141312K, used 11487K [0x00000000eaa80000, 0x00000000f4880000, 0x0000000100000000)
  eden space 125440K, 0% used [0x00000000eaa80000,0x00000000eaa80000,0x00000000f2500000)
  from space 15872K, 72% used [0x00000000f3600000,0x00000000f4137ef0,0x00000000f4580000)
  to   space 17408K, 0% used [0x00000000f2500000,0x00000000f2500000,0x00000000f3600000)
 ParOldGen       total 40960K, used 21578K [0x00000000c0000000, 0x00000000c2800000, 0x00000000eaa80000)
  object space 40960K, 52% used [0x00000000c0000000,0x00000000c1512b78,0x00000000c2800000)
 PSPermGen       total 21504K, used 5956K [0x00000000bae00000, 0x00000000bc300000, 0x00000000c0000000)
  object space 21504K, 27% used [0x00000000bae00000,0x00000000bb3d10f0,0x00000000bc300000)
}
Event: 10,724 GC heap before
{Heap before GC invocations=7 (full 0):
 PSYoungGen      total 141312K, used 136927K [0x00000000eaa80000, 0x00000000f4880000, 0x0000000100000000)
  eden space 125440K, 100% used [0x00000000eaa80000,0x00000000f2500000,0x00000000f2500000)
  from space 15872K, 72% used [0x00000000f3600000,0x00000000f4137ef0,0x00000000f4580000)
  to   space 17408K, 0% used [0x00000000f2500000,0x00000000f2500000,0x00000000f3600000)
 ParOldGen       total 40960K, used 21578K [0x00000000c0000000, 0x00000000c2800000, 0x00000000eaa80000)
  object space 40960K, 52% used [0x00000000c0000000,0x00000000c1512b78,0x00000000c2800000)
 PSPermGen       total 21504K, used 5990K [0x00000000bae00000, 0x00000000bc300000, 0x00000000c0000000)
  object space 21504K, 27% used [0x00000000bae00000,0x00000000bb3d9be8,0x00000000bc300000)

Deoptimization events (10 events):
Event: 3,858 Thread 0x00007fda501c6800 Uncommon trap: reason=null_check action=make_not_entrant pc=0x00007fda4d0e2ac4 method=com.android.dx.ssa.SsaRenamer.getLocalForNewReg(I)Lcom/android/dx/rop/code/LocalItem; @ 19
Event: 8,368 Thread 0x00007fda501c8000 Uncommon trap: reason=bimorphic action=maybe_recompile pc=0x00007fda4d16a998 method=com.android.dx.ssa.SCCP.setLatticeValueTo(IILcom/android/dx/rop/cst/Constant;)Z @ 43
Event: 8,674 Thread 0x00007fda501c8000 Uncommon trap: reason=bimorphic action=maybe_recompile pc=0x00007fda4d16a998 method=com.android.dx.ssa.SCCP.setLatticeValueTo(IILcom/android/dx/rop/cst/Constant;)Z @ 43
Event: 9,096 Thread 0x00007fda501c8000 Uncommon trap: reason=bimorphic action=maybe_recompile pc=0x00007fda4d16a998 method=com.android.dx.ssa.SCCP.setLatticeValueTo(IILcom/android/dx/rop/cst/Constant;)Z @ 43
Event: 9,459 Thread 0x00007fda501c8000 Uncommon trap: reason=bimorphic action=maybe_recompile pc=0x00007fda4d16a998 method=com.android.dx.ssa.SCCP.setLatticeValueTo(IILcom/android/dx/rop/cst/Constant;)Z @ 43
Event: 9,798 Thread 0x00007fda5000a000 Uncommon trap: reason=null_check action=make_not_entrant pc=0x00007fda4d13c6c8 method=com.android.dx.cf.code.Ropper$CatchInfo.getSetup(Lcom/android/dx/rop/type/Type;)Lcom/android/dx/cf/code/Ropper$ExceptionHandlerSetup; @ 10
Event: 10,628 Thread 0x00007fda501c5000 Uncommon trap: reason=bimorphic action=maybe_recompile pc=0x00007fda4d19ac1c method=com.android.dx.cf.code.BytecodeArray.parseInstruction(ILcom/android/dx/cf/code/BytecodeArray$Visitor;)I @ 2484
Event: 10,636 Thread 0x00007fda501c5000 Uncommon trap: reason=bimorphic action=maybe_recompile pc=0x00007fda4d19ac1c method=com.android.dx.cf.code.BytecodeArray.parseInstruction(ILcom/android/dx/cf/code/BytecodeArray$Visitor;)I @ 2484
Event: 10,651 Thread 0x00007fda501c5000 Uncommon trap: reason=bimorphic action=maybe_recompile pc=0x00007fda4d19ac1c method=com.android.dx.cf.code.BytecodeArray.parseInstruction(ILcom/android/dx/cf/code/BytecodeArray$Visitor;)I @ 2484
Event: 10,652 Thread 0x00007fda501c5000 Uncommon trap: reason=bimorphic action=maybe_recompile pc=0x00007fda4d19ac1c method=com.android.dx.cf.code.BytecodeArray.parseInstruction(ILcom/android/dx/cf/code/BytecodeArray$Visitor;)I @ 2484

Internal exceptions (10 events):
Event: 0,870 Thread 0x00007fda501c5000 Threw 0x00000000eb5036d8 at /HUDSON/workspace/7u-2-build-linux-amd64/jdk7u79/2331/hotspot/src/share/vm/prims/jvm.cpp:1304
Event: 1,024 Thread 0x00007fda501bf000 Threw 0x00000000eb7d54d8 at /HUDSON/workspace/7u-2-build-linux-amd64/jdk7u79/2331/hotspot/src/share/vm/prims/jvm.cpp:1304
Event: 1,484 Thread 0x00007fda5000a000 Implicit null exception at 0x00007fda4d0a188b to 0x00007fda4d0a1fb1
Event: 1,509 Thread 0x00007fda5000a000 Threw 0x00000000ec18bfc8 at /HUDSON/workspace/7u-2-build-linux-amd64/jdk7u79/2331/hotspot/src/share/vm/prims/jvm.cpp:1304
Event: 3,753 Thread 0x00007fda501bf000 Threw 0x00000000ebbb99a8 at /HUDSON/workspace/7u-2-build-linux-amd64/jdk7u79/2331/hotspot/src/share/vm/prims/jvm.cpp:1304
Event: 3,796 Thread 0x00007fda501c6800 Threw 0x00000000eba091b8 at /HUDSON/workspace/7u-2-build-linux-amd64/jdk7u79/2331/hotspot/src/share/vm/prims/jvm.cpp:1304
Event: 3,858 Thread 0x00007fda501c6800 Implicit null exception at 0x00007fda4d0e10d5 to 0x00007fda4d0e2a8d
Event: 6,453 Thread 0x00007fda5000a000 Threw 0x00000000ec46b430 at /HUDSON/workspace/7u-2-build-linux-amd64/jdk7u79/2331/hotspot/src/share/vm/prims/jvm.cpp:1304
Event: 9,798 Thread 0x00007fda5000a000 Implicit null exception at 0x00007fda4d138bf5 to 0x00007fda4d13c695
Event: 10,663 Thread 0x00007fda5000a000 Threw 0x00000000f18988e8 at /HUDSON/workspace/7u-2-build-linux-amd64/jdk7u79/2331/hotspot/src/share/vm/prims/jvm.cpp:1304

Events (10 events):
Event: 10,636 Thread 0x00007fda501c5000 DEOPT UNPACKING pc=0x00007fda4d039445 sp=0x00007fda4533fea8 mode 2
Event: 10,651 Thread 0x00007fda501c5000 Uncommon trap: trap_request=0xffffffc6 fr.pc=0x00007fda4d19ac1c
Event: 10,651 Thread 0x00007fda501c5000 DEOPT PACKING pc=0x00007fda4d19ac1c sp=0x00007fda4533fef0
Event: 10,651 Thread 0x00007fda501c5000 DEOPT UNPACKING pc=0x00007fda4d039445 sp=0x00007fda4533fea8 mode 2
Event: 10,651 Thread 0x00007fda501c5000 Uncommon trap: trap_request=0xffffffc6 fr.pc=0x00007fda4d19ac1c
Event: 10,652 Thread 0x00007fda501c5000 DEOPT PACKING pc=0x00007fda4d19ac1c sp=0x00007fda4533fef0
Event: 10,652 Thread 0x00007fda501c5000 DEOPT UNPACKING pc=0x00007fda4d039445 sp=0x00007fda4533fea8 mode 2
Event: 10,663 loading class 0x00007fda500e7240
Event: 10,663 loading class 0x00007fda500e7240 done
Event: 10,721 Executing VM operation: ParallelGCFailedAllocation


Dynamic libraries:
00400000-00401000 r-xp 00000000 08:06 3546141                            /usr/lib/jvm/jdk-7-eseo-oracle-x64/bin/java
00600000-00601000 rw-p 00000000 08:06 3546141                            /usr/lib/jvm/jdk-7-eseo-oracle-x64/bin/java
00712000-00733000 rw-p 00000000 00:00 0                                  [heap]
bae00000-bc300000 rw-p 00000000 00:00 0 
bc300000-c0000000 rw-p 00000000 00:00 0 
c0000000-c2800000 rw-p 00000000 00:00 0 
c2800000-eaa80000 rw-p 00000000 00:00 0 
eaa80000-f4880000 rw-p 00000000 00:00 0 
fd380000-100000000 rw-p 00000000 00:00 0 
7fda00000000-7fda00021000 rw-p 00000000 00:00 0 
7fda00021000-7fda04000000 ---p 00000000 00:00 0 
7fda08000000-7fda08023000 rw-p 00000000 00:00 0 
7fda08023000-7fda0c000000 ---p 00000000 00:00 0 
7fda0c000000-7fda0c03a000 rw-p 00000000 00:00 0 
7fda0c03a000-7fda10000000 ---p 00000000 00:00 0 
7fda10000000-7fda10021000 rw-p 00000000 00:00 0 
7fda10021000-7fda14000000 ---p 00000000 00:00 0 
7fda14000000-7fda14021000 rw-p 00000000 00:00 0 
7fda14021000-7fda18000000 ---p 00000000 00:00 0 
7fda18000000-7fda18021000 rw-p 00000000 00:00 0 
7fda18021000-7fda1c000000 ---p 00000000 00:00 0 
7fda1c000000-7fda1c021000 rw-p 00000000 00:00 0 
7fda1c021000-7fda20000000 ---p 00000000 00:00 0 
7fda20000000-7fda20021000 rw-p 00000000 00:00 0 
7fda20021000-7fda24000000 ---p 00000000 00:00 0 
7fda24000000-7fda25b4b000 rw-p 00000000 00:00 0 
7fda25b4b000-7fda28000000 ---p 00000000 00:00 0 
7fda28000000-7fda28021000 rw-p 00000000 00:00 0 
7fda28021000-7fda2c000000 ---p 00000000 00:00 0 
7fda2c000000-7fda2d770000 rw-p 00000000 00:00 0 
7fda2d770000-7fda30000000 ---p 00000000 00:00 0 
7fda30000000-7fda3024f000 rw-p 00000000 00:00 0 
7fda3024f000-7fda34000000 ---p 00000000 00:00 0 
7fda34000000-7fda34021000 rw-p 00000000 00:00 0 
7fda34021000-7fda38000000 ---p 00000000 00:00 0 
7fda38000000-7fda38021000 rw-p 00000000 00:00 0 
7fda38021000-7fda3c000000 ---p 00000000 00:00 0 
7fda3c000000-7fda3c021000 rw-p 00000000 00:00 0 
7fda3c021000-7fda40000000 ---p 00000000 00:00 0 
7fda40000000-7fda40021000 rw-p 00000000 00:00 0 
7fda40021000-7fda44000000 ---p 00000000 00:00 0 
7fda4503f000-7fda45042000 ---p 00000000 00:00 0 
7fda45042000-7fda45140000 rw-p 00000000 00:00 0                          [stack:25947]
7fda45140000-7fda45143000 ---p 00000000 00:00 0 
7fda45143000-7fda45241000 rw-p 00000000 00:00 0                          [stack:25946]
7fda45241000-7fda45244000 ---p 00000000 00:00 0 
7fda45244000-7fda45342000 rw-p 00000000 00:00 0                          [stack:25945]
7fda45342000-7fda45345000 ---p 00000000 00:00 0 
7fda45345000-7fda45443000 rw-p 00000000 00:00 0                          [stack:25944]
7fda45443000-7fda45446000 ---p 00000000 00:00 0 
7fda45446000-7fda45544000 rw-p 00000000 00:00 0                          [stack:25943]
7fda45544000-7fda4555a000 r-xp 00000000 08:06 3551968                    /usr/lib/jvm/jdk-7-eseo-oracle-x64/jre/lib/amd64/libnet.so
7fda4555a000-7fda4575a000 ---p 00016000 08:06 3551968                    /usr/lib/jvm/jdk-7-eseo-oracle-x64/jre/lib/amd64/libnet.so
7fda4575a000-7fda4575b000 rw-p 00016000 08:06 3551968                    /usr/lib/jvm/jdk-7-eseo-oracle-x64/jre/lib/amd64/libnet.so
7fda4575b000-7fda4576b000 r-xp 00000000 08:06 3551950                    /usr/lib/jvm/jdk-7-eseo-oracle-x64/jre/lib/amd64/libnio.so
7fda4576b000-7fda4596b000 ---p 00010000 08:06 3551950                    /usr/lib/jvm/jdk-7-eseo-oracle-x64/jre/lib/amd64/libnio.so
7fda4596b000-7fda4596c000 rw-p 00010000 08:06 3551950                    /usr/lib/jvm/jdk-7-eseo-oracle-x64/jre/lib/amd64/libnio.so
7fda4596c000-7fda4596d000 ---p 00000000 00:00 0 
7fda4596d000-7fda45a6d000 rw-p 00000000 00:00 0                          [stack:25941]
7fda45a6d000-7fda45a70000 ---p 00000000 00:00 0 
7fda45a70000-7fda45b6e000 rw-p 00000000 00:00 0                          [stack:25940]
7fda45b6e000-7fda45b71000 ---p 00000000 00:00 0 
7fda45b71000-7fda45c6f000 rw-p 00000000 00:00 0                          [stack:25939]
7fda45c6f000-7fda45c72000 ---p 00000000 00:00 0 
7fda45c72000-7fda48000000 rw-p 00000000 00:00 0                          [stack:25938]
7fda48000000-7fda48021000 rw-p 00000000 00:00 0 
7fda48021000-7fda4c000000 ---p 00000000 00:00 0 
7fda4c014000-7fda4c017000 ---p 00000000 00:00 0 
7fda4c017000-7fda4c115000 rw-p 00000000 00:00 0                          [stack:25937]
7fda4c115000-7fda4c7f8000 r--p 00000000 08:06 3546432                    /usr/lib/locale/locale-archive
7fda4c7f8000-7fda4c7fb000 ---p 00000000 00:00 0 
7fda4c7fb000-7fda4c8f9000 rw-p 00000000 00:00 0                          [stack:25936]
7fda4c8f9000-7fda4c8fc000 ---p 00000000 00:00 0 
7fda4c8fc000-7fda4c9fa000 rw-p 00000000 00:00 0                          [stack:25935]
7fda4c9fa000-7fda4c9fb000 ---p 00000000 00:00 0 
7fda4c9fb000-7fda4d000000 rw-p 00000000 00:00 0                          [stack:25934]
7fda4d000000-7fda4d270000 rwxp 00000000 00:00 0 
7fda4d270000-7fda50211000 rw-p 00000000 00:00 0 
7fda50211000-7fda54000000 ---p 00000000 00:00 0 
7fda5404d000-7fda5407d000 r--s 00247000 08:06 4347083                    /home/divi/Desktop/ProjetIoT/STIot/app/build/intermediates/transforms/jarMerging/debug/jars/1/1f/combined.jar
7fda5407d000-7fda54b77000 rw-p 00000000 00:00 0 
7fda54b77000-7fda54d37000 r--s 039f7000 08:06 3552546                    /usr/lib/jvm/jdk-7-eseo-oracle-x64/jre/lib/rt.jar
7fda54d37000-7fda55059000 rw-p 00000000 00:00 0 
7fda55059000-7fda5505a000 ---p 00000000 00:00 0 
7fda5505a000-7fda5515a000 rw-p 00000000 00:00 0                          [stack:25933]
7fda5515a000-7fda5515b000 ---p 00000000 00:00 0 
7fda5515b000-7fda5525b000 rw-p 00000000 00:00 0                          [stack:25932]
7fda5525b000-7fda5525c000 ---p 00000000 00:00 0 
7fda5525c000-7fda5535c000 rw-p 00000000 00:00 0                          [stack:25931]
7fda5535c000-7fda5535d000 ---p 00000000 00:00 0 
7fda5535d000-7fda55468000 rw-p 00000000 00:00 0                          [stack:25930]
7fda55468000-7fda55486000 rw-p 00000000 00:00 0 
7fda55486000-7fda5549a000 rw-p 00000000 00:00 0 
7fda5549a000-7fda555dc000 rw-p 00000000 00:00 0 
7fda555dc000-7fda555e7000 rw-p 00000000 00:00 0 
7fda555e7000-7fda55605000 rw-p 00000000 00:00 0 
7fda55605000-7fda55619000 rw-p 00000000 00:00 0 
7fda55619000-7fda5575a000 rw-p 00000000 00:00 0 
7fda5575a000-7fda557aa000 rw-p 00000000 00:00 0 
7fda557aa000-7fda55805000 rw-p 00000000 00:00 0 
7fda55805000-7fda55806000 rw-p 00000000 00:00 0 
7fda55806000-7fda55820000 r-xp 00000000 08:06 3551970                    /usr/lib/jvm/jdk-7-eseo-oracle-x64/jre/lib/amd64/libzip.so
7fda55820000-7fda55a20000 ---p 0001a000 08:06 3551970                    /usr/lib/jvm/jdk-7-eseo-oracle-x64/jre/lib/amd64/libzip.so
7fda55a20000-7fda55a21000 rw-p 0001a000 08:06 3551970                    /usr/lib/jvm/jdk-7-eseo-oracle-x64/jre/lib/amd64/libzip.so
7fda55a21000-7fda55a2c000 r-xp 00000000 08:06 3149790                    /lib/x86_64-linux-gnu/libnss_files-2.19.so
7fda55a2c000-7fda55c2b000 ---p 0000b000 08:06 3149790                    /lib/x86_64-linux-gnu/libnss_files-2.19.so
7fda55c2b000-7fda55c2c000 r--p 0000a000 08:06 3149790                    /lib/x86_64-linux-gnu/libnss_files-2.19.so
7fda55c2c000-7fda55c2d000 rw-p 0000b000 08:06 3149790                    /lib/x86_64-linux-gnu/libnss_files-2.19.so
7fda55c2d000-7fda55c38000 r-xp 00000000 08:06 3145826                    /lib/x86_64-linux-gnu/libnss_nis-2.19.so
7fda55c38000-7fda55e37000 ---p 0000b000 08:06 3145826                    /lib/x86_64-linux-gnu/libnss_nis-2.19.so
7fda55e37000-7fda55e38000 r--p 0000a000 08:06 3145826                    /lib/x86_64-linux-gnu/libnss_nis-2.19.so
7fda55e38000-7fda55e39000 rw-p 0000b000 08:06 3145826                    /lib/x86_64-linux-gnu/libnss_nis-2.19.so
7fda55e39000-7fda55e50000 r-xp 00000000 08:06 3145822                    /lib/x86_64-linux-gnu/libnsl-2.19.so
7fda55e50000-7fda5604f000 ---p 00017000 08:06 3145822                    /lib/x86_64-linux-gnu/libnsl-2.19.so
7fda5604f000-7fda56050000 r--p 00016000 08:06 3145822                    /lib/x86_64-linux-gnu/libnsl-2.19.so
7fda56050000-7fda56051000 rw-p 00017000 08:06 3145822                    /lib/x86_64-linux-gnu/libnsl-2.19.so
7fda56051000-7fda56053000 rw-p 00000000 00:00 0 
7fda56053000-7fda5605c000 r-xp 00000000 08:06 3145821                    /lib/x86_64-linux-gnu/libnss_compat-2.19.so
7fda5605c000-7fda5625b000 ---p 00009000 08:06 3145821                    /lib/x86_64-linux-gnu/libnss_compat-2.19.so
7fda5625b000-7fda5625c000 r--p 00008000 08:06 3145821                    /lib/x86_64-linux-gnu/libnss_compat-2.19.so
7fda5625c000-7fda5625d000 rw-p 00009000 08:06 3145821                    /lib/x86_64-linux-gnu/libnss_compat-2.19.so
7fda5625d000-7fda56286000 r-xp 00000000 08:06 3551934                    /usr/lib/jvm/jdk-7-eseo-oracle-x64/jre/lib/amd64/libjava.so
7fda56286000-7fda56486000 ---p 00029000 08:06 3551934                    /usr/lib/jvm/jdk-7-eseo-oracle-x64/jre/lib/amd64/libjava.so
7fda56486000-7fda56488000 rw-p 00029000 08:06 3551934                    /usr/lib/jvm/jdk-7-eseo-oracle-x64/jre/lib/amd64/libjava.so
7fda56488000-7fda56495000 r-xp 00000000 08:06 3551921                    /usr/lib/jvm/jdk-7-eseo-oracle-x64/jre/lib/amd64/libverify.so
7fda56495000-7fda56694000 ---p 0000d000 08:06 3551921                    /usr/lib/jvm/jdk-7-eseo-oracle-x64/jre/lib/amd64/libverify.so
7fda56694000-7fda56696000 rw-p 0000c000 08:06 3551921                    /usr/lib/jvm/jdk-7-eseo-oracle-x64/jre/lib/amd64/libverify.so
7fda56696000-7fda5669d000 r-xp 00000000 08:06 3145830                    /lib/x86_64-linux-gnu/librt-2.19.so
7fda5669d000-7fda5689c000 ---p 00007000 08:06 3145830                    /lib/x86_64-linux-gnu/librt-2.19.so
7fda5689c000-7fda5689d000 r--p 00006000 08:06 3145830                    /lib/x86_64-linux-gnu/librt-2.19.so
7fda5689d000-7fda5689e000 rw-p 00007000 08:06 3145830                    /lib/x86_64-linux-gnu/librt-2.19.so
7fda5689e000-7fda569a3000 r-xp 00000000 08:06 3145758                    /lib/x86_64-linux-gnu/libm-2.19.so
7fda569a3000-7fda56ba2000 ---p 00105000 08:06 3145758                    /lib/x86_64-linux-gnu/libm-2.19.so
7fda56ba2000-7fda56ba3000 r--p 00104000 08:06 3145758                    /lib/x86_64-linux-gnu/libm-2.19.so
7fda56ba3000-7fda56ba4000 rw-p 00105000 08:06 3145758                    /lib/x86_64-linux-gnu/libm-2.19.so
7fda56ba4000-7fda57719000 r-xp 00000000 08:06 3551963                    /usr/lib/jvm/jdk-7-eseo-oracle-x64/jre/lib/amd64/server/libjvm.so
7fda57719000-7fda57919000 ---p 00b75000 08:06 3551963                    /usr/lib/jvm/jdk-7-eseo-oracle-x64/jre/lib/amd64/server/libjvm.so
7fda57919000-7fda579dd000 rw-p 00b75000 08:06 3551963                    /usr/lib/jvm/jdk-7-eseo-oracle-x64/jre/lib/amd64/server/libjvm.so
7fda579dd000-7fda57a1e000 rw-p 00000000 00:00 0 
7fda57a1e000-7fda57bd9000 r-xp 00000000 08:06 3145831                    /lib/x86_64-linux-gnu/libc-2.19.so
7fda57bd9000-7fda57dd8000 ---p 001bb000 08:06 3145831                    /lib/x86_64-linux-gnu/libc-2.19.so
7fda57dd8000-7fda57ddc000 r--p 001ba000 08:06 3145831                    /lib/x86_64-linux-gnu/libc-2.19.so
7fda57ddc000-7fda57dde000 rw-p 001be000 08:06 3145831                    /lib/x86_64-linux-gnu/libc-2.19.so
7fda57dde000-7fda57de3000 rw-p 00000000 00:00 0 
7fda57de3000-7fda57de6000 r-xp 00000000 08:06 3145818                    /lib/x86_64-linux-gnu/libdl-2.19.so
7fda57de6000-7fda57fe5000 ---p 00003000 08:06 3145818                    /lib/x86_64-linux-gnu/libdl-2.19.so
7fda57fe5000-7fda57fe6000 r--p 00002000 08:06 3145818                    /lib/x86_64-linux-gnu/libdl-2.19.so
7fda57fe6000-7fda57fe7000 rw-p 00003000 08:06 3145818                    /lib/x86_64-linux-gnu/libdl-2.19.so
7fda57fe7000-7fda57ffd000 r-xp 00000000 08:06 3546303                    /usr/lib/jvm/jdk-7-eseo-oracle-x64/lib/amd64/jli/libjli.so
7fda57ffd000-7fda581fd000 ---p 00016000 08:06 3546303                    /usr/lib/jvm/jdk-7-eseo-oracle-x64/lib/amd64/jli/libjli.so
7fda581fd000-7fda581fe000 rw-p 00016000 08:06 3546303                    /usr/lib/jvm/jdk-7-eseo-oracle-x64/lib/amd64/jli/libjli.so
7fda581fe000-7fda58217000 r-xp 00000000 08:06 3145823                    /lib/x86_64-linux-gnu/libpthread-2.19.so
7fda58217000-7fda58416000 ---p 00019000 08:06 3145823                    /lib/x86_64-linux-gnu/libpthread-2.19.so
7fda58416000-7fda58417000 r--p 00018000 08:06 3145823                    /lib/x86_64-linux-gnu/libpthread-2.19.so
7fda58417000-7fda58418000 rw-p 00019000 08:06 3145823                    /lib/x86_64-linux-gnu/libpthread-2.19.so
7fda58418000-7fda5841c000 rw-p 00000000 00:00 0 
7fda5841c000-7fda5843f000 r-xp 00000000 08:06 3145824                    /lib/x86_64-linux-gnu/ld-2.19.so
7fda58446000-7fda58455000 r--s 000df000 08:06 1204723                    /home/divi/Android/Sdk/build-tools/23.0.2/lib/dx.jar
7fda58455000-7fda5845f000 rw-p 00000000 00:00 0 
7fda5845f000-7fda58515000 rw-p 00000000 00:00 0 
7fda58515000-7fda58518000 ---p 00000000 00:00 0 
7fda58518000-7fda5861a000 rw-p 00000000 00:00 0                          [stack:25929]
7fda5861b000-7fda58632000 rw-p 00000000 00:00 0 
7fda58632000-7fda5863a000 rw-s 00000000 08:06 3024310                    /tmp/hsperfdata_divi/25925
7fda5863a000-7fda5863b000 rw-p 00000000 00:00 0 
7fda5863b000-7fda5863c000 ---p 00000000 00:00 0 
7fda5863c000-7fda5863e000 rw-p 00000000 00:00 0 
7fda5863e000-7fda5863f000 r--p 00022000 08:06 3145824                    /lib/x86_64-linux-gnu/ld-2.19.so
7fda5863f000-7fda58640000 rw-p 00023000 08:06 3145824                    /lib/x86_64-linux-gnu/ld-2.19.so
7fda58640000-7fda58641000 rw-p 00000000 00:00 0 
7ffd78581000-7ffd785a2000 rw-p 00000000 00:00 0                          [stack]
7ffd785e4000-7ffd785e6000 r-xp 00000000 00:00 0                          [vdso]
7ffd785e6000-7ffd785e8000 r--p 00000000 00:00 0                          [vvar]
ffffffffff600000-ffffffffff601000 r-xp 00000000 00:00 0                  [vsyscall]

VM Arguments:
jvm_args: -Djava.awt.headless=true -Xmx1024M -Dfile.encoding=UTF-8 -Duser.country=US -Duser.language=en -Duser.variant 
java_command: com.android.dx.command.Main --dex --num-threads=4 --multi-dex --main-dex-list /home/divi/Desktop/ProjetIoT/STIot/app/build/intermediates/multi-dex/debug/maindexlist.txt --output /home/divi/Desktop/ProjetIoT/STIot/app/build/intermediates/transforms/dex/debug/folders/1000/1f/main /home/divi/Desktop/ProjetIoT/STIot/app/build/intermediates/transforms/jarMerging/debug/jars/1/1f/combined.jar
Launcher Type: SUN_STANDARD

Environment Variables:
PATH=/usr/local/sbin:/usr/local/bin:/usr/sbin:/usr/bin:/sbin:/bin:/usr/games:/usr/local/games
LD_LIBRARY_PATH=/opt/android-studio/bin:
SHELL=/bin/bash
DISPLAY=:0

Signal Handlers:
SIGSEGV: [libjvm.so+0x9a3bf0], sa_mask[0]=0x7ffbfeff, sa_flags=0x10000004
SIGBUS: [libjvm.so+0x9a3bf0], sa_mask[0]=0x7ffbfeff, sa_flags=0x10000004
SIGFPE: [libjvm.so+0x81cb60], sa_mask[0]=0x7ffbfeff, sa_flags=0x10000004
SIGPIPE: [libjvm.so+0x81cb60], sa_mask[0]=0x7ffbfeff, sa_flags=0x10000004
SIGXFSZ: [libjvm.so+0x81cb60], sa_mask[0]=0x7ffbfeff, sa_flags=0x10000004
SIGILL: [libjvm.so+0x81cb60], sa_mask[0]=0x7ffbfeff, sa_flags=0x10000004
SIGUSR1: SIG_DFL, sa_mask[0]=0x00000000, sa_flags=0x00000000
SIGUSR2: [libjvm.so+0x81e360], sa_mask[0]=0x00000004, sa_flags=0x10000004
SIGHUP: [libjvm.so+0x81f480], sa_mask[0]=0x7ffbfeff, sa_flags=0x10000004
SIGINT: [libjvm.so+0x81f480], sa_mask[0]=0x7ffbfeff, sa_flags=0x10000004
SIGTERM: [libjvm.so+0x81f480], sa_mask[0]=0x7ffbfeff, sa_flags=0x10000004
SIGQUIT: [libjvm.so+0x81f480], sa_mask[0]=0x7ffbfeff, sa_flags=0x10000004


---------------  S Y S T E M  ---------------

OS:jessie/sid

uname:Linux 3.16.0-67-generic #87~14.04.1-Ubuntu SMP Fri Mar 11 00:26:02 UTC 2016 x86_64
libc:glibc 2.19 NPTL 2.19 
rlimit: STACK 8192k, CORE 0k, NPROC 15363, NOFILE 4096, AS infinity
load average:4,18 1,56 1,01

/proc/meminfo:
MemTotal:        3954432 kB
MemFree:          105732 kB
MemAvailable:      57560 kB
Buffers:            1004 kB
Cached:           706920 kB
SwapCached:            0 kB
Active:          3048928 kB
Inactive:         618524 kB
Active(anon):    3044024 kB
Inactive(anon):   589732 kB
Active(file):       4904 kB
Inactive(file):    28792 kB
Unevictable:          32 kB
Mlocked:              32 kB
SwapTotal:             0 kB
SwapFree:              0 kB
Dirty:               620 kB
Writeback:             0 kB
AnonPages:       2960116 kB
Mapped:           216288 kB
Shmem:            673672 kB
Slab:              73556 kB
SReclaimable:      38904 kB
SUnreclaim:        34652 kB
KernelStack:        9792 kB
PageTables:        38424 kB
NFS_Unstable:          0 kB
Bounce:                0 kB
WritebackTmp:          0 kB
CommitLimit:     1977216 kB
Committed_AS:    7276948 kB
VmallocTotal:   34359738367 kB
VmallocUsed:      407512 kB
VmallocChunk:   34359322992 kB
HardwareCorrupted:     0 kB
AnonHugePages:    495616 kB
HugePages_Total:       0
HugePages_Free:        0
HugePages_Rsvd:        0
HugePages_Surp:        0
Hugepagesize:       2048 kB
DirectMap4k:      150912 kB
DirectMap2M:     3950592 kB


CPU:total 4 (2 cores per cpu, 2 threads per core) family 6 model 42 stepping 7, cmov, cx8, fxsr, mmx, sse, sse2, sse3, ssse3, sse4.1, sse4.2, popcnt, avx, ht, tsc, tscinvbit

/proc/cpuinfo:
processor	: 0
vendor_id	: GenuineIntel
cpu family	: 6
model		: 42
model name	: Intel(R) Core(TM) i3-2330M CPU @ 2.20GHz
stepping	: 7
microcode	: 0x15
cpu MHz		: 803.515
cache size	: 3072 KB
physical id	: 0
siblings	: 4
core id		: 0
cpu cores	: 2
apicid		: 0
initial apicid	: 0
fpu		: yes
fpu_exception	: yes
cpuid level	: 13
wp		: yes
flags		: fpu vme de pse tsc msr pae mce cx8 apic sep mtrr pge mca cmov pat pse36 clflush dts acpi mmx fxsr sse sse2 ss ht tm pbe syscall nx rdtscp lm constant_tsc arch_perfmon pebs bts rep_good nopl xtopology nonstop_tsc aperfmperf eagerfpu pni pclmulqdq dtes64 monitor ds_cpl vmx est tm2 ssse3 cx16 xtpr pdcm pcid sse4_1 sse4_2 x2apic popcnt tsc_deadline_timer xsave avx lahf_lm arat epb xsaveopt pln pts dtherm tpr_shadow vnmi flexpriority ept vpid
bogomips	: 4389.62
clflush size	: 64
cache_alignment	: 64
address sizes	: 36 bits physical, 48 bits virtual
power management:

processor	: 1
vendor_id	: GenuineIntel
cpu family	: 6
model		: 42
model name	: Intel(R) Core(TM) i3-2330M CPU @ 2.20GHz
stepping	: 7
microcode	: 0x15
cpu MHz		: 1117.273
cache size	: 3072 KB
physical id	: 0
siblings	: 4
core id		: 1
cpu cores	: 2
apicid		: 2
initial apicid	: 2
fpu		: yes
fpu_exception	: yes
cpuid level	: 13
wp		: yes
flags		: fpu vme de pse tsc msr pae mce cx8 apic sep mtrr pge mca cmov pat pse36 clflush dts acpi mmx fxsr sse sse2 ss ht tm pbe syscall nx rdtscp lm constant_tsc arch_perfmon pebs bts rep_good nopl xtopology nonstop_tsc aperfmperf eagerfpu pni pclmulqdq dtes64 monitor ds_cpl vmx est tm2 ssse3 cx16 xtpr pdcm pcid sse4_1 sse4_2 x2apic popcnt tsc_deadline_timer xsave avx lahf_lm arat epb xsaveopt pln pts dtherm tpr_shadow vnmi flexpriority ept vpid
bogomips	: 4389.62
clflush size	: 64
cache_alignment	: 64
address sizes	: 36 bits physical, 48 bits virtual
power management:

processor	: 2
vendor_id	: GenuineIntel
cpu family	: 6
model		: 42
model name	: Intel(R) Core(TM) i3-2330M CPU @ 2.20GHz
stepping	: 7
microcode	: 0x15
cpu MHz		: 907.414
cache size	: 3072 KB
physical id	: 0
siblings	: 4
core id		: 0
cpu cores	: 2
apicid		: 1
initial apicid	: 1
fpu		: yes
fpu_exception	: yes
cpuid level	: 13
wp		: yes
flags		: fpu vme de pse tsc msr pae mce cx8 apic sep mtrr pge mca cmov pat pse36 clflush dts acpi mmx fxsr sse sse2 ss ht tm pbe syscall nx rdtscp lm constant_tsc arch_perfmon pebs bts rep_good nopl xtopology nonstop_tsc aperfmperf eagerfpu pni pclmulqdq dtes64 monitor ds_cpl vmx est tm2 ssse3 cx16 xtpr pdcm pcid sse4_1 sse4_2 x2apic popcnt tsc_deadline_timer xsave avx lahf_lm arat epb xsaveopt pln pts dtherm tpr_shadow vnmi flexpriority ept vpid
bogomips	: 4389.62
clflush size	: 64
cache_alignment	: 64
address sizes	: 36 bits physical, 48 bits virtual
power management:

processor	: 3
vendor_id	: GenuineIntel
cpu family	: 6
model		: 42
model name	: Intel(R) Core(TM) i3-2330M CPU @ 2.20GHz
stepping	: 7
microcode	: 0x15
cpu MHz		: 804.632
cache size	: 3072 KB
physical id	: 0
siblings	: 4
core id		: 1
cpu cores	: 2
apicid		: 3
initial apicid	: 3
fpu		: yes
fpu_exception	: yes
cpuid level	: 13
wp		: yes
flags		: fpu vme de pse tsc msr pae mce cx8 apic sep mtrr pge mca cmov pat pse36 clflush dts acpi mmx fxsr sse sse2 ss ht tm pbe syscall nx rdtscp lm constant_tsc arch_perfmon pebs bts rep_good nopl xtopology nonstop_tsc aperfmperf eagerfpu pni pclmulqdq dtes64 monitor ds_cpl vmx est tm2 ssse3 cx16 xtpr pdcm pcid sse4_1 sse4_2 x2apic popcnt tsc_deadline_timer xsave avx lahf_lm arat epb xsaveopt pln pts dtherm tpr_shadow vnmi flexpriority ept vpid
bogomips	: 4389.62
clflush size	: 64
cache_alignment	: 64
address sizes	: 36 bits physical, 48 bits virtual
power management:



Memory: 4k page, physical 3954432k(105732k free), swap 0k(0k free)

vm_info: Java HotSpot(TM) 64-Bit Server VM (24.79-b02) for linux-amd64 JRE (1.7.0_79-b15), built on Apr 10 2015 11:34:48 by "java_re" with gcc 4.3.0 20080428 (Red Hat 4.3.0-8)

time: Sat May 14 20:48:59 2016
elapsed time: 15 seconds

