#
# There is insufficient memory for the Java Runtime Environment to continue.
# Native memory allocation (malloc) failed to allocate 85983232 bytes for committing reserved memory.
# Possible reasons:
#   The system is out of physical RAM or swap space
#   In 32 bit mode, the process size limit was hit
# Possible solutions:
#   Reduce memory load on the system
#   Increase physical memory or swap space
#   Check if swap backing store is full
#   Use 64 bit Java on a 64 bit OS
#   Decrease Java heap size (-Xmx/-Xms)
#   Decrease number of Java threads
#   Decrease Java thread stack sizes (-Xss)
#   Set larger code cache with -XX:ReservedCodeCacheSize=
# This output file may be truncated or incomplete.
#
#  Out of Memory Error (os_linux.cpp:2756), pid=7265, tid=140535434802944
#
# JRE version: Java(TM) SE Runtime Environment (7.0_79-b15) (build 1.7.0_79-b15)
# Java VM: Java HotSpot(TM) 64-Bit Server VM (24.79-b02 mixed mode linux-amd64 compressed oops)
# Failed to write core dump. Core dumps have been disabled. To enable core dumping, try "ulimit -c unlimited" before starting Java again
#

---------------  T H R E A D  ---------------

Current thread (0x00007fd10006a000):  VMThread [stack: 0x00007fd0f49b7000,0x00007fd0f4ab8000] [id=7275]

Stack: [0x00007fd0f49b7000,0x00007fd0f4ab8000],  sp=0x00007fd0f4ab6120,  free space=1020k
Native frames: (J=compiled Java code, j=interpreted, Vv=VM code, C=native code)
V  [libjvm.so+0x9a32da]  VMError::report_and_die()+0x2ea
V  [libjvm.so+0x497f7b]  report_vm_out_of_memory(char const*, int, unsigned long, char const*)+0x9b
V  [libjvm.so+0x81fcce]  os::Linux::commit_memory_impl(char*, unsigned long, bool)+0xfe
V  [libjvm.so+0x820219]  os::pd_commit_memory(char*, unsigned long, unsigned long, bool)+0x29
V  [libjvm.so+0x819faa]  os::commit_memory(char*, unsigned long, unsigned long, bool)+0x2a
V  [libjvm.so+0x88d863]  PSVirtualSpace::expand_by(unsigned long)+0x53
V  [libjvm.so+0x87ccc0]  PSOldGen::expand(unsigned long)+0x170
V  [libjvm.so+0x87cecb]  PSOldGen::resize(unsigned long)+0x1cb
V  [libjvm.so+0x885b91]  PSParallelCompact::invoke_no_policy(bool)+0x9b1
V  [libjvm.so+0x88bb0d]  PSScavenge::invoke()+0x1ad
V  [libjvm.so+0x842320]  ParallelScavengeHeap::failed_mem_allocate(unsigned long)+0x70
V  [libjvm.so+0x9a4b67]  VM_ParallelGCFailedAllocation::doit()+0x97
V  [libjvm.so+0x9ac005]  VM_Operation::evaluate()+0x55
V  [libjvm.so+0x9aa3ca]  VMThread::evaluate_operation(VM_Operation*)+0xba
V  [libjvm.so+0x9aa74e]  VMThread::loop()+0x1ce
V  [libjvm.so+0x9aabc0]  VMThread::run()+0x70
V  [libjvm.so+0x821ca8]  java_start(Thread*)+0x108

VM_Operation (0x00007fd0ef6d0d90): ParallelGCFailedAllocation, mode: safepoint, requested by thread 0x00007fd10017f000


---------------  P R O C E S S  ---------------

Java Threads: ( => current thread )
  0x00007fd100188800 JavaThread "pool-2-thread-4" [_thread_blocked, id=7287, stack(0x00007fd0ef1ce000,0x00007fd0ef2cf000)]
  0x00007fd100186800 JavaThread "pool-2-thread-3" [_thread_blocked, id=7286, stack(0x00007fd0ef2cf000,0x00007fd0ef3d0000)]
  0x00007fd100185000 JavaThread "pool-2-thread-2" [_thread_blocked, id=7285, stack(0x00007fd0ef3d0000,0x00007fd0ef4d1000)]
  0x00007fd100184800 JavaThread "pool-3-thread-1" [_thread_blocked, id=7284, stack(0x00007fd0ef4d1000,0x00007fd0ef5d2000)]
  0x00007fd10017f000 JavaThread "pool-2-thread-1" [_thread_blocked, id=7283, stack(0x00007fd0ef5d2000,0x00007fd0ef6d3000)]
  0x00007fd10009a000 JavaThread "Service Thread" daemon [_thread_blocked, id=7281, stack(0x00007fd0efbfc000,0x00007fd0efcfd000)]
  0x00007fd100097800 JavaThread "C2 CompilerThread1" daemon [_thread_blocked, id=7280, stack(0x00007fd0efcfd000,0x00007fd0efdfe000)]
  0x00007fd100094800 JavaThread "C2 CompilerThread0" daemon [_thread_blocked, id=7279, stack(0x00007fd0efdfe000,0x00007fd0efeff000)]
  0x00007fd100092800 JavaThread "Signal Dispatcher" daemon [_thread_blocked, id=7278, stack(0x00007fd0efeff000,0x00007fd0f0000000)]
  0x00007fd100070800 JavaThread "Finalizer" daemon [_thread_blocked, id=7277, stack(0x00007fd0f47b5000,0x00007fd0f48b6000)]
  0x00007fd10006e800 JavaThread "Reference Handler" daemon [_thread_blocked, id=7276, stack(0x00007fd0f48b6000,0x00007fd0f49b7000)]
  0x00007fd10000a000 JavaThread "main" [_thread_blocked, id=7270, stack(0x00007fd10670a000,0x00007fd10680b000)]

Other Threads:
=>0x00007fd10006a000 VMThread [stack: 0x00007fd0f49b7000,0x00007fd0f4ab8000] [id=7275]
  0x00007fd1000a5000 WatcherThread [stack: 0x00007fd0efafb000,0x00007fd0efbfc000] [id=7282]

VM state:at safepoint (normal execution)

VM Mutex/Monitor currently owned by a thread:  ([mutex/lock_event])
[0x00007fd100006160] ExpandHeap_lock - owner thread: 0x00007fd10006a000
[0x00007fd1000067e0] Threads_lock - owner thread: 0x00007fd10006a000
[0x00007fd100006ce0] Heap_lock - owner thread: 0x00007fd10017f000

Heap
 PSYoungGen      total 273920K, used 22439K [0x00000000eaa80000, 0x0000000100000000, 0x0000000100000000)
  eden space 225792K, 0% used [0x00000000eaa80000,0x00000000eaa80000,0x00000000f8700000)
  from space 48128K, 46% used [0x00000000fd100000,0x00000000fe6e9ec0,0x0000000100000000)
  to   space 61952K, 0% used [0x00000000f8700000,0x00000000f8700000,0x00000000fc380000)
 ParOldGen       total 151552K, used 151082K [0x00000000c0000000, 0x00000000c9400000, 0x00000000eaa80000)
  object space 151552K, 99% used [0x00000000c0000000,0x00000000c938ab70,0x00000000c9400000)
 PSPermGen       total 21504K, used 6135K [0x00000000bae00000, 0x00000000bc300000, 0x00000000c0000000)
  object space 21504K, 28% used [0x00000000bae00000,0x00000000bb3fdfb0,0x00000000bc300000)

Card table byte_map: [0x00007fd0fc7a3000,0x00007fd0fc9cd000] byte_map_base: 0x00007fd0fc1cc000

Polling page: 0x00007fd106830000

Code Cache  [0x00007fd0fc9cd000, 0x00007fd0fcd5d000, 0x00007fd0ff9cd000)
 total_blobs=1228 nmethods=998 adapters=183 free_code_cache=45595Kb largest_free_block=46632768

Compilation events (10 events):
Event: 20,104 Thread 0x00007fd100094800 nmethod 1011 0x00007fd0fcd40c50 code [0x00007fd0fcd40da0, 0x00007fd0fcd40e98]
Event: 20,104 Thread 0x00007fd100094800 1012             com.android.dx.dex.code.OutputCollector::getFinisher (26 bytes)
Event: 20,108 Thread 0x00007fd100094800 nmethod 1012 0x00007fd0fcd42150 code [0x00007fd0fcd422c0, 0x00007fd0fcd424a8]
Event: 20,108 Thread 0x00007fd100094800 1013             com.android.dx.ssa.ConstCollector::process (14 bytes)
Event: 20,111 Thread 0x00007fd100094800 nmethod 1013 0x00007fd0fcd40950 code [0x00007fd0fcd40aa0, 0x00007fd0fcd40b68]
Event: 20,112 Thread 0x00007fd100094800 1014             com.android.dx.dex.code.DalvCode::<init> (68 bytes)
Event: 20,114 Thread 0x00007fd100094800 nmethod 1014 0x00007fd0fcc0a810 code [0x00007fd0fcc0a960, 0x00007fd0fcc0aa38]
Event: 20,114 Thread 0x00007fd100094800 1015             com.android.dx.dex.cf.OptimizerOptions::shouldOptimize (38 bytes)
Event: 20,115 Thread 0x00007fd100094800 nmethod 1015 0x00007fd0fcd41ed0 code [0x00007fd0fcd42020, 0x00007fd0fcd420b8]
Event: 20,115 Thread 0x00007fd100094800 1016             com.android.dx.ssa.Optimizer::optimize (16 bytes)

GC Heap History (10 events):
Event: 15,251 GC heap after
Heap after GC invocations=12 (full 1):
 PSYoungGen      total 210432K, used 32237K [0x00000000eaa80000, 0x00000000fca80000, 0x0000000100000000)
  eden space 178176K, 0% used [0x00000000eaa80000,0x00000000eaa80000,0x00000000f5880000)
  from space 32256K, 99% used [0x00000000f5880000,0x00000000f77fb7d8,0x00000000f7800000)
  to   space 43008K, 0% used [0x00000000fa080000,0x00000000fa080000,0x00000000fca80000)
 ParOldGen       total 74752K, used 55898K [0x00000000c0000000, 0x00000000c4900000, 0x00000000eaa80000)
  object space 74752K, 74% used [0x00000000c0000000,0x00000000c36969b8,0x00000000c4900000)
 PSPermGen       total 21504K, used 6079K [0x00000000bae00000, 0x00000000bc300000, 0x00000000c0000000)
  object space 21504K, 28% used [0x00000000bae00000,0x00000000bb3eff98,0x00000000bc300000)
}
Event: 16,875 GC heap before
{Heap before GC invocations=13 (full 1):
 PSYoungGen      total 210432K, used 210413K [0x00000000eaa80000, 0x00000000fca80000, 0x0000000100000000)
  eden space 178176K, 100% used [0x00000000eaa80000,0x00000000f5880000,0x00000000f5880000)
  from space 32256K, 99% used [0x00000000f5880000,0x00000000f77fb7d8,0x00000000f7800000)
  to   space 43008K, 0% used [0x00000000fa080000,0x00000000fa080000,0x00000000fca80000)
 ParOldGen       total 74752K, used 55898K [0x00000000c0000000, 0x00000000c4900000, 0x00000000eaa80000)
  object space 74752K, 74% used [0x00000000c0000000,0x00000000c36969b8,0x00000000c4900000)
 PSPermGen       total 21504K, used 6093K [0x00000000bae00000, 0x00000000bc300000, 0x00000000c0000000)
  object space 21504K, 28% used [0x00000000bae00000,0x00000000bb3f3478,0x00000000bc300000)
Event: 17,005 GC heap after
Heap after GC invocations=13 (full 1):
 PSYoungGen      total 249856K, used 28419K [0x00000000eaa80000, 0x00000000ff000000, 0x0000000100000000)
  eden space 206848K, 0% used [0x00000000eaa80000,0x00000000eaa80000,0x00000000f7480000)
  from space 43008K, 66% used [0x00000000fa080000,0x00000000fbc40f88,0x00000000fca80000)
  to   space 45056K, 0% used [0x00000000f7480000,0x00000000f7480000,0x00000000fa080000)
 ParOldGen       total 89600K, used 88171K [0x00000000c0000000, 0x00000000c5780000, 0x00000000eaa80000)
  object space 89600K, 98% used [0x00000000c0000000,0x00000000c561aff8,0x00000000c5780000)
 PSPermGen       total 21504K, used 6093K [0x00000000bae00000, 0x00000000bc300000, 0x00000000c0000000)
  object space 21504K, 28% used [0x00000000bae00000,0x00000000bb3f3478,0x00000000bc300000)
}
Event: 17,005 GC heap before
{Heap before GC invocations=14 (full 2):
 PSYoungGen      total 249856K, used 28419K [0x00000000eaa80000, 0x00000000ff000000, 0x0000000100000000)
  eden space 206848K, 0% used [0x00000000eaa80000,0x00000000eaa80000,0x00000000f7480000)
  from space 43008K, 66% used [0x00000000fa080000,0x00000000fbc40f88,0x00000000fca80000)
  to   space 45056K, 0% used [0x00000000f7480000,0x00000000f7480000,0x00000000fa080000)
 ParOldGen       total 89600K, used 88171K [0x00000000c0000000, 0x00000000c5780000, 0x00000000eaa80000)
  object space 89600K, 98% used [0x00000000c0000000,0x00000000c561aff8,0x00000000c5780000)
 PSPermGen       total 21504K, used 6093K [0x00000000bae00000, 0x00000000bc300000, 0x00000000c0000000)
  object space 21504K, 28% used [0x00000000bae00000,0x00000000bb3f3478,0x00000000bc300000)
Event: 17,858 GC heap after
Heap after GC invocations=14 (full 2):
 PSYoungGen      total 249856K, used 23095K [0x00000000eaa80000, 0x00000000ff000000, 0x0000000100000000)
  eden space 206848K, 0% used [0x00000000eaa80000,0x00000000eaa80000,0x00000000f7480000)
  from space 43008K, 53% used [0x00000000fa080000,0x00000000fb70dcf0,0x00000000fca80000)
  to   space 45056K, 0% used [0x00000000f7480000,0x00000000f7480000,0x00000000fa080000)
 ParOldGen       total 151552K, used 89427K [0x00000000c0000000, 0x00000000c9400000, 0x00000000eaa80000)
  object space 151552K, 59% used [0x00000000c0000000,0x00000000c5754e68,0x00000000c9400000)
 PSPermGen       total 21504K, used 6091K [0x00000000bae00000, 0x00000000bc300000, 0x00000000c0000000)
  object space 21504K, 28% used [0x00000000bae00000,0x00000000bb3f2e78,0x00000000bc300000)
}
Event: 19,001 GC heap before
{Heap before GC invocations=15 (full 2):
 PSYoungGen      total 249856K, used 229943K [0x00000000eaa80000, 0x00000000ff000000, 0x0000000100000000)
  eden space 206848K, 100% used [0x00000000eaa80000,0x00000000f7480000,0x00000000f7480000)
  from space 43008K, 53% used [0x00000000fa080000,0x00000000fb70dcf0,0x00000000fca80000)
  to   space 45056K, 0% used [0x00000000f7480000,0x00000000f7480000,0x00000000fa080000)
 ParOldGen       total 151552K, used 89427K [0x00000000c0000000, 0x00000000c9400000, 0x00000000eaa80000)
  object space 151552K, 59% used [0x00000000c0000000,0x00000000c5754e68,0x00000000c9400000)
 PSPermGen       total 21504K, used 6106K [0x00000000bae00000, 0x00000000bc300000, 0x00000000c0000000)
  object space 21504K, 28% used [0x00000000bae00000,0x00000000bb3f6940,0x00000000bc300000)
Event: 19,176 GC heap after
Heap after GC invocations=15 (full 2):
 PSYoungGen      total 251904K, used 33033K [0x00000000eaa80000, 0x0000000100000000, 0x0000000100000000)
  eden space 206848K, 0% used [0x00000000eaa80000,0x00000000eaa80000,0x00000000f7480000)
  from space 45056K, 73% used [0x00000000f7480000,0x00000000f94c2568,0x00000000fa080000)
  to   space 48128K, 0% used [0x00000000fd100000,0x00000000fd100000,0x0000000100000000)
 ParOldGen       total 151552K, used 111524K [0x00000000c0000000, 0x00000000c9400000, 0x00000000eaa80000)
  object space 151552K, 73% used [0x00000000c0000000,0x00000000c6ce93a8,0x00000000c9400000)
 PSPermGen       total 21504K, used 6106K [0x00000000bae00000, 0x00000000bc300000, 0x00000000c0000000)
  object space 21504K, 28% used [0x00000000bae00000,0x00000000bb3f6940,0x00000000bc300000)
}
Event: 20,140 GC heap before
{Heap before GC invocations=16 (full 2):
 PSYoungGen      total 251904K, used 239881K [0x00000000eaa80000, 0x0000000100000000, 0x0000000100000000)
  eden space 206848K, 100% used [0x00000000eaa80000,0x00000000f7480000,0x00000000f7480000)
  from space 45056K, 73% used [0x00000000f7480000,0x00000000f94c2568,0x00000000fa080000)
  to   space 48128K, 0% used [0x00000000fd100000,0x00000000fd100000,0x0000000100000000)
 ParOldGen       total 151552K, used 111524K [0x00000000c0000000, 0x00000000c9400000, 0x00000000eaa80000)
  object space 151552K, 73% used [0x00000000c0000000,0x00000000c6ce93a8,0x00000000c9400000)
 PSPermGen       total 21504K, used 6136K [0x00000000bae00000, 0x00000000bc300000, 0x00000000c0000000)
  object space 21504K, 28% used [0x00000000bae00000,0x00000000bb3fe1d0,0x00000000bc300000)
Event: 20,360 GC heap after
Heap after GC invocations=16 (full 2):
 PSYoungGen      total 273920K, used 48122K [0x00000000eaa80000, 0x0000000100000000, 0x0000000100000000)
  eden space 225792K, 0% used [0x00000000eaa80000,0x00000000eaa80000,0x00000000f8700000)
  from space 48128K, 99% used [0x00000000fd100000,0x00000000ffffeb28,0x0000000100000000)
  to   space 61952K, 0% used [0x00000000f8700000,0x00000000f8700000,0x00000000fc380000)
 ParOldGen       total 151552K, used 126842K [0x00000000c0000000, 0x00000000c9400000, 0x00000000eaa80000)
  object space 151552K, 83% used [0x00000000c0000000,0x00000000c7bdea10,0x00000000c9400000)
 PSPermGen       total 21504K, used 6136K [0x00000000bae00000, 0x00000000bc300000, 0x00000000c0000000)
  object space 21504K, 28% used [0x00000000bae00000,0x00000000bb3fe1d0,0x00000000bc300000)
}
Event: 20,360 GC heap before
{Heap before GC invocations=17 (full 3):
 PSYoungGen      total 273920K, used 48122K [0x00000000eaa80000, 0x0000000100000000, 0x0000000100000000)
  eden space 225792K, 0% used [0x00000000eaa80000,0x00000000eaa80000,0x00000000f8700000)
  from space 48128K, 99% used [0x00000000fd100000,0x00000000ffffeb28,0x0000000100000000)
  to   space 61952K, 0% used [0x00000000f8700000,0x00000000f8700000,0x00000000fc380000)
 ParOldGen       total 151552K, used 126842K [0x00000000c0000000, 0x00000000c9400000, 0x00000000eaa80000)
  object space 151552K, 83% used [0x00000000c0000000,0x00000000c7bdea10,0x00000000c9400000)
 PSPermGen       total 21504K, used 6136K [0x00000000bae00000, 0x00000000bc300000, 0x00000000c0000000)
  object space 21504K, 28% used [0x00000000bae00000,0x00000000bb3fe1d0,0x00000000bc300000)

Deoptimization events (10 events):
Event: 19,439 Thread 0x00007fd100185000 Uncommon trap: reason=class_check action=maybe_recompile pc=0x00007fd0fca33da0 method=java.util.regex.Matcher.search(I)Z @ 86
Event: 19,439 Thread 0x00007fd100185000 Uncommon trap: reason=class_check action=maybe_recompile pc=0x00007fd0fca33da0 method=java.util.regex.Matcher.search(I)Z @ 86
Event: 19,440 Thread 0x00007fd100188800 Uncommon trap: reason=unloaded action=reinterpret pc=0x00007fd0fca3eaa8 method=java.util.regex.Matcher.replaceAll(Ljava/lang/String;)Ljava/lang/String; @ 14
Event: 19,441 Thread 0x00007fd100185000 Uncommon trap: reason=unloaded action=reinterpret pc=0x00007fd0fca3cdb4 method=java.util.regex.Matcher.replaceAll(Ljava/lang/String;)Ljava/lang/String; @ 14
Event: 19,519 Thread 0x00007fd10017f000 Uncommon trap: reason=unreached action=reinterpret pc=0x00007fd0fcc2d3fc method=com.android.dx.ssa.PhiTypeResolver.resolveResultType(Lcom/android/dx/ssa/PhiInsn;)Z @ 64
Event: 19,587 Thread 0x00007fd10000a000 Uncommon trap: reason=bimorphic action=maybe_recompile pc=0x00007fd0fccee034 method=com.android.dx.cf.code.BytecodeArray.parseInstruction(ILcom/android/dx/cf/code/BytecodeArray$Visitor;)I @ 2554
Event: 19,587 Thread 0x00007fd10000a000 Uncommon trap: reason=bimorphic action=maybe_recompile pc=0x00007fd0fccee034 method=com.android.dx.cf.code.BytecodeArray.parseInstruction(ILcom/android/dx/cf/code/BytecodeArray$Visitor;)I @ 2554
Event: 20,076 Thread 0x00007fd100185000 Uncommon trap: reason=unreached action=reinterpret pc=0x00007fd0fcb6fda4 method=com.android.dx.rop.code.LocalItem.compareHandlesNulls(Lcom/android/dx/rop/cst/CstString;Lcom/android/dx/rop/cst/CstString;)I @ 8
Event: 20,076 Thread 0x00007fd100185000 Uncommon trap: reason=unreached action=reinterpret pc=0x00007fd0fcb5dcfc method=com.android.dx.rop.code.LocalItem.compareHandlesNulls(Lcom/android/dx/rop/cst/CstString;Lcom/android/dx/rop/cst/CstString;)I @ 8
Event: 20,076 Thread 0x00007fd100185000 Uncommon trap: reason=unreached action=reinterpret pc=0x00007fd0fcc72400 method=com.android.dx.rop.code.LocalItem.compareHandlesNulls(Lcom/android/dx/rop/cst/CstString;Lcom/android/dx/rop/cst/CstString;)I @ 8

Internal exceptions (10 events):
Event: 13,736 Thread 0x00007fd10017f000 Implicit null exception at 0x00007fd0fcb6f3eb to 0x00007fd0fcb6f655
Event: 13,809 Thread 0x00007fd100185000 Implicit null exception at 0x00007fd0fcb240bc to 0x00007fd0fcb241d1
Event: 18,721 Thread 0x00007fd100186800 Threw 0x00000000f3370dc0 at /HUDSON/workspace/7u-2-build-linux-amd64/jdk7u79/2331/hotspot/src/share/vm/prims/jvm.cpp:1304
Event: 18,954 Thread 0x00007fd10000a000 Implicit null exception at 0x00007fd0fcc802bc to 0x00007fd0fcc8ab09
Event: 18,955 Thread 0x00007fd10000a000 Implicit null exception at 0x00007fd0fcb470b7 to 0x00007fd0fcb47c59
Event: 18,992 Thread 0x00007fd10000a000 Threw 0x00000000f70d65a0 at /HUDSON/workspace/7u-2-build-linux-amd64/jdk7u79/2331/hotspot/src/share/vm/prims/jvm.cpp:1304
Event: 19,519 Thread 0x00007fd10017f000 Implicit null exception at 0x00007fd0fcc2c7cd to 0x00007fd0fcc2d3dd
Event: 20,076 Thread 0x00007fd100185000 Implicit null exception at 0x00007fd0fcb6fb24 to 0x00007fd0fcb6fd91
Event: 20,076 Thread 0x00007fd100185000 Implicit null exception at 0x00007fd0fcb5cfbd to 0x00007fd0fcb5dcc9
Event: 20,076 Thread 0x00007fd100185000 Implicit null exception at 0x00007fd0fcc7217b to 0x00007fd0fcc723ed

Events (10 events):
Event: 20,076 Thread 0x00007fd100185000 Uncommon trap: trap_request=0xffffffad fr.pc=0x00007fd0fcb6fda4
Event: 20,076 Thread 0x00007fd100185000 DEOPT PACKING pc=0x00007fd0fcb6fda4 sp=0x00007fd0ef4cee40
Event: 20,076 Thread 0x00007fd100185000 DEOPT UNPACKING pc=0x00007fd0fca06445 sp=0x00007fd0ef4ced40 mode 2
Event: 20,076 Thread 0x00007fd100185000 Uncommon trap: trap_request=0xffffffad fr.pc=0x00007fd0fcb5dcfc
Event: 20,076 Thread 0x00007fd100185000 DEOPT PACKING pc=0x00007fd0fcb5dcfc sp=0x00007fd0ef4ced80
Event: 20,076 Thread 0x00007fd100185000 DEOPT UNPACKING pc=0x00007fd0fca06445 sp=0x00007fd0ef4ceb48 mode 2
Event: 20,076 Thread 0x00007fd100185000 Uncommon trap: trap_request=0xffffffad fr.pc=0x00007fd0fcc72400
Event: 20,076 Thread 0x00007fd100185000 DEOPT PACKING pc=0x00007fd0fcc72400 sp=0x00007fd0ef4cecb0
Event: 20,076 Thread 0x00007fd100185000 DEOPT UNPACKING pc=0x00007fd0fca06445 sp=0x00007fd0ef4cebb0 mode 2
Event: 20,139 Executing VM operation: ParallelGCFailedAllocation


Dynamic libraries:
00400000-00401000 r-xp 00000000 08:06 3546141                            /usr/lib/jvm/jdk-7-eseo-oracle-x64/bin/java
00600000-00601000 rw-p 00000000 08:06 3546141                            /usr/lib/jvm/jdk-7-eseo-oracle-x64/bin/java
01720000-01741000 rw-p 00000000 00:00 0                                  [heap]
bae00000-bc300000 rw-p 00000000 00:00 0 
bc300000-c0000000 rw-p 00000000 00:00 0 
c0000000-c9400000 rw-p 00000000 00:00 0 
ce600000-eaa80000 rw-p 00000000 00:00 0 
eaa80000-100000000 rw-p 00000000 00:00 0 
7fd0b0000000-7fd0b0023000 rw-p 00000000 00:00 0 
7fd0b0023000-7fd0b4000000 ---p 00000000 00:00 0 
7fd0b4000000-7fd0b4033000 rw-p 00000000 00:00 0 
7fd0b4033000-7fd0b8000000 ---p 00000000 00:00 0 
7fd0b8000000-7fd0b8021000 rw-p 00000000 00:00 0 
7fd0b8021000-7fd0bc000000 ---p 00000000 00:00 0 
7fd0bc000000-7fd0bc021000 rw-p 00000000 00:00 0 
7fd0bc021000-7fd0c0000000 ---p 00000000 00:00 0 
7fd0c0000000-7fd0c0021000 rw-p 00000000 00:00 0 
7fd0c0021000-7fd0c4000000 ---p 00000000 00:00 0 
7fd0c4000000-7fd0c4039000 rw-p 00000000 00:00 0 
7fd0c4039000-7fd0c8000000 ---p 00000000 00:00 0 
7fd0c8000000-7fd0c9e41000 rw-p 00000000 00:00 0 
7fd0c9e41000-7fd0cc000000 ---p 00000000 00:00 0 
7fd0cc000000-7fd0cc021000 rw-p 00000000 00:00 0 
7fd0cc021000-7fd0d0000000 ---p 00000000 00:00 0 
7fd0d0000000-7fd0d0021000 rw-p 00000000 00:00 0 
7fd0d0021000-7fd0d4000000 ---p 00000000 00:00 0 
7fd0d4000000-7fd0d5810000 rw-p 00000000 00:00 0 
7fd0d5810000-7fd0d8000000 ---p 00000000 00:00 0 
7fd0d8000000-7fd0d8021000 rw-p 00000000 00:00 0 
7fd0d8021000-7fd0dc000000 ---p 00000000 00:00 0 
7fd0dc000000-7fd0dc021000 rw-p 00000000 00:00 0 
7fd0dc021000-7fd0e0000000 ---p 00000000 00:00 0 
7fd0e0000000-7fd0e0021000 rw-p 00000000 00:00 0 
7fd0e0021000-7fd0e4000000 ---p 00000000 00:00 0 
7fd0e4000000-7fd0e424f000 rw-p 00000000 00:00 0 
7fd0e424f000-7fd0e8000000 ---p 00000000 00:00 0 
7fd0e8000000-7fd0e8021000 rw-p 00000000 00:00 0 
7fd0e8021000-7fd0ec000000 ---p 00000000 00:00 0 
7fd0ef1ce000-7fd0ef1d1000 ---p 00000000 00:00 0 
7fd0ef1d1000-7fd0ef2cf000 rw-p 00000000 00:00 0                          [stack:7287]
7fd0ef2cf000-7fd0ef2d2000 ---p 00000000 00:00 0 
7fd0ef2d2000-7fd0ef3d0000 rw-p 00000000 00:00 0                          [stack:7286]
7fd0ef3d0000-7fd0ef3d3000 ---p 00000000 00:00 0 
7fd0ef3d3000-7fd0ef4d1000 rw-p 00000000 00:00 0                          [stack:7285]
7fd0ef4d1000-7fd0ef4d4000 ---p 00000000 00:00 0 
7fd0ef4d4000-7fd0ef5d2000 rw-p 00000000 00:00 0                          [stack:7284]
7fd0ef5d2000-7fd0ef5d5000 ---p 00000000 00:00 0 
7fd0ef5d5000-7fd0ef6d3000 rw-p 00000000 00:00 0                          [stack:7283]
7fd0ef6d3000-7fd0ef6e9000 r-xp 00000000 08:06 3551968                    /usr/lib/jvm/jdk-7-eseo-oracle-x64/jre/lib/amd64/libnet.so
7fd0ef6e9000-7fd0ef8e9000 ---p 00016000 08:06 3551968                    /usr/lib/jvm/jdk-7-eseo-oracle-x64/jre/lib/amd64/libnet.so
7fd0ef8e9000-7fd0ef8ea000 rw-p 00016000 08:06 3551968                    /usr/lib/jvm/jdk-7-eseo-oracle-x64/jre/lib/amd64/libnet.so
7fd0ef8ea000-7fd0ef8fa000 r-xp 00000000 08:06 3551950                    /usr/lib/jvm/jdk-7-eseo-oracle-x64/jre/lib/amd64/libnio.so
7fd0ef8fa000-7fd0efafa000 ---p 00010000 08:06 3551950                    /usr/lib/jvm/jdk-7-eseo-oracle-x64/jre/lib/amd64/libnio.so
7fd0efafa000-7fd0efafb000 rw-p 00010000 08:06 3551950                    /usr/lib/jvm/jdk-7-eseo-oracle-x64/jre/lib/amd64/libnio.so
7fd0efafb000-7fd0efafc000 ---p 00000000 00:00 0 
7fd0efafc000-7fd0efbfc000 rw-p 00000000 00:00 0                          [stack:7282]
7fd0efbfc000-7fd0efbff000 ---p 00000000 00:00 0 
7fd0efbff000-7fd0efcfd000 rw-p 00000000 00:00 0                          [stack:7281]
7fd0efcfd000-7fd0efd00000 ---p 00000000 00:00 0 
7fd0efd00000-7fd0efdfe000 rw-p 00000000 00:00 0                          [stack:7280]
7fd0efdfe000-7fd0efe01000 ---p 00000000 00:00 0 
7fd0efe01000-7fd0efeff000 rw-p 00000000 00:00 0                          [stack:7279]
7fd0efeff000-7fd0eff02000 ---p 00000000 00:00 0 
7fd0eff02000-7fd0f0000000 rw-p 00000000 00:00 0                          [stack:7278]
7fd0f0000000-7fd0f0021000 rw-p 00000000 00:00 0 
7fd0f0021000-7fd0f4000000 ---p 00000000 00:00 0 
7fd0f40a2000-7fd0f40d2000 r--s 0024e000 08:06 4347083                    /home/divi/Desktop/ProjetIoT/STIot/app/build/intermediates/transforms/jarMerging/debug/jars/1/1f/combined.jar
7fd0f40d2000-7fd0f47b5000 r--p 00000000 08:06 3546432                    /usr/lib/locale/locale-archive
7fd0f47b5000-7fd0f47b8000 ---p 00000000 00:00 0 
7fd0f47b8000-7fd0f48b6000 rw-p 00000000 00:00 0                          [stack:7277]
7fd0f48b6000-7fd0f48b9000 ---p 00000000 00:00 0 
7fd0f48b9000-7fd0f49b7000 rw-p 00000000 00:00 0                          [stack:7276]
7fd0f49b7000-7fd0f49b8000 ---p 00000000 00:00 0 
7fd0f49b8000-7fd0f5ab7000 rw-p 00000000 00:00 0                          [stack:7275]
7fd0f5ab7000-7fd0f5c77000 r--s 039f7000 08:06 3552546                    /usr/lib/jvm/jdk-7-eseo-oracle-x64/jre/lib/rt.jar
7fd0f5c77000-7fd0f8000000 rw-p 00000000 00:00 0 
7fd0f8000000-7fd0f8021000 rw-p 00000000 00:00 0 
7fd0f8021000-7fd0fc000000 ---p 00000000 00:00 0 
7fd0fc020000-7fd0fc249000 rw-p 00000000 00:00 0 
7fd0fc249000-7fd0fc24a000 ---p 00000000 00:00 0 
7fd0fc24a000-7fd0fc34a000 rw-p 00000000 00:00 0                          [stack:7274]
7fd0fc34a000-7fd0fc34b000 ---p 00000000 00:00 0 
7fd0fc34b000-7fd0fc44b000 rw-p 00000000 00:00 0                          [stack:7273]
7fd0fc44b000-7fd0fc44c000 ---p 00000000 00:00 0 
7fd0fc44c000-7fd0fc54c000 rw-p 00000000 00:00 0                          [stack:7272]
7fd0fc54c000-7fd0fc54d000 ---p 00000000 00:00 0 
7fd0fc54d000-7fd0fc697000 rw-p 00000000 00:00 0                          [stack:7271]
7fd0fc697000-7fd0fc7a3000 rw-p 00000000 00:00 0 
7fd0fc7a3000-7fd0fc7ae000 rw-p 00000000 00:00 0 
7fd0fc7ae000-7fd0fc7cc000 rw-p 00000000 00:00 0 
7fd0fc7cc000-7fd0fc816000 rw-p 00000000 00:00 0 
7fd0fc816000-7fd0fc921000 rw-p 00000000 00:00 0 
7fd0fc921000-7fd0fc9cc000 rw-p 00000000 00:00 0 
7fd0fc9cc000-7fd0fc9cd000 rw-p 00000000 00:00 0 
7fd0fc9cd000-7fd0fcd5d000 rwxp 00000000 00:00 0 
7fd0fcd5d000-7fd0ff9cd000 rw-p 00000000 00:00 0 
7fd0ff9cd000-7fd0ff9e7000 r-xp 00000000 08:06 3551970                    /usr/lib/jvm/jdk-7-eseo-oracle-x64/jre/lib/amd64/libzip.so
7fd0ff9e7000-7fd0ffbe7000 ---p 0001a000 08:06 3551970                    /usr/lib/jvm/jdk-7-eseo-oracle-x64/jre/lib/amd64/libzip.so
7fd0ffbe7000-7fd0ffbe8000 rw-p 0001a000 08:06 3551970                    /usr/lib/jvm/jdk-7-eseo-oracle-x64/jre/lib/amd64/libzip.so
7fd0ffbe8000-7fd0ffbf3000 r-xp 00000000 08:06 3149790                    /lib/x86_64-linux-gnu/libnss_files-2.19.so
7fd0ffbf3000-7fd0ffdf2000 ---p 0000b000 08:06 3149790                    /lib/x86_64-linux-gnu/libnss_files-2.19.so
7fd0ffdf2000-7fd0ffdf3000 r--p 0000a000 08:06 3149790                    /lib/x86_64-linux-gnu/libnss_files-2.19.so
7fd0ffdf3000-7fd0ffdf4000 rw-p 0000b000 08:06 3149790                    /lib/x86_64-linux-gnu/libnss_files-2.19.so
7fd0ffdf4000-7fd0ffdff000 r-xp 00000000 08:06 3145826                    /lib/x86_64-linux-gnu/libnss_nis-2.19.so
7fd0ffdff000-7fd0ffffe000 ---p 0000b000 08:06 3145826                    /lib/x86_64-linux-gnu/libnss_nis-2.19.so
7fd0ffffe000-7fd0fffff000 r--p 0000a000 08:06 3145826                    /lib/x86_64-linux-gnu/libnss_nis-2.19.so
7fd0fffff000-7fd100000000 rw-p 0000b000 08:06 3145826                    /lib/x86_64-linux-gnu/libnss_nis-2.19.so
7fd100000000-7fd100215000 rw-p 00000000 00:00 0 
7fd100215000-7fd104000000 ---p 00000000 00:00 0 
7fd104005000-7fd104010000 rw-p 00000000 00:00 0 
7fd104010000-7fd10402e000 rw-p 00000000 00:00 0 
7fd10402e000-7fd104045000 r-xp 00000000 08:06 3145822                    /lib/x86_64-linux-gnu/libnsl-2.19.so
7fd104045000-7fd104244000 ---p 00017000 08:06 3145822                    /lib/x86_64-linux-gnu/libnsl-2.19.so
7fd104244000-7fd104245000 r--p 00016000 08:06 3145822                    /lib/x86_64-linux-gnu/libnsl-2.19.so
7fd104245000-7fd104246000 rw-p 00017000 08:06 3145822                    /lib/x86_64-linux-gnu/libnsl-2.19.so
7fd104246000-7fd104248000 rw-p 00000000 00:00 0 
7fd104248000-7fd104251000 r-xp 00000000 08:06 3145821                    /lib/x86_64-linux-gnu/libnss_compat-2.19.so
7fd104251000-7fd104450000 ---p 00009000 08:06 3145821                    /lib/x86_64-linux-gnu/libnss_compat-2.19.so
7fd104450000-7fd104451000 r--p 00008000 08:06 3145821                    /lib/x86_64-linux-gnu/libnss_compat-2.19.so
7fd104451000-7fd104452000 rw-p 00009000 08:06 3145821                    /lib/x86_64-linux-gnu/libnss_compat-2.19.so
7fd104452000-7fd10447b000 r-xp 00000000 08:06 3551934                    /usr/lib/jvm/jdk-7-eseo-oracle-x64/jre/lib/amd64/libjava.so
7fd10447b000-7fd10467b000 ---p 00029000 08:06 3551934                    /usr/lib/jvm/jdk-7-eseo-oracle-x64/jre/lib/amd64/libjava.so
7fd10467b000-7fd10467d000 rw-p 00029000 08:06 3551934                    /usr/lib/jvm/jdk-7-eseo-oracle-x64/jre/lib/amd64/libjava.so
7fd10467d000-7fd10468a000 r-xp 00000000 08:06 3551921                    /usr/lib/jvm/jdk-7-eseo-oracle-x64/jre/lib/amd64/libverify.so
7fd10468a000-7fd104889000 ---p 0000d000 08:06 3551921                    /usr/lib/jvm/jdk-7-eseo-oracle-x64/jre/lib/amd64/libverify.so
7fd104889000-7fd10488b000 rw-p 0000c000 08:06 3551921                    /usr/lib/jvm/jdk-7-eseo-oracle-x64/jre/lib/amd64/libverify.so
7fd10488b000-7fd104892000 r-xp 00000000 08:06 3145830                    /lib/x86_64-linux-gnu/librt-2.19.so
7fd104892000-7fd104a91000 ---p 00007000 08:06 3145830                    /lib/x86_64-linux-gnu/librt-2.19.so
7fd104a91000-7fd104a92000 r--p 00006000 08:06 3145830                    /lib/x86_64-linux-gnu/librt-2.19.so
7fd104a92000-7fd104a93000 rw-p 00007000 08:06 3145830                    /lib/x86_64-linux-gnu/librt-2.19.so
7fd104a93000-7fd104b98000 r-xp 00000000 08:06 3145758                    /lib/x86_64-linux-gnu/libm-2.19.so
7fd104b98000-7fd104d97000 ---p 00105000 08:06 3145758                    /lib/x86_64-linux-gnu/libm-2.19.so
7fd104d97000-7fd104d98000 r--p 00104000 08:06 3145758                    /lib/x86_64-linux-gnu/libm-2.19.so
7fd104d98000-7fd104d99000 rw-p 00105000 08:06 3145758                    /lib/x86_64-linux-gnu/libm-2.19.so
7fd104d99000-7fd10590e000 r-xp 00000000 08:06 3551963                    /usr/lib/jvm/jdk-7-eseo-oracle-x64/jre/lib/amd64/server/libjvm.so
7fd10590e000-7fd105b0e000 ---p 00b75000 08:06 3551963                    /usr/lib/jvm/jdk-7-eseo-oracle-x64/jre/lib/amd64/server/libjvm.so
7fd105b0e000-7fd105bd2000 rw-p 00b75000 08:06 3551963                    /usr/lib/jvm/jdk-7-eseo-oracle-x64/jre/lib/amd64/server/libjvm.so
7fd105bd2000-7fd105c13000 rw-p 00000000 00:00 0 
7fd105c13000-7fd105dce000 r-xp 00000000 08:06 3145831                    /lib/x86_64-linux-gnu/libc-2.19.so
7fd105dce000-7fd105fcd000 ---p 001bb000 08:06 3145831                    /lib/x86_64-linux-gnu/libc-2.19.so
7fd105fcd000-7fd105fd1000 r--p 001ba000 08:06 3145831                    /lib/x86_64-linux-gnu/libc-2.19.so
7fd105fd1000-7fd105fd3000 rw-p 001be000 08:06 3145831                    /lib/x86_64-linux-gnu/libc-2.19.so
7fd105fd3000-7fd105fd8000 rw-p 00000000 00:00 0 
7fd105fd8000-7fd105fdb000 r-xp 00000000 08:06 3145818                    /lib/x86_64-linux-gnu/libdl-2.19.so
7fd105fdb000-7fd1061da000 ---p 00003000 08:06 3145818                    /lib/x86_64-linux-gnu/libdl-2.19.so
7fd1061da000-7fd1061db000 r--p 00002000 08:06 3145818                    /lib/x86_64-linux-gnu/libdl-2.19.so
7fd1061db000-7fd1061dc000 rw-p 00003000 08:06 3145818                    /lib/x86_64-linux-gnu/libdl-2.19.so
7fd1061dc000-7fd1061f2000 r-xp 00000000 08:06 3546303                    /usr/lib/jvm/jdk-7-eseo-oracle-x64/lib/amd64/jli/libjli.so
7fd1061f2000-7fd1063f2000 ---p 00016000 08:06 3546303                    /usr/lib/jvm/jdk-7-eseo-oracle-x64/lib/amd64/jli/libjli.so
7fd1063f2000-7fd1063f3000 rw-p 00016000 08:06 3546303                    /usr/lib/jvm/jdk-7-eseo-oracle-x64/lib/amd64/jli/libjli.so
7fd1063f3000-7fd10640c000 r-xp 00000000 08:06 3145823                    /lib/x86_64-linux-gnu/libpthread-2.19.so
7fd10640c000-7fd10660b000 ---p 00019000 08:06 3145823                    /lib/x86_64-linux-gnu/libpthread-2.19.so
7fd10660b000-7fd10660c000 r--p 00018000 08:06 3145823                    /lib/x86_64-linux-gnu/libpthread-2.19.so
7fd10660c000-7fd10660d000 rw-p 00019000 08:06 3145823                    /lib/x86_64-linux-gnu/libpthread-2.19.so
7fd10660d000-7fd106611000 rw-p 00000000 00:00 0 
7fd106611000-7fd106634000 r-xp 00000000 08:06 3145824                    /lib/x86_64-linux-gnu/ld-2.19.so
7fd10663b000-7fd10664a000 r--s 000df000 08:06 1204723                    /home/divi/Android/Sdk/build-tools/23.0.2/lib/dx.jar
7fd10664a000-7fd106659000 rw-p 00000000 00:00 0 
7fd106659000-7fd10670a000 rw-p 00000000 00:00 0 
7fd10670a000-7fd10670d000 ---p 00000000 00:00 0 
7fd10670d000-7fd10680f000 rw-p 00000000 00:00 0                          [stack:7270]
7fd106810000-7fd106827000 rw-p 00000000 00:00 0 
7fd106827000-7fd10682f000 rw-s 00000000 08:06 3025998                    /tmp/hsperfdata_divi/7265
7fd10682f000-7fd106830000 rw-p 00000000 00:00 0 
7fd106830000-7fd106831000 ---p 00000000 00:00 0 
7fd106831000-7fd106833000 rw-p 00000000 00:00 0 
7fd106833000-7fd106834000 r--p 00022000 08:06 3145824                    /lib/x86_64-linux-gnu/ld-2.19.so
7fd106834000-7fd106835000 rw-p 00023000 08:06 3145824                    /lib/x86_64-linux-gnu/ld-2.19.so
7fd106835000-7fd106836000 rw-p 00000000 00:00 0 
7ffc2ed94000-7ffc2edb5000 rw-p 00000000 00:00 0                          [stack]
7ffc2edc3000-7ffc2edc5000 r-xp 00000000 00:00 0                          [vdso]
7ffc2edc5000-7ffc2edc7000 r--p 00000000 00:00 0                          [vvar]
ffffffffff600000-ffffffffff601000 r-xp 00000000 00:00 0                  [vsyscall]

VM Arguments:
jvm_args: -Djava.awt.headless=true -Xmx1024M -Dfile.encoding=UTF-8 -Duser.country=US -Duser.language=en -Duser.variant 
java_command: com.android.dx.command.Main --dex --num-threads=4 --multi-dex --main-dex-list /home/divi/Desktop/ProjetIoT/STIot/app/build/intermediates/multi-dex/debug/maindexlist.txt --output /home/divi/Desktop/ProjetIoT/STIot/app/build/intermediates/transforms/dex/debug/folders/1000/1f/main /home/divi/Desktop/ProjetIoT/STIot/app/build/intermediates/transforms/jarMerging/debug/jars/1/1f/combined.jar
Launcher Type: SUN_STANDARD

Environment Variables:
PATH=/usr/local/sbin:/usr/local/bin:/usr/sbin:/usr/bin:/sbin:/bin:/usr/games:/usr/local/games
LD_LIBRARY_PATH=/opt/android-studio/bin:
SHELL=/bin/bash
DISPLAY=:0

Signal Handlers:
SIGSEGV: [libjvm.so+0x9a3bf0], sa_mask[0]=0x7ffbfeff, sa_flags=0x10000004
SIGBUS: [libjvm.so+0x9a3bf0], sa_mask[0]=0x7ffbfeff, sa_flags=0x10000004
SIGFPE: [libjvm.so+0x81cb60], sa_mask[0]=0x7ffbfeff, sa_flags=0x10000004
SIGPIPE: [libjvm.so+0x81cb60], sa_mask[0]=0x7ffbfeff, sa_flags=0x10000004
SIGXFSZ: [libjvm.so+0x81cb60], sa_mask[0]=0x7ffbfeff, sa_flags=0x10000004
SIGILL: [libjvm.so+0x81cb60], sa_mask[0]=0x7ffbfeff, sa_flags=0x10000004
SIGUSR1: SIG_DFL, sa_mask[0]=0x00000000, sa_flags=0x00000000
SIGUSR2: [libjvm.so+0x81e360], sa_mask[0]=0x00000004, sa_flags=0x10000004
SIGHUP: [libjvm.so+0x81f480], sa_mask[0]=0x7ffbfeff, sa_flags=0x10000004
SIGINT: [libjvm.so+0x81f480], sa_mask[0]=0x7ffbfeff, sa_flags=0x10000004
SIGTERM: [libjvm.so+0x81f480], sa_mask[0]=0x7ffbfeff, sa_flags=0x10000004
SIGQUIT: [libjvm.so+0x81f480], sa_mask[0]=0x7ffbfeff, sa_flags=0x10000004


---------------  S Y S T E M  ---------------

OS:jessie/sid

uname:Linux 3.16.0-67-generic #87~14.04.1-Ubuntu SMP Fri Mar 11 00:26:02 UTC 2016 x86_64
libc:glibc 2.19 NPTL 2.19 
rlimit: STACK 8192k, CORE 0k, NPROC 15363, NOFILE 4096, AS infinity
load average:33,04 10,25 4,11

/proc/meminfo:
MemTotal:        3954432 kB
MemFree:          103544 kB
MemAvailable:      45464 kB
Buffers:             164 kB
Cached:           678536 kB
SwapCached:            0 kB
Active:          3046792 kB
Inactive:         622724 kB
Active(anon):    3043132 kB
Inactive(anon):   608404 kB
Active(file):       3660 kB
Inactive(file):    14320 kB
Unevictable:         116 kB
Mlocked:             116 kB
SwapTotal:             0 kB
SwapFree:              0 kB
Dirty:                28 kB
Writeback:             0 kB
AnonPages:       2991620 kB
Mapped:           218956 kB
Shmem:            660032 kB
Slab:              68584 kB
SReclaimable:      34796 kB
SUnreclaim:        33788 kB
KernelStack:       10160 kB
PageTables:        41744 kB
NFS_Unstable:          0 kB
Bounce:                0 kB
WritebackTmp:          0 kB
CommitLimit:     1977216 kB
Committed_AS:    7633260 kB
VmallocTotal:   34359738367 kB
VmallocUsed:      407512 kB
VmallocChunk:   34359323644 kB
HardwareCorrupted:     0 kB
AnonHugePages:    960512 kB
HugePages_Total:       0
HugePages_Free:        0
HugePages_Rsvd:        0
HugePages_Surp:        0
Hugepagesize:       2048 kB
DirectMap4k:      114048 kB
DirectMap2M:     3987456 kB


CPU:total 4 (2 cores per cpu, 2 threads per core) family 6 model 42 stepping 7, cmov, cx8, fxsr, mmx, sse, sse2, sse3, ssse3, sse4.1, sse4.2, popcnt, avx, ht, tsc, tscinvbit

/proc/cpuinfo:
processor	: 0
vendor_id	: GenuineIntel
cpu family	: 6
model		: 42
model name	: Intel(R) Core(TM) i3-2330M CPU @ 2.20GHz
stepping	: 7
microcode	: 0x15
cpu MHz		: 823.625
cache size	: 3072 KB
physical id	: 0
siblings	: 4
core id		: 0
cpu cores	: 2
apicid		: 0
initial apicid	: 0
fpu		: yes
fpu_exception	: yes
cpuid level	: 13
wp		: yes
flags		: fpu vme de pse tsc msr pae mce cx8 apic sep mtrr pge mca cmov pat pse36 clflush dts acpi mmx fxsr sse sse2 ss ht tm pbe syscall nx rdtscp lm constant_tsc arch_perfmon pebs bts rep_good nopl xtopology nonstop_tsc aperfmperf eagerfpu pni pclmulqdq dtes64 monitor ds_cpl vmx est tm2 ssse3 cx16 xtpr pdcm pcid sse4_1 sse4_2 x2apic popcnt tsc_deadline_timer xsave avx lahf_lm arat epb xsaveopt pln pts dtherm tpr_shadow vnmi flexpriority ept vpid
bogomips	: 4390.36
clflush size	: 64
cache_alignment	: 64
address sizes	: 36 bits physical, 48 bits virtual
power management:

processor	: 1
vendor_id	: GenuineIntel
cpu family	: 6
model		: 42
model name	: Intel(R) Core(TM) i3-2330M CPU @ 2.20GHz
stepping	: 7
microcode	: 0x15
cpu MHz		: 888.593
cache size	: 3072 KB
physical id	: 0
siblings	: 4
core id		: 1
cpu cores	: 2
apicid		: 2
initial apicid	: 2
fpu		: yes
fpu_exception	: yes
cpuid level	: 13
wp		: yes
flags		: fpu vme de pse tsc msr pae mce cx8 apic sep mtrr pge mca cmov pat pse36 clflush dts acpi mmx fxsr sse sse2 ss ht tm pbe syscall nx rdtscp lm constant_tsc arch_perfmon pebs bts rep_good nopl xtopology nonstop_tsc aperfmperf eagerfpu pni pclmulqdq dtes64 monitor ds_cpl vmx est tm2 ssse3 cx16 xtpr pdcm pcid sse4_1 sse4_2 x2apic popcnt tsc_deadline_timer xsave avx lahf_lm arat epb xsaveopt pln pts dtherm tpr_shadow vnmi flexpriority ept vpid
bogomips	: 4390.36
clflush size	: 64
cache_alignment	: 64
address sizes	: 36 bits physical, 48 bits virtual
power management:

processor	: 2
vendor_id	: GenuineIntel
cpu family	: 6
model		: 42
model name	: Intel(R) Core(TM) i3-2330M CPU @ 2.20GHz
stepping	: 7
microcode	: 0x15
cpu MHz		: 823.625
cache size	: 3072 KB
physical id	: 0
siblings	: 4
core id		: 0
cpu cores	: 2
apicid		: 1
initial apicid	: 1
fpu		: yes
fpu_exception	: yes
cpuid level	: 13
wp		: yes
flags		: fpu vme de pse tsc msr pae mce cx8 apic sep mtrr pge mca cmov pat pse36 clflush dts acpi mmx fxsr sse sse2 ss ht tm pbe syscall nx rdtscp lm constant_tsc arch_perfmon pebs bts rep_good nopl xtopology nonstop_tsc aperfmperf eagerfpu pni pclmulqdq dtes64 monitor ds_cpl vmx est tm2 ssse3 cx16 xtpr pdcm pcid sse4_1 sse4_2 x2apic popcnt tsc_deadline_timer xsave avx lahf_lm arat epb xsaveopt pln pts dtherm tpr_shadow vnmi flexpriority ept vpid
bogomips	: 4390.36
clflush size	: 64
cache_alignment	: 64
address sizes	: 36 bits physical, 48 bits virtual
power management:

processor	: 3
vendor_id	: GenuineIntel
cpu family	: 6
model		: 42
model name	: Intel(R) Core(TM) i3-2330M CPU @ 2.20GHz
stepping	: 7
microcode	: 0x15
cpu MHz		: 802.140
cache size	: 3072 KB
physical id	: 0
siblings	: 4
core id		: 1
cpu cores	: 2
apicid		: 3
initial apicid	: 3
fpu		: yes
fpu_exception	: yes
cpuid level	: 13
wp		: yes
flags		: fpu vme de pse tsc msr pae mce cx8 apic sep mtrr pge mca cmov pat pse36 clflush dts acpi mmx fxsr sse sse2 ss ht tm pbe syscall nx rdtscp lm constant_tsc arch_perfmon pebs bts rep_good nopl xtopology nonstop_tsc aperfmperf eagerfpu pni pclmulqdq dtes64 monitor ds_cpl vmx est tm2 ssse3 cx16 xtpr pdcm pcid sse4_1 sse4_2 x2apic popcnt tsc_deadline_timer xsave avx lahf_lm arat epb xsaveopt pln pts dtherm tpr_shadow vnmi flexpriority ept vpid
bogomips	: 4390.36
clflush size	: 64
cache_alignment	: 64
address sizes	: 36 bits physical, 48 bits virtual
power management:



Memory: 4k page, physical 3954432k(103544k free), swap 0k(0k free)

vm_info: Java HotSpot(TM) 64-Bit Server VM (24.79-b02) for linux-amd64 JRE (1.7.0_79-b15), built on Apr 10 2015 11:34:48 by "java_re" with gcc 4.3.0 20080428 (Red Hat 4.3.0-8)

time: Wed May 25 12:03:48 2016
elapsed time: 95 seconds

