#
# There is insufficient memory for the Java Runtime Environment to continue.
# Native memory allocation (malloc) failed to allocate 85458944 bytes for committing reserved memory.
# Possible reasons:
#   The system is out of physical RAM or swap space
#   In 32 bit mode, the process size limit was hit
# Possible solutions:
#   Reduce memory load on the system
#   Increase physical memory or swap space
#   Check if swap backing store is full
#   Use 64 bit Java on a 64 bit OS
#   Decrease Java heap size (-Xmx/-Xms)
#   Decrease number of Java threads
#   Decrease Java thread stack sizes (-Xss)
#   Set larger code cache with -XX:ReservedCodeCacheSize=
# This output file may be truncated or incomplete.
#
#  Out of Memory Error (os_linux.cpp:2756), pid=4997, tid=140197069674240
#
# JRE version: Java(TM) SE Runtime Environment (7.0_79-b15) (build 1.7.0_79-b15)
# Java VM: Java HotSpot(TM) 64-Bit Server VM (24.79-b02 mixed mode linux-amd64 compressed oops)
# Failed to write core dump. Core dumps have been disabled. To enable core dumping, try "ulimit -c unlimited" before starting Java again
#

---------------  T H R E A D  ---------------

Current thread (0x00007f823006a000):  VMThread [stack: 0x00007f822c795000,0x00007f822c896000] [id=5007]

Stack: [0x00007f822c795000,0x00007f822c896000],  sp=0x00007f822c8942c0,  free space=1020k
Native frames: (J=compiled Java code, j=interpreted, Vv=VM code, C=native code)
V  [libjvm.so+0x9a32da]  VMError::report_and_die()+0x2ea
V  [libjvm.so+0x497f7b]  report_vm_out_of_memory(char const*, int, unsigned long, char const*)+0x9b
V  [libjvm.so+0x81fcce]  os::Linux::commit_memory_impl(char*, unsigned long, bool)+0xfe
V  [libjvm.so+0x820219]  os::pd_commit_memory(char*, unsigned long, unsigned long, bool)+0x29
V  [libjvm.so+0x819faa]  os::commit_memory(char*, unsigned long, unsigned long, bool)+0x2a
V  [libjvm.so+0x88d863]  PSVirtualSpace::expand_by(unsigned long)+0x53
V  [libjvm.so+0x88ec38]  PSYoungGen::resize_generation(unsigned long, unsigned long)+0xf8
V  [libjvm.so+0x88dda2]  PSYoungGen::resize(unsigned long, unsigned long)+0x22
V  [libjvm.so+0x88b15d]  PSScavenge::invoke_no_policy()+0xf3d
V  [libjvm.so+0x88b9a1]  PSScavenge::invoke()+0x41
V  [libjvm.so+0x842320]  ParallelScavengeHeap::failed_mem_allocate(unsigned long)+0x70
V  [libjvm.so+0x9a4b67]  VM_ParallelGCFailedAllocation::doit()+0x97
V  [libjvm.so+0x9ac005]  VM_Operation::evaluate()+0x55
V  [libjvm.so+0x9aa3ca]  VMThread::evaluate_operation(VM_Operation*)+0xba
V  [libjvm.so+0x9aa74e]  VMThread::loop()+0x1ce
V  [libjvm.so+0x9aabc0]  VMThread::run()+0x70
V  [libjvm.so+0x821ca8]  java_start(Thread*)+0x108

VM_Operation (0x00007f8238352170): ParallelGCFailedAllocation, mode: safepoint, requested by thread 0x00007f823000a000


---------------  P R O C E S S  ---------------

Java Threads: ( => current thread )
  0x00007f82301b8000 JavaThread "pool-2-thread-4" [_thread_blocked, id=5019, stack(0x00007f8224d60000,0x00007f8224e61000)]
  0x00007f82301b6800 JavaThread "pool-2-thread-3" [_thread_blocked, id=5018, stack(0x00007f8224e61000,0x00007f8224f62000)]
  0x00007f82301b5000 JavaThread "pool-2-thread-2" [_thread_blocked, id=5017, stack(0x00007f8224f62000,0x00007f8225063000)]
  0x00007f82301b4000 JavaThread "pool-3-thread-1" [_thread_blocked, id=5016, stack(0x00007f8225063000,0x00007f8225164000)]
  0x00007f82301af000 JavaThread "pool-2-thread-1" [_thread_blocked, id=5015, stack(0x00007f8225164000,0x00007f8225265000)]
  0x00007f82300a2000 JavaThread "Service Thread" daemon [_thread_blocked, id=5013, stack(0x00007f822c18f000,0x00007f822c290000)]
  0x00007f823009f800 JavaThread "C2 CompilerThread1" daemon [_thread_blocked, id=5012, stack(0x00007f822c290000,0x00007f822c391000)]
  0x00007f823009c800 JavaThread "C2 CompilerThread0" daemon [_thread_blocked, id=5011, stack(0x00007f822c391000,0x00007f822c492000)]
  0x00007f823009a800 JavaThread "Signal Dispatcher" daemon [_thread_blocked, id=5010, stack(0x00007f822c492000,0x00007f822c593000)]
  0x00007f8230070800 JavaThread "Finalizer" daemon [_thread_blocked, id=5009, stack(0x00007f822c593000,0x00007f822c694000)]
  0x00007f823006e800 JavaThread "Reference Handler" daemon [_thread_blocked, id=5008, stack(0x00007f822c694000,0x00007f822c795000)]
  0x00007f823000a000 JavaThread "main" [_thread_blocked, id=5002, stack(0x00007f8238253000,0x00007f8238354000)]

Other Threads:
=>0x00007f823006a000 VMThread [stack: 0x00007f822c795000,0x00007f822c896000] [id=5007]
  0x00007f82300ad000 WatcherThread [stack: 0x00007f822c08e000,0x00007f822c18f000] [id=5014]

VM state:at safepoint (normal execution)

VM Mutex/Monitor currently owned by a thread:  ([mutex/lock_event])
[0x00007f82300067e0] Threads_lock - owner thread: 0x00007f823006a000
[0x00007f8230006ce0] Heap_lock - owner thread: 0x00007f823000a000

Heap
 PSYoungGen      total 140800K, used 21497K [0x00000000eaa80000, 0x00000000f4d80000, 0x0000000100000000)
  eden space 119296K, 0% used [0x00000000eaa80000,0x00000000eaa80000,0x00000000f1f00000)
  from space 21504K, 99% used [0x00000000f1f00000,0x00000000f33fe548,0x00000000f3400000)
  to   space 16896K, 0% used [0x00000000f3400000,0x00000000f3400000,0x00000000f4480000)
 ParOldGen       total 40960K, used 30883K [0x00000000c0000000, 0x00000000c2800000, 0x00000000eaa80000)
  object space 40960K, 75% used [0x00000000c0000000,0x00000000c1e28cf0,0x00000000c2800000)
 PSPermGen       total 21504K, used 5994K [0x00000000bae00000, 0x00000000bc300000, 0x00000000c0000000)
  object space 21504K, 27% used [0x00000000bae00000,0x00000000bb3daac0,0x00000000bc300000)

Card table byte_map: [0x00007f823531a000,0x00007f8235544000] byte_map_base: 0x00007f8234d43000

Polling page: 0x00007f8238379000

Code Cache  [0x00007f822d000000, 0x00007f822d270000, 0x00007f8230000000)
 total_blobs=677 nmethods=445 adapters=183 free_code_cache=47124Kb largest_free_block=48218304

Compilation events (10 events):
Event: 8,697 Thread 0x00007f823009f800 nmethod 444 0x00007f822d1cc410 code [0x00007f822d1cc5a0, 0x00007f822d1cc9b8]
Event: 8,697 Thread 0x00007f823009f800  445             com.android.dx.ssa.SsaRenamer$1::visitBlock (16 bytes)
Event: 8,708 Thread 0x00007f823009c800 nmethod 437 0x00007f822d1f7c90 code [0x00007f822d1f7ec0, 0x00007f822d1f8ef0]
Event: 8,708 Thread 0x00007f823009c800  446             com.android.dx.ssa.SsaRenamer$BlockRenamer$RenamingMapper::<init> (10 bytes)
Event: 8,709 Thread 0x00007f823009c800 nmethod 446 0x00007f822d1e6490 code [0x00007f822d1e65c0, 0x00007f822d1e6638]
Event: 8,709 Thread 0x00007f823009c800  447             com.android.dx.ssa.SsaMethod::getCountReachableBlocks (44 bytes)
Event: 8,715 Thread 0x00007f823009c800 nmethod 447 0x00007f822d1e2550 code [0x00007f822d1e26c0, 0x00007f822d1e2928]
Event: 8,715 Thread 0x00007f823009c800  448             com.android.dx.cf.code.ValueAwareMachine::run (1142 bytes)
Event: 8,796 Thread 0x00007f823009c800 nmethod 448 0x00007f822d1fc790 code [0x00007f822d1fd300, 0x00007f822d1feb60]
Event: 8,796 Thread 0x00007f823009c800  449             com.android.dx.ssa.back.SsaToRop::convertBasicBlocks (151 bytes)

GC Heap History (10 events):
Event: 2,045 GC heap after
Heap after GC invocations=4 (full 0):
 PSYoungGen      total 34304K, used 2551K [0x00000000eaa80000, 0x00000000ece80000, 0x0000000100000000)
  eden space 31744K, 0% used [0x00000000eaa80000,0x00000000eaa80000,0x00000000ec980000)
  from space 2560K, 99% used [0x00000000ecc00000,0x00000000ece7df08,0x00000000ece80000)
  to   space 2560K, 0% used [0x00000000ec980000,0x00000000ec980000,0x00000000ecc00000)
 ParOldGen       total 40960K, used 5453K [0x00000000c0000000, 0x00000000c2800000, 0x00000000eaa80000)
  object space 40960K, 13% used [0x00000000c0000000,0x00000000c0553650,0x00000000c2800000)
 PSPermGen       total 21504K, used 5797K [0x00000000bae00000, 0x00000000bc300000, 0x00000000c0000000)
  object space 21504K, 26% used [0x00000000bae00000,0x00000000bb3a9788,0x00000000bc300000)
}
Event: 3,055 GC heap before
{Heap before GC invocations=5 (full 0):
 PSYoungGen      total 34304K, used 34295K [0x00000000eaa80000, 0x00000000ece80000, 0x0000000100000000)
  eden space 31744K, 100% used [0x00000000eaa80000,0x00000000ec980000,0x00000000ec980000)
  from space 2560K, 99% used [0x00000000ecc00000,0x00000000ece7df08,0x00000000ece80000)
  to   space 2560K, 0% used [0x00000000ec980000,0x00000000ec980000,0x00000000ecc00000)
 ParOldGen       total 40960K, used 5453K [0x00000000c0000000, 0x00000000c2800000, 0x00000000eaa80000)
  object space 40960K, 13% used [0x00000000c0000000,0x00000000c0553650,0x00000000c2800000)
 PSPermGen       total 21504K, used 5867K [0x00000000bae00000, 0x00000000bc300000, 0x00000000c0000000)
  object space 21504K, 27% used [0x00000000bae00000,0x00000000bb3bacb8,0x00000000bc300000)
Event: 3,090 GC heap after
Heap after GC invocations=5 (full 0):
 PSYoungGen      total 34304K, used 2558K [0x00000000eaa80000, 0x00000000efc80000, 0x0000000100000000)
  eden space 31744K, 0% used [0x00000000eaa80000,0x00000000eaa80000,0x00000000ec980000)
  from space 2560K, 99% used [0x00000000ec980000,0x00000000ecbff9a8,0x00000000ecc00000)
  to   space 10240K, 0% used [0x00000000ef280000,0x00000000ef280000,0x00000000efc80000)
 ParOldGen       total 40960K, used 11543K [0x00000000c0000000, 0x00000000c2800000, 0x00000000eaa80000)
  object space 40960K, 28% used [0x00000000c0000000,0x00000000c0b45d50,0x00000000c2800000)
 PSPermGen       total 21504K, used 5867K [0x00000000bae00000, 0x00000000bc300000, 0x00000000c0000000)
  object space 21504K, 27% used [0x00000000bae00000,0x00000000bb3bacb8,0x00000000bc300000)
}
Event: 4,082 GC heap before
{Heap before GC invocations=6 (full 0):
 PSYoungGen      total 34304K, used 34302K [0x00000000eaa80000, 0x00000000efc80000, 0x0000000100000000)
  eden space 31744K, 100% used [0x00000000eaa80000,0x00000000ec980000,0x00000000ec980000)
  from space 2560K, 99% used [0x00000000ec980000,0x00000000ecbff9a8,0x00000000ecc00000)
  to   space 10240K, 0% used [0x00000000ef280000,0x00000000ef280000,0x00000000efc80000)
 ParOldGen       total 40960K, used 11543K [0x00000000c0000000, 0x00000000c2800000, 0x00000000eaa80000)
  object space 40960K, 28% used [0x00000000c0000000,0x00000000c0b45d50,0x00000000c2800000)
 PSPermGen       total 21504K, used 5897K [0x00000000bae00000, 0x00000000bc300000, 0x00000000c0000000)
  object space 21504K, 27% used [0x00000000bae00000,0x00000000bb3c27e0,0x00000000bc300000)
Event: 4,128 GC heap after
Heap after GC invocations=6 (full 0):
 PSYoungGen      total 72192K, used 8674K [0x00000000eaa80000, 0x00000000eff80000, 0x0000000100000000)
  eden space 61952K, 0% used [0x00000000eaa80000,0x00000000eaa80000,0x00000000ee700000)
  from space 10240K, 84% used [0x00000000ef280000,0x00000000efaf89b8,0x00000000efc80000)
  to   space 11776K, 0% used [0x00000000ee700000,0x00000000ee700000,0x00000000ef280000)
 ParOldGen       total 40960K, used 11543K [0x00000000c0000000, 0x00000000c2800000, 0x00000000eaa80000)
  object space 40960K, 28% used [0x00000000c0000000,0x00000000c0b45d50,0x00000000c2800000)
 PSPermGen       total 21504K, used 5897K [0x00000000bae00000, 0x00000000bc300000, 0x00000000c0000000)
  object space 21504K, 27% used [0x00000000bae00000,0x00000000bb3c27e0,0x00000000bc300000)
}
Event: 5,870 GC heap before
{Heap before GC invocations=7 (full 0):
 PSYoungGen      total 72192K, used 70626K [0x00000000eaa80000, 0x00000000eff80000, 0x0000000100000000)
  eden space 61952K, 100% used [0x00000000eaa80000,0x00000000ee700000,0x00000000ee700000)
  from space 10240K, 84% used [0x00000000ef280000,0x00000000efaf89b8,0x00000000efc80000)
  to   space 11776K, 0% used [0x00000000ee700000,0x00000000ee700000,0x00000000ef280000)
 ParOldGen       total 40960K, used 11543K [0x00000000c0000000, 0x00000000c2800000, 0x00000000eaa80000)
  object space 40960K, 28% used [0x00000000c0000000,0x00000000c0b45d50,0x00000000c2800000)
 PSPermGen       total 21504K, used 5937K [0x00000000bae00000, 0x00000000bc300000, 0x00000000c0000000)
  object space 21504K, 27% used [0x00000000bae00000,0x00000000bb3cc708,0x00000000bc300000)
Event: 5,936 GC heap after
Heap after GC invocations=7 (full 0):
 PSYoungGen      total 73728K, used 11745K [0x00000000eaa80000, 0x00000000f4480000, 0x0000000100000000)
  eden space 61952K, 0% used [0x00000000eaa80000,0x00000000eaa80000,0x00000000ee700000)
  from space 11776K, 99% used [0x00000000ee700000,0x00000000ef278500,0x00000000ef280000)
  to   space 16896K, 0% used [0x00000000f3400000,0x00000000f3400000,0x00000000f4480000)
 ParOldGen       total 40960K, used 16616K [0x00000000c0000000, 0x00000000c2800000, 0x00000000eaa80000)
  object space 40960K, 40% used [0x00000000c0000000,0x00000000c103a290,0x00000000c2800000)
 PSPermGen       total 21504K, used 5937K [0x00000000bae00000, 0x00000000bc300000, 0x00000000c0000000)
  object space 21504K, 27% used [0x00000000bae00000,0x00000000bb3cc708,0x00000000bc300000)
}
Event: 7,603 GC heap before
{Heap before GC invocations=8 (full 0):
 PSYoungGen      total 73728K, used 73526K [0x00000000eaa80000, 0x00000000f4480000, 0x0000000100000000)
  eden space 61952K, 99% used [0x00000000eaa80000,0x00000000ee6d5608,0x00000000ee700000)
  from space 11776K, 99% used [0x00000000ee700000,0x00000000ef278500,0x00000000ef280000)
  to   space 16896K, 0% used [0x00000000f3400000,0x00000000f3400000,0x00000000f4480000)
 ParOldGen       total 40960K, used 16616K [0x00000000c0000000, 0x00000000c2800000, 0x00000000eaa80000)
  object space 40960K, 40% used [0x00000000c0000000,0x00000000c103a290,0x00000000c2800000)
 PSPermGen       total 21504K, used 5970K [0x00000000bae00000, 0x00000000bc300000, 0x00000000c0000000)
  object space 21504K, 27% used [0x00000000bae00000,0x00000000bb3d4a70,0x00000000bc300000)
Event: 7,673 GC heap after
Heap after GC invocations=8 (full 0):
 PSYoungGen      total 136192K, used 16891K [0x00000000eaa80000, 0x00000000f4d80000, 0x0000000100000000)
  eden space 119296K, 0% used [0x00000000eaa80000,0x00000000eaa80000,0x00000000f1f00000)
  from space 16896K, 99% used [0x00000000f3400000,0x00000000f447edb0,0x00000000f4480000)
  to   space 21504K, 0% used [0x00000000f1f00000,0x00000000f1f00000,0x00000000f3400000)
 ParOldGen       total 40960K, used 19783K [0x00000000c0000000, 0x00000000c2800000, 0x00000000eaa80000)
  object space 40960K, 48% used [0x00000000c0000000,0x00000000c1351eb0,0x00000000c2800000)
 PSPermGen       total 21504K, used 5970K [0x00000000bae00000, 0x00000000bc300000, 0x00000000c0000000)
  object space 21504K, 27% used [0x00000000bae00000,0x00000000bb3d4a70,0x00000000bc300000)
}
Event: 8,943 GC heap before
{Heap before GC invocations=9 (full 0):
 PSYoungGen      total 136192K, used 136187K [0x00000000eaa80000, 0x00000000f4d80000, 0x0000000100000000)
  eden space 119296K, 100% used [0x00000000eaa80000,0x00000000f1f00000,0x00000000f1f00000)
  from space 16896K, 99% used [0x00000000f3400000,0x00000000f447edb0,0x00000000f4480000)
  to   space 21504K, 0% used [0x00000000f1f00000,0x00000000f1f00000,0x00000000f3400000)
 ParOldGen       total 40960K, used 19783K [0x00000000c0000000, 0x00000000c2800000, 0x00000000eaa80000)
  object space 40960K, 48% used [0x00000000c0000000,0x00000000c1351eb0,0x00000000c2800000)
 PSPermGen       total 21504K, used 5994K [0x00000000bae00000, 0x00000000bc300000, 0x00000000c0000000)
  object space 21504K, 27% used [0x00000000bae00000,0x00000000bb3daac0,0x00000000bc300000)

Deoptimization events (10 events):
Event: 2,514 Thread 0x00007f82301af000 Uncommon trap: reason=class_check action=maybe_recompile pc=0x00007f822d0c18a0 method=java.util.HashMap.put(Ljava/lang/Object;Ljava/lang/Object;)Ljava/lang/Object; @ 83
Event: 2,514 Thread 0x00007f82301af000 Uncommon trap: reason=class_check action=maybe_recompile pc=0x00007f822d0c18a0 method=java.util.HashMap.put(Ljava/lang/Object;Ljava/lang/Object;)Ljava/lang/Object; @ 83
Event: 2,649 Thread 0x00007f823000a000 Uncommon trap: reason=unreached action=reinterpret pc=0x00007f822d0e2ca4 method=com.android.dx.ssa.SsaRenamer$BlockRenamer.process()V @ 90
Event: 5,462 Thread 0x00007f82301b6800 Uncommon trap: reason=null_check action=make_not_entrant pc=0x00007f822d133bbc method=com.android.dx.cf.code.Ropper$CatchInfo.getSetup(Lcom/android/dx/rop/type/Type;)Lcom/android/dx/cf/code/Ropper$ExceptionHandlerSetup; @ 10
Event: 7,864 Thread 0x00007f823000a000 Uncommon trap: reason=class_check action=maybe_recompile pc=0x00007f822d166afc method=com.android.dx.ssa.SCCP.replaceConstants()V @ 127
Event: 7,872 Thread 0x00007f823000a000 Uncommon trap: reason=class_check action=maybe_recompile pc=0x00007f822d166afc method=com.android.dx.ssa.SCCP.replaceConstants()V @ 127
Event: 8,076 Thread 0x00007f823000a000 Uncommon trap: reason=bimorphic action=maybe_recompile pc=0x00007f822d199180 method=com.android.dx.cf.code.BytecodeArray.parseInstruction(ILcom/android/dx/cf/code/BytecodeArray$Visitor;)I @ 2484
Event: 8,076 Thread 0x00007f823000a000 Uncommon trap: reason=bimorphic action=maybe_recompile pc=0x00007f822d199180 method=com.android.dx.cf.code.BytecodeArray.parseInstruction(ILcom/android/dx/cf/code/BytecodeArray$Visitor;)I @ 2484
Event: 8,109 Thread 0x00007f823000a000 Uncommon trap: reason=bimorphic action=maybe_recompile pc=0x00007f822d199180 method=com.android.dx.cf.code.BytecodeArray.parseInstruction(ILcom/android/dx/cf/code/BytecodeArray$Visitor;)I @ 2484
Event: 8,109 Thread 0x00007f823000a000 Uncommon trap: reason=bimorphic action=maybe_recompile pc=0x00007f822d199180 method=com.android.dx.cf.code.BytecodeArray.parseInstruction(ILcom/android/dx/cf/code/BytecodeArray$Visitor;)I @ 2484

Internal exceptions (10 events):
Event: 1,290 Thread 0x00007f82301b8000 Threw 0x00000000eb21d7b0 at /HUDSON/workspace/7u-2-build-linux-amd64/jdk7u79/2331/hotspot/src/share/vm/prims/jvm.cpp:1304
Event: 1,311 Thread 0x00007f82301b6800 Threw 0x00000000eb460a38 at /HUDSON/workspace/7u-2-build-linux-amd64/jdk7u79/2331/hotspot/src/share/vm/prims/jvm.cpp:1304
Event: 1,391 Thread 0x00007f82301b5000 Threw 0x00000000eb68ec40 at /HUDSON/workspace/7u-2-build-linux-amd64/jdk7u79/2331/hotspot/src/share/vm/prims/jvm.cpp:1304
Event: 2,494 Thread 0x00007f823000a000 Implicit null exception at 0x00007f822d0b7c8b to 0x00007f822d0b83a5
Event: 2,496 Thread 0x00007f823000a000 Threw 0x00000000eb67f3e0 at /HUDSON/workspace/7u-2-build-linux-amd64/jdk7u79/2331/hotspot/src/share/vm/prims/jvm.cpp:1304
Event: 2,907 Thread 0x00007f823000a000 Threw 0x00000000ec4aba20 at /HUDSON/workspace/7u-2-build-linux-amd64/jdk7u79/2331/hotspot/src/share/vm/prims/jvm.cpp:1304
Event: 3,622 Thread 0x00007f82301af000 Threw 0x00000000eb9545d8 at /HUDSON/workspace/7u-2-build-linux-amd64/jdk7u79/2331/hotspot/src/share/vm/prims/jvm.cpp:1304
Event: 5,462 Thread 0x00007f82301b6800 Implicit null exception at 0x00007f822d1300a5 to 0x00007f822d133b89
Event: 5,856 Thread 0x00007f823000a000 Threw 0x00000000ee475348 at /HUDSON/workspace/7u-2-build-linux-amd64/jdk7u79/2331/hotspot/src/share/vm/prims/jvm.cpp:1304
Event: 8,850 Thread 0x00007f823000a000 Threw 0x00000000f07e5aa0 at /HUDSON/workspace/7u-2-build-linux-amd64/jdk7u79/2331/hotspot/src/share/vm/prims/jvm.cpp:1304

Events (10 events):
Event: 8,076 Thread 0x00007f823000a000 DEOPT UNPACKING pc=0x00007f822d039445 sp=0x00007f82383517a8 mode 2
Event: 8,109 Thread 0x00007f823000a000 Uncommon trap: trap_request=0xffffffc6 fr.pc=0x00007f822d199180
Event: 8,109 Thread 0x00007f823000a000 DEOPT PACKING pc=0x00007f822d199180 sp=0x00007f82383517e0
Event: 8,109 Thread 0x00007f823000a000 DEOPT UNPACKING pc=0x00007f822d039445 sp=0x00007f82383517a8 mode 2
Event: 8,109 Thread 0x00007f823000a000 Uncommon trap: trap_request=0xffffffc6 fr.pc=0x00007f822d199180
Event: 8,109 Thread 0x00007f823000a000 DEOPT PACKING pc=0x00007f822d199180 sp=0x00007f82383517e0
Event: 8,109 Thread 0x00007f823000a000 DEOPT UNPACKING pc=0x00007f822d039445 sp=0x00007f82383517a8 mode 2
Event: 8,850 loading class 0x00007f82300e72f0
Event: 8,850 loading class 0x00007f82300e72f0 done
Event: 8,943 Executing VM operation: ParallelGCFailedAllocation


Dynamic libraries:
00400000-00401000 r-xp 00000000 08:06 3546141                            /usr/lib/jvm/jdk-7-eseo-oracle-x64/bin/java
00600000-00601000 rw-p 00000000 08:06 3546141                            /usr/lib/jvm/jdk-7-eseo-oracle-x64/bin/java
01a7c000-01a9d000 rw-p 00000000 00:00 0                                  [heap]
bae00000-bc300000 rw-p 00000000 00:00 0 
bc300000-c0000000 rw-p 00000000 00:00 0 
c0000000-c2800000 rw-p 00000000 00:00 0 
c2800000-eaa80000 rw-p 00000000 00:00 0 
eaa80000-f4d80000 rw-p 00000000 00:00 0 
f9f00000-100000000 rw-p 00000000 00:00 0 
7f81e0000000-7f81e002f000 rw-p 00000000 00:00 0 
7f81e002f000-7f81e4000000 ---p 00000000 00:00 0 
7f81e4000000-7f81e4021000 rw-p 00000000 00:00 0 
7f81e4021000-7f81e8000000 ---p 00000000 00:00 0 
7f81e8000000-7f81e8021000 rw-p 00000000 00:00 0 
7f81e8021000-7f81ec000000 ---p 00000000 00:00 0 
7f81ec000000-7f81ec029000 rw-p 00000000 00:00 0 
7f81ec029000-7f81f0000000 ---p 00000000 00:00 0 
7f81f0000000-7f81f0021000 rw-p 00000000 00:00 0 
7f81f0021000-7f81f4000000 ---p 00000000 00:00 0 
7f81f4000000-7f81f4043000 rw-p 00000000 00:00 0 
7f81f4043000-7f81f8000000 ---p 00000000 00:00 0 
7f81f8000000-7f81f9c9c000 rw-p 00000000 00:00 0 
7f81f9c9c000-7f81fc000000 ---p 00000000 00:00 0 
7f81fc000000-7f81fc021000 rw-p 00000000 00:00 0 
7f81fc021000-7f8200000000 ---p 00000000 00:00 0 
7f8200000000-7f8200021000 rw-p 00000000 00:00 0 
7f8200021000-7f8204000000 ---p 00000000 00:00 0 
7f8204000000-7f82056fe000 rw-p 00000000 00:00 0 
7f82056fe000-7f8208000000 ---p 00000000 00:00 0 
7f8208000000-7f8208021000 rw-p 00000000 00:00 0 
7f8208021000-7f820c000000 ---p 00000000 00:00 0 
7f820c000000-7f820c021000 rw-p 00000000 00:00 0 
7f820c021000-7f8210000000 ---p 00000000 00:00 0 
7f8210000000-7f8210021000 rw-p 00000000 00:00 0 
7f8210021000-7f8214000000 ---p 00000000 00:00 0 
7f8214000000-7f821424f000 rw-p 00000000 00:00 0 
7f821424f000-7f8218000000 ---p 00000000 00:00 0 
7f8218000000-7f8218021000 rw-p 00000000 00:00 0 
7f8218021000-7f821c000000 ---p 00000000 00:00 0 
7f8220000000-7f8220021000 rw-p 00000000 00:00 0 
7f8220021000-7f8224000000 ---p 00000000 00:00 0 
7f8224d60000-7f8224d63000 ---p 00000000 00:00 0 
7f8224d63000-7f8224e61000 rw-p 00000000 00:00 0                          [stack:5019]
7f8224e61000-7f8224e64000 ---p 00000000 00:00 0 
7f8224e64000-7f8224f62000 rw-p 00000000 00:00 0                          [stack:5018]
7f8224f62000-7f8224f65000 ---p 00000000 00:00 0 
7f8224f65000-7f8225063000 rw-p 00000000 00:00 0                          [stack:5017]
7f8225063000-7f8225066000 ---p 00000000 00:00 0 
7f8225066000-7f8225164000 rw-p 00000000 00:00 0                          [stack:5016]
7f8225164000-7f8225167000 ---p 00000000 00:00 0 
7f8225167000-7f8225265000 rw-p 00000000 00:00 0                          [stack:5015]
7f8225265000-7f822527b000 r-xp 00000000 08:06 3551968                    /usr/lib/jvm/jdk-7-eseo-oracle-x64/jre/lib/amd64/libnet.so
7f822527b000-7f822547b000 ---p 00016000 08:06 3551968                    /usr/lib/jvm/jdk-7-eseo-oracle-x64/jre/lib/amd64/libnet.so
7f822547b000-7f822547c000 rw-p 00016000 08:06 3551968                    /usr/lib/jvm/jdk-7-eseo-oracle-x64/jre/lib/amd64/libnet.so
7f822547c000-7f822548c000 r-xp 00000000 08:06 3551950                    /usr/lib/jvm/jdk-7-eseo-oracle-x64/jre/lib/amd64/libnio.so
7f822548c000-7f822568c000 ---p 00010000 08:06 3551950                    /usr/lib/jvm/jdk-7-eseo-oracle-x64/jre/lib/amd64/libnio.so
7f822568c000-7f822568d000 rw-p 00010000 08:06 3551950                    /usr/lib/jvm/jdk-7-eseo-oracle-x64/jre/lib/amd64/libnio.so
7f822568d000-7f8225d70000 r--p 00000000 08:06 3546432                    /usr/lib/locale/locale-archive
7f8225d70000-7f8228000000 rw-p 00000000 00:00 0 
7f8228000000-7f8228021000 rw-p 00000000 00:00 0 
7f8228021000-7f822c000000 ---p 00000000 00:00 0 
7f822c05f000-7f822c08e000 r--s 0024e000 08:06 4347083                    /home/divi/Desktop/ProjetIoT/STIot/app/build/intermediates/transforms/jarMerging/debug/jars/1/1f/combined.jar
7f822c08e000-7f822c08f000 ---p 00000000 00:00 0 
7f822c08f000-7f822c18f000 rw-p 00000000 00:00 0                          [stack:5014]
7f822c18f000-7f822c192000 ---p 00000000 00:00 0 
7f822c192000-7f822c290000 rw-p 00000000 00:00 0                          [stack:5013]
7f822c290000-7f822c293000 ---p 00000000 00:00 0 
7f822c293000-7f822c391000 rw-p 00000000 00:00 0                          [stack:5012]
7f822c391000-7f822c394000 ---p 00000000 00:00 0 
7f822c394000-7f822c492000 rw-p 00000000 00:00 0                          [stack:5011]
7f822c492000-7f822c495000 ---p 00000000 00:00 0 
7f822c495000-7f822c593000 rw-p 00000000 00:00 0                          [stack:5010]
7f822c593000-7f822c596000 ---p 00000000 00:00 0 
7f822c596000-7f822c694000 rw-p 00000000 00:00 0                          [stack:5009]
7f822c694000-7f822c697000 ---p 00000000 00:00 0 
7f822c697000-7f822c795000 rw-p 00000000 00:00 0                          [stack:5008]
7f822c795000-7f822c796000 ---p 00000000 00:00 0 
7f822c796000-7f822d000000 rw-p 00000000 00:00 0                          [stack:5007]
7f822d000000-7f822d270000 rwxp 00000000 00:00 0 
7f822d270000-7f8230224000 rw-p 00000000 00:00 0 
7f8230224000-7f8234000000 ---p 00000000 00:00 0 
7f8234020000-7f82348b5000 rw-p 00000000 00:00 0 
7f82348b5000-7f8234a75000 r--s 039f7000 08:06 3552546                    /usr/lib/jvm/jdk-7-eseo-oracle-x64/jre/lib/rt.jar
7f8234a75000-7f8234d97000 rw-p 00000000 00:00 0 
7f8234d97000-7f8234d98000 ---p 00000000 00:00 0 
7f8234d98000-7f8234e98000 rw-p 00000000 00:00 0                          [stack:5006]
7f8234e98000-7f8234e99000 ---p 00000000 00:00 0 
7f8234e99000-7f8234f99000 rw-p 00000000 00:00 0                          [stack:5005]
7f8234f99000-7f8234f9a000 ---p 00000000 00:00 0 
7f8234f9a000-7f823509a000 rw-p 00000000 00:00 0                          [stack:5004]
7f823509a000-7f823509b000 ---p 00000000 00:00 0 
7f823509b000-7f82351a6000 rw-p 00000000 00:00 0                          [stack:5003]
7f82351a6000-7f82351c4000 rw-p 00000000 00:00 0 
7f82351c4000-7f82351d8000 rw-p 00000000 00:00 0 
7f82351d8000-7f823531a000 rw-p 00000000 00:00 0 
7f823531a000-7f8235325000 rw-p 00000000 00:00 0 
7f8235325000-7f8235343000 rw-p 00000000 00:00 0 
7f8235343000-7f8235357000 rw-p 00000000 00:00 0 
7f8235357000-7f8235498000 rw-p 00000000 00:00 0 
7f8235498000-7f82354ea000 rw-p 00000000 00:00 0 
7f82354ea000-7f8235543000 rw-p 00000000 00:00 0 
7f8235543000-7f8235544000 rw-p 00000000 00:00 0 
7f8235544000-7f823555e000 r-xp 00000000 08:06 3551970                    /usr/lib/jvm/jdk-7-eseo-oracle-x64/jre/lib/amd64/libzip.so
7f823555e000-7f823575e000 ---p 0001a000 08:06 3551970                    /usr/lib/jvm/jdk-7-eseo-oracle-x64/jre/lib/amd64/libzip.so
7f823575e000-7f823575f000 rw-p 0001a000 08:06 3551970                    /usr/lib/jvm/jdk-7-eseo-oracle-x64/jre/lib/amd64/libzip.so
7f823575f000-7f823576a000 r-xp 00000000 08:06 3149790                    /lib/x86_64-linux-gnu/libnss_files-2.19.so
7f823576a000-7f8235969000 ---p 0000b000 08:06 3149790                    /lib/x86_64-linux-gnu/libnss_files-2.19.so
7f8235969000-7f823596a000 r--p 0000a000 08:06 3149790                    /lib/x86_64-linux-gnu/libnss_files-2.19.so
7f823596a000-7f823596b000 rw-p 0000b000 08:06 3149790                    /lib/x86_64-linux-gnu/libnss_files-2.19.so
7f823596b000-7f8235976000 r-xp 00000000 08:06 3145826                    /lib/x86_64-linux-gnu/libnss_nis-2.19.so
7f8235976000-7f8235b75000 ---p 0000b000 08:06 3145826                    /lib/x86_64-linux-gnu/libnss_nis-2.19.so
7f8235b75000-7f8235b76000 r--p 0000a000 08:06 3145826                    /lib/x86_64-linux-gnu/libnss_nis-2.19.so
7f8235b76000-7f8235b77000 rw-p 0000b000 08:06 3145826                    /lib/x86_64-linux-gnu/libnss_nis-2.19.so
7f8235b77000-7f8235b8e000 r-xp 00000000 08:06 3145822                    /lib/x86_64-linux-gnu/libnsl-2.19.so
7f8235b8e000-7f8235d8d000 ---p 00017000 08:06 3145822                    /lib/x86_64-linux-gnu/libnsl-2.19.so
7f8235d8d000-7f8235d8e000 r--p 00016000 08:06 3145822                    /lib/x86_64-linux-gnu/libnsl-2.19.so
7f8235d8e000-7f8235d8f000 rw-p 00017000 08:06 3145822                    /lib/x86_64-linux-gnu/libnsl-2.19.so
7f8235d8f000-7f8235d91000 rw-p 00000000 00:00 0 
7f8235d91000-7f8235d9a000 r-xp 00000000 08:06 3145821                    /lib/x86_64-linux-gnu/libnss_compat-2.19.so
7f8235d9a000-7f8235f99000 ---p 00009000 08:06 3145821                    /lib/x86_64-linux-gnu/libnss_compat-2.19.so
7f8235f99000-7f8235f9a000 r--p 00008000 08:06 3145821                    /lib/x86_64-linux-gnu/libnss_compat-2.19.so
7f8235f9a000-7f8235f9b000 rw-p 00009000 08:06 3145821                    /lib/x86_64-linux-gnu/libnss_compat-2.19.so
7f8235f9b000-7f8235fc4000 r-xp 00000000 08:06 3551934                    /usr/lib/jvm/jdk-7-eseo-oracle-x64/jre/lib/amd64/libjava.so
7f8235fc4000-7f82361c4000 ---p 00029000 08:06 3551934                    /usr/lib/jvm/jdk-7-eseo-oracle-x64/jre/lib/amd64/libjava.so
7f82361c4000-7f82361c6000 rw-p 00029000 08:06 3551934                    /usr/lib/jvm/jdk-7-eseo-oracle-x64/jre/lib/amd64/libjava.so
7f82361c6000-7f82361d3000 r-xp 00000000 08:06 3551921                    /usr/lib/jvm/jdk-7-eseo-oracle-x64/jre/lib/amd64/libverify.so
7f82361d3000-7f82363d2000 ---p 0000d000 08:06 3551921                    /usr/lib/jvm/jdk-7-eseo-oracle-x64/jre/lib/amd64/libverify.so
7f82363d2000-7f82363d4000 rw-p 0000c000 08:06 3551921                    /usr/lib/jvm/jdk-7-eseo-oracle-x64/jre/lib/amd64/libverify.so
7f82363d4000-7f82363db000 r-xp 00000000 08:06 3145830                    /lib/x86_64-linux-gnu/librt-2.19.so
7f82363db000-7f82365da000 ---p 00007000 08:06 3145830                    /lib/x86_64-linux-gnu/librt-2.19.so
7f82365da000-7f82365db000 r--p 00006000 08:06 3145830                    /lib/x86_64-linux-gnu/librt-2.19.so
7f82365db000-7f82365dc000 rw-p 00007000 08:06 3145830                    /lib/x86_64-linux-gnu/librt-2.19.so
7f82365dc000-7f82366e1000 r-xp 00000000 08:06 3145758                    /lib/x86_64-linux-gnu/libm-2.19.so
7f82366e1000-7f82368e0000 ---p 00105000 08:06 3145758                    /lib/x86_64-linux-gnu/libm-2.19.so
7f82368e0000-7f82368e1000 r--p 00104000 08:06 3145758                    /lib/x86_64-linux-gnu/libm-2.19.so
7f82368e1000-7f82368e2000 rw-p 00105000 08:06 3145758                    /lib/x86_64-linux-gnu/libm-2.19.so
7f82368e2000-7f8237457000 r-xp 00000000 08:06 3551963                    /usr/lib/jvm/jdk-7-eseo-oracle-x64/jre/lib/amd64/server/libjvm.so
7f8237457000-7f8237657000 ---p 00b75000 08:06 3551963                    /usr/lib/jvm/jdk-7-eseo-oracle-x64/jre/lib/amd64/server/libjvm.so
7f8237657000-7f823771b000 rw-p 00b75000 08:06 3551963                    /usr/lib/jvm/jdk-7-eseo-oracle-x64/jre/lib/amd64/server/libjvm.so
7f823771b000-7f823775c000 rw-p 00000000 00:00 0 
7f823775c000-7f8237917000 r-xp 00000000 08:06 3145831                    /lib/x86_64-linux-gnu/libc-2.19.so
7f8237917000-7f8237b16000 ---p 001bb000 08:06 3145831                    /lib/x86_64-linux-gnu/libc-2.19.so
7f8237b16000-7f8237b1a000 r--p 001ba000 08:06 3145831                    /lib/x86_64-linux-gnu/libc-2.19.so
7f8237b1a000-7f8237b1c000 rw-p 001be000 08:06 3145831                    /lib/x86_64-linux-gnu/libc-2.19.so
7f8237b1c000-7f8237b21000 rw-p 00000000 00:00 0 
7f8237b21000-7f8237b24000 r-xp 00000000 08:06 3145818                    /lib/x86_64-linux-gnu/libdl-2.19.so
7f8237b24000-7f8237d23000 ---p 00003000 08:06 3145818                    /lib/x86_64-linux-gnu/libdl-2.19.so
7f8237d23000-7f8237d24000 r--p 00002000 08:06 3145818                    /lib/x86_64-linux-gnu/libdl-2.19.so
7f8237d24000-7f8237d25000 rw-p 00003000 08:06 3145818                    /lib/x86_64-linux-gnu/libdl-2.19.so
7f8237d25000-7f8237d3b000 r-xp 00000000 08:06 3546303                    /usr/lib/jvm/jdk-7-eseo-oracle-x64/lib/amd64/jli/libjli.so
7f8237d3b000-7f8237f3b000 ---p 00016000 08:06 3546303                    /usr/lib/jvm/jdk-7-eseo-oracle-x64/lib/amd64/jli/libjli.so
7f8237f3b000-7f8237f3c000 rw-p 00016000 08:06 3546303                    /usr/lib/jvm/jdk-7-eseo-oracle-x64/lib/amd64/jli/libjli.so
7f8237f3c000-7f8237f55000 r-xp 00000000 08:06 3145823                    /lib/x86_64-linux-gnu/libpthread-2.19.so
7f8237f55000-7f8238154000 ---p 00019000 08:06 3145823                    /lib/x86_64-linux-gnu/libpthread-2.19.so
7f8238154000-7f8238155000 r--p 00018000 08:06 3145823                    /lib/x86_64-linux-gnu/libpthread-2.19.so
7f8238155000-7f8238156000 rw-p 00019000 08:06 3145823                    /lib/x86_64-linux-gnu/libpthread-2.19.so
7f8238156000-7f823815a000 rw-p 00000000 00:00 0 
7f823815a000-7f823817d000 r-xp 00000000 08:06 3145824                    /lib/x86_64-linux-gnu/ld-2.19.so
7f8238184000-7f8238193000 r--s 000df000 08:06 1204723                    /home/divi/Android/Sdk/build-tools/23.0.2/lib/dx.jar
7f8238193000-7f823819d000 rw-p 00000000 00:00 0 
7f823819d000-7f8238253000 rw-p 00000000 00:00 0 
7f8238253000-7f8238256000 ---p 00000000 00:00 0 
7f8238256000-7f8238358000 rw-p 00000000 00:00 0                          [stack:5002]
7f8238359000-7f8238370000 rw-p 00000000 00:00 0 
7f8238370000-7f8238378000 rw-s 00000000 08:06 3025962                    /tmp/hsperfdata_divi/4997
7f8238378000-7f8238379000 rw-p 00000000 00:00 0 
7f8238379000-7f823837a000 ---p 00000000 00:00 0 
7f823837a000-7f823837c000 rw-p 00000000 00:00 0 
7f823837c000-7f823837d000 r--p 00022000 08:06 3145824                    /lib/x86_64-linux-gnu/ld-2.19.so
7f823837d000-7f823837e000 rw-p 00023000 08:06 3145824                    /lib/x86_64-linux-gnu/ld-2.19.so
7f823837e000-7f823837f000 rw-p 00000000 00:00 0 
7ffe5af65000-7ffe5af86000 rw-p 00000000 00:00 0                          [stack]
7ffe5afac000-7ffe5afae000 r-xp 00000000 00:00 0                          [vdso]
7ffe5afae000-7ffe5afb0000 r--p 00000000 00:00 0                          [vvar]
ffffffffff600000-ffffffffff601000 r-xp 00000000 00:00 0                  [vsyscall]

VM Arguments:
jvm_args: -Djava.awt.headless=true -Xmx1024M -Dfile.encoding=UTF-8 -Duser.country=US -Duser.language=en -Duser.variant 
java_command: com.android.dx.command.Main --dex --num-threads=4 --multi-dex --main-dex-list /home/divi/Desktop/ProjetIoT/STIot/app/build/intermediates/multi-dex/debug/maindexlist.txt --output /home/divi/Desktop/ProjetIoT/STIot/app/build/intermediates/transforms/dex/debug/folders/1000/1f/main /home/divi/Desktop/ProjetIoT/STIot/app/build/intermediates/transforms/jarMerging/debug/jars/1/1f/combined.jar
Launcher Type: SUN_STANDARD

Environment Variables:
PATH=/usr/local/sbin:/usr/local/bin:/usr/sbin:/usr/bin:/sbin:/bin:/usr/games:/usr/local/games
LD_LIBRARY_PATH=/opt/android-studio/bin:
SHELL=/bin/bash
DISPLAY=:0

Signal Handlers:
SIGSEGV: [libjvm.so+0x9a3bf0], sa_mask[0]=0x7ffbfeff, sa_flags=0x10000004
SIGBUS: [libjvm.so+0x9a3bf0], sa_mask[0]=0x7ffbfeff, sa_flags=0x10000004
SIGFPE: [libjvm.so+0x81cb60], sa_mask[0]=0x7ffbfeff, sa_flags=0x10000004
SIGPIPE: [libjvm.so+0x81cb60], sa_mask[0]=0x7ffbfeff, sa_flags=0x10000004
SIGXFSZ: [libjvm.so+0x81cb60], sa_mask[0]=0x7ffbfeff, sa_flags=0x10000004
SIGILL: [libjvm.so+0x81cb60], sa_mask[0]=0x7ffbfeff, sa_flags=0x10000004
SIGUSR1: SIG_DFL, sa_mask[0]=0x00000000, sa_flags=0x00000000
SIGUSR2: [libjvm.so+0x81e360], sa_mask[0]=0x00000004, sa_flags=0x10000004
SIGHUP: [libjvm.so+0x81f480], sa_mask[0]=0x7ffbfeff, sa_flags=0x10000004
SIGINT: [libjvm.so+0x81f480], sa_mask[0]=0x7ffbfeff, sa_flags=0x10000004
SIGTERM: [libjvm.so+0x81f480], sa_mask[0]=0x7ffbfeff, sa_flags=0x10000004
SIGQUIT: [libjvm.so+0x81f480], sa_mask[0]=0x7ffbfeff, sa_flags=0x10000004


---------------  S Y S T E M  ---------------

OS:jessie/sid

uname:Linux 3.16.0-67-generic #87~14.04.1-Ubuntu SMP Fri Mar 11 00:26:02 UTC 2016 x86_64
libc:glibc 2.19 NPTL 2.19 
rlimit: STACK 8192k, CORE 0k, NPROC 15363, NOFILE 4096, AS infinity
load average:1,43 0,83 0,86

/proc/meminfo:
MemTotal:        3954432 kB
MemFree:          109952 kB
MemAvailable:      55484 kB
Buffers:            1720 kB
Cached:           406544 kB
SwapCached:            0 kB
Active:          3314512 kB
Inactive:         363592 kB
Active(anon):    3300512 kB
Inactive(anon):   347248 kB
Active(file):      14000 kB
Inactive(file):    16344 kB
Unevictable:           0 kB
Mlocked:               0 kB
SwapTotal:             0 kB
SwapFree:              0 kB
Dirty:                96 kB
Writeback:             0 kB
AnonPages:       3270452 kB
Mapped:           127248 kB
Shmem:            377348 kB
Slab:              59916 kB
SReclaimable:      29664 kB
SUnreclaim:        30252 kB
KernelStack:        9296 kB
PageTables:        36804 kB
NFS_Unstable:          0 kB
Bounce:                0 kB
WritebackTmp:          0 kB
CommitLimit:     1977216 kB
Committed_AS:    6964644 kB
VmallocTotal:   34359738367 kB
VmallocUsed:      407512 kB
VmallocChunk:   34359321084 kB
HardwareCorrupted:     0 kB
AnonHugePages:   1091584 kB
HugePages_Total:       0
HugePages_Free:        0
HugePages_Rsvd:        0
HugePages_Surp:        0
Hugepagesize:       2048 kB
DirectMap4k:      105856 kB
DirectMap2M:     3995648 kB


CPU:total 4 (2 cores per cpu, 2 threads per core) family 6 model 42 stepping 7, cmov, cx8, fxsr, mmx, sse, sse2, sse3, ssse3, sse4.1, sse4.2, popcnt, avx, ht, tsc, tscinvbit

/proc/cpuinfo:
processor	: 0
vendor_id	: GenuineIntel
cpu family	: 6
model		: 42
model name	: Intel(R) Core(TM) i3-2330M CPU @ 2.20GHz
stepping	: 7
microcode	: 0x15
cpu MHz		: 890.226
cache size	: 3072 KB
physical id	: 0
siblings	: 4
core id		: 0
cpu cores	: 2
apicid		: 0
initial apicid	: 0
fpu		: yes
fpu_exception	: yes
cpuid level	: 13
wp		: yes
flags		: fpu vme de pse tsc msr pae mce cx8 apic sep mtrr pge mca cmov pat pse36 clflush dts acpi mmx fxsr sse sse2 ss ht tm pbe syscall nx rdtscp lm constant_tsc arch_perfmon pebs bts rep_good nopl xtopology nonstop_tsc aperfmperf eagerfpu pni pclmulqdq dtes64 monitor ds_cpl vmx est tm2 ssse3 cx16 xtpr pdcm pcid sse4_1 sse4_2 x2apic popcnt tsc_deadline_timer xsave avx lahf_lm arat epb xsaveopt pln pts dtherm tpr_shadow vnmi flexpriority ept vpid
bogomips	: 4390.14
clflush size	: 64
cache_alignment	: 64
address sizes	: 36 bits physical, 48 bits virtual
power management:

processor	: 1
vendor_id	: GenuineIntel
cpu family	: 6
model		: 42
model name	: Intel(R) Core(TM) i3-2330M CPU @ 2.20GHz
stepping	: 7
microcode	: 0x15
cpu MHz		: 944.539
cache size	: 3072 KB
physical id	: 0
siblings	: 4
core id		: 1
cpu cores	: 2
apicid		: 2
initial apicid	: 2
fpu		: yes
fpu_exception	: yes
cpuid level	: 13
wp		: yes
flags		: fpu vme de pse tsc msr pae mce cx8 apic sep mtrr pge mca cmov pat pse36 clflush dts acpi mmx fxsr sse sse2 ss ht tm pbe syscall nx rdtscp lm constant_tsc arch_perfmon pebs bts rep_good nopl xtopology nonstop_tsc aperfmperf eagerfpu pni pclmulqdq dtes64 monitor ds_cpl vmx est tm2 ssse3 cx16 xtpr pdcm pcid sse4_1 sse4_2 x2apic popcnt tsc_deadline_timer xsave avx lahf_lm arat epb xsaveopt pln pts dtherm tpr_shadow vnmi flexpriority ept vpid
bogomips	: 4390.14
clflush size	: 64
cache_alignment	: 64
address sizes	: 36 bits physical, 48 bits virtual
power management:

processor	: 2
vendor_id	: GenuineIntel
cpu family	: 6
model		: 42
model name	: Intel(R) Core(TM) i3-2330M CPU @ 2.20GHz
stepping	: 7
microcode	: 0x15
cpu MHz		: 912.054
cache size	: 3072 KB
physical id	: 0
siblings	: 4
core id		: 0
cpu cores	: 2
apicid		: 1
initial apicid	: 1
fpu		: yes
fpu_exception	: yes
cpuid level	: 13
wp		: yes
flags		: fpu vme de pse tsc msr pae mce cx8 apic sep mtrr pge mca cmov pat pse36 clflush dts acpi mmx fxsr sse sse2 ss ht tm pbe syscall nx rdtscp lm constant_tsc arch_perfmon pebs bts rep_good nopl xtopology nonstop_tsc aperfmperf eagerfpu pni pclmulqdq dtes64 monitor ds_cpl vmx est tm2 ssse3 cx16 xtpr pdcm pcid sse4_1 sse4_2 x2apic popcnt tsc_deadline_timer xsave avx lahf_lm arat epb xsaveopt pln pts dtherm tpr_shadow vnmi flexpriority ept vpid
bogomips	: 4390.14
clflush size	: 64
cache_alignment	: 64
address sizes	: 36 bits physical, 48 bits virtual
power management:

processor	: 3
vendor_id	: GenuineIntel
cpu family	: 6
model		: 42
model name	: Intel(R) Core(TM) i3-2330M CPU @ 2.20GHz
stepping	: 7
microcode	: 0x15
cpu MHz		: 976.078
cache size	: 3072 KB
physical id	: 0
siblings	: 4
core id		: 1
cpu cores	: 2
apicid		: 3
initial apicid	: 3
fpu		: yes
fpu_exception	: yes
cpuid level	: 13
wp		: yes
flags		: fpu vme de pse tsc msr pae mce cx8 apic sep mtrr pge mca cmov pat pse36 clflush dts acpi mmx fxsr sse sse2 ss ht tm pbe syscall nx rdtscp lm constant_tsc arch_perfmon pebs bts rep_good nopl xtopology nonstop_tsc aperfmperf eagerfpu pni pclmulqdq dtes64 monitor ds_cpl vmx est tm2 ssse3 cx16 xtpr pdcm pcid sse4_1 sse4_2 x2apic popcnt tsc_deadline_timer xsave avx lahf_lm arat epb xsaveopt pln pts dtherm tpr_shadow vnmi flexpriority ept vpid
bogomips	: 4390.14
clflush size	: 64
cache_alignment	: 64
address sizes	: 36 bits physical, 48 bits virtual
power management:



Memory: 4k page, physical 3954432k(109952k free), swap 0k(0k free)

vm_info: Java HotSpot(TM) 64-Bit Server VM (24.79-b02) for linux-amd64 JRE (1.7.0_79-b15), built on Apr 10 2015 11:34:48 by "java_re" with gcc 4.3.0 20080428 (Red Hat 4.3.0-8)

time: Tue May 24 00:18:14 2016
elapsed time: 9 seconds

