#
# There is insufficient memory for the Java Runtime Environment to continue.
# Native memory allocation (malloc) failed to allocate 60293120 bytes for committing reserved memory.
# Possible reasons:
#   The system is out of physical RAM or swap space
#   In 32 bit mode, the process size limit was hit
# Possible solutions:
#   Reduce memory load on the system
#   Increase physical memory or swap space
#   Check if swap backing store is full
#   Use 64 bit Java on a 64 bit OS
#   Decrease Java heap size (-Xmx/-Xms)
#   Decrease number of Java threads
#   Decrease Java thread stack sizes (-Xss)
#   Set larger code cache with -XX:ReservedCodeCacheSize=
# This output file may be truncated or incomplete.
#
#  Out of Memory Error (os_linux.cpp:2756), pid=8209, tid=139888095627008
#
# JRE version: Java(TM) SE Runtime Environment (7.0_79-b15) (build 1.7.0_79-b15)
# Java VM: Java HotSpot(TM) 64-Bit Server VM (24.79-b02 mixed mode linux-amd64 compressed oops)
# Failed to write core dump. Core dumps have been disabled. To enable core dumping, try "ulimit -c unlimited" before starting Java again
#

---------------  T H R E A D  ---------------

Current thread (0x00007f3a4406a000):  VMThread [stack: 0x00007f3a3c2f8000,0x00007f3a3c3f9000] [id=8219]

Stack: [0x00007f3a3c2f8000,0x00007f3a3c3f9000],  sp=0x00007f3a3c3f70c0,  free space=1020k
Native frames: (J=compiled Java code, j=interpreted, Vv=VM code, C=native code)
V  [libjvm.so+0x9a32da]  VMError::report_and_die()+0x2ea
V  [libjvm.so+0x497f7b]  report_vm_out_of_memory(char const*, int, unsigned long, char const*)+0x9b
V  [libjvm.so+0x81fcce]  os::Linux::commit_memory_impl(char*, unsigned long, bool)+0xfe
V  [libjvm.so+0x820219]  os::pd_commit_memory(char*, unsigned long, unsigned long, bool)+0x29
V  [libjvm.so+0x819faa]  os::commit_memory(char*, unsigned long, unsigned long, bool)+0x2a
V  [libjvm.so+0x88d863]  PSVirtualSpace::expand_by(unsigned long)+0x53
V  [libjvm.so+0x88ec38]  PSYoungGen::resize_generation(unsigned long, unsigned long)+0xf8
V  [libjvm.so+0x88dda2]  PSYoungGen::resize(unsigned long, unsigned long)+0x22
V  [libjvm.so+0x88b15d]  PSScavenge::invoke_no_policy()+0xf3d
V  [libjvm.so+0x88b9a1]  PSScavenge::invoke()+0x41
V  [libjvm.so+0x842320]  ParallelScavengeHeap::failed_mem_allocate(unsigned long)+0x70
V  [libjvm.so+0x9a4b67]  VM_ParallelGCFailedAllocation::doit()+0x97
V  [libjvm.so+0x9ac005]  VM_Operation::evaluate()+0x55
V  [libjvm.so+0x9aa3ca]  VMThread::evaluate_operation(VM_Operation*)+0xba
V  [libjvm.so+0x9aa74e]  VMThread::loop()+0x1ce
V  [libjvm.so+0x9aabc0]  VMThread::run()+0x70
V  [libjvm.so+0x821ca8]  java_start(Thread*)+0x108

VM_Operation (0x00007f3a36ceae70): ParallelGCFailedAllocation, mode: safepoint, requested by thread 0x00007f3a4419e800


---------------  P R O C E S S  ---------------

Java Threads: ( => current thread )
  0x00007f3a441a0000 JavaThread "pool-2-thread-4" [_thread_blocked, id=8231, stack(0x00007f3a36aeb000,0x00007f3a36bec000)]
  0x00007f3a4419e800 JavaThread "pool-2-thread-3" [_thread_blocked, id=8230, stack(0x00007f3a36bec000,0x00007f3a36ced000)]
  0x00007f3a4419d000 JavaThread "pool-2-thread-2" [_thread_blocked, id=8229, stack(0x00007f3a36ced000,0x00007f3a36dee000)]
  0x00007f3a4419c000 JavaThread "pool-3-thread-1" [_thread_blocked, id=8228, stack(0x00007f3a36dee000,0x00007f3a36eef000)]
  0x00007f3a44197000 JavaThread "pool-2-thread-1" [_thread_blocked, id=8227, stack(0x00007f3a36eef000,0x00007f3a36ff0000)]
  0x00007f3a4409a000 JavaThread "Service Thread" daemon [_thread_blocked, id=8225, stack(0x00007f3a37519000,0x00007f3a3761a000)]
  0x00007f3a44097800 JavaThread "C2 CompilerThread1" daemon [_thread_blocked, id=8224, stack(0x00007f3a3761a000,0x00007f3a3771b000)]
  0x00007f3a44094800 JavaThread "C2 CompilerThread0" daemon [_thread_blocked, id=8223, stack(0x00007f3a3771b000,0x00007f3a3781c000)]
  0x00007f3a44092800 JavaThread "Signal Dispatcher" daemon [_thread_blocked, id=8222, stack(0x00007f3a3781c000,0x00007f3a3791d000)]
  0x00007f3a44070800 JavaThread "Finalizer" daemon [_thread_blocked, id=8221, stack(0x00007f3a3c0f6000,0x00007f3a3c1f7000)]
  0x00007f3a4406e800 JavaThread "Reference Handler" daemon [_thread_blocked, id=8220, stack(0x00007f3a3c1f7000,0x00007f3a3c2f8000)]
  0x00007f3a4400a000 JavaThread "main" [_thread_blocked, id=8214, stack(0x00007f3a4a02c000,0x00007f3a4a12d000)]

Other Threads:
=>0x00007f3a4406a000 VMThread [stack: 0x00007f3a3c2f8000,0x00007f3a3c3f9000] [id=8219]
  0x00007f3a440a4800 WatcherThread [stack: 0x00007f3a37418000,0x00007f3a37519000] [id=8226]

VM state:at safepoint (normal execution)

VM Mutex/Monitor currently owned by a thread:  ([mutex/lock_event])
[0x00007f3a440067e0] Threads_lock - owner thread: 0x00007f3a4406a000
[0x00007f3a44006ce0] Heap_lock - owner thread: 0x00007f3a4419e800

Heap
 PSYoungGen      total 219136K, used 29459K [0x00000000eaa80000, 0x00000000fae00000, 0x0000000100000000)
  eden space 181760K, 0% used [0x00000000eaa80000,0x00000000eaa80000,0x00000000f5c00000)
  from space 37376K, 78% used [0x00000000f5c00000,0x00000000f78c4d58,0x00000000f8080000)
  to   space 28160K, 0% used [0x00000000f8080000,0x00000000f8080000,0x00000000f9c00000)
 ParOldGen       total 76288K, used 62576K [0x00000000c0000000, 0x00000000c4a80000, 0x00000000eaa80000)
  object space 76288K, 82% used [0x00000000c0000000,0x00000000c3d1c248,0x00000000c4a80000)
 PSPermGen       total 21504K, used 6070K [0x00000000bae00000, 0x00000000bc300000, 0x00000000c0000000)
  object space 21504K, 28% used [0x00000000bae00000,0x00000000bb3edbd8,0x00000000bc300000)

Card table byte_map: [0x00007f3a3ff46000,0x00007f3a40170000] byte_map_base: 0x00007f3a3f96f000

Polling page: 0x00007f3a4a152000

Code Cache  [0x00007f3a40170000, 0x00007f3a404a0000, 0x00007f3a43170000)
 total_blobs=1057 nmethods=825 adapters=183 free_code_cache=45940Kb largest_free_block=46997760

Compilation events (10 events):
Event: 12,651 Thread 0x00007f3a44094800 nmethod 832 0x00007f3a40486290 code [0x00007f3a404863c0, 0x00007f3a40486418]
Event: 12,652 Thread 0x00007f3a44097800 nmethod 820 0x00007f3a404942d0 code [0x00007f3a404947e0, 0x00007f3a404969e0]
Event: 12,652 Thread 0x00007f3a44097800  833             com.android.dx.util.MutabilityControl::<init> (10 bytes)
Event: 12,652 Thread 0x00007f3a44097800 nmethod 833 0x00007f3a40486090 code [0x00007f3a404861c0, 0x00007f3a40486218]
Event: 12,652 Thread 0x00007f3a44097800  834   !         com.android.dx.cf.code.Ropper::processBlock (1101 bytes)
Event: 12,655 Thread 0x00007f3a44094800  835 %           com.android.dx.dex.cf.CfTranslator::translate0 @ 141 (259 bytes)
Event: 12,709 Thread 0x00007f3a44094800 nmethod 835% 0x00007f3a40490650 code [0x00007f3a40490860, 0x00007f3a40491440]
Event: 12,709 Thread 0x00007f3a44094800  836             com.android.dx.cf.code.BasicBlocker::visitNoArgs (298 bytes)
Event: 12,731 Thread 0x00007f3a44094800 nmethod 836 0x00007f3a404928d0 code [0x00007f3a40492bc0, 0x00007f3a40493490]
Event: 12,732 Thread 0x00007f3a44094800  837             com.android.dx.cf.code.Simulator$SimVisitor::visitNoArgs (2108 bytes)

GC Heap History (10 events):
Event: 7,272 GC heap after
Heap after GC invocations=7 (full 0):
 PSYoungGen      total 72704K, used 10749K [0x00000000eaa80000, 0x00000000f4280000, 0x0000000100000000)
  eden space 61952K, 0% used [0x00000000eaa80000,0x00000000eaa80000,0x00000000ee700000)
  from space 10752K, 99% used [0x00000000ee700000,0x00000000ef17f670,0x00000000ef180000)
  to   space 15872K, 0% used [0x00000000f3300000,0x00000000f3300000,0x00000000f4280000)
 ParOldGen       total 40960K, used 16161K [0x00000000c0000000, 0x00000000c2800000, 0x00000000eaa80000)
  object space 40960K, 39% used [0x00000000c0000000,0x00000000c0fc8550,0x00000000c2800000)
 PSPermGen       total 21504K, used 5937K [0x00000000bae00000, 0x00000000bc300000, 0x00000000c0000000)
  object space 21504K, 27% used [0x00000000bae00000,0x00000000bb3cc540,0x00000000bc300000)
}
Event: 8,245 GC heap before
{Heap before GC invocations=8 (full 0):
 PSYoungGen      total 72704K, used 72701K [0x00000000eaa80000, 0x00000000f4280000, 0x0000000100000000)
  eden space 61952K, 100% used [0x00000000eaa80000,0x00000000ee700000,0x00000000ee700000)
  from space 10752K, 99% used [0x00000000ee700000,0x00000000ef17f670,0x00000000ef180000)
  to   space 15872K, 0% used [0x00000000f3300000,0x00000000f3300000,0x00000000f4280000)
 ParOldGen       total 40960K, used 16161K [0x00000000c0000000, 0x00000000c2800000, 0x00000000eaa80000)
  object space 40960K, 39% used [0x00000000c0000000,0x00000000c0fc8550,0x00000000c2800000)
 PSPermGen       total 21504K, used 5965K [0x00000000bae00000, 0x00000000bc300000, 0x00000000c0000000)
  object space 21504K, 27% used [0x00000000bae00000,0x00000000bb3d3770,0x00000000bc300000)
Event: 8,295 GC heap after
Heap after GC invocations=8 (full 0):
 PSYoungGen      total 135168K, used 15868K [0x00000000eaa80000, 0x00000000f4b80000, 0x0000000100000000)
  eden space 119296K, 0% used [0x00000000eaa80000,0x00000000eaa80000,0x00000000f1f00000)
  from space 15872K, 99% used [0x00000000f3300000,0x00000000f427f2c8,0x00000000f4280000)
  to   space 20480K, 0% used [0x00000000f1f00000,0x00000000f1f00000,0x00000000f3300000)
 ParOldGen       total 40960K, used 19899K [0x00000000c0000000, 0x00000000c2800000, 0x00000000eaa80000)
  object space 40960K, 48% used [0x00000000c0000000,0x00000000c136ef90,0x00000000c2800000)
 PSPermGen       total 21504K, used 5965K [0x00000000bae00000, 0x00000000bc300000, 0x00000000c0000000)
  object space 21504K, 27% used [0x00000000bae00000,0x00000000bb3d3770,0x00000000bc300000)
}
Event: 9,655 GC heap before
{Heap before GC invocations=9 (full 0):
 PSYoungGen      total 135168K, used 135164K [0x00000000eaa80000, 0x00000000f4b80000, 0x0000000100000000)
  eden space 119296K, 100% used [0x00000000eaa80000,0x00000000f1f00000,0x00000000f1f00000)
  from space 15872K, 99% used [0x00000000f3300000,0x00000000f427f2c8,0x00000000f4280000)
  to   space 20480K, 0% used [0x00000000f1f00000,0x00000000f1f00000,0x00000000f3300000)
 ParOldGen       total 40960K, used 19899K [0x00000000c0000000, 0x00000000c2800000, 0x00000000eaa80000)
  object space 40960K, 48% used [0x00000000c0000000,0x00000000c136ef90,0x00000000c2800000)
 PSPermGen       total 21504K, used 5993K [0x00000000bae00000, 0x00000000bc300000, 0x00000000c0000000)
  object space 21504K, 27% used [0x00000000bae00000,0x00000000bb3da508,0x00000000bc300000)
Event: 9,730 GC heap after
Heap after GC invocations=9 (full 0):
 PSYoungGen      total 139776K, used 20453K [0x00000000eaa80000, 0x00000000f9c00000, 0x0000000100000000)
  eden space 119296K, 0% used [0x00000000eaa80000,0x00000000eaa80000,0x00000000f1f00000)
  from space 20480K, 99% used [0x00000000f1f00000,0x00000000f32f94c8,0x00000000f3300000)
  to   space 28160K, 0% used [0x00000000f8080000,0x00000000f8080000,0x00000000f9c00000)
 ParOldGen       total 40960K, used 29586K [0x00000000c0000000, 0x00000000c2800000, 0x00000000eaa80000)
  object space 40960K, 72% used [0x00000000c0000000,0x00000000c1ce49e0,0x00000000c2800000)
 PSPermGen       total 21504K, used 5993K [0x00000000bae00000, 0x00000000bc300000, 0x00000000c0000000)
  object space 21504K, 27% used [0x00000000bae00000,0x00000000bb3da508,0x00000000bc300000)
}
Event: 10,830 GC heap before
{Heap before GC invocations=10 (full 0):
 PSYoungGen      total 139776K, used 139749K [0x00000000eaa80000, 0x00000000f9c00000, 0x0000000100000000)
  eden space 119296K, 100% used [0x00000000eaa80000,0x00000000f1f00000,0x00000000f1f00000)
  from space 20480K, 99% used [0x00000000f1f00000,0x00000000f32f94c8,0x00000000f3300000)
  to   space 28160K, 0% used [0x00000000f8080000,0x00000000f8080000,0x00000000f9c00000)
 ParOldGen       total 40960K, used 29586K [0x00000000c0000000, 0x00000000c2800000, 0x00000000eaa80000)
  object space 40960K, 72% used [0x00000000c0000000,0x00000000c1ce49e0,0x00000000c2800000)
 PSPermGen       total 21504K, used 6053K [0x00000000bae00000, 0x00000000bc300000, 0x00000000c0000000)
  object space 21504K, 28% used [0x00000000bae00000,0x00000000bb3e9560,0x00000000bc300000)
Event: 10,960 GC heap after
Heap after GC invocations=10 (full 0):
 PSYoungGen      total 209920K, used 28147K [0x00000000eaa80000, 0x00000000fae00000, 0x0000000100000000)
  eden space 181760K, 0% used [0x00000000eaa80000,0x00000000eaa80000,0x00000000f5c00000)
  from space 28160K, 99% used [0x00000000f8080000,0x00000000f9bfcc90,0x00000000f9c00000)
  to   space 37376K, 0% used [0x00000000f5c00000,0x00000000f5c00000,0x00000000f8080000)
 ParOldGen       total 40960K, used 40738K [0x00000000c0000000, 0x00000000c2800000, 0x00000000eaa80000)
  object space 40960K, 99% used [0x00000000c0000000,0x00000000c27c8be0,0x00000000c2800000)
 PSPermGen       total 21504K, used 6053K [0x00000000bae00000, 0x00000000bc300000, 0x00000000c0000000)
  object space 21504K, 28% used [0x00000000bae00000,0x00000000bb3e9560,0x00000000bc300000)
}
Event: 10,988 GC heap before
{Heap before GC invocations=11 (full 1):
 PSYoungGen      total 209920K, used 28147K [0x00000000eaa80000, 0x00000000fae00000, 0x0000000100000000)
  eden space 181760K, 0% used [0x00000000eaa80000,0x00000000eaa80000,0x00000000f5c00000)
  from space 28160K, 99% used [0x00000000f8080000,0x00000000f9bfcc90,0x00000000f9c00000)
  to   space 37376K, 0% used [0x00000000f5c00000,0x00000000f5c00000,0x00000000f8080000)
 ParOldGen       total 40960K, used 40738K [0x00000000c0000000, 0x00000000c2800000, 0x00000000eaa80000)
  object space 40960K, 99% used [0x00000000c0000000,0x00000000c27c8be0,0x00000000c2800000)
 PSPermGen       total 21504K, used 6053K [0x00000000bae00000, 0x00000000bc300000, 0x00000000c0000000)
  object space 21504K, 28% used [0x00000000bae00000,0x00000000bb3e9560,0x00000000bc300000)
Event: 11,559 GC heap after
Heap after GC invocations=11 (full 1):
 PSYoungGen      total 209920K, used 21926K [0x00000000eaa80000, 0x00000000fae00000, 0x0000000100000000)
  eden space 181760K, 0% used [0x00000000eaa80000,0x00000000eaa80000,0x00000000f5c00000)
  from space 28160K, 77% used [0x00000000f8080000,0x00000000f95e99e8,0x00000000f9c00000)
  to   space 37376K, 0% used [0x00000000f5c00000,0x00000000f5c00000,0x00000000f8080000)
 ParOldGen       total 76288K, used 40686K [0x00000000c0000000, 0x00000000c4a80000, 0x00000000eaa80000)
  object space 76288K, 53% used [0x00000000c0000000,0x00000000c27bb838,0x00000000c4a80000)
 PSPermGen       total 21504K, used 6048K [0x00000000bae00000, 0x00000000bc300000, 0x00000000c0000000)
  object space 21504K, 28% used [0x00000000bae00000,0x00000000bb3e83b0,0x00000000bc300000)
}
Event: 12,894 GC heap before
{Heap before GC invocations=12 (full 1):
 PSYoungGen      total 209920K, used 203686K [0x00000000eaa80000, 0x00000000fae00000, 0x0000000100000000)
  eden space 181760K, 100% used [0x00000000eaa80000,0x00000000f5c00000,0x00000000f5c00000)
  from space 28160K, 77% used [0x00000000f8080000,0x00000000f95e99e8,0x00000000f9c00000)
  to   space 37376K, 0% used [0x00000000f5c00000,0x00000000f5c00000,0x00000000f8080000)
 ParOldGen       total 76288K, used 40686K [0x00000000c0000000, 0x00000000c4a80000, 0x00000000eaa80000)
  object space 76288K, 53% used [0x00000000c0000000,0x00000000c27bb838,0x00000000c4a80000)
 PSPermGen       total 21504K, used 6070K [0x00000000bae00000, 0x00000000bc300000, 0x00000000c0000000)
  object space 21504K, 28% used [0x00000000bae00000,0x00000000bb3edbd8,0x00000000bc300000)

Deoptimization events (10 events):
Event: 11,941 Thread 0x00007f3a441a0000 Uncommon trap: reason=class_check action=maybe_recompile pc=0x00007f3a403f2fc8 method=com.android.dx.ssa.back.FirstFitLocalCombiningAllocator.findNextUnreservedRopReg(IILcom/android/dx/ssa/back/FirstFitLocalCombiningAllocator$Alignment;)I @ 60
Event: 11,942 Thread 0x00007f3a441a0000 Uncommon trap: reason=class_check action=maybe_recompile pc=0x00007f3a4036c7dc method=com.android.dx.ssa.back.FirstFitLocalCombiningAllocator.findNextUnreservedRopReg(IILcom/android/dx/ssa/back/FirstFitLocalCombiningAllocator$Alignment;)I @ 60
Event: 11,942 Thread 0x00007f3a441a0000 Uncommon trap: reason=class_check action=maybe_recompile pc=0x00007f3a402a8114 method=com.android.dx.ssa.back.FirstFitLocalCombiningAllocator.findNextUnreservedRopReg(IILcom/android/dx/ssa/back/FirstFitLocalCombiningAllocator$Alignment;)I @ 60
Event: 12,175 Thread 0x00007f3a44197000 Uncommon trap: reason=bimorphic action=maybe_recompile pc=0x00007f3a40449e40 method=com.android.dx.cf.code.BytecodeArray.parseInstruction(ILcom/android/dx/cf/code/BytecodeArray$Visitor;)I @ 2135
Event: 12,176 Thread 0x00007f3a44197000 Uncommon trap: reason=bimorphic action=maybe_recompile pc=0x00007f3a40449e40 method=com.android.dx.cf.code.BytecodeArray.parseInstruction(ILcom/android/dx/cf/code/BytecodeArray$Visitor;)I @ 2135
Event: 12,190 Thread 0x00007f3a441a0000 Uncommon trap: reason=bimorphic action=maybe_recompile pc=0x00007f3a4044b2d4 method=com.android.dx.cf.code.BytecodeArray.parseInstruction(ILcom/android/dx/cf/code/BytecodeArray$Visitor;)I @ 1357
Event: 12,197 Thread 0x00007f3a441a0000 Uncommon trap: reason=bimorphic action=maybe_recompile pc=0x00007f3a4044b2d4 method=com.android.dx.cf.code.BytecodeArray.parseInstruction(ILcom/android/dx/cf/code/BytecodeArray$Visitor;)I @ 1357
Event: 12,247 Thread 0x00007f3a44197000 Uncommon trap: reason=unreached action=reinterpret pc=0x00007f3a403157ac method=com.android.dx.ssa.MoveParamCombiner$1.visitNonMoveInsn(Lcom/android/dx/ssa/NormalSsaInsn;)V @ 27
Event: 12,313 Thread 0x00007f3a4419d000 Uncommon trap: reason=bimorphic action=maybe_recompile pc=0x00007f3a4033f3f4 method=com.android.dx.ssa.LiteralOpUpgrader.tryReplacingWithConstant(Lcom/android/dx/ssa/NormalSsaInsn;)Z @ 62
Event: 12,317 Thread 0x00007f3a4419d000 Uncommon trap: reason=bimorphic action=maybe_recompile pc=0x00007f3a4033f3f4 method=com.android.dx.ssa.LiteralOpUpgrader.tryReplacingWithConstant(Lcom/android/dx/ssa/NormalSsaInsn;)Z @ 62

Internal exceptions (10 events):
Event: 3,881 Thread 0x00007f3a4400a000 Threw 0x00000000eafe1388 at /HUDSON/workspace/7u-2-build-linux-amd64/jdk7u79/2331/hotspot/src/share/vm/prims/jvm.cpp:1304
Event: 4,182 Thread 0x00007f3a4419e800 Threw 0x00000000ebac6258 at /HUDSON/workspace/7u-2-build-linux-amd64/jdk7u79/2331/hotspot/src/share/vm/prims/jvm.cpp:1304
Event: 4,430 Thread 0x00007f3a441a0000 Threw 0x00000000ec26d798 at /HUDSON/workspace/7u-2-build-linux-amd64/jdk7u79/2331/hotspot/src/share/vm/prims/jvm.cpp:1304
Event: 6,754 Thread 0x00007f3a4419d000 Implicit null exception at 0x00007f3a402a7261 to 0x00007f3a402aac91
Event: 7,347 Thread 0x00007f3a4400a000 Threw 0x00000000eae41da8 at /HUDSON/workspace/7u-2-build-linux-amd64/jdk7u79/2331/hotspot/src/share/vm/prims/jvm.cpp:1304
Event: 9,478 Thread 0x00007f3a4400a000 Threw 0x00000000ef6581c0 at /HUDSON/workspace/7u-2-build-linux-amd64/jdk7u79/2331/hotspot/src/share/vm/prims/jvm.cpp:1304
Event: 11,667 Thread 0x00007f3a441a0000 Implicit null exception at 0x00007f3a4034afb1 to 0x00007f3a4034c339
Event: 11,667 Thread 0x00007f3a441a0000 Implicit null exception at 0x00007f3a402a5ab7 to 0x00007f3a402a5c61
Event: 11,744 Thread 0x00007f3a441a0000 Implicit null exception at 0x00007f3a40346eed to 0x00007f3a40348441
Event: 11,744 Thread 0x00007f3a441a0000 Implicit null exception at 0x00007f3a40246243 to 0x00007f3a402463d1

Events (10 events):
Event: 12,247 Thread 0x00007f3a44197000 Uncommon trap: trap_request=0xffffffad fr.pc=0x00007f3a403157ac
Event: 12,247 Thread 0x00007f3a44197000 DEOPT PACKING pc=0x00007f3a403157ac sp=0x00007f3a36fedef0
Event: 12,247 Thread 0x00007f3a44197000 DEOPT UNPACKING pc=0x00007f3a401a9445 sp=0x00007f3a36fede68 mode 2
Event: 12,313 Thread 0x00007f3a4419d000 Uncommon trap: trap_request=0xffffffc6 fr.pc=0x00007f3a4033f3f4
Event: 12,313 Thread 0x00007f3a4419d000 DEOPT PACKING pc=0x00007f3a4033f3f4 sp=0x00007f3a36debdc0
Event: 12,313 Thread 0x00007f3a4419d000 DEOPT UNPACKING pc=0x00007f3a401a9445 sp=0x00007f3a36debca8 mode 2
Event: 12,317 Thread 0x00007f3a4419d000 Uncommon trap: trap_request=0xffffffc6 fr.pc=0x00007f3a4033f3f4
Event: 12,317 Thread 0x00007f3a4419d000 DEOPT PACKING pc=0x00007f3a4033f3f4 sp=0x00007f3a36debd30
Event: 12,317 Thread 0x00007f3a4419d000 DEOPT UNPACKING pc=0x00007f3a401a9445 sp=0x00007f3a36debc18 mode 2
Event: 12,894 Executing VM operation: ParallelGCFailedAllocation


Dynamic libraries:
00400000-00401000 r-xp 00000000 08:06 3546141                            /usr/lib/jvm/jdk-7-eseo-oracle-x64/bin/java
00600000-00601000 rw-p 00000000 08:06 3546141                            /usr/lib/jvm/jdk-7-eseo-oracle-x64/bin/java
00e19000-00e3a000 rw-p 00000000 00:00 0                                  [heap]
bae00000-bc300000 rw-p 00000000 00:00 0 
bc300000-c0000000 rw-p 00000000 00:00 0 
c0000000-c4a80000 rw-p 00000000 00:00 0 
c4a80000-eaa80000 rw-p 00000000 00:00 0 
eaa80000-fae00000 rw-p 00000000 00:00 0 
fe780000-100000000 rw-p 00000000 00:00 0 
7f39f0000000-7f39f0021000 rw-p 00000000 00:00 0 
7f39f0021000-7f39f4000000 ---p 00000000 00:00 0 
7f39f4000000-7f39f4023000 rw-p 00000000 00:00 0 
7f39f4023000-7f39f8000000 ---p 00000000 00:00 0 
7f39f8000000-7f39f8021000 rw-p 00000000 00:00 0 
7f39f8021000-7f39fc000000 ---p 00000000 00:00 0 
7f39fc000000-7f39fc03a000 rw-p 00000000 00:00 0 
7f39fc03a000-7f3a00000000 ---p 00000000 00:00 0 
7f3a00000000-7f3a00021000 rw-p 00000000 00:00 0 
7f3a00021000-7f3a04000000 ---p 00000000 00:00 0 
7f3a04000000-7f3a04021000 rw-p 00000000 00:00 0 
7f3a04021000-7f3a08000000 ---p 00000000 00:00 0 
7f3a08000000-7f3a095fd000 rw-p 00000000 00:00 0 
7f3a095fd000-7f3a0c000000 ---p 00000000 00:00 0 
7f3a0c000000-7f3a0c021000 rw-p 00000000 00:00 0 
7f3a0c021000-7f3a10000000 ---p 00000000 00:00 0 
7f3a10000000-7f3a10021000 rw-p 00000000 00:00 0 
7f3a10021000-7f3a14000000 ---p 00000000 00:00 0 
7f3a14000000-7f3a15bf2000 rw-p 00000000 00:00 0 
7f3a15bf2000-7f3a18000000 ---p 00000000 00:00 0 
7f3a18000000-7f3a18021000 rw-p 00000000 00:00 0 
7f3a18021000-7f3a1c000000 ---p 00000000 00:00 0 
7f3a1c000000-7f3a1c021000 rw-p 00000000 00:00 0 
7f3a1c021000-7f3a20000000 ---p 00000000 00:00 0 
7f3a20000000-7f3a20021000 rw-p 00000000 00:00 0 
7f3a20021000-7f3a24000000 ---p 00000000 00:00 0 
7f3a24000000-7f3a2424f000 rw-p 00000000 00:00 0 
7f3a2424f000-7f3a28000000 ---p 00000000 00:00 0 
7f3a28000000-7f3a28021000 rw-p 00000000 00:00 0 
7f3a28021000-7f3a2c000000 ---p 00000000 00:00 0 
7f3a30000000-7f3a30021000 rw-p 00000000 00:00 0 
7f3a30021000-7f3a34000000 ---p 00000000 00:00 0 
7f3a36aeb000-7f3a36aee000 ---p 00000000 00:00 0 
7f3a36aee000-7f3a36bec000 rw-p 00000000 00:00 0                          [stack:8231]
7f3a36bec000-7f3a36bef000 ---p 00000000 00:00 0 
7f3a36bef000-7f3a36ced000 rw-p 00000000 00:00 0                          [stack:8230]
7f3a36ced000-7f3a36cf0000 ---p 00000000 00:00 0 
7f3a36cf0000-7f3a36dee000 rw-p 00000000 00:00 0                          [stack:8229]
7f3a36dee000-7f3a36df1000 ---p 00000000 00:00 0 
7f3a36df1000-7f3a36eef000 rw-p 00000000 00:00 0                          [stack:8228]
7f3a36eef000-7f3a36ef2000 ---p 00000000 00:00 0 
7f3a36ef2000-7f3a36ff0000 rw-p 00000000 00:00 0                          [stack:8227]
7f3a36ff0000-7f3a37006000 r-xp 00000000 08:06 3551968                    /usr/lib/jvm/jdk-7-eseo-oracle-x64/jre/lib/amd64/libnet.so
7f3a37006000-7f3a37206000 ---p 00016000 08:06 3551968                    /usr/lib/jvm/jdk-7-eseo-oracle-x64/jre/lib/amd64/libnet.so
7f3a37206000-7f3a37207000 rw-p 00016000 08:06 3551968                    /usr/lib/jvm/jdk-7-eseo-oracle-x64/jre/lib/amd64/libnet.so
7f3a37207000-7f3a37217000 r-xp 00000000 08:06 3551950                    /usr/lib/jvm/jdk-7-eseo-oracle-x64/jre/lib/amd64/libnio.so
7f3a37217000-7f3a37417000 ---p 00010000 08:06 3551950                    /usr/lib/jvm/jdk-7-eseo-oracle-x64/jre/lib/amd64/libnio.so
7f3a37417000-7f3a37418000 rw-p 00010000 08:06 3551950                    /usr/lib/jvm/jdk-7-eseo-oracle-x64/jre/lib/amd64/libnio.so
7f3a37418000-7f3a37419000 ---p 00000000 00:00 0 
7f3a37419000-7f3a37519000 rw-p 00000000 00:00 0                          [stack:8226]
7f3a37519000-7f3a3751c000 ---p 00000000 00:00 0 
7f3a3751c000-7f3a3761a000 rw-p 00000000 00:00 0                          [stack:8225]
7f3a3761a000-7f3a3761d000 ---p 00000000 00:00 0 
7f3a3761d000-7f3a3771b000 rw-p 00000000 00:00 0                          [stack:8224]
7f3a3771b000-7f3a3771e000 ---p 00000000 00:00 0 
7f3a3771e000-7f3a3781c000 rw-p 00000000 00:00 0                          [stack:8223]
7f3a3781c000-7f3a3781f000 ---p 00000000 00:00 0 
7f3a3781f000-7f3a3791d000 rw-p 00000000 00:00 0                          [stack:8222]
7f3a3791d000-7f3a38000000 r--p 00000000 08:06 3546432                    /usr/lib/locale/locale-archive
7f3a38000000-7f3a38021000 rw-p 00000000 00:00 0 
7f3a38021000-7f3a3c000000 ---p 00000000 00:00 0 
7f3a3c0c6000-7f3a3c0f6000 r--s 0024d000 08:06 4347083                    /home/divi/Desktop/ProjetIoT/STIot/app/build/intermediates/transforms/jarMerging/debug/jars/1/1f/combined.jar
7f3a3c0f6000-7f3a3c0f9000 ---p 00000000 00:00 0 
7f3a3c0f9000-7f3a3c1f7000 rw-p 00000000 00:00 0                          [stack:8221]
7f3a3c1f7000-7f3a3c1fa000 ---p 00000000 00:00 0 
7f3a3c1fa000-7f3a3c2f8000 rw-p 00000000 00:00 0                          [stack:8220]
7f3a3c2f8000-7f3a3c2f9000 ---p 00000000 00:00 0 
7f3a3c2f9000-7f3a3d3f8000 rw-p 00000000 00:00 0                          [stack:8219]
7f3a3d3f8000-7f3a3d5b8000 r--s 039f7000 08:06 3552546                    /usr/lib/jvm/jdk-7-eseo-oracle-x64/jre/lib/rt.jar
7f3a3d5b8000-7f3a3fb42000 rw-p 00000000 00:00 0 
7f3a3fb42000-7f3a3fb43000 ---p 00000000 00:00 0 
7f3a3fb43000-7f3a3fc43000 rw-p 00000000 00:00 0                          [stack:8218]
7f3a3fc43000-7f3a3fc44000 ---p 00000000 00:00 0 
7f3a3fc44000-7f3a3fd44000 rw-p 00000000 00:00 0                          [stack:8217]
7f3a3fd44000-7f3a3fd45000 ---p 00000000 00:00 0 
7f3a3fd45000-7f3a3fe45000 rw-p 00000000 00:00 0                          [stack:8216]
7f3a3fe45000-7f3a3fe46000 ---p 00000000 00:00 0 
7f3a3fe46000-7f3a3ff51000 rw-p 00000000 00:00 0                          [stack:8215]
7f3a3ff51000-7f3a3ff6f000 rw-p 00000000 00:00 0 
7f3a3ff6f000-7f3a3ff95000 rw-p 00000000 00:00 0 
7f3a3ff95000-7f3a400c4000 rw-p 00000000 00:00 0 
7f3a400c4000-7f3a40146000 rw-p 00000000 00:00 0 
7f3a40146000-7f3a4016f000 rw-p 00000000 00:00 0 
7f3a4016f000-7f3a40170000 rw-p 00000000 00:00 0 
7f3a40170000-7f3a404a0000 rwxp 00000000 00:00 0 
7f3a404a0000-7f3a43170000 rw-p 00000000 00:00 0 
7f3a43170000-7f3a4318a000 r-xp 00000000 08:06 3551970                    /usr/lib/jvm/jdk-7-eseo-oracle-x64/jre/lib/amd64/libzip.so
7f3a4318a000-7f3a4338a000 ---p 0001a000 08:06 3551970                    /usr/lib/jvm/jdk-7-eseo-oracle-x64/jre/lib/amd64/libzip.so
7f3a4338a000-7f3a4338b000 rw-p 0001a000 08:06 3551970                    /usr/lib/jvm/jdk-7-eseo-oracle-x64/jre/lib/amd64/libzip.so
7f3a4338b000-7f3a43396000 r-xp 00000000 08:06 3149790                    /lib/x86_64-linux-gnu/libnss_files-2.19.so
7f3a43396000-7f3a43595000 ---p 0000b000 08:06 3149790                    /lib/x86_64-linux-gnu/libnss_files-2.19.so
7f3a43595000-7f3a43596000 r--p 0000a000 08:06 3149790                    /lib/x86_64-linux-gnu/libnss_files-2.19.so
7f3a43596000-7f3a43597000 rw-p 0000b000 08:06 3149790                    /lib/x86_64-linux-gnu/libnss_files-2.19.so
7f3a43597000-7f3a435a2000 r-xp 00000000 08:06 3145826                    /lib/x86_64-linux-gnu/libnss_nis-2.19.so
7f3a435a2000-7f3a437a1000 ---p 0000b000 08:06 3145826                    /lib/x86_64-linux-gnu/libnss_nis-2.19.so
7f3a437a1000-7f3a437a2000 r--p 0000a000 08:06 3145826                    /lib/x86_64-linux-gnu/libnss_nis-2.19.so
7f3a437a2000-7f3a437a3000 rw-p 0000b000 08:06 3145826                    /lib/x86_64-linux-gnu/libnss_nis-2.19.so
7f3a437a3000-7f3a437ba000 r-xp 00000000 08:06 3145822                    /lib/x86_64-linux-gnu/libnsl-2.19.so
7f3a437ba000-7f3a439b9000 ---p 00017000 08:06 3145822                    /lib/x86_64-linux-gnu/libnsl-2.19.so
7f3a439b9000-7f3a439ba000 r--p 00016000 08:06 3145822                    /lib/x86_64-linux-gnu/libnsl-2.19.so
7f3a439ba000-7f3a439bb000 rw-p 00017000 08:06 3145822                    /lib/x86_64-linux-gnu/libnsl-2.19.so
7f3a439bb000-7f3a439bd000 rw-p 00000000 00:00 0 
7f3a439bd000-7f3a439c6000 r-xp 00000000 08:06 3145821                    /lib/x86_64-linux-gnu/libnss_compat-2.19.so
7f3a439c6000-7f3a43bc5000 ---p 00009000 08:06 3145821                    /lib/x86_64-linux-gnu/libnss_compat-2.19.so
7f3a43bc5000-7f3a43bc6000 r--p 00008000 08:06 3145821                    /lib/x86_64-linux-gnu/libnss_compat-2.19.so
7f3a43bc6000-7f3a43bc7000 rw-p 00009000 08:06 3145821                    /lib/x86_64-linux-gnu/libnss_compat-2.19.so
7f3a43bc7000-7f3a43bf0000 r-xp 00000000 08:06 3551934                    /usr/lib/jvm/jdk-7-eseo-oracle-x64/jre/lib/amd64/libjava.so
7f3a43bf0000-7f3a43df0000 ---p 00029000 08:06 3551934                    /usr/lib/jvm/jdk-7-eseo-oracle-x64/jre/lib/amd64/libjava.so
7f3a43df0000-7f3a43df2000 rw-p 00029000 08:06 3551934                    /usr/lib/jvm/jdk-7-eseo-oracle-x64/jre/lib/amd64/libjava.so
7f3a43df2000-7f3a43dff000 r-xp 00000000 08:06 3551921                    /usr/lib/jvm/jdk-7-eseo-oracle-x64/jre/lib/amd64/libverify.so
7f3a43dff000-7f3a43ffe000 ---p 0000d000 08:06 3551921                    /usr/lib/jvm/jdk-7-eseo-oracle-x64/jre/lib/amd64/libverify.so
7f3a43ffe000-7f3a44000000 rw-p 0000c000 08:06 3551921                    /usr/lib/jvm/jdk-7-eseo-oracle-x64/jre/lib/amd64/libverify.so
7f3a44000000-7f3a441e6000 rw-p 00000000 00:00 0 
7f3a441e6000-7f3a48000000 ---p 00000000 00:00 0 
7f3a48006000-7f3a48039000 rw-p 00000000 00:00 0 
7f3a48039000-7f3a48057000 rw-p 00000000 00:00 0 
7f3a48057000-7f3a4807d000 rw-p 00000000 00:00 0 
7f3a4807d000-7f3a481ad000 rw-p 00000000 00:00 0 
7f3a481ad000-7f3a481b4000 r-xp 00000000 08:06 3145830                    /lib/x86_64-linux-gnu/librt-2.19.so
7f3a481b4000-7f3a483b3000 ---p 00007000 08:06 3145830                    /lib/x86_64-linux-gnu/librt-2.19.so
7f3a483b3000-7f3a483b4000 r--p 00006000 08:06 3145830                    /lib/x86_64-linux-gnu/librt-2.19.so
7f3a483b4000-7f3a483b5000 rw-p 00007000 08:06 3145830                    /lib/x86_64-linux-gnu/librt-2.19.so
7f3a483b5000-7f3a484ba000 r-xp 00000000 08:06 3145758                    /lib/x86_64-linux-gnu/libm-2.19.so
7f3a484ba000-7f3a486b9000 ---p 00105000 08:06 3145758                    /lib/x86_64-linux-gnu/libm-2.19.so
7f3a486b9000-7f3a486ba000 r--p 00104000 08:06 3145758                    /lib/x86_64-linux-gnu/libm-2.19.so
7f3a486ba000-7f3a486bb000 rw-p 00105000 08:06 3145758                    /lib/x86_64-linux-gnu/libm-2.19.so
7f3a486bb000-7f3a49230000 r-xp 00000000 08:06 3551963                    /usr/lib/jvm/jdk-7-eseo-oracle-x64/jre/lib/amd64/server/libjvm.so
7f3a49230000-7f3a49430000 ---p 00b75000 08:06 3551963                    /usr/lib/jvm/jdk-7-eseo-oracle-x64/jre/lib/amd64/server/libjvm.so
7f3a49430000-7f3a494f4000 rw-p 00b75000 08:06 3551963                    /usr/lib/jvm/jdk-7-eseo-oracle-x64/jre/lib/amd64/server/libjvm.so
7f3a494f4000-7f3a49535000 rw-p 00000000 00:00 0 
7f3a49535000-7f3a496f0000 r-xp 00000000 08:06 3145831                    /lib/x86_64-linux-gnu/libc-2.19.so
7f3a496f0000-7f3a498ef000 ---p 001bb000 08:06 3145831                    /lib/x86_64-linux-gnu/libc-2.19.so
7f3a498ef000-7f3a498f3000 r--p 001ba000 08:06 3145831                    /lib/x86_64-linux-gnu/libc-2.19.so
7f3a498f3000-7f3a498f5000 rw-p 001be000 08:06 3145831                    /lib/x86_64-linux-gnu/libc-2.19.so
7f3a498f5000-7f3a498fa000 rw-p 00000000 00:00 0 
7f3a498fa000-7f3a498fd000 r-xp 00000000 08:06 3145818                    /lib/x86_64-linux-gnu/libdl-2.19.so
7f3a498fd000-7f3a49afc000 ---p 00003000 08:06 3145818                    /lib/x86_64-linux-gnu/libdl-2.19.so
7f3a49afc000-7f3a49afd000 r--p 00002000 08:06 3145818                    /lib/x86_64-linux-gnu/libdl-2.19.so
7f3a49afd000-7f3a49afe000 rw-p 00003000 08:06 3145818                    /lib/x86_64-linux-gnu/libdl-2.19.so
7f3a49afe000-7f3a49b14000 r-xp 00000000 08:06 3546303                    /usr/lib/jvm/jdk-7-eseo-oracle-x64/lib/amd64/jli/libjli.so
7f3a49b14000-7f3a49d14000 ---p 00016000 08:06 3546303                    /usr/lib/jvm/jdk-7-eseo-oracle-x64/lib/amd64/jli/libjli.so
7f3a49d14000-7f3a49d15000 rw-p 00016000 08:06 3546303                    /usr/lib/jvm/jdk-7-eseo-oracle-x64/lib/amd64/jli/libjli.so
7f3a49d15000-7f3a49d2e000 r-xp 00000000 08:06 3145823                    /lib/x86_64-linux-gnu/libpthread-2.19.so
7f3a49d2e000-7f3a49f2d000 ---p 00019000 08:06 3145823                    /lib/x86_64-linux-gnu/libpthread-2.19.so
7f3a49f2d000-7f3a49f2e000 r--p 00018000 08:06 3145823                    /lib/x86_64-linux-gnu/libpthread-2.19.so
7f3a49f2e000-7f3a49f2f000 rw-p 00019000 08:06 3145823                    /lib/x86_64-linux-gnu/libpthread-2.19.so
7f3a49f2f000-7f3a49f33000 rw-p 00000000 00:00 0 
7f3a49f33000-7f3a49f56000 r-xp 00000000 08:06 3145824                    /lib/x86_64-linux-gnu/ld-2.19.so
7f3a49f5d000-7f3a49f6c000 r--s 000df000 08:06 1204723                    /home/divi/Android/Sdk/build-tools/23.0.2/lib/dx.jar
7f3a49f6c000-7f3a49f79000 rw-p 00000000 00:00 0 
7f3a49f79000-7f3a4a02c000 rw-p 00000000 00:00 0 
7f3a4a02c000-7f3a4a02f000 ---p 00000000 00:00 0 
7f3a4a02f000-7f3a4a131000 rw-p 00000000 00:00 0                          [stack:8214]
7f3a4a132000-7f3a4a149000 rw-p 00000000 00:00 0 
7f3a4a149000-7f3a4a151000 rw-s 00000000 08:06 3024397                    /tmp/hsperfdata_divi/8209
7f3a4a151000-7f3a4a152000 rw-p 00000000 00:00 0 
7f3a4a152000-7f3a4a153000 ---p 00000000 00:00 0 
7f3a4a153000-7f3a4a155000 rw-p 00000000 00:00 0 
7f3a4a155000-7f3a4a156000 r--p 00022000 08:06 3145824                    /lib/x86_64-linux-gnu/ld-2.19.so
7f3a4a156000-7f3a4a157000 rw-p 00023000 08:06 3145824                    /lib/x86_64-linux-gnu/ld-2.19.so
7f3a4a157000-7f3a4a158000 rw-p 00000000 00:00 0 
7ffee9d37000-7ffee9d58000 rw-p 00000000 00:00 0                          [stack]
7ffee9d7b000-7ffee9d7d000 r-xp 00000000 00:00 0                          [vdso]
7ffee9d7d000-7ffee9d7f000 r--p 00000000 00:00 0                          [vvar]
ffffffffff600000-ffffffffff601000 r-xp 00000000 00:00 0                  [vsyscall]

VM Arguments:
jvm_args: -Djava.awt.headless=true -Xmx1024M -Dfile.encoding=UTF-8 -Duser.country=US -Duser.language=en -Duser.variant 
java_command: com.android.dx.command.Main --dex --num-threads=4 --multi-dex --main-dex-list /home/divi/Desktop/ProjetIoT/STIot/app/build/intermediates/multi-dex/debug/maindexlist.txt --output /home/divi/Desktop/ProjetIoT/STIot/app/build/intermediates/transforms/dex/debug/folders/1000/1f/main /home/divi/Desktop/ProjetIoT/STIot/app/build/intermediates/transforms/jarMerging/debug/jars/1/1f/combined.jar
Launcher Type: SUN_STANDARD

Environment Variables:
PATH=/usr/local/sbin:/usr/local/bin:/usr/sbin:/usr/bin:/sbin:/bin:/usr/games:/usr/local/games
LD_LIBRARY_PATH=/opt/android-studio/bin:
SHELL=/bin/bash
DISPLAY=:0

Signal Handlers:
SIGSEGV: [libjvm.so+0x9a3bf0], sa_mask[0]=0x7ffbfeff, sa_flags=0x10000004
SIGBUS: [libjvm.so+0x9a3bf0], sa_mask[0]=0x7ffbfeff, sa_flags=0x10000004
SIGFPE: [libjvm.so+0x81cb60], sa_mask[0]=0x7ffbfeff, sa_flags=0x10000004
SIGPIPE: [libjvm.so+0x81cb60], sa_mask[0]=0x7ffbfeff, sa_flags=0x10000004
SIGXFSZ: [libjvm.so+0x81cb60], sa_mask[0]=0x7ffbfeff, sa_flags=0x10000004
SIGILL: [libjvm.so+0x81cb60], sa_mask[0]=0x7ffbfeff, sa_flags=0x10000004
SIGUSR1: SIG_DFL, sa_mask[0]=0x00000000, sa_flags=0x00000000
SIGUSR2: [libjvm.so+0x81e360], sa_mask[0]=0x00000004, sa_flags=0x10000004
SIGHUP: [libjvm.so+0x81f480], sa_mask[0]=0x7ffbfeff, sa_flags=0x10000004
SIGINT: [libjvm.so+0x81f480], sa_mask[0]=0x7ffbfeff, sa_flags=0x10000004
SIGTERM: [libjvm.so+0x81f480], sa_mask[0]=0x7ffbfeff, sa_flags=0x10000004
SIGQUIT: [libjvm.so+0x81f480], sa_mask[0]=0x7ffbfeff, sa_flags=0x10000004


---------------  S Y S T E M  ---------------

OS:jessie/sid

uname:Linux 3.16.0-67-generic #87~14.04.1-Ubuntu SMP Fri Mar 11 00:26:02 UTC 2016 x86_64
libc:glibc 2.19 NPTL 2.19 
rlimit: STACK 8192k, CORE 0k, NPROC 15363, NOFILE 4096, AS infinity
load average:3,34 1,89 1,03

/proc/meminfo:
MemTotal:        3954432 kB
MemFree:          127288 kB
MemAvailable:      68964 kB
Buffers:            1096 kB
Cached:           536148 kB
SwapCached:            0 kB
Active:          3166360 kB
Inactive:         496592 kB
Active(anon):    3156540 kB
Inactive(anon):   485032 kB
Active(file):       9820 kB
Inactive(file):    11560 kB
Unevictable:          16 kB
Mlocked:              16 kB
SwapTotal:             0 kB
SwapFree:              0 kB
Dirty:                36 kB
Writeback:             0 kB
AnonPages:       3125884 kB
Mapped:           107128 kB
Shmem:            515704 kB
Slab:              60644 kB
SReclaimable:      30912 kB
SUnreclaim:        29732 kB
KernelStack:        8896 kB
PageTables:        35292 kB
NFS_Unstable:          0 kB
Bounce:                0 kB
WritebackTmp:          0 kB
CommitLimit:     1977216 kB
Committed_AS:    6807500 kB
VmallocTotal:   34359738367 kB
VmallocUsed:      407512 kB
VmallocChunk:   34359320572 kB
HardwareCorrupted:     0 kB
AnonHugePages:   1656832 kB
HugePages_Total:       0
HugePages_Free:        0
HugePages_Rsvd:        0
HugePages_Surp:        0
Hugepagesize:       2048 kB
DirectMap4k:      128384 kB
DirectMap2M:     3973120 kB


CPU:total 4 (2 cores per cpu, 2 threads per core) family 6 model 42 stepping 7, cmov, cx8, fxsr, mmx, sse, sse2, sse3, ssse3, sse4.1, sse4.2, popcnt, avx, ht, tsc, tscinvbit

/proc/cpuinfo:
processor	: 0
vendor_id	: GenuineIntel
cpu family	: 6
model		: 42
model name	: Intel(R) Core(TM) i3-2330M CPU @ 2.20GHz
stepping	: 7
microcode	: 0x15
cpu MHz		: 923.570
cache size	: 3072 KB
physical id	: 0
siblings	: 4
core id		: 0
cpu cores	: 2
apicid		: 0
initial apicid	: 0
fpu		: yes
fpu_exception	: yes
cpuid level	: 13
wp		: yes
flags		: fpu vme de pse tsc msr pae mce cx8 apic sep mtrr pge mca cmov pat pse36 clflush dts acpi mmx fxsr sse sse2 ss ht tm pbe syscall nx rdtscp lm constant_tsc arch_perfmon pebs bts rep_good nopl xtopology nonstop_tsc aperfmperf eagerfpu pni pclmulqdq dtes64 monitor ds_cpl vmx est tm2 ssse3 cx16 xtpr pdcm pcid sse4_1 sse4_2 x2apic popcnt tsc_deadline_timer xsave avx lahf_lm arat epb xsaveopt pln pts dtherm tpr_shadow vnmi flexpriority ept vpid
bogomips	: 4389.92
clflush size	: 64
cache_alignment	: 64
address sizes	: 36 bits physical, 48 bits virtual
power management:

processor	: 1
vendor_id	: GenuineIntel
cpu family	: 6
model		: 42
model name	: Intel(R) Core(TM) i3-2330M CPU @ 2.20GHz
stepping	: 7
microcode	: 0x15
cpu MHz		: 917.039
cache size	: 3072 KB
physical id	: 0
siblings	: 4
core id		: 1
cpu cores	: 2
apicid		: 2
initial apicid	: 2
fpu		: yes
fpu_exception	: yes
cpuid level	: 13
wp		: yes
flags		: fpu vme de pse tsc msr pae mce cx8 apic sep mtrr pge mca cmov pat pse36 clflush dts acpi mmx fxsr sse sse2 ss ht tm pbe syscall nx rdtscp lm constant_tsc arch_perfmon pebs bts rep_good nopl xtopology nonstop_tsc aperfmperf eagerfpu pni pclmulqdq dtes64 monitor ds_cpl vmx est tm2 ssse3 cx16 xtpr pdcm pcid sse4_1 sse4_2 x2apic popcnt tsc_deadline_timer xsave avx lahf_lm arat epb xsaveopt pln pts dtherm tpr_shadow vnmi flexpriority ept vpid
bogomips	: 4389.92
clflush size	: 64
cache_alignment	: 64
address sizes	: 36 bits physical, 48 bits virtual
power management:

processor	: 2
vendor_id	: GenuineIntel
cpu family	: 6
model		: 42
model name	: Intel(R) Core(TM) i3-2330M CPU @ 2.20GHz
stepping	: 7
microcode	: 0x15
cpu MHz		: 994.039
cache size	: 3072 KB
physical id	: 0
siblings	: 4
core id		: 0
cpu cores	: 2
apicid		: 1
initial apicid	: 1
fpu		: yes
fpu_exception	: yes
cpuid level	: 13
wp		: yes
flags		: fpu vme de pse tsc msr pae mce cx8 apic sep mtrr pge mca cmov pat pse36 clflush dts acpi mmx fxsr sse sse2 ss ht tm pbe syscall nx rdtscp lm constant_tsc arch_perfmon pebs bts rep_good nopl xtopology nonstop_tsc aperfmperf eagerfpu pni pclmulqdq dtes64 monitor ds_cpl vmx est tm2 ssse3 cx16 xtpr pdcm pcid sse4_1 sse4_2 x2apic popcnt tsc_deadline_timer xsave avx lahf_lm arat epb xsaveopt pln pts dtherm tpr_shadow vnmi flexpriority ept vpid
bogomips	: 4389.92
clflush size	: 64
cache_alignment	: 64
address sizes	: 36 bits physical, 48 bits virtual
power management:

processor	: 3
vendor_id	: GenuineIntel
cpu family	: 6
model		: 42
model name	: Intel(R) Core(TM) i3-2330M CPU @ 2.20GHz
stepping	: 7
microcode	: 0x15
cpu MHz		: 912.742
cache size	: 3072 KB
physical id	: 0
siblings	: 4
core id		: 1
cpu cores	: 2
apicid		: 3
initial apicid	: 3
fpu		: yes
fpu_exception	: yes
cpuid level	: 13
wp		: yes
flags		: fpu vme de pse tsc msr pae mce cx8 apic sep mtrr pge mca cmov pat pse36 clflush dts acpi mmx fxsr sse sse2 ss ht tm pbe syscall nx rdtscp lm constant_tsc arch_perfmon pebs bts rep_good nopl xtopology nonstop_tsc aperfmperf eagerfpu pni pclmulqdq dtes64 monitor ds_cpl vmx est tm2 ssse3 cx16 xtpr pdcm pcid sse4_1 sse4_2 x2apic popcnt tsc_deadline_timer xsave avx lahf_lm arat epb xsaveopt pln pts dtherm tpr_shadow vnmi flexpriority ept vpid
bogomips	: 4389.92
clflush size	: 64
cache_alignment	: 64
address sizes	: 36 bits physical, 48 bits virtual
power management:



Memory: 4k page, physical 3954432k(127288k free), swap 0k(0k free)

vm_info: Java HotSpot(TM) 64-Bit Server VM (24.79-b02) for linux-amd64 JRE (1.7.0_79-b15), built on Apr 10 2015 11:34:48 by "java_re" with gcc 4.3.0 20080428 (Red Hat 4.3.0-8)

time: Sat May 21 19:56:12 2016
elapsed time: 13 seconds

